[0.074s] Invoking command in '/home/manoj/ros/robot_ws/build/livox_to_pointcloud2': CMAKE_PREFIX_PATH=/home/manoj/ros/robot_ws/install/robot_bringup:/home/manoj/ros/robot_ws/install/transform_mid360:/home/manoj/ros/robot_ws/install/ros2_livox_simulation:/home/manoj/ros/robot_ws/install/pointcloud_to_laserscan:/home/manoj/ros/robot_ws/install/myrobot_description:/home/manoj/ros/robot_ws/install/livox_to_pointcloud2:/home/manoj/ros/robot_ws/install/base_pkg:/opt/ros/humble:/home/manoj/ros/ws_livox/install/fast_lio:/home/manoj/ros/ws_livox/install/livox_ros_driver2 /usr/bin/cmake --build /home/manoj/ros/robot_ws/build/livox_to_pointcloud2 -- -j12 -l12
[0.577s] [ 16%] [32mBuilding CXX object CMakeFiles/livox_to_pointcloud2_node.dir/src/livox_to_pointcloud2.cpp.o[0m
[0.577s] [ 66%] Built target pointcloud2_to_livox_node
[12.382s] [ 83%] [32m[1mLinking CXX executable livox_to_pointcloud2_node[0m
[12.913s] [100%] Built target livox_to_pointcloud2_node
[12.927s] Invoked command in '/home/manoj/ros/robot_ws/build/livox_to_pointcloud2' returned '0': CMAKE_PREFIX_PATH=/home/manoj/ros/robot_ws/install/robot_bringup:/home/manoj/ros/robot_ws/install/transform_mid360:/home/manoj/ros/robot_ws/install/ros2_livox_simulation:/home/manoj/ros/robot_ws/install/pointcloud_to_laserscan:/home/manoj/ros/robot_ws/install/myrobot_description:/home/manoj/ros/robot_ws/install/livox_to_pointcloud2:/home/manoj/ros/robot_ws/install/base_pkg:/opt/ros/humble:/home/manoj/ros/ws_livox/install/fast_lio:/home/manoj/ros/ws_livox/install/livox_ros_driver2 /usr/bin/cmake --build /home/manoj/ros/robot_ws/build/livox_to_pointcloud2 -- -j12 -l12
[12.966s] Invoking command in '/home/manoj/ros/robot_ws/build/livox_to_pointcloud2': CMAKE_PREFIX_PATH=/home/manoj/ros/robot_ws/install/robot_bringup:/home/manoj/ros/robot_ws/install/transform_mid360:/home/manoj/ros/robot_ws/install/ros2_livox_simulation:/home/manoj/ros/robot_ws/install/pointcloud_to_laserscan:/home/manoj/ros/robot_ws/install/myrobot_description:/home/manoj/ros/robot_ws/install/livox_to_pointcloud2:/home/manoj/ros/robot_ws/install/base_pkg:/opt/ros/humble:/home/manoj/ros/ws_livox/install/fast_lio:/home/manoj/ros/ws_livox/install/livox_ros_driver2 /usr/bin/cmake --install /home/manoj/ros/robot_ws/build/livox_to_pointcloud2
[12.976s] -- Install configuration: ""
[12.976s] -- Up-to-date: /home/manoj/ros/robot_ws/install/livox_to_pointcloud2/include
[12.977s] -- Up-to-date: /home/manoj/ros/robot_ws/install/livox_to_pointcloud2/include/pointcloud2_to_livox.hpp
[12.977s] -- Up-to-date: /home/manoj/ros/robot_ws/install/livox_to_pointcloud2/include/livox_to_pointcloud2.hpp
[12.977s] -- Installing: /home/manoj/ros/robot_ws/install/livox_to_pointcloud2/lib/livox_to_pointcloud2/livox_to_pointcloud2_node
[12.980s] -- Set runtime path of "/home/manoj/ros/robot_ws/install/livox_to_pointcloud2/lib/livox_to_pointcloud2/livox_to_pointcloud2_node" to ""
[12.981s] -- Up-to-date: /home/manoj/ros/robot_ws/install/livox_to_pointcloud2/lib/livox_to_pointcloud2/pointcloud2_to_livox_node
[12.981s] -- Up-to-date: /home/manoj/ros/robot_ws/install/livox_to_pointcloud2/share/livox_to_pointcloud2/launch
[12.981s] -- Up-to-date: /home/manoj/ros/robot_ws/install/livox_to_pointcloud2/share/livox_to_pointcloud2/launch/livox_to_pointcloud2.launch.yml
[12.981s] -- Up-to-date: /home/manoj/ros/robot_ws/install/livox_to_pointcloud2/share/livox_to_pointcloud2/launch/pointcloud2_to_livox.launch.py
[12.981s] -- Up-to-date: /home/manoj/ros/robot_ws/install/livox_to_pointcloud2/share/livox_to_pointcloud2/launch/livox_to_pointcloud2.launch.py
[12.982s] -- Up-to-date: /home/manoj/ros/robot_ws/install/livox_to_pointcloud2/share/ament_index/resource_index/package_run_dependencies/livox_to_pointcloud2
[12.982s] -- Up-to-date: /home/manoj/ros/robot_ws/install/livox_to_pointcloud2/share/ament_index/resource_index/parent_prefix_path/livox_to_pointcloud2
[12.982s] -- Up-to-date: /home/manoj/ros/robot_ws/install/livox_to_pointcloud2/share/livox_to_pointcloud2/environment/ament_prefix_path.sh
[12.982s] -- Up-to-date: /home/manoj/ros/robot_ws/install/livox_to_pointcloud2/share/livox_to_pointcloud2/environment/ament_prefix_path.dsv
[12.982s] -- Up-to-date: /home/manoj/ros/robot_ws/install/livox_to_pointcloud2/share/livox_to_pointcloud2/environment/path.sh
[12.982s] -- Up-to-date: /home/manoj/ros/robot_ws/install/livox_to_pointcloud2/share/livox_to_pointcloud2/environment/path.dsv
[12.982s] -- Up-to-date: /home/manoj/ros/robot_ws/install/livox_to_pointcloud2/share/livox_to_pointcloud2/local_setup.bash
[12.982s] -- Up-to-date: /home/manoj/ros/robot_ws/install/livox_to_pointcloud2/share/livox_to_pointcloud2/local_setup.sh
[12.982s] -- Up-to-date: /home/manoj/ros/robot_ws/install/livox_to_pointcloud2/share/livox_to_pointcloud2/local_setup.zsh
[12.983s] -- Up-to-date: /home/manoj/ros/robot_ws/install/livox_to_pointcloud2/share/livox_to_pointcloud2/local_setup.dsv
[12.983s] -- Installing: /home/manoj/ros/robot_ws/install/livox_to_pointcloud2/share/livox_to_pointcloud2/package.dsv
[12.983s] -- Up-to-date: /home/manoj/ros/robot_ws/install/livox_to_pointcloud2/share/ament_index/resource_index/packages/livox_to_pointcloud2
[12.983s] -- Up-to-date: /home/manoj/ros/robot_ws/install/livox_to_pointcloud2/share/livox_to_pointcloud2/cmake/ament_cmake_export_dependencies-extras.cmake
[12.983s] -- Up-to-date: /home/manoj/ros/robot_ws/install/livox_to_pointcloud2/share/livox_to_pointcloud2/cmake/ament_cmake_export_include_directories-extras.cmake
[12.983s] -- Up-to-date: /home/manoj/ros/robot_ws/install/livox_to_pointcloud2/share/livox_to_pointcloud2/cmake/livox_to_pointcloud2Config.cmake
[12.983s] -- Up-to-date: /home/manoj/ros/robot_ws/install/livox_to_pointcloud2/share/livox_to_pointcloud2/cmake/livox_to_pointcloud2Config-version.cmake
[12.983s] -- Up-to-date: /home/manoj/ros/robot_ws/install/livox_to_pointcloud2/share/livox_to_pointcloud2/package.xml
[12.986s] Invoked command in '/home/manoj/ros/robot_ws/build/livox_to_pointcloud2' returned '0': CMAKE_PREFIX_PATH=/home/manoj/ros/robot_ws/install/robot_bringup:/home/manoj/ros/robot_ws/install/transform_mid360:/home/manoj/ros/robot_ws/install/ros2_livox_simulation:/home/manoj/ros/robot_ws/install/pointcloud_to_laserscan:/home/manoj/ros/robot_ws/install/myrobot_description:/home/manoj/ros/robot_ws/install/livox_to_pointcloud2:/home/manoj/ros/robot_ws/install/base_pkg:/opt/ros/humble:/home/manoj/ros/ws_livox/install/fast_lio:/home/manoj/ros/ws_livox/install/livox_ros_driver2 /usr/bin/cmake --install /home/manoj/ros/robot_ws/build/livox_to_pointcloud2
