[0.214s] DEBUG:colcon:Command line arguments: ['/usr/bin/colcon', 'build']
[0.214s] DEBUG:colcon:Parsed command line arguments: Namespace(log_base=None, log_level=None, verb_name='build', build_base='build', install_base='install', merge_install=False, symlink_install=False, test_result_base=None, continue_on_error=False, executor='parallel', parallel_workers=12, event_handlers=None, ignore_user_meta=False, metas=['./colcon.meta'], base_paths=['.'], packages_ignore=None, packages_ignore_regex=None, paths=None, packages_up_to=None, packages_up_to_regex=None, packages_above=None, packages_above_and_dependencies=None, packages_above_depth=None, packages_select_by_dep=None, packages_skip_by_dep=None, packages_skip_up_to=None, packages_select_build_failed=False, packages_skip_build_finished=False, packages_select_test_failures=False, packages_skip_test_passed=False, packages_select=None, packages_skip=None, packages_select_regex=None, packages_skip_regex=None, packages_start=None, packages_end=None, allow_overriding=[], cmake_args=None, cmake_target=None, cmake_target_skip_unavailable=False, cmake_clean_cache=False, cmake_clean_first=False, cmake_force_configure=False, ament_cmake_args=None, catkin_cmake_args=None, catkin_skip_building_tests=False, verb_parser=<colcon_defaults.argument_parser.defaults.DefaultArgumentsDecorator object at 0x70fdcae65e40>, verb_extension=<colcon_core.verb.build.BuildVerb object at 0x70fdcae659c0>, main=<bound method BuildVerb.main of <colcon_core.verb.build.BuildVerb object at 0x70fdcae659c0>>)
[0.561s] Level 1:colcon.colcon_core.package_discovery:discover_packages(colcon_meta) check parameters
[0.561s] Level 1:colcon.colcon_core.package_discovery:discover_packages(recursive) check parameters
[0.562s] Level 1:colcon.colcon_core.package_discovery:discover_packages(ignore) check parameters
[0.562s] Level 1:colcon.colcon_core.package_discovery:discover_packages(path) check parameters
[0.562s] Level 1:colcon.colcon_core.package_discovery:discover_packages(colcon_meta) discover
[0.562s] Level 1:colcon.colcon_core.package_discovery:discover_packages(recursive) discover
[0.562s] INFO:colcon.colcon_core.package_discovery:Crawling recursively for packages in '/home/manoj/ros/robot_ws'
[0.562s] Level 1:colcon.colcon_core.package_identification:_identify(.) by extensions ['ignore', 'ignore_ament_install']
[0.562s] Level 1:colcon.colcon_core.package_identification:_identify(.) by extension 'ignore'
[0.562s] Level 1:colcon.colcon_core.package_identification:_identify(.) by extension 'ignore_ament_install'
[0.562s] Level 1:colcon.colcon_core.package_identification:_identify(.) by extensions ['colcon_pkg']
[0.563s] Level 1:colcon.colcon_core.package_identification:_identify(.) by extension 'colcon_pkg'
[0.563s] Level 1:colcon.colcon_core.package_identification:_identify(.) by extensions ['colcon_meta']
[0.563s] Level 1:colcon.colcon_core.package_identification:_identify(.) by extension 'colcon_meta'
[0.563s] Level 1:colcon.colcon_core.package_identification:_identify(.) by extensions ['ros']
[0.563s] Level 1:colcon.colcon_core.package_identification:_identify(.) by extension 'ros'
[0.581s] Level 1:colcon.colcon_core.package_identification:_identify(.) by extensions ['cmake', 'python']
[0.581s] Level 1:colcon.colcon_core.package_identification:_identify(.) by extension 'cmake'
[0.582s] Level 1:colcon.colcon_core.package_identification:_identify(.) by extension 'python'
[0.582s] Level 1:colcon.colcon_core.package_identification:_identify(.) by extensions ['python_setup_py']
[0.583s] Level 1:colcon.colcon_core.package_identification:_identify(.) by extension 'python_setup_py'
[0.584s] Level 1:colcon.colcon_core.package_identification:_identify(build) by extensions ['ignore', 'ignore_ament_install']
[0.585s] Level 1:colcon.colcon_core.package_identification:_identify(build) by extension 'ignore'
[0.585s] Level 1:colcon.colcon_core.package_identification:_identify(build) ignored
[0.585s] Level 1:colcon.colcon_core.package_identification:_identify(install) by extensions ['ignore', 'ignore_ament_install']
[0.586s] Level 1:colcon.colcon_core.package_identification:_identify(install) by extension 'ignore'
[0.586s] Level 1:colcon.colcon_core.package_identification:_identify(install) ignored
[0.586s] Level 1:colcon.colcon_core.package_identification:_identify(log) by extensions ['ignore', 'ignore_ament_install']
[0.586s] Level 1:colcon.colcon_core.package_identification:_identify(log) by extension 'ignore'
[0.586s] Level 1:colcon.colcon_core.package_identification:_identify(log) ignored
[0.586s] Level 1:colcon.colcon_core.package_identification:_identify(src) by extensions ['ignore', 'ignore_ament_install']
[0.586s] Level 1:colcon.colcon_core.package_identification:_identify(src) by extension 'ignore'
[0.587s] Level 1:colcon.colcon_core.package_identification:_identify(src) by extension 'ignore_ament_install'
[0.587s] Level 1:colcon.colcon_core.package_identification:_identify(src) by extensions ['colcon_pkg']
[0.587s] Level 1:colcon.colcon_core.package_identification:_identify(src) by extension 'colcon_pkg'
[0.587s] Level 1:colcon.colcon_core.package_identification:_identify(src) by extensions ['colcon_meta']
[0.587s] Level 1:colcon.colcon_core.package_identification:_identify(src) by extension 'colcon_meta'
[0.587s] Level 1:colcon.colcon_core.package_identification:_identify(src) by extensions ['ros']
[0.587s] Level 1:colcon.colcon_core.package_identification:_identify(src) by extension 'ros'
[0.587s] Level 1:colcon.colcon_core.package_identification:_identify(src) by extensions ['cmake', 'python']
[0.587s] Level 1:colcon.colcon_core.package_identification:_identify(src) by extension 'cmake'
[0.587s] Level 1:colcon.colcon_core.package_identification:_identify(src) by extension 'python'
[0.587s] Level 1:colcon.colcon_core.package_identification:_identify(src) by extensions ['python_setup_py']
[0.587s] Level 1:colcon.colcon_core.package_identification:_identify(src) by extension 'python_setup_py'
[0.588s] Level 1:colcon.colcon_core.package_identification:_identify(src/base_pkg) by extensions ['ignore', 'ignore_ament_install']
[0.588s] Level 1:colcon.colcon_core.package_identification:_identify(src/base_pkg) by extension 'ignore'
[0.588s] Level 1:colcon.colcon_core.package_identification:_identify(src/base_pkg) by extension 'ignore_ament_install'
[0.588s] Level 1:colcon.colcon_core.package_identification:_identify(src/base_pkg) by extensions ['colcon_pkg']
[0.588s] Level 1:colcon.colcon_core.package_identification:_identify(src/base_pkg) by extension 'colcon_pkg'
[0.588s] Level 1:colcon.colcon_core.package_identification:_identify(src/base_pkg) by extensions ['colcon_meta']
[0.588s] Level 1:colcon.colcon_core.package_identification:_identify(src/base_pkg) by extension 'colcon_meta'
[0.588s] Level 1:colcon.colcon_core.package_identification:_identify(src/base_pkg) by extensions ['ros']
[0.588s] Level 1:colcon.colcon_core.package_identification:_identify(src/base_pkg) by extension 'ros'
[0.593s] DEBUG:colcon.colcon_core.package_identification:Package 'src/base_pkg' with type 'ros.ament_python' and name 'base_pkg'
[0.593s] Level 1:colcon.colcon_core.package_identification:_identify(src/livox_laser_simulation_ros2) by extensions ['ignore', 'ignore_ament_install']
[0.593s] Level 1:colcon.colcon_core.package_identification:_identify(src/livox_laser_simulation_ros2) by extension 'ignore'
[0.593s] Level 1:colcon.colcon_core.package_identification:_identify(src/livox_laser_simulation_ros2) by extension 'ignore_ament_install'
[0.594s] Level 1:colcon.colcon_core.package_identification:_identify(src/livox_laser_simulation_ros2) by extensions ['colcon_pkg']
[0.594s] Level 1:colcon.colcon_core.package_identification:_identify(src/livox_laser_simulation_ros2) by extension 'colcon_pkg'
[0.594s] Level 1:colcon.colcon_core.package_identification:_identify(src/livox_laser_simulation_ros2) by extensions ['colcon_meta']
[0.594s] Level 1:colcon.colcon_core.package_identification:_identify(src/livox_laser_simulation_ros2) by extension 'colcon_meta'
[0.594s] Level 1:colcon.colcon_core.package_identification:_identify(src/livox_laser_simulation_ros2) by extensions ['ros']
[0.594s] Level 1:colcon.colcon_core.package_identification:_identify(src/livox_laser_simulation_ros2) by extension 'ros'
[0.596s] DEBUG:colcon.colcon_core.package_identification:Package 'src/livox_laser_simulation_ros2' with type 'ros.ament_cmake' and name 'ros2_livox_simulation'
[0.596s] Level 1:colcon.colcon_core.package_identification:_identify(src/livox_to_pointcloud2) by extensions ['ignore', 'ignore_ament_install']
[0.596s] Level 1:colcon.colcon_core.package_identification:_identify(src/livox_to_pointcloud2) by extension 'ignore'
[0.596s] Level 1:colcon.colcon_core.package_identification:_identify(src/livox_to_pointcloud2) by extension 'ignore_ament_install'
[0.596s] Level 1:colcon.colcon_core.package_identification:_identify(src/livox_to_pointcloud2) by extensions ['colcon_pkg']
[0.597s] Level 1:colcon.colcon_core.package_identification:_identify(src/livox_to_pointcloud2) by extension 'colcon_pkg'
[0.597s] Level 1:colcon.colcon_core.package_identification:_identify(src/livox_to_pointcloud2) by extensions ['colcon_meta']
[0.597s] Level 1:colcon.colcon_core.package_identification:_identify(src/livox_to_pointcloud2) by extension 'colcon_meta'
[0.597s] Level 1:colcon.colcon_core.package_identification:_identify(src/livox_to_pointcloud2) by extensions ['ros']
[0.597s] Level 1:colcon.colcon_core.package_identification:_identify(src/livox_to_pointcloud2) by extension 'ros'
[0.598s] DEBUG:colcon.colcon_core.package_identification:Package 'src/livox_to_pointcloud2' with type 'ros.ament_cmake' and name 'livox_to_pointcloud2'
[0.599s] Level 1:colcon.colcon_core.package_identification:_identify(src/myrobot_description) by extensions ['ignore', 'ignore_ament_install']
[0.600s] Level 1:colcon.colcon_core.package_identification:_identify(src/myrobot_description) by extension 'ignore'
[0.601s] Level 1:colcon.colcon_core.package_identification:_identify(src/myrobot_description) by extension 'ignore_ament_install'
[0.601s] Level 1:colcon.colcon_core.package_identification:_identify(src/myrobot_description) by extensions ['colcon_pkg']
[0.601s] Level 1:colcon.colcon_core.package_identification:_identify(src/myrobot_description) by extension 'colcon_pkg'
[0.601s] Level 1:colcon.colcon_core.package_identification:_identify(src/myrobot_description) by extensions ['colcon_meta']
[0.602s] Level 1:colcon.colcon_core.package_identification:_identify(src/myrobot_description) by extension 'colcon_meta'
[0.602s] Level 1:colcon.colcon_core.package_identification:_identify(src/myrobot_description) by extensions ['ros']
[0.602s] Level 1:colcon.colcon_core.package_identification:_identify(src/myrobot_description) by extension 'ros'
[0.605s] DEBUG:colcon.colcon_core.package_identification:Package 'src/myrobot_description' with type 'ros.ament_cmake' and name 'myrobot_description'
[0.606s] Level 1:colcon.colcon_core.package_identification:_identify(src/pointcloud_to_laserscan) by extensions ['ignore', 'ignore_ament_install']
[0.606s] Level 1:colcon.colcon_core.package_identification:_identify(src/pointcloud_to_laserscan) by extension 'ignore'
[0.606s] Level 1:colcon.colcon_core.package_identification:_identify(src/pointcloud_to_laserscan) by extension 'ignore_ament_install'
[0.606s] Level 1:colcon.colcon_core.package_identification:_identify(src/pointcloud_to_laserscan) by extensions ['colcon_pkg']
[0.606s] Level 1:colcon.colcon_core.package_identification:_identify(src/pointcloud_to_laserscan) by extension 'colcon_pkg'
[0.606s] Level 1:colcon.colcon_core.package_identification:_identify(src/pointcloud_to_laserscan) by extensions ['colcon_meta']
[0.606s] Level 1:colcon.colcon_core.package_identification:_identify(src/pointcloud_to_laserscan) by extension 'colcon_meta'
[0.606s] Level 1:colcon.colcon_core.package_identification:_identify(src/pointcloud_to_laserscan) by extensions ['ros']
[0.606s] Level 1:colcon.colcon_core.package_identification:_identify(src/pointcloud_to_laserscan) by extension 'ros'
[0.608s] DEBUG:colcon.colcon_core.package_identification:Package 'src/pointcloud_to_laserscan' with type 'ros.ament_cmake' and name 'pointcloud_to_laserscan'
[0.608s] Level 1:colcon.colcon_core.package_identification:_identify(src/robot_bringup) by extensions ['ignore', 'ignore_ament_install']
[0.608s] Level 1:colcon.colcon_core.package_identification:_identify(src/robot_bringup) by extension 'ignore'
[0.608s] Level 1:colcon.colcon_core.package_identification:_identify(src/robot_bringup) by extension 'ignore_ament_install'
[0.608s] Level 1:colcon.colcon_core.package_identification:_identify(src/robot_bringup) by extensions ['colcon_pkg']
[0.608s] Level 1:colcon.colcon_core.package_identification:_identify(src/robot_bringup) by extension 'colcon_pkg'
[0.608s] Level 1:colcon.colcon_core.package_identification:_identify(src/robot_bringup) by extensions ['colcon_meta']
[0.609s] Level 1:colcon.colcon_core.package_identification:_identify(src/robot_bringup) by extension 'colcon_meta'
[0.609s] Level 1:colcon.colcon_core.package_identification:_identify(src/robot_bringup) by extensions ['ros']
[0.609s] Level 1:colcon.colcon_core.package_identification:_identify(src/robot_bringup) by extension 'ros'
[0.609s] DEBUG:colcon.colcon_core.package_identification:Package 'src/robot_bringup' with type 'ros.ament_cmake' and name 'robot_bringup'
[0.610s] Level 1:colcon.colcon_core.package_identification:_identify(src/transform_mid360) by extensions ['ignore', 'ignore_ament_install']
[0.610s] Level 1:colcon.colcon_core.package_identification:_identify(src/transform_mid360) by extension 'ignore'
[0.610s] Level 1:colcon.colcon_core.package_identification:_identify(src/transform_mid360) by extension 'ignore_ament_install'
[0.610s] Level 1:colcon.colcon_core.package_identification:_identify(src/transform_mid360) by extensions ['colcon_pkg']
[0.610s] Level 1:colcon.colcon_core.package_identification:_identify(src/transform_mid360) by extension 'colcon_pkg'
[0.610s] Level 1:colcon.colcon_core.package_identification:_identify(src/transform_mid360) by extensions ['colcon_meta']
[0.610s] Level 1:colcon.colcon_core.package_identification:_identify(src/transform_mid360) by extension 'colcon_meta'
[0.610s] Level 1:colcon.colcon_core.package_identification:_identify(src/transform_mid360) by extensions ['ros']
[0.610s] Level 1:colcon.colcon_core.package_identification:_identify(src/transform_mid360) by extension 'ros'
[0.611s] DEBUG:colcon.colcon_core.package_identification:Package 'src/transform_mid360' with type 'ros.ament_cmake' and name 'transform_mid360'
[0.611s] Level 1:colcon.colcon_core.package_discovery:discover_packages(recursive) using defaults
[0.611s] Level 1:colcon.colcon_core.package_discovery:discover_packages(ignore) discover
[0.611s] Level 1:colcon.colcon_core.package_discovery:discover_packages(ignore) using defaults
[0.611s] Level 1:colcon.colcon_core.package_discovery:discover_packages(path) discover
[0.611s] Level 1:colcon.colcon_core.package_discovery:discover_packages(path) using defaults
[0.652s] Level 1:colcon.colcon_core.package_discovery:discover_packages(prefix_path) check parameters
[0.652s] Level 1:colcon.colcon_core.package_discovery:discover_packages(prefix_path) discover
[0.654s] WARNING:colcon.colcon_ros.prefix_path.ament:The path '/home/manoj/ros/robot_ws/install/sam_bot_description' in the environment variable AMENT_PREFIX_PATH doesn't exist
[0.655s] WARNING:colcon.colcon_ros.prefix_path.ament:The path '/home/manoj/ros/robot_ws/install/nav2_gradient_costmap_plugin' in the environment variable AMENT_PREFIX_PATH doesn't exist
[0.655s] WARNING:colcon.colcon_ros.prefix_path.ament:The path '/home/manoj/ros/robot_ws/install/nav2_gps_waypoint_follower_demo' in the environment variable AMENT_PREFIX_PATH doesn't exist
[0.655s] WARNING:colcon.colcon_ros.prefix_path.ament:The path '/home/manoj/ros/robot_ws/install/nav2_costmap_filters_demo' in the environment variable AMENT_PREFIX_PATH doesn't exist
[0.655s] WARNING:colcon.colcon_ros.prefix_path.catkin:The path '/home/manoj/ros/robot_ws/install/sam_bot_description' in the environment variable CMAKE_PREFIX_PATH doesn't exist
[0.655s] WARNING:colcon.colcon_ros.prefix_path.catkin:The path '/home/manoj/ros/robot_ws/install/nav2_gradient_costmap_plugin' in the environment variable CMAKE_PREFIX_PATH doesn't exist
[0.655s] WARNING:colcon.colcon_ros.prefix_path.catkin:The path '/home/manoj/ros/robot_ws/install/nav2_costmap_filters_demo' in the environment variable CMAKE_PREFIX_PATH doesn't exist
[0.656s] DEBUG:colcon.colcon_installed_package_information.package_discovery:Found 7 installed packages in /home/manoj/ros/robot_ws/install
[0.659s] DEBUG:colcon.colcon_installed_package_information.package_discovery:Found 393 installed packages in /opt/ros/humble
[0.662s] Level 1:colcon.colcon_core.package_discovery:discover_packages(prefix_path) using defaults
[0.770s] Level 5:colcon.colcon_core.verb:set package 'base_pkg' build argument 'cmake_args' from command line to 'None'
[0.771s] Level 5:colcon.colcon_core.verb:set package 'base_pkg' build argument 'cmake_target' from command line to 'None'
[0.771s] Level 5:colcon.colcon_core.verb:set package 'base_pkg' build argument 'cmake_target_skip_unavailable' from command line to 'False'
[0.771s] Level 5:colcon.colcon_core.verb:set package 'base_pkg' build argument 'cmake_clean_cache' from command line to 'False'
[0.771s] Level 5:colcon.colcon_core.verb:set package 'base_pkg' build argument 'cmake_clean_first' from command line to 'False'
[0.771s] Level 5:colcon.colcon_core.verb:set package 'base_pkg' build argument 'cmake_force_configure' from command line to 'False'
[0.771s] Level 5:colcon.colcon_core.verb:set package 'base_pkg' build argument 'ament_cmake_args' from command line to 'None'
[0.771s] Level 5:colcon.colcon_core.verb:set package 'base_pkg' build argument 'catkin_cmake_args' from command line to 'None'
[0.771s] Level 5:colcon.colcon_core.verb:set package 'base_pkg' build argument 'catkin_skip_building_tests' from command line to 'False'
[0.771s] DEBUG:colcon.colcon_core.verb:Building package 'base_pkg' with the following arguments: {'ament_cmake_args': None, 'build_base': '/home/manoj/ros/robot_ws/build/base_pkg', 'catkin_cmake_args': None, 'catkin_skip_building_tests': False, 'cmake_args': None, 'cmake_clean_cache': False, 'cmake_clean_first': False, 'cmake_force_configure': False, 'cmake_target': None, 'cmake_target_skip_unavailable': False, 'install_base': '/home/manoj/ros/robot_ws/install/base_pkg', 'merge_install': False, 'path': '/home/manoj/ros/robot_ws/src/base_pkg', 'symlink_install': False, 'test_result_base': None}
[0.772s] Level 5:colcon.colcon_core.verb:set package 'livox_to_pointcloud2' build argument 'cmake_args' from command line to 'None'
[0.772s] Level 5:colcon.colcon_core.verb:set package 'livox_to_pointcloud2' build argument 'cmake_target' from command line to 'None'
[0.772s] Level 5:colcon.colcon_core.verb:set package 'livox_to_pointcloud2' build argument 'cmake_target_skip_unavailable' from command line to 'False'
[0.772s] Level 5:colcon.colcon_core.verb:set package 'livox_to_pointcloud2' build argument 'cmake_clean_cache' from command line to 'False'
[0.772s] Level 5:colcon.colcon_core.verb:set package 'livox_to_pointcloud2' build argument 'cmake_clean_first' from command line to 'False'
[0.772s] Level 5:colcon.colcon_core.verb:set package 'livox_to_pointcloud2' build argument 'cmake_force_configure' from command line to 'False'
[0.772s] Level 5:colcon.colcon_core.verb:set package 'livox_to_pointcloud2' build argument 'ament_cmake_args' from command line to 'None'
[0.772s] Level 5:colcon.colcon_core.verb:set package 'livox_to_pointcloud2' build argument 'catkin_cmake_args' from command line to 'None'
[0.772s] Level 5:colcon.colcon_core.verb:set package 'livox_to_pointcloud2' build argument 'catkin_skip_building_tests' from command line to 'False'
[0.772s] DEBUG:colcon.colcon_core.verb:Building package 'livox_to_pointcloud2' with the following arguments: {'ament_cmake_args': None, 'build_base': '/home/manoj/ros/robot_ws/build/livox_to_pointcloud2', 'catkin_cmake_args': None, 'catkin_skip_building_tests': False, 'cmake_args': None, 'cmake_clean_cache': False, 'cmake_clean_first': False, 'cmake_force_configure': False, 'cmake_target': None, 'cmake_target_skip_unavailable': False, 'install_base': '/home/manoj/ros/robot_ws/install/livox_to_pointcloud2', 'merge_install': False, 'path': '/home/manoj/ros/robot_ws/src/livox_to_pointcloud2', 'symlink_install': False, 'test_result_base': None}
[0.773s] Level 5:colcon.colcon_core.verb:set package 'myrobot_description' build argument 'cmake_args' from command line to 'None'
[0.773s] Level 5:colcon.colcon_core.verb:set package 'myrobot_description' build argument 'cmake_target' from command line to 'None'
[0.773s] Level 5:colcon.colcon_core.verb:set package 'myrobot_description' build argument 'cmake_target_skip_unavailable' from command line to 'False'
[0.773s] Level 5:colcon.colcon_core.verb:set package 'myrobot_description' build argument 'cmake_clean_cache' from command line to 'False'
[0.773s] Level 5:colcon.colcon_core.verb:set package 'myrobot_description' build argument 'cmake_clean_first' from command line to 'False'
[0.773s] Level 5:colcon.colcon_core.verb:set package 'myrobot_description' build argument 'cmake_force_configure' from command line to 'False'
[0.773s] Level 5:colcon.colcon_core.verb:set package 'myrobot_description' build argument 'ament_cmake_args' from command line to 'None'
[0.773s] Level 5:colcon.colcon_core.verb:set package 'myrobot_description' build argument 'catkin_cmake_args' from command line to 'None'
[0.773s] Level 5:colcon.colcon_core.verb:set package 'myrobot_description' build argument 'catkin_skip_building_tests' from command line to 'False'
[0.773s] DEBUG:colcon.colcon_core.verb:Building package 'myrobot_description' with the following arguments: {'ament_cmake_args': None, 'build_base': '/home/manoj/ros/robot_ws/build/myrobot_description', 'catkin_cmake_args': None, 'catkin_skip_building_tests': False, 'cmake_args': None, 'cmake_clean_cache': False, 'cmake_clean_first': False, 'cmake_force_configure': False, 'cmake_target': None, 'cmake_target_skip_unavailable': False, 'install_base': '/home/manoj/ros/robot_ws/install/myrobot_description', 'merge_install': False, 'path': '/home/manoj/ros/robot_ws/src/myrobot_description', 'symlink_install': False, 'test_result_base': None}
[0.774s] Level 5:colcon.colcon_core.verb:set package 'pointcloud_to_laserscan' build argument 'cmake_args' from command line to 'None'
[0.774s] Level 5:colcon.colcon_core.verb:set package 'pointcloud_to_laserscan' build argument 'cmake_target' from command line to 'None'
[0.774s] Level 5:colcon.colcon_core.verb:set package 'pointcloud_to_laserscan' build argument 'cmake_target_skip_unavailable' from command line to 'False'
[0.774s] Level 5:colcon.colcon_core.verb:set package 'pointcloud_to_laserscan' build argument 'cmake_clean_cache' from command line to 'False'
[0.774s] Level 5:colcon.colcon_core.verb:set package 'pointcloud_to_laserscan' build argument 'cmake_clean_first' from command line to 'False'
[0.774s] Level 5:colcon.colcon_core.verb:set package 'pointcloud_to_laserscan' build argument 'cmake_force_configure' from command line to 'False'
[0.774s] Level 5:colcon.colcon_core.verb:set package 'pointcloud_to_laserscan' build argument 'ament_cmake_args' from command line to 'None'
[0.774s] Level 5:colcon.colcon_core.verb:set package 'pointcloud_to_laserscan' build argument 'catkin_cmake_args' from command line to 'None'
[0.775s] Level 5:colcon.colcon_core.verb:set package 'pointcloud_to_laserscan' build argument 'catkin_skip_building_tests' from command line to 'False'
[0.775s] DEBUG:colcon.colcon_core.verb:Building package 'pointcloud_to_laserscan' with the following arguments: {'ament_cmake_args': None, 'build_base': '/home/manoj/ros/robot_ws/build/pointcloud_to_laserscan', 'catkin_cmake_args': None, 'catkin_skip_building_tests': False, 'cmake_args': None, 'cmake_clean_cache': False, 'cmake_clean_first': False, 'cmake_force_configure': False, 'cmake_target': None, 'cmake_target_skip_unavailable': False, 'install_base': '/home/manoj/ros/robot_ws/install/pointcloud_to_laserscan', 'merge_install': False, 'path': '/home/manoj/ros/robot_ws/src/pointcloud_to_laserscan', 'symlink_install': False, 'test_result_base': None}
[0.776s] Level 5:colcon.colcon_core.verb:set package 'ros2_livox_simulation' build argument 'cmake_args' from command line to 'None'
[0.777s] Level 5:colcon.colcon_core.verb:set package 'ros2_livox_simulation' build argument 'cmake_target' from command line to 'None'
[0.777s] Level 5:colcon.colcon_core.verb:set package 'ros2_livox_simulation' build argument 'cmake_target_skip_unavailable' from command line to 'False'
[0.777s] Level 5:colcon.colcon_core.verb:set package 'ros2_livox_simulation' build argument 'cmake_clean_cache' from command line to 'False'
[0.777s] Level 5:colcon.colcon_core.verb:set package 'ros2_livox_simulation' build argument 'cmake_clean_first' from command line to 'False'
[0.777s] Level 5:colcon.colcon_core.verb:set package 'ros2_livox_simulation' build argument 'cmake_force_configure' from command line to 'False'
[0.777s] Level 5:colcon.colcon_core.verb:set package 'ros2_livox_simulation' build argument 'ament_cmake_args' from command line to 'None'
[0.777s] Level 5:colcon.colcon_core.verb:set package 'ros2_livox_simulation' build argument 'catkin_cmake_args' from command line to 'None'
[0.777s] Level 5:colcon.colcon_core.verb:set package 'ros2_livox_simulation' build argument 'catkin_skip_building_tests' from command line to 'False'
[0.778s] DEBUG:colcon.colcon_core.verb:Building package 'ros2_livox_simulation' with the following arguments: {'ament_cmake_args': None, 'build_base': '/home/manoj/ros/robot_ws/build/ros2_livox_simulation', 'catkin_cmake_args': None, 'catkin_skip_building_tests': False, 'cmake_args': None, 'cmake_clean_cache': False, 'cmake_clean_first': False, 'cmake_force_configure': False, 'cmake_target': None, 'cmake_target_skip_unavailable': False, 'install_base': '/home/manoj/ros/robot_ws/install/ros2_livox_simulation', 'merge_install': False, 'path': '/home/manoj/ros/robot_ws/src/livox_laser_simulation_ros2', 'symlink_install': False, 'test_result_base': None}
[0.779s] Level 5:colcon.colcon_core.verb:set package 'transform_mid360' build argument 'cmake_args' from command line to 'None'
[0.779s] Level 5:colcon.colcon_core.verb:set package 'transform_mid360' build argument 'cmake_target' from command line to 'None'
[0.779s] Level 5:colcon.colcon_core.verb:set package 'transform_mid360' build argument 'cmake_target_skip_unavailable' from command line to 'False'
[0.779s] Level 5:colcon.colcon_core.verb:set package 'transform_mid360' build argument 'cmake_clean_cache' from command line to 'False'
[0.779s] Level 5:colcon.colcon_core.verb:set package 'transform_mid360' build argument 'cmake_clean_first' from command line to 'False'
[0.779s] Level 5:colcon.colcon_core.verb:set package 'transform_mid360' build argument 'cmake_force_configure' from command line to 'False'
[0.779s] Level 5:colcon.colcon_core.verb:set package 'transform_mid360' build argument 'ament_cmake_args' from command line to 'None'
[0.779s] Level 5:colcon.colcon_core.verb:set package 'transform_mid360' build argument 'catkin_cmake_args' from command line to 'None'
[0.779s] Level 5:colcon.colcon_core.verb:set package 'transform_mid360' build argument 'catkin_skip_building_tests' from command line to 'False'
[0.779s] DEBUG:colcon.colcon_core.verb:Building package 'transform_mid360' with the following arguments: {'ament_cmake_args': None, 'build_base': '/home/manoj/ros/robot_ws/build/transform_mid360', 'catkin_cmake_args': None, 'catkin_skip_building_tests': False, 'cmake_args': None, 'cmake_clean_cache': False, 'cmake_clean_first': False, 'cmake_force_configure': False, 'cmake_target': None, 'cmake_target_skip_unavailable': False, 'install_base': '/home/manoj/ros/robot_ws/install/transform_mid360', 'merge_install': False, 'path': '/home/manoj/ros/robot_ws/src/transform_mid360', 'symlink_install': False, 'test_result_base': None}
[0.780s] Level 5:colcon.colcon_core.verb:set package 'robot_bringup' build argument 'cmake_args' from command line to 'None'
[0.780s] Level 5:colcon.colcon_core.verb:set package 'robot_bringup' build argument 'cmake_target' from command line to 'None'
[0.780s] Level 5:colcon.colcon_core.verb:set package 'robot_bringup' build argument 'cmake_target_skip_unavailable' from command line to 'False'
[0.780s] Level 5:colcon.colcon_core.verb:set package 'robot_bringup' build argument 'cmake_clean_cache' from command line to 'False'
[0.780s] Level 5:colcon.colcon_core.verb:set package 'robot_bringup' build argument 'cmake_clean_first' from command line to 'False'
[0.780s] Level 5:colcon.colcon_core.verb:set package 'robot_bringup' build argument 'cmake_force_configure' from command line to 'False'
[0.780s] Level 5:colcon.colcon_core.verb:set package 'robot_bringup' build argument 'ament_cmake_args' from command line to 'None'
[0.780s] Level 5:colcon.colcon_core.verb:set package 'robot_bringup' build argument 'catkin_cmake_args' from command line to 'None'
[0.780s] Level 5:colcon.colcon_core.verb:set package 'robot_bringup' build argument 'catkin_skip_building_tests' from command line to 'False'
[0.780s] DEBUG:colcon.colcon_core.verb:Building package 'robot_bringup' with the following arguments: {'ament_cmake_args': None, 'build_base': '/home/manoj/ros/robot_ws/build/robot_bringup', 'catkin_cmake_args': None, 'catkin_skip_building_tests': False, 'cmake_args': None, 'cmake_clean_cache': False, 'cmake_clean_first': False, 'cmake_force_configure': False, 'cmake_target': None, 'cmake_target_skip_unavailable': False, 'install_base': '/home/manoj/ros/robot_ws/install/robot_bringup', 'merge_install': False, 'path': '/home/manoj/ros/robot_ws/src/robot_bringup', 'symlink_install': False, 'test_result_base': None}
[0.781s] INFO:colcon.colcon_core.executor:Executing jobs using 'parallel' executor
[0.783s] DEBUG:colcon.colcon_parallel_executor.executor.parallel:run_until_complete
[0.783s] INFO:colcon.colcon_ros.task.ament_cmake.build:Building ROS package in '/home/manoj/ros/robot_ws/src/livox_to_pointcloud2' with build type 'ament_cmake'
[0.784s] INFO:colcon.colcon_cmake.task.cmake.build:Building CMake package in '/home/manoj/ros/robot_ws/src/livox_to_pointcloud2'
[0.787s] INFO:colcon.colcon_core.plugin_system:Skipping extension 'colcon_core.shell.bat': Not used on non-Windows systems
[0.787s] INFO:colcon.colcon_core.shell:Skip shell extension 'powershell' for command environment: Not usable outside of PowerShell
[0.787s] DEBUG:colcon.colcon_core.shell:Skip shell extension 'dsv' for command environment
[0.796s] INFO:colcon.colcon_ros.task.ament_cmake.build:Building ROS package in '/home/manoj/ros/robot_ws/src/myrobot_description' with build type 'ament_cmake'
[0.797s] INFO:colcon.colcon_cmake.task.cmake.build:Building CMake package in '/home/manoj/ros/robot_ws/src/myrobot_description'
[0.797s] INFO:colcon.colcon_core.shell:Skip shell extension 'powershell' for command environment: Not usable outside of PowerShell
[0.797s] DEBUG:colcon.colcon_core.shell:Skip shell extension 'dsv' for command environment
[0.803s] INFO:colcon.colcon_ros.task.ament_cmake.build:Building ROS package in '/home/manoj/ros/robot_ws/src/pointcloud_to_laserscan' with build type 'ament_cmake'
[0.803s] INFO:colcon.colcon_cmake.task.cmake.build:Building CMake package in '/home/manoj/ros/robot_ws/src/pointcloud_to_laserscan'
[0.804s] INFO:colcon.colcon_core.shell:Skip shell extension 'powershell' for command environment: Not usable outside of PowerShell
[0.804s] DEBUG:colcon.colcon_core.shell:Skip shell extension 'dsv' for command environment
[0.812s] INFO:colcon.colcon_ros.task.ament_cmake.build:Building ROS package in '/home/manoj/ros/robot_ws/src/transform_mid360' with build type 'ament_cmake'
[0.813s] INFO:colcon.colcon_cmake.task.cmake.build:Building CMake package in '/home/manoj/ros/robot_ws/src/transform_mid360'
[0.813s] INFO:colcon.colcon_core.shell:Skip shell extension 'powershell' for command environment: Not usable outside of PowerShell
[0.814s] DEBUG:colcon.colcon_core.shell:Skip shell extension 'dsv' for command environment
[0.820s] INFO:colcon.colcon_ros.task.ament_python.build:Building ROS package in '/home/manoj/ros/robot_ws/src/base_pkg' with build type 'ament_python'
[0.820s] Level 1:colcon.colcon_core.shell:create_environment_hook('base_pkg', 'ament_prefix_path')
[0.821s] INFO:colcon.colcon_core.shell:Creating environment hook '/home/manoj/ros/robot_ws/install/base_pkg/share/base_pkg/hook/ament_prefix_path.ps1'
[0.822s] INFO:colcon.colcon_core.shell:Creating environment descriptor '/home/manoj/ros/robot_ws/install/base_pkg/share/base_pkg/hook/ament_prefix_path.dsv'
[0.823s] INFO:colcon.colcon_core.shell:Creating environment hook '/home/manoj/ros/robot_ws/install/base_pkg/share/base_pkg/hook/ament_prefix_path.sh'
[0.824s] INFO:colcon.colcon_core.shell:Skip shell extension 'powershell' for command environment: Not usable outside of PowerShell
[0.824s] DEBUG:colcon.colcon_core.shell:Skip shell extension 'dsv' for command environment
[0.832s] INFO:colcon.colcon_ros.task.ament_cmake.build:Building ROS package in '/home/manoj/ros/robot_ws/src/livox_laser_simulation_ros2' with build type 'ament_cmake'
[0.833s] INFO:colcon.colcon_cmake.task.cmake.build:Building CMake package in '/home/manoj/ros/robot_ws/src/livox_laser_simulation_ros2'
[0.835s] INFO:colcon.colcon_core.shell:Skip shell extension 'powershell' for command environment: Not usable outside of PowerShell
[0.835s] DEBUG:colcon.colcon_core.shell:Skip shell extension 'dsv' for command environment
[0.862s] DEBUG:colcon.colcon_core.event_handler.log_command:Invoking command in '/home/manoj/ros/robot_ws/build/livox_to_pointcloud2': CMAKE_PREFIX_PATH=${CMAKE_PREFIX_PATH}:/home/manoj/ros/robot_ws/install/nav2_gps_waypoint_follower_demo:/home/manoj/ros/robot_ws/install/base_pkg:/opt/ros/humble /usr/bin/cmake --build /home/manoj/ros/robot_ws/build/livox_to_pointcloud2 -- -j12 -l12
[0.869s] DEBUG:colcon.colcon_core.event_handler.log_command:Invoking command in '/home/manoj/ros/robot_ws/build/myrobot_description': CMAKE_PREFIX_PATH=${CMAKE_PREFIX_PATH}:/home/manoj/ros/robot_ws/install/nav2_gps_waypoint_follower_demo:/home/manoj/ros/robot_ws/install/base_pkg:/opt/ros/humble /usr/bin/cmake --build /home/manoj/ros/robot_ws/build/myrobot_description -- -j12 -l12
[0.881s] DEBUG:colcon.colcon_core.event_handler.log_command:Invoking command in '/home/manoj/ros/robot_ws/build/pointcloud_to_laserscan': CMAKE_PREFIX_PATH=${CMAKE_PREFIX_PATH}:/home/manoj/ros/robot_ws/install/nav2_gps_waypoint_follower_demo:/home/manoj/ros/robot_ws/install/base_pkg:/opt/ros/humble /usr/bin/cmake --build /home/manoj/ros/robot_ws/build/pointcloud_to_laserscan -- -j12 -l12
[0.889s] DEBUG:colcon.colcon_core.event_handler.log_command:Invoking command in '/home/manoj/ros/robot_ws/build/transform_mid360': CMAKE_PREFIX_PATH=${CMAKE_PREFIX_PATH}:/home/manoj/ros/robot_ws/install/nav2_gps_waypoint_follower_demo:/home/manoj/ros/robot_ws/install/base_pkg:/opt/ros/humble /usr/bin/cmake --build /home/manoj/ros/robot_ws/build/transform_mid360 -- -j12 -l12
[1.669s] INFO:colcon.colcon_core.task.python.build:Building Python package in '/home/manoj/ros/robot_ws/src/base_pkg'
[1.670s] INFO:colcon.colcon_core.shell:Skip shell extension 'powershell' for command environment: Not usable outside of PowerShell
[1.670s] DEBUG:colcon.colcon_core.shell:Skip shell extension 'dsv' for command environment
[1.696s] DEBUG:colcon.colcon_core.event_handler.log_command:Invoking command in '/home/manoj/ros/robot_ws/build/ros2_livox_simulation': CMAKE_PREFIX_PATH=${CMAKE_PREFIX_PATH}:/home/manoj/ros/robot_ws/install/nav2_gps_waypoint_follower_demo:/home/manoj/ros/robot_ws/install/base_pkg:/opt/ros/humble /usr/bin/cmake --build /home/manoj/ros/robot_ws/build/ros2_livox_simulation -- -j12 -l12
[1.697s] DEBUG:colcon.colcon_core.event_handler.log_command:Invoked command in '/home/manoj/ros/robot_ws/build/myrobot_description' returned '0': CMAKE_PREFIX_PATH=${CMAKE_PREFIX_PATH}:/home/manoj/ros/robot_ws/install/nav2_gps_waypoint_follower_demo:/home/manoj/ros/robot_ws/install/base_pkg:/opt/ros/humble /usr/bin/cmake --build /home/manoj/ros/robot_ws/build/myrobot_description -- -j12 -l12
[1.699s] DEBUG:colcon.colcon_core.event_handler.log_command:Invoked command in '/home/manoj/ros/robot_ws/build/pointcloud_to_laserscan' returned '0': CMAKE_PREFIX_PATH=${CMAKE_PREFIX_PATH}:/home/manoj/ros/robot_ws/install/nav2_gps_waypoint_follower_demo:/home/manoj/ros/robot_ws/install/base_pkg:/opt/ros/humble /usr/bin/cmake --build /home/manoj/ros/robot_ws/build/pointcloud_to_laserscan -- -j12 -l12
[1.700s] DEBUG:colcon.colcon_core.event_handler.log_command:Invoked command in '/home/manoj/ros/robot_ws/build/transform_mid360' returned '0': CMAKE_PREFIX_PATH=${CMAKE_PREFIX_PATH}:/home/manoj/ros/robot_ws/install/nav2_gps_waypoint_follower_demo:/home/manoj/ros/robot_ws/install/base_pkg:/opt/ros/humble /usr/bin/cmake --build /home/manoj/ros/robot_ws/build/transform_mid360 -- -j12 -l12
[1.718s] DEBUG:colcon.colcon_core.event_handler.log_command:Invoked command in '/home/manoj/ros/robot_ws/build/livox_to_pointcloud2' returned '0': CMAKE_PREFIX_PATH=${CMAKE_PREFIX_PATH}:/home/manoj/ros/robot_ws/install/nav2_gps_waypoint_follower_demo:/home/manoj/ros/robot_ws/install/base_pkg:/opt/ros/humble /usr/bin/cmake --build /home/manoj/ros/robot_ws/build/livox_to_pointcloud2 -- -j12 -l12
[1.763s] DEBUG:colcon.colcon_core.event_handler.log_command:Invoking command in '/home/manoj/ros/robot_ws/build/myrobot_description': CMAKE_PREFIX_PATH=${CMAKE_PREFIX_PATH}:/home/manoj/ros/robot_ws/install/nav2_gps_waypoint_follower_demo:/home/manoj/ros/robot_ws/install/base_pkg:/opt/ros/humble /usr/bin/cmake --install /home/manoj/ros/robot_ws/build/myrobot_description
[1.772s] DEBUG:colcon.colcon_core.event_handler.log_command:Invoking command in '/home/manoj/ros/robot_ws/build/transform_mid360': CMAKE_PREFIX_PATH=${CMAKE_PREFIX_PATH}:/home/manoj/ros/robot_ws/install/nav2_gps_waypoint_follower_demo:/home/manoj/ros/robot_ws/install/base_pkg:/opt/ros/humble /usr/bin/cmake --install /home/manoj/ros/robot_ws/build/transform_mid360
[1.780s] DEBUG:colcon.colcon_core.event_handler.log_command:Invoking command in '/home/manoj/ros/robot_ws/build/pointcloud_to_laserscan': CMAKE_PREFIX_PATH=${CMAKE_PREFIX_PATH}:/home/manoj/ros/robot_ws/install/nav2_gps_waypoint_follower_demo:/home/manoj/ros/robot_ws/install/base_pkg:/opt/ros/humble /usr/bin/cmake --install /home/manoj/ros/robot_ws/build/pointcloud_to_laserscan
[1.796s] Level 1:colcon.colcon_core.environment:create_environment_scripts_only(myrobot_description)
[1.811s] DEBUG:colcon.colcon_core.event_handler.log_command:Invoking command in '/home/manoj/ros/robot_ws/build/livox_to_pointcloud2': CMAKE_PREFIX_PATH=${CMAKE_PREFIX_PATH}:/home/manoj/ros/robot_ws/install/nav2_gps_waypoint_follower_demo:/home/manoj/ros/robot_ws/install/base_pkg:/opt/ros/humble /usr/bin/cmake --install /home/manoj/ros/robot_ws/build/livox_to_pointcloud2
[1.817s] DEBUG:colcon.colcon_core.event_handler.log_command:Invoked command in '/home/manoj/ros/robot_ws/build/myrobot_description' returned '0': CMAKE_PREFIX_PATH=${CMAKE_PREFIX_PATH}:/home/manoj/ros/robot_ws/install/nav2_gps_waypoint_follower_demo:/home/manoj/ros/robot_ws/install/base_pkg:/opt/ros/humble /usr/bin/cmake --install /home/manoj/ros/robot_ws/build/myrobot_description
[1.830s] Level 1:colcon.colcon_core.environment:checking '/home/manoj/ros/robot_ws/install/myrobot_description' for CMake module files
[1.833s] Level 1:colcon.colcon_core.environment:checking '/home/manoj/ros/robot_ws/install/myrobot_description' for CMake config files
[1.835s] Level 1:colcon.colcon_core.shell:create_environment_hook('myrobot_description', 'cmake_prefix_path')
[1.836s] INFO:colcon.colcon_core.shell:Creating environment hook '/home/manoj/ros/robot_ws/install/myrobot_description/share/myrobot_description/hook/cmake_prefix_path.ps1'
[1.837s] INFO:colcon.colcon_core.shell:Creating environment descriptor '/home/manoj/ros/robot_ws/install/myrobot_description/share/myrobot_description/hook/cmake_prefix_path.dsv'
[1.839s] INFO:colcon.colcon_core.shell:Creating environment hook '/home/manoj/ros/robot_ws/install/myrobot_description/share/myrobot_description/hook/cmake_prefix_path.sh'
[1.841s] Level 1:colcon.colcon_core.environment:checking '/home/manoj/ros/robot_ws/install/myrobot_description/bin'
[1.841s] Level 1:colcon.colcon_core.environment:checking '/home/manoj/ros/robot_ws/install/myrobot_description/lib/pkgconfig/myrobot_description.pc'
[1.842s] Level 1:colcon.colcon_core.environment:checking '/home/manoj/ros/robot_ws/install/myrobot_description/lib/python3.10/site-packages'
[1.842s] Level 1:colcon.colcon_core.environment:checking '/home/manoj/ros/robot_ws/install/myrobot_description/bin'
[1.843s] INFO:colcon.colcon_core.shell:Creating package script '/home/manoj/ros/robot_ws/install/myrobot_description/share/myrobot_description/package.ps1'
[1.845s] INFO:colcon.colcon_core.shell:Creating package descriptor '/home/manoj/ros/robot_ws/install/myrobot_description/share/myrobot_description/package.dsv'
[1.849s] INFO:colcon.colcon_core.shell:Creating package script '/home/manoj/ros/robot_ws/install/myrobot_description/share/myrobot_description/package.sh'
[1.852s] INFO:colcon.colcon_core.shell:Creating package script '/home/manoj/ros/robot_ws/install/myrobot_description/share/myrobot_description/package.bash'
[1.854s] INFO:colcon.colcon_core.shell:Creating package script '/home/manoj/ros/robot_ws/install/myrobot_description/share/myrobot_description/package.zsh'
[1.855s] Level 1:colcon.colcon_core.environment:create_file_with_runtime_dependencies(/home/manoj/ros/robot_ws/install/myrobot_description/share/colcon-core/packages/myrobot_description)
[1.858s] Level 1:colcon.colcon_core.environment:create_environment_scripts_only(transform_mid360)
[1.858s] Level 1:colcon.colcon_core.environment:checking '/home/manoj/ros/robot_ws/install/transform_mid360' for CMake module files
[1.860s] DEBUG:colcon.colcon_core.event_handler.log_command:Invoked command in '/home/manoj/ros/robot_ws/build/transform_mid360' returned '0': CMAKE_PREFIX_PATH=${CMAKE_PREFIX_PATH}:/home/manoj/ros/robot_ws/install/nav2_gps_waypoint_follower_demo:/home/manoj/ros/robot_ws/install/base_pkg:/opt/ros/humble /usr/bin/cmake --install /home/manoj/ros/robot_ws/build/transform_mid360
[1.860s] Level 1:colcon.colcon_core.environment:checking '/home/manoj/ros/robot_ws/install/transform_mid360' for CMake config files
[1.861s] Level 1:colcon.colcon_core.shell:create_environment_hook('transform_mid360', 'cmake_prefix_path')
[1.861s] INFO:colcon.colcon_core.shell:Creating environment hook '/home/manoj/ros/robot_ws/install/transform_mid360/share/transform_mid360/hook/cmake_prefix_path.ps1'
[1.863s] INFO:colcon.colcon_core.shell:Creating environment descriptor '/home/manoj/ros/robot_ws/install/transform_mid360/share/transform_mid360/hook/cmake_prefix_path.dsv'
[1.866s] INFO:colcon.colcon_core.shell:Creating environment hook '/home/manoj/ros/robot_ws/install/transform_mid360/share/transform_mid360/hook/cmake_prefix_path.sh'
[1.868s] Level 1:colcon.colcon_core.environment:checking '/home/manoj/ros/robot_ws/install/transform_mid360/bin'
[1.868s] Level 1:colcon.colcon_core.environment:checking '/home/manoj/ros/robot_ws/install/transform_mid360/lib/pkgconfig/transform_mid360.pc'
[1.869s] Level 1:colcon.colcon_core.environment:checking '/home/manoj/ros/robot_ws/install/transform_mid360/lib/python3.10/site-packages'
[1.870s] Level 1:colcon.colcon_core.environment:checking '/home/manoj/ros/robot_ws/install/transform_mid360/bin'
[1.871s] INFO:colcon.colcon_core.shell:Creating package script '/home/manoj/ros/robot_ws/install/transform_mid360/share/transform_mid360/package.ps1'
[1.872s] INFO:colcon.colcon_core.shell:Creating package descriptor '/home/manoj/ros/robot_ws/install/transform_mid360/share/transform_mid360/package.dsv'
[1.873s] INFO:colcon.colcon_core.shell:Creating package script '/home/manoj/ros/robot_ws/install/transform_mid360/share/transform_mid360/package.sh'
[1.874s] INFO:colcon.colcon_core.shell:Creating package script '/home/manoj/ros/robot_ws/install/transform_mid360/share/transform_mid360/package.bash'
[1.875s] INFO:colcon.colcon_core.shell:Creating package script '/home/manoj/ros/robot_ws/install/transform_mid360/share/transform_mid360/package.zsh'
[1.876s] Level 1:colcon.colcon_core.environment:create_file_with_runtime_dependencies(/home/manoj/ros/robot_ws/install/transform_mid360/share/colcon-core/packages/transform_mid360)
[1.884s] Level 1:colcon.colcon_core.environment:create_environment_scripts_only(pointcloud_to_laserscan)
[1.885s] Level 1:colcon.colcon_core.environment:checking '/home/manoj/ros/robot_ws/install/pointcloud_to_laserscan' for CMake module files
[1.887s] DEBUG:colcon.colcon_core.event_handler.log_command:Invoked command in '/home/manoj/ros/robot_ws/build/pointcloud_to_laserscan' returned '0': CMAKE_PREFIX_PATH=${CMAKE_PREFIX_PATH}:/home/manoj/ros/robot_ws/install/nav2_gps_waypoint_follower_demo:/home/manoj/ros/robot_ws/install/base_pkg:/opt/ros/humble /usr/bin/cmake --install /home/manoj/ros/robot_ws/build/pointcloud_to_laserscan
[1.887s] Level 1:colcon.colcon_core.environment:checking '/home/manoj/ros/robot_ws/install/pointcloud_to_laserscan' for CMake config files
[1.888s] Level 1:colcon.colcon_core.shell:create_environment_hook('pointcloud_to_laserscan', 'cmake_prefix_path')
[1.889s] INFO:colcon.colcon_core.shell:Creating environment hook '/home/manoj/ros/robot_ws/install/pointcloud_to_laserscan/share/pointcloud_to_laserscan/hook/cmake_prefix_path.ps1'
[1.890s] INFO:colcon.colcon_core.shell:Creating environment descriptor '/home/manoj/ros/robot_ws/install/pointcloud_to_laserscan/share/pointcloud_to_laserscan/hook/cmake_prefix_path.dsv'
[1.891s] INFO:colcon.colcon_core.shell:Creating environment hook '/home/manoj/ros/robot_ws/install/pointcloud_to_laserscan/share/pointcloud_to_laserscan/hook/cmake_prefix_path.sh'
[1.892s] Level 1:colcon.colcon_core.environment:checking '/home/manoj/ros/robot_ws/install/pointcloud_to_laserscan/lib'
[1.893s] Level 1:colcon.colcon_core.shell:create_environment_hook('pointcloud_to_laserscan', 'ld_library_path_lib')
[1.894s] INFO:colcon.colcon_core.shell:Creating environment hook '/home/manoj/ros/robot_ws/install/pointcloud_to_laserscan/share/pointcloud_to_laserscan/hook/ld_library_path_lib.ps1'
[1.898s] INFO:colcon.colcon_core.shell:Creating environment descriptor '/home/manoj/ros/robot_ws/install/pointcloud_to_laserscan/share/pointcloud_to_laserscan/hook/ld_library_path_lib.dsv'
[1.900s] INFO:colcon.colcon_core.shell:Creating environment hook '/home/manoj/ros/robot_ws/install/pointcloud_to_laserscan/share/pointcloud_to_laserscan/hook/ld_library_path_lib.sh'
[1.902s] Level 1:colcon.colcon_core.environment:checking '/home/manoj/ros/robot_ws/install/pointcloud_to_laserscan/bin'
[1.902s] Level 1:colcon.colcon_core.environment:checking '/home/manoj/ros/robot_ws/install/pointcloud_to_laserscan/lib/pkgconfig/pointcloud_to_laserscan.pc'
[1.902s] Level 1:colcon.colcon_core.environment:checking '/home/manoj/ros/robot_ws/install/pointcloud_to_laserscan/lib/python3.10/site-packages'
[1.903s] Level 1:colcon.colcon_core.environment:checking '/home/manoj/ros/robot_ws/install/pointcloud_to_laserscan/bin'
[1.904s] INFO:colcon.colcon_core.shell:Creating package script '/home/manoj/ros/robot_ws/install/pointcloud_to_laserscan/share/pointcloud_to_laserscan/package.ps1'
[1.906s] INFO:colcon.colcon_core.shell:Creating package descriptor '/home/manoj/ros/robot_ws/install/pointcloud_to_laserscan/share/pointcloud_to_laserscan/package.dsv'
[1.907s] INFO:colcon.colcon_core.shell:Creating package script '/home/manoj/ros/robot_ws/install/pointcloud_to_laserscan/share/pointcloud_to_laserscan/package.sh'
[1.908s] INFO:colcon.colcon_core.shell:Creating package script '/home/manoj/ros/robot_ws/install/pointcloud_to_laserscan/share/pointcloud_to_laserscan/package.bash'
[1.909s] INFO:colcon.colcon_core.shell:Creating package script '/home/manoj/ros/robot_ws/install/pointcloud_to_laserscan/share/pointcloud_to_laserscan/package.zsh'
[1.910s] Level 1:colcon.colcon_core.environment:create_file_with_runtime_dependencies(/home/manoj/ros/robot_ws/install/pointcloud_to_laserscan/share/colcon-core/packages/pointcloud_to_laserscan)
[1.912s] Level 1:colcon.colcon_core.environment:create_environment_scripts_only(livox_to_pointcloud2)
[1.913s] Level 1:colcon.colcon_core.environment:checking '/home/manoj/ros/robot_ws/install/livox_to_pointcloud2' for CMake module files
[1.915s] DEBUG:colcon.colcon_core.event_handler.log_command:Invoked command in '/home/manoj/ros/robot_ws/build/livox_to_pointcloud2' returned '0': CMAKE_PREFIX_PATH=${CMAKE_PREFIX_PATH}:/home/manoj/ros/robot_ws/install/nav2_gps_waypoint_follower_demo:/home/manoj/ros/robot_ws/install/base_pkg:/opt/ros/humble /usr/bin/cmake --install /home/manoj/ros/robot_ws/build/livox_to_pointcloud2
[1.920s] Level 1:colcon.colcon_core.environment:checking '/home/manoj/ros/robot_ws/install/livox_to_pointcloud2' for CMake config files
[1.921s] Level 1:colcon.colcon_core.shell:create_environment_hook('livox_to_pointcloud2', 'cmake_prefix_path')
[1.922s] INFO:colcon.colcon_core.shell:Creating environment hook '/home/manoj/ros/robot_ws/install/livox_to_pointcloud2/share/livox_to_pointcloud2/hook/cmake_prefix_path.ps1'
[1.923s] INFO:colcon.colcon_core.shell:Creating environment descriptor '/home/manoj/ros/robot_ws/install/livox_to_pointcloud2/share/livox_to_pointcloud2/hook/cmake_prefix_path.dsv'
[1.924s] INFO:colcon.colcon_core.shell:Creating environment hook '/home/manoj/ros/robot_ws/install/livox_to_pointcloud2/share/livox_to_pointcloud2/hook/cmake_prefix_path.sh'
[1.925s] Level 1:colcon.colcon_core.environment:checking '/home/manoj/ros/robot_ws/install/livox_to_pointcloud2/lib'
[1.926s] Level 1:colcon.colcon_core.environment:checking '/home/manoj/ros/robot_ws/install/livox_to_pointcloud2/bin'
[1.926s] Level 1:colcon.colcon_core.environment:checking '/home/manoj/ros/robot_ws/install/livox_to_pointcloud2/lib/pkgconfig/livox_to_pointcloud2.pc'
[1.927s] Level 1:colcon.colcon_core.environment:checking '/home/manoj/ros/robot_ws/install/livox_to_pointcloud2/lib/python3.10/site-packages'
[1.928s] Level 1:colcon.colcon_core.environment:checking '/home/manoj/ros/robot_ws/install/livox_to_pointcloud2/bin'
[1.932s] INFO:colcon.colcon_core.shell:Creating package script '/home/manoj/ros/robot_ws/install/livox_to_pointcloud2/share/livox_to_pointcloud2/package.ps1'
[1.933s] INFO:colcon.colcon_core.shell:Creating package descriptor '/home/manoj/ros/robot_ws/install/livox_to_pointcloud2/share/livox_to_pointcloud2/package.dsv'
[1.935s] INFO:colcon.colcon_core.shell:Creating package script '/home/manoj/ros/robot_ws/install/livox_to_pointcloud2/share/livox_to_pointcloud2/package.sh'
[1.936s] INFO:colcon.colcon_core.shell:Creating package script '/home/manoj/ros/robot_ws/install/livox_to_pointcloud2/share/livox_to_pointcloud2/package.bash'
[1.937s] INFO:colcon.colcon_core.shell:Creating package script '/home/manoj/ros/robot_ws/install/livox_to_pointcloud2/share/livox_to_pointcloud2/package.zsh'
[1.937s] Level 1:colcon.colcon_core.environment:create_file_with_runtime_dependencies(/home/manoj/ros/robot_ws/install/livox_to_pointcloud2/share/colcon-core/packages/livox_to_pointcloud2)
[1.944s] Level 1:colcon.colcon_core.environment:create_environment_scripts_only(myrobot_description)
[1.946s] Level 1:colcon.colcon_core.environment:checking '/home/manoj/ros/robot_ws/install/myrobot_description' for CMake module files
[1.948s] Level 1:colcon.colcon_core.environment:checking '/home/manoj/ros/robot_ws/install/myrobot_description' for CMake config files
[1.948s] Level 1:colcon.colcon_core.shell:create_environment_hook('myrobot_description', 'cmake_prefix_path')
[1.949s] INFO:colcon.colcon_core.shell:Creating environment hook '/home/manoj/ros/robot_ws/install/myrobot_description/share/myrobot_description/hook/cmake_prefix_path.ps1'
[1.950s] INFO:colcon.colcon_core.shell:Creating environment descriptor '/home/manoj/ros/robot_ws/install/myrobot_description/share/myrobot_description/hook/cmake_prefix_path.dsv'
[1.951s] INFO:colcon.colcon_core.shell:Creating environment hook '/home/manoj/ros/robot_ws/install/myrobot_description/share/myrobot_description/hook/cmake_prefix_path.sh'
[1.952s] Level 1:colcon.colcon_core.environment:checking '/home/manoj/ros/robot_ws/install/myrobot_description/bin'
[1.952s] Level 1:colcon.colcon_core.environment:checking '/home/manoj/ros/robot_ws/install/myrobot_description/lib/pkgconfig/myrobot_description.pc'
[1.952s] Level 1:colcon.colcon_core.environment:checking '/home/manoj/ros/robot_ws/install/myrobot_description/lib/python3.10/site-packages'
[1.953s] Level 1:colcon.colcon_core.environment:checking '/home/manoj/ros/robot_ws/install/myrobot_description/bin'
[1.954s] INFO:colcon.colcon_core.shell:Creating package script '/home/manoj/ros/robot_ws/install/myrobot_description/share/myrobot_description/package.ps1'
[1.955s] INFO:colcon.colcon_core.shell:Creating package descriptor '/home/manoj/ros/robot_ws/install/myrobot_description/share/myrobot_description/package.dsv'
[1.956s] INFO:colcon.colcon_core.shell:Creating package script '/home/manoj/ros/robot_ws/install/myrobot_description/share/myrobot_description/package.sh'
[1.956s] INFO:colcon.colcon_core.shell:Creating package script '/home/manoj/ros/robot_ws/install/myrobot_description/share/myrobot_description/package.bash'
[1.957s] INFO:colcon.colcon_core.shell:Creating package script '/home/manoj/ros/robot_ws/install/myrobot_description/share/myrobot_description/package.zsh'
[1.959s] Level 1:colcon.colcon_core.environment:create_file_with_runtime_dependencies(/home/manoj/ros/robot_ws/install/myrobot_description/share/colcon-core/packages/myrobot_description)
[1.962s] Level 1:colcon.colcon_core.environment:create_environment_scripts_only(transform_mid360)
[1.964s] Level 1:colcon.colcon_core.environment:checking '/home/manoj/ros/robot_ws/install/transform_mid360' for CMake module files
[1.966s] Level 1:colcon.colcon_core.environment:checking '/home/manoj/ros/robot_ws/install/transform_mid360' for CMake config files
[1.967s] Level 1:colcon.colcon_core.shell:create_environment_hook('transform_mid360', 'cmake_prefix_path')
[1.968s] INFO:colcon.colcon_core.shell:Creating environment hook '/home/manoj/ros/robot_ws/install/transform_mid360/share/transform_mid360/hook/cmake_prefix_path.ps1'
[1.969s] INFO:colcon.colcon_core.shell:Creating environment descriptor '/home/manoj/ros/robot_ws/install/transform_mid360/share/transform_mid360/hook/cmake_prefix_path.dsv'
[1.970s] INFO:colcon.colcon_core.shell:Creating environment hook '/home/manoj/ros/robot_ws/install/transform_mid360/share/transform_mid360/hook/cmake_prefix_path.sh'
[1.971s] Level 1:colcon.colcon_core.environment:checking '/home/manoj/ros/robot_ws/install/transform_mid360/bin'
[1.971s] Level 1:colcon.colcon_core.environment:checking '/home/manoj/ros/robot_ws/install/transform_mid360/lib/pkgconfig/transform_mid360.pc'
[1.972s] Level 1:colcon.colcon_core.environment:checking '/home/manoj/ros/robot_ws/install/transform_mid360/lib/python3.10/site-packages'
[1.972s] Level 1:colcon.colcon_core.environment:checking '/home/manoj/ros/robot_ws/install/transform_mid360/bin'
[1.973s] INFO:colcon.colcon_core.shell:Creating package script '/home/manoj/ros/robot_ws/install/transform_mid360/share/transform_mid360/package.ps1'
[1.974s] INFO:colcon.colcon_core.shell:Creating package descriptor '/home/manoj/ros/robot_ws/install/transform_mid360/share/transform_mid360/package.dsv'
[1.975s] INFO:colcon.colcon_core.shell:Creating package script '/home/manoj/ros/robot_ws/install/transform_mid360/share/transform_mid360/package.sh'
[1.976s] INFO:colcon.colcon_core.shell:Creating package script '/home/manoj/ros/robot_ws/install/transform_mid360/share/transform_mid360/package.bash'
[1.976s] INFO:colcon.colcon_core.shell:Creating package script '/home/manoj/ros/robot_ws/install/transform_mid360/share/transform_mid360/package.zsh'
[1.977s] Level 1:colcon.colcon_core.environment:create_file_with_runtime_dependencies(/home/manoj/ros/robot_ws/install/transform_mid360/share/colcon-core/packages/transform_mid360)
[1.985s] DEBUG:colcon.colcon_core.event_handler.log_command:Invoked command in '/home/manoj/ros/robot_ws/build/ros2_livox_simulation' returned '0': CMAKE_PREFIX_PATH=${CMAKE_PREFIX_PATH}:/home/manoj/ros/robot_ws/install/nav2_gps_waypoint_follower_demo:/home/manoj/ros/robot_ws/install/base_pkg:/opt/ros/humble /usr/bin/cmake --build /home/manoj/ros/robot_ws/build/ros2_livox_simulation -- -j12 -l12
[2.002s] Level 1:colcon.colcon_core.environment:create_environment_scripts_only(pointcloud_to_laserscan)
[2.003s] Level 1:colcon.colcon_core.environment:checking '/home/manoj/ros/robot_ws/install/pointcloud_to_laserscan' for CMake module files
[2.005s] Level 1:colcon.colcon_core.environment:checking '/home/manoj/ros/robot_ws/install/pointcloud_to_laserscan' for CMake config files
[2.006s] Level 1:colcon.colcon_core.shell:create_environment_hook('pointcloud_to_laserscan', 'cmake_prefix_path')
[2.007s] INFO:colcon.colcon_core.shell:Creating environment hook '/home/manoj/ros/robot_ws/install/pointcloud_to_laserscan/share/pointcloud_to_laserscan/hook/cmake_prefix_path.ps1'
[2.009s] INFO:colcon.colcon_core.shell:Creating environment descriptor '/home/manoj/ros/robot_ws/install/pointcloud_to_laserscan/share/pointcloud_to_laserscan/hook/cmake_prefix_path.dsv'
[2.010s] INFO:colcon.colcon_core.shell:Creating environment hook '/home/manoj/ros/robot_ws/install/pointcloud_to_laserscan/share/pointcloud_to_laserscan/hook/cmake_prefix_path.sh'
[2.011s] Level 1:colcon.colcon_core.environment:checking '/home/manoj/ros/robot_ws/install/pointcloud_to_laserscan/lib'
[2.012s] Level 1:colcon.colcon_core.shell:create_environment_hook('pointcloud_to_laserscan', 'ld_library_path_lib')
[2.012s] INFO:colcon.colcon_core.shell:Creating environment hook '/home/manoj/ros/robot_ws/install/pointcloud_to_laserscan/share/pointcloud_to_laserscan/hook/ld_library_path_lib.ps1'
[2.014s] INFO:colcon.colcon_core.shell:Creating environment descriptor '/home/manoj/ros/robot_ws/install/pointcloud_to_laserscan/share/pointcloud_to_laserscan/hook/ld_library_path_lib.dsv'
[2.015s] INFO:colcon.colcon_core.shell:Creating environment hook '/home/manoj/ros/robot_ws/install/pointcloud_to_laserscan/share/pointcloud_to_laserscan/hook/ld_library_path_lib.sh'
[2.016s] Level 1:colcon.colcon_core.environment:checking '/home/manoj/ros/robot_ws/install/pointcloud_to_laserscan/bin'
[2.016s] Level 1:colcon.colcon_core.environment:checking '/home/manoj/ros/robot_ws/install/pointcloud_to_laserscan/lib/pkgconfig/pointcloud_to_laserscan.pc'
[2.016s] Level 1:colcon.colcon_core.environment:checking '/home/manoj/ros/robot_ws/install/pointcloud_to_laserscan/lib/python3.10/site-packages'
[2.017s] Level 1:colcon.colcon_core.environment:checking '/home/manoj/ros/robot_ws/install/pointcloud_to_laserscan/bin'
[2.020s] INFO:colcon.colcon_core.shell:Creating package script '/home/manoj/ros/robot_ws/install/pointcloud_to_laserscan/share/pointcloud_to_laserscan/package.ps1'
[2.022s] INFO:colcon.colcon_core.shell:Creating package descriptor '/home/manoj/ros/robot_ws/install/pointcloud_to_laserscan/share/pointcloud_to_laserscan/package.dsv'
[2.025s] INFO:colcon.colcon_core.shell:Creating package script '/home/manoj/ros/robot_ws/install/pointcloud_to_laserscan/share/pointcloud_to_laserscan/package.sh'
[2.026s] INFO:colcon.colcon_core.shell:Creating package script '/home/manoj/ros/robot_ws/install/pointcloud_to_laserscan/share/pointcloud_to_laserscan/package.bash'
[2.027s] INFO:colcon.colcon_core.shell:Creating package script '/home/manoj/ros/robot_ws/install/pointcloud_to_laserscan/share/pointcloud_to_laserscan/package.zsh'
[2.030s] Level 1:colcon.colcon_core.environment:create_file_with_runtime_dependencies(/home/manoj/ros/robot_ws/install/pointcloud_to_laserscan/share/colcon-core/packages/pointcloud_to_laserscan)
[2.035s] Level 1:colcon.colcon_core.environment:create_environment_scripts_only(livox_to_pointcloud2)
[2.036s] Level 1:colcon.colcon_core.environment:checking '/home/manoj/ros/robot_ws/install/livox_to_pointcloud2' for CMake module files
[2.037s] Level 1:colcon.colcon_core.environment:checking '/home/manoj/ros/robot_ws/install/livox_to_pointcloud2' for CMake config files
[2.038s] Level 1:colcon.colcon_core.shell:create_environment_hook('livox_to_pointcloud2', 'cmake_prefix_path')
[2.039s] INFO:colcon.colcon_core.shell:Creating environment hook '/home/manoj/ros/robot_ws/install/livox_to_pointcloud2/share/livox_to_pointcloud2/hook/cmake_prefix_path.ps1'
[2.040s] INFO:colcon.colcon_core.shell:Creating environment descriptor '/home/manoj/ros/robot_ws/install/livox_to_pointcloud2/share/livox_to_pointcloud2/hook/cmake_prefix_path.dsv'
[2.041s] INFO:colcon.colcon_core.shell:Creating environment hook '/home/manoj/ros/robot_ws/install/livox_to_pointcloud2/share/livox_to_pointcloud2/hook/cmake_prefix_path.sh'
[2.042s] Level 1:colcon.colcon_core.environment:checking '/home/manoj/ros/robot_ws/install/livox_to_pointcloud2/lib'
[2.042s] Level 1:colcon.colcon_core.environment:checking '/home/manoj/ros/robot_ws/install/livox_to_pointcloud2/bin'
[2.043s] Level 1:colcon.colcon_core.environment:checking '/home/manoj/ros/robot_ws/install/livox_to_pointcloud2/lib/pkgconfig/livox_to_pointcloud2.pc'
[2.043s] Level 1:colcon.colcon_core.environment:checking '/home/manoj/ros/robot_ws/install/livox_to_pointcloud2/lib/python3.10/site-packages'
[2.044s] Level 1:colcon.colcon_core.environment:checking '/home/manoj/ros/robot_ws/install/livox_to_pointcloud2/bin'
[2.046s] INFO:colcon.colcon_core.shell:Creating package script '/home/manoj/ros/robot_ws/install/livox_to_pointcloud2/share/livox_to_pointcloud2/package.ps1'
[2.049s] INFO:colcon.colcon_core.shell:Creating package descriptor '/home/manoj/ros/robot_ws/install/livox_to_pointcloud2/share/livox_to_pointcloud2/package.dsv'
[2.050s] INFO:colcon.colcon_core.shell:Creating package script '/home/manoj/ros/robot_ws/install/livox_to_pointcloud2/share/livox_to_pointcloud2/package.sh'
[2.052s] INFO:colcon.colcon_core.shell:Creating package script '/home/manoj/ros/robot_ws/install/livox_to_pointcloud2/share/livox_to_pointcloud2/package.bash'
[2.053s] INFO:colcon.colcon_core.shell:Creating package script '/home/manoj/ros/robot_ws/install/livox_to_pointcloud2/share/livox_to_pointcloud2/package.zsh'
[2.054s] Level 1:colcon.colcon_core.environment:create_file_with_runtime_dependencies(/home/manoj/ros/robot_ws/install/livox_to_pointcloud2/share/colcon-core/packages/livox_to_pointcloud2)
[2.058s] INFO:colcon.colcon_ros.task.ament_cmake.build:Building ROS package in '/home/manoj/ros/robot_ws/src/robot_bringup' with build type 'ament_cmake'
[2.059s] INFO:colcon.colcon_cmake.task.cmake.build:Building CMake package in '/home/manoj/ros/robot_ws/src/robot_bringup'
[2.059s] INFO:colcon.colcon_core.shell:Skip shell extension 'powershell' for command environment: Not usable outside of PowerShell
[2.060s] DEBUG:colcon.colcon_core.shell:Skip shell extension 'dsv' for command environment
[2.078s] DEBUG:colcon.colcon_core.event_handler.log_command:Invoking command in '/home/manoj/ros/robot_ws/build/ros2_livox_simulation': CMAKE_PREFIX_PATH=${CMAKE_PREFIX_PATH}:/home/manoj/ros/robot_ws/install/nav2_gps_waypoint_follower_demo:/home/manoj/ros/robot_ws/install/base_pkg:/opt/ros/humble /usr/bin/cmake --install /home/manoj/ros/robot_ws/build/ros2_livox_simulation
[2.092s] DEBUG:colcon.colcon_core.event_handler.log_command:Invoking command in '/home/manoj/ros/robot_ws/build/robot_bringup': CMAKE_PREFIX_PATH=/home/manoj/ros/robot_ws/install/transform_mid360:/home/manoj/ros/robot_ws/install/pointcloud_to_laserscan:/home/manoj/ros/robot_ws/install/myrobot_description:/home/manoj/ros/robot_ws/install/livox_to_pointcloud2:/home/manoj/ros/robot_ws/install/robot_bringup:/home/manoj/ros/robot_ws/install/sam_bot_description:/home/manoj/ros/robot_ws/install/ros2_livox_simulation:/home/manoj/ros/robot_ws/install/nav2_gradient_costmap_plugin:/home/manoj/ros/robot_ws/install/nav2_costmap_filters_demo:/home/manoj/ros/robot_ws/install/nav2_gps_waypoint_follower_demo:/home/manoj/ros/robot_ws/install/base_pkg:/opt/ros/humble LD_LIBRARY_PATH=/home/manoj/ros/robot_ws/install/pointcloud_to_laserscan/lib:/home/manoj/ros/robot_ws/install/ros2_livox_simulation/lib:/home/manoj/ros/robot_ws/install/nav2_gradient_costmap_plugin/lib:/usr/lib/x86_64-linux-gnu/gazebo-11/plugins:/opt/ros/humble/opt/rviz_ogre_vendor/lib:/opt/ros/humble/lib/x86_64-linux-gnu:/opt/ros/humble/lib:/home/manoj/ros/ws_livox/install/livox_ros_driver2/lib/:/home/manoj/ros/ws_livox/install/livox_ros_driver2/lib/ /usr/bin/cmake --build /home/manoj/ros/robot_ws/build/robot_bringup -- -j12 -l12
[2.106s] Level 1:colcon.colcon_core.environment:create_environment_scripts_only(ros2_livox_simulation)
[2.108s] Level 1:colcon.colcon_core.environment:checking '/home/manoj/ros/robot_ws/install/ros2_livox_simulation' for CMake module files
[2.109s] DEBUG:colcon.colcon_core.event_handler.log_command:Invoked command in '/home/manoj/ros/robot_ws/build/ros2_livox_simulation' returned '0': CMAKE_PREFIX_PATH=${CMAKE_PREFIX_PATH}:/home/manoj/ros/robot_ws/install/nav2_gps_waypoint_follower_demo:/home/manoj/ros/robot_ws/install/base_pkg:/opt/ros/humble /usr/bin/cmake --install /home/manoj/ros/robot_ws/build/ros2_livox_simulation
[2.110s] Level 1:colcon.colcon_core.environment:checking '/home/manoj/ros/robot_ws/install/ros2_livox_simulation' for CMake config files
[2.111s] Level 1:colcon.colcon_core.shell:create_environment_hook('ros2_livox_simulation', 'cmake_prefix_path')
[2.111s] INFO:colcon.colcon_core.shell:Creating environment hook '/home/manoj/ros/robot_ws/install/ros2_livox_simulation/share/ros2_livox_simulation/hook/cmake_prefix_path.ps1'
[2.113s] INFO:colcon.colcon_core.shell:Creating environment descriptor '/home/manoj/ros/robot_ws/install/ros2_livox_simulation/share/ros2_livox_simulation/hook/cmake_prefix_path.dsv'
[2.113s] INFO:colcon.colcon_core.shell:Creating environment hook '/home/manoj/ros/robot_ws/install/ros2_livox_simulation/share/ros2_livox_simulation/hook/cmake_prefix_path.sh'
[2.115s] Level 1:colcon.colcon_core.environment:checking '/home/manoj/ros/robot_ws/install/ros2_livox_simulation/lib'
[2.115s] Level 1:colcon.colcon_core.shell:create_environment_hook('ros2_livox_simulation', 'ld_library_path_lib')
[2.116s] INFO:colcon.colcon_core.shell:Creating environment hook '/home/manoj/ros/robot_ws/install/ros2_livox_simulation/share/ros2_livox_simulation/hook/ld_library_path_lib.ps1'
[2.116s] INFO:colcon.colcon_core.shell:Creating environment descriptor '/home/manoj/ros/robot_ws/install/ros2_livox_simulation/share/ros2_livox_simulation/hook/ld_library_path_lib.dsv'
[2.117s] INFO:colcon.colcon_core.shell:Creating environment hook '/home/manoj/ros/robot_ws/install/ros2_livox_simulation/share/ros2_livox_simulation/hook/ld_library_path_lib.sh'
[2.118s] Level 1:colcon.colcon_core.environment:checking '/home/manoj/ros/robot_ws/install/ros2_livox_simulation/bin'
[2.118s] Level 1:colcon.colcon_core.environment:checking '/home/manoj/ros/robot_ws/install/ros2_livox_simulation/lib/pkgconfig/ros2_livox_simulation.pc'
[2.118s] Level 1:colcon.colcon_core.environment:checking '/home/manoj/ros/robot_ws/install/ros2_livox_simulation/lib/python3.10/site-packages'
[2.119s] Level 1:colcon.colcon_core.environment:checking '/home/manoj/ros/robot_ws/install/ros2_livox_simulation/bin'
[2.120s] INFO:colcon.colcon_core.shell:Creating package script '/home/manoj/ros/robot_ws/install/ros2_livox_simulation/share/ros2_livox_simulation/package.ps1'
[2.124s] INFO:colcon.colcon_core.shell:Creating package descriptor '/home/manoj/ros/robot_ws/install/ros2_livox_simulation/share/ros2_livox_simulation/package.dsv'
[2.125s] INFO:colcon.colcon_core.shell:Creating package script '/home/manoj/ros/robot_ws/install/ros2_livox_simulation/share/ros2_livox_simulation/package.sh'
[2.126s] INFO:colcon.colcon_core.shell:Creating package script '/home/manoj/ros/robot_ws/install/ros2_livox_simulation/share/ros2_livox_simulation/package.bash'
[2.127s] INFO:colcon.colcon_core.shell:Creating package script '/home/manoj/ros/robot_ws/install/ros2_livox_simulation/share/ros2_livox_simulation/package.zsh'
[2.128s] Level 1:colcon.colcon_core.environment:create_file_with_runtime_dependencies(/home/manoj/ros/robot_ws/install/ros2_livox_simulation/share/colcon-core/packages/ros2_livox_simulation)
[2.181s] DEBUG:colcon.colcon_core.event_handler.log_command:Invoked command in '/home/manoj/ros/robot_ws/build/robot_bringup' returned '0': CMAKE_PREFIX_PATH=/home/manoj/ros/robot_ws/install/transform_mid360:/home/manoj/ros/robot_ws/install/pointcloud_to_laserscan:/home/manoj/ros/robot_ws/install/myrobot_description:/home/manoj/ros/robot_ws/install/livox_to_pointcloud2:/home/manoj/ros/robot_ws/install/robot_bringup:/home/manoj/ros/robot_ws/install/sam_bot_description:/home/manoj/ros/robot_ws/install/ros2_livox_simulation:/home/manoj/ros/robot_ws/install/nav2_gradient_costmap_plugin:/home/manoj/ros/robot_ws/install/nav2_costmap_filters_demo:/home/manoj/ros/robot_ws/install/nav2_gps_waypoint_follower_demo:/home/manoj/ros/robot_ws/install/base_pkg:/opt/ros/humble LD_LIBRARY_PATH=/home/manoj/ros/robot_ws/install/pointcloud_to_laserscan/lib:/home/manoj/ros/robot_ws/install/ros2_livox_simulation/lib:/home/manoj/ros/robot_ws/install/nav2_gradient_costmap_plugin/lib:/usr/lib/x86_64-linux-gnu/gazebo-11/plugins:/opt/ros/humble/opt/rviz_ogre_vendor/lib:/opt/ros/humble/lib/x86_64-linux-gnu:/opt/ros/humble/lib:/home/manoj/ros/ws_livox/install/livox_ros_driver2/lib/:/home/manoj/ros/ws_livox/install/livox_ros_driver2/lib/ /usr/bin/cmake --build /home/manoj/ros/robot_ws/build/robot_bringup -- -j12 -l12
[2.198s] Level 1:colcon.colcon_core.environment:create_environment_scripts_only(ros2_livox_simulation)
[2.199s] Level 1:colcon.colcon_core.environment:checking '/home/manoj/ros/robot_ws/install/ros2_livox_simulation' for CMake module files
[2.200s] Level 1:colcon.colcon_core.environment:checking '/home/manoj/ros/robot_ws/install/ros2_livox_simulation' for CMake config files
[2.201s] Level 1:colcon.colcon_core.shell:create_environment_hook('ros2_livox_simulation', 'cmake_prefix_path')
[2.201s] INFO:colcon.colcon_core.shell:Creating environment hook '/home/manoj/ros/robot_ws/install/ros2_livox_simulation/share/ros2_livox_simulation/hook/cmake_prefix_path.ps1'
[2.202s] INFO:colcon.colcon_core.shell:Creating environment descriptor '/home/manoj/ros/robot_ws/install/ros2_livox_simulation/share/ros2_livox_simulation/hook/cmake_prefix_path.dsv'
[2.203s] INFO:colcon.colcon_core.shell:Creating environment hook '/home/manoj/ros/robot_ws/install/ros2_livox_simulation/share/ros2_livox_simulation/hook/cmake_prefix_path.sh'
[2.207s] Level 1:colcon.colcon_core.environment:checking '/home/manoj/ros/robot_ws/install/ros2_livox_simulation/lib'
[2.208s] Level 1:colcon.colcon_core.shell:create_environment_hook('ros2_livox_simulation', 'ld_library_path_lib')
[2.208s] INFO:colcon.colcon_core.shell:Creating environment hook '/home/manoj/ros/robot_ws/install/ros2_livox_simulation/share/ros2_livox_simulation/hook/ld_library_path_lib.ps1'
[2.209s] INFO:colcon.colcon_core.shell:Creating environment descriptor '/home/manoj/ros/robot_ws/install/ros2_livox_simulation/share/ros2_livox_simulation/hook/ld_library_path_lib.dsv'
[2.210s] INFO:colcon.colcon_core.shell:Creating environment hook '/home/manoj/ros/robot_ws/install/ros2_livox_simulation/share/ros2_livox_simulation/hook/ld_library_path_lib.sh'
[2.211s] Level 1:colcon.colcon_core.environment:checking '/home/manoj/ros/robot_ws/install/ros2_livox_simulation/bin'
[2.211s] Level 1:colcon.colcon_core.environment:checking '/home/manoj/ros/robot_ws/install/ros2_livox_simulation/lib/pkgconfig/ros2_livox_simulation.pc'
[2.212s] Level 1:colcon.colcon_core.environment:checking '/home/manoj/ros/robot_ws/install/ros2_livox_simulation/lib/python3.10/site-packages'
[2.212s] Level 1:colcon.colcon_core.environment:checking '/home/manoj/ros/robot_ws/install/ros2_livox_simulation/bin'
[2.213s] INFO:colcon.colcon_core.shell:Creating package script '/home/manoj/ros/robot_ws/install/ros2_livox_simulation/share/ros2_livox_simulation/package.ps1'
[2.214s] INFO:colcon.colcon_core.shell:Creating package descriptor '/home/manoj/ros/robot_ws/install/ros2_livox_simulation/share/ros2_livox_simulation/package.dsv'
[2.215s] INFO:colcon.colcon_core.shell:Creating package script '/home/manoj/ros/robot_ws/install/ros2_livox_simulation/share/ros2_livox_simulation/package.sh'
[2.216s] INFO:colcon.colcon_core.shell:Creating package script '/home/manoj/ros/robot_ws/install/ros2_livox_simulation/share/ros2_livox_simulation/package.bash'
[2.217s] INFO:colcon.colcon_core.shell:Creating package script '/home/manoj/ros/robot_ws/install/ros2_livox_simulation/share/ros2_livox_simulation/package.zsh'
[2.221s] Level 1:colcon.colcon_core.environment:create_file_with_runtime_dependencies(/home/manoj/ros/robot_ws/install/ros2_livox_simulation/share/colcon-core/packages/ros2_livox_simulation)
[2.237s] DEBUG:colcon.colcon_core.event_handler.log_command:Invoking command in '/home/manoj/ros/robot_ws/build/robot_bringup': CMAKE_PREFIX_PATH=/home/manoj/ros/robot_ws/install/transform_mid360:/home/manoj/ros/robot_ws/install/pointcloud_to_laserscan:/home/manoj/ros/robot_ws/install/myrobot_description:/home/manoj/ros/robot_ws/install/livox_to_pointcloud2:/home/manoj/ros/robot_ws/install/robot_bringup:/home/manoj/ros/robot_ws/install/sam_bot_description:/home/manoj/ros/robot_ws/install/ros2_livox_simulation:/home/manoj/ros/robot_ws/install/nav2_gradient_costmap_plugin:/home/manoj/ros/robot_ws/install/nav2_costmap_filters_demo:/home/manoj/ros/robot_ws/install/nav2_gps_waypoint_follower_demo:/home/manoj/ros/robot_ws/install/base_pkg:/opt/ros/humble LD_LIBRARY_PATH=/home/manoj/ros/robot_ws/install/pointcloud_to_laserscan/lib:/home/manoj/ros/robot_ws/install/ros2_livox_simulation/lib:/home/manoj/ros/robot_ws/install/nav2_gradient_costmap_plugin/lib:/usr/lib/x86_64-linux-gnu/gazebo-11/plugins:/opt/ros/humble/opt/rviz_ogre_vendor/lib:/opt/ros/humble/lib/x86_64-linux-gnu:/opt/ros/humble/lib:/home/manoj/ros/ws_livox/install/livox_ros_driver2/lib/:/home/manoj/ros/ws_livox/install/livox_ros_driver2/lib/ /usr/bin/cmake --install /home/manoj/ros/robot_ws/build/robot_bringup
[2.266s] Level 1:colcon.colcon_core.environment:create_environment_scripts_only(robot_bringup)
[2.267s] Level 1:colcon.colcon_core.environment:checking '/home/manoj/ros/robot_ws/install/robot_bringup' for CMake module files
[2.268s] DEBUG:colcon.colcon_core.event_handler.log_command:Invoked command in '/home/manoj/ros/robot_ws/build/robot_bringup' returned '0': CMAKE_PREFIX_PATH=/home/manoj/ros/robot_ws/install/transform_mid360:/home/manoj/ros/robot_ws/install/pointcloud_to_laserscan:/home/manoj/ros/robot_ws/install/myrobot_description:/home/manoj/ros/robot_ws/install/livox_to_pointcloud2:/home/manoj/ros/robot_ws/install/robot_bringup:/home/manoj/ros/robot_ws/install/sam_bot_description:/home/manoj/ros/robot_ws/install/ros2_livox_simulation:/home/manoj/ros/robot_ws/install/nav2_gradient_costmap_plugin:/home/manoj/ros/robot_ws/install/nav2_costmap_filters_demo:/home/manoj/ros/robot_ws/install/nav2_gps_waypoint_follower_demo:/home/manoj/ros/robot_ws/install/base_pkg:/opt/ros/humble LD_LIBRARY_PATH=/home/manoj/ros/robot_ws/install/pointcloud_to_laserscan/lib:/home/manoj/ros/robot_ws/install/ros2_livox_simulation/lib:/home/manoj/ros/robot_ws/install/nav2_gradient_costmap_plugin/lib:/usr/lib/x86_64-linux-gnu/gazebo-11/plugins:/opt/ros/humble/opt/rviz_ogre_vendor/lib:/opt/ros/humble/lib/x86_64-linux-gnu:/opt/ros/humble/lib:/home/manoj/ros/ws_livox/install/livox_ros_driver2/lib/:/home/manoj/ros/ws_livox/install/livox_ros_driver2/lib/ /usr/bin/cmake --install /home/manoj/ros/robot_ws/build/robot_bringup
[2.271s] Level 1:colcon.colcon_core.environment:checking '/home/manoj/ros/robot_ws/install/robot_bringup' for CMake config files
[2.272s] Level 1:colcon.colcon_core.shell:create_environment_hook('robot_bringup', 'cmake_prefix_path')
[2.273s] INFO:colcon.colcon_core.shell:Creating environment hook '/home/manoj/ros/robot_ws/install/robot_bringup/share/robot_bringup/hook/cmake_prefix_path.ps1'
[2.273s] INFO:colcon.colcon_core.shell:Creating environment descriptor '/home/manoj/ros/robot_ws/install/robot_bringup/share/robot_bringup/hook/cmake_prefix_path.dsv'
[2.274s] INFO:colcon.colcon_core.shell:Creating environment hook '/home/manoj/ros/robot_ws/install/robot_bringup/share/robot_bringup/hook/cmake_prefix_path.sh'
[2.276s] Level 1:colcon.colcon_core.environment:checking '/home/manoj/ros/robot_ws/install/robot_bringup/bin'
[2.276s] Level 1:colcon.colcon_core.environment:checking '/home/manoj/ros/robot_ws/install/robot_bringup/lib/pkgconfig/robot_bringup.pc'
[2.276s] Level 1:colcon.colcon_core.environment:checking '/home/manoj/ros/robot_ws/install/robot_bringup/lib/python3.10/site-packages'
[2.277s] Level 1:colcon.colcon_core.environment:checking '/home/manoj/ros/robot_ws/install/robot_bringup/bin'
[2.278s] INFO:colcon.colcon_core.shell:Creating package script '/home/manoj/ros/robot_ws/install/robot_bringup/share/robot_bringup/package.ps1'
[2.281s] INFO:colcon.colcon_core.shell:Creating package descriptor '/home/manoj/ros/robot_ws/install/robot_bringup/share/robot_bringup/package.dsv'
[2.283s] INFO:colcon.colcon_core.shell:Creating package script '/home/manoj/ros/robot_ws/install/robot_bringup/share/robot_bringup/package.sh'
[2.285s] INFO:colcon.colcon_core.shell:Creating package script '/home/manoj/ros/robot_ws/install/robot_bringup/share/robot_bringup/package.bash'
[2.286s] INFO:colcon.colcon_core.shell:Creating package script '/home/manoj/ros/robot_ws/install/robot_bringup/share/robot_bringup/package.zsh'
[2.287s] Level 1:colcon.colcon_core.environment:create_file_with_runtime_dependencies(/home/manoj/ros/robot_ws/install/robot_bringup/share/colcon-core/packages/robot_bringup)
[2.337s] Level 1:colcon.colcon_core.environment:create_environment_scripts_only(robot_bringup)
[2.338s] Level 1:colcon.colcon_core.environment:checking '/home/manoj/ros/robot_ws/install/robot_bringup' for CMake module files
[2.339s] Level 1:colcon.colcon_core.environment:checking '/home/manoj/ros/robot_ws/install/robot_bringup' for CMake config files
[2.339s] Level 1:colcon.colcon_core.shell:create_environment_hook('robot_bringup', 'cmake_prefix_path')
[2.340s] INFO:colcon.colcon_core.shell:Creating environment hook '/home/manoj/ros/robot_ws/install/robot_bringup/share/robot_bringup/hook/cmake_prefix_path.ps1'
[2.341s] INFO:colcon.colcon_core.shell:Creating environment descriptor '/home/manoj/ros/robot_ws/install/robot_bringup/share/robot_bringup/hook/cmake_prefix_path.dsv'
[2.343s] INFO:colcon.colcon_core.shell:Creating environment hook '/home/manoj/ros/robot_ws/install/robot_bringup/share/robot_bringup/hook/cmake_prefix_path.sh'
[2.346s] Level 1:colcon.colcon_core.environment:checking '/home/manoj/ros/robot_ws/install/robot_bringup/bin'
[2.346s] Level 1:colcon.colcon_core.environment:checking '/home/manoj/ros/robot_ws/install/robot_bringup/lib/pkgconfig/robot_bringup.pc'
[2.347s] Level 1:colcon.colcon_core.environment:checking '/home/manoj/ros/robot_ws/install/robot_bringup/lib/python3.10/site-packages'
[2.348s] Level 1:colcon.colcon_core.environment:checking '/home/manoj/ros/robot_ws/install/robot_bringup/bin'
[2.349s] INFO:colcon.colcon_core.shell:Creating package script '/home/manoj/ros/robot_ws/install/robot_bringup/share/robot_bringup/package.ps1'
[2.350s] INFO:colcon.colcon_core.shell:Creating package descriptor '/home/manoj/ros/robot_ws/install/robot_bringup/share/robot_bringup/package.dsv'
[2.352s] INFO:colcon.colcon_core.shell:Creating package script '/home/manoj/ros/robot_ws/install/robot_bringup/share/robot_bringup/package.sh'
[2.353s] INFO:colcon.colcon_core.shell:Creating package script '/home/manoj/ros/robot_ws/install/robot_bringup/share/robot_bringup/package.bash'
[2.354s] INFO:colcon.colcon_core.shell:Creating package script '/home/manoj/ros/robot_ws/install/robot_bringup/share/robot_bringup/package.zsh'
[2.355s] Level 1:colcon.colcon_core.environment:create_file_with_runtime_dependencies(/home/manoj/ros/robot_ws/install/robot_bringup/share/colcon-core/packages/robot_bringup)
[2.878s] DEBUG:colcon.colcon_core.event_handler.log_command:Invoking command in '/home/manoj/ros/robot_ws/src/base_pkg': PYTHONPATH=/home/manoj/ros/robot_ws/build/base_pkg/prefix_override:/usr/lib/python3/dist-packages/colcon_core/task/python/colcon_distutils_commands:/home/manoj/ros/robot_ws/install/base_pkg/lib/python3.10/site-packages:${PYTHONPATH} /usr/bin/python3 -W ignore:setup.py install is deprecated setup.py egg_info --egg-base ../../build/base_pkg build --build-base /home/manoj/ros/robot_ws/build/base_pkg/build install --record /home/manoj/ros/robot_ws/build/base_pkg/install.log --single-version-externally-managed install_data
[3.550s] Level 1:colcon.colcon_core.environment:checking '/home/manoj/ros/robot_ws/install/base_pkg' for CMake module files
[3.551s] DEBUG:colcon.colcon_core.event_handler.log_command:Invoked command in '/home/manoj/ros/robot_ws/src/base_pkg' returned '0': PYTHONPATH=/home/manoj/ros/robot_ws/build/base_pkg/prefix_override:/usr/lib/python3/dist-packages/colcon_core/task/python/colcon_distutils_commands:/home/manoj/ros/robot_ws/install/base_pkg/lib/python3.10/site-packages:${PYTHONPATH} /usr/bin/python3 -W ignore:setup.py install is deprecated setup.py egg_info --egg-base ../../build/base_pkg build --build-base /home/manoj/ros/robot_ws/build/base_pkg/build install --record /home/manoj/ros/robot_ws/build/base_pkg/install.log --single-version-externally-managed install_data
[3.552s] Level 1:colcon.colcon_core.environment:checking '/home/manoj/ros/robot_ws/install/base_pkg' for CMake config files
[3.552s] Level 1:colcon.colcon_core.environment:checking '/home/manoj/ros/robot_ws/install/base_pkg/lib'
[3.553s] Level 1:colcon.colcon_core.environment:checking '/home/manoj/ros/robot_ws/install/base_pkg/bin'
[3.553s] Level 1:colcon.colcon_core.environment:checking '/home/manoj/ros/robot_ws/install/base_pkg/lib/pkgconfig/base_pkg.pc'
[3.553s] Level 1:colcon.colcon_core.environment:checking '/home/manoj/ros/robot_ws/install/base_pkg/lib/python3.10/site-packages'
[3.553s] Level 1:colcon.colcon_core.shell:create_environment_hook('base_pkg', 'pythonpath')
[3.554s] INFO:colcon.colcon_core.shell:Creating environment hook '/home/manoj/ros/robot_ws/install/base_pkg/share/base_pkg/hook/pythonpath.ps1'
[3.554s] INFO:colcon.colcon_core.shell:Creating environment descriptor '/home/manoj/ros/robot_ws/install/base_pkg/share/base_pkg/hook/pythonpath.dsv'
[3.555s] INFO:colcon.colcon_core.shell:Creating environment hook '/home/manoj/ros/robot_ws/install/base_pkg/share/base_pkg/hook/pythonpath.sh'
[3.556s] Level 1:colcon.colcon_core.environment:checking '/home/manoj/ros/robot_ws/install/base_pkg/bin'
[3.556s] Level 1:colcon.colcon_core.environment:create_environment_scripts_only(base_pkg)
[3.557s] INFO:colcon.colcon_core.shell:Creating package script '/home/manoj/ros/robot_ws/install/base_pkg/share/base_pkg/package.ps1'
[3.560s] INFO:colcon.colcon_core.shell:Creating package descriptor '/home/manoj/ros/robot_ws/install/base_pkg/share/base_pkg/package.dsv'
[3.561s] INFO:colcon.colcon_core.shell:Creating package script '/home/manoj/ros/robot_ws/install/base_pkg/share/base_pkg/package.sh'
[3.562s] INFO:colcon.colcon_core.shell:Creating package script '/home/manoj/ros/robot_ws/install/base_pkg/share/base_pkg/package.bash'
[3.563s] INFO:colcon.colcon_core.shell:Creating package script '/home/manoj/ros/robot_ws/install/base_pkg/share/base_pkg/package.zsh'
[3.564s] Level 1:colcon.colcon_core.environment:create_file_with_runtime_dependencies(/home/manoj/ros/robot_ws/install/base_pkg/share/colcon-core/packages/base_pkg)
[3.565s] DEBUG:colcon.colcon_parallel_executor.executor.parallel:closing loop
[3.565s] DEBUG:colcon.colcon_parallel_executor.executor.parallel:loop closed
[3.566s] DEBUG:colcon.colcon_parallel_executor.executor.parallel:run_until_complete finished with '0'
[3.566s] DEBUG:colcon.colcon_core.event_reactor:joining thread
[3.574s] INFO:colcon.colcon_core.plugin_system:Skipping extension 'colcon_notification.desktop_notification.terminal_notifier': Not used on non-Darwin systems
[3.574s] INFO:colcon.colcon_core.plugin_system:Skipping extension 'colcon_notification.desktop_notification.win32': Not used on non-Windows systems
[3.574s] INFO:colcon.colcon_notification.desktop_notification:Sending desktop notification using 'notify2'
[3.601s] DEBUG:colcon.colcon_core.event_reactor:joined thread
[3.601s] INFO:colcon.colcon_core.shell:Creating prefix script '/home/manoj/ros/robot_ws/install/local_setup.ps1'
[3.602s] INFO:colcon.colcon_core.shell:Creating prefix util module '/home/manoj/ros/robot_ws/install/_local_setup_util_ps1.py'
[3.604s] INFO:colcon.colcon_core.shell:Creating prefix chain script '/home/manoj/ros/robot_ws/install/setup.ps1'
[3.606s] INFO:colcon.colcon_core.shell:Creating prefix script '/home/manoj/ros/robot_ws/install/local_setup.sh'
[3.607s] INFO:colcon.colcon_core.shell:Creating prefix util module '/home/manoj/ros/robot_ws/install/_local_setup_util_sh.py'
[3.610s] INFO:colcon.colcon_core.shell:Creating prefix chain script '/home/manoj/ros/robot_ws/install/setup.sh'
[3.613s] INFO:colcon.colcon_core.shell:Creating prefix script '/home/manoj/ros/robot_ws/install/local_setup.bash'
[3.614s] INFO:colcon.colcon_core.shell:Creating prefix chain script '/home/manoj/ros/robot_ws/install/setup.bash'
[3.617s] INFO:colcon.colcon_core.shell:Creating prefix script '/home/manoj/ros/robot_ws/install/local_setup.zsh'
[3.618s] INFO:colcon.colcon_core.shell:Creating prefix chain script '/home/manoj/ros/robot_ws/install/setup.zsh'
