[  2%] [34m[1mGenerating C code for ROS interfaces[0m
[  5%] [34m[1mGenerating C++ code for ROS interfaces[0m
[  5%] Built target nav2_sms_behavior__cpp
[  8%] [32mBuilding C object CMakeFiles/nav2_sms_behavior__rosidl_generator_c.dir/rosidl_generator_c/nav2_sms_behavior/action/detail/send_sms__functions.c.o[0m
[ 11%] [32m[1mLinking C shared library libnav2_sms_behavior__rosidl_generator_c.so[0m
[ 11%] Built target nav2_sms_behavior__rosidl_generator_c
[ 14%] [34m[1mGenerating C++ introspection for ROS interfaces[0m
[ 17%] [32mBuilding CXX object CMakeFiles/nav2_sms_behavior__rosidl_typesupport_introspection_cpp.dir/rosidl_typesupport_introspection_cpp/nav2_sms_behavior/action/detail/send_sms__type_support.cpp.o[0m
[ 20%] [32m[1mLinking CXX shared library libnav2_sms_behavior__rosidl_typesupport_introspection_cpp.so[0m
[ 20%] Built target nav2_sms_behavior__rosidl_typesupport_introspection_cpp
[ 23%] [34m[1mGenerating C type support dispatch for ROS interfaces[0m
[ 26%] [32mBuilding CXX object CMakeFiles/nav2_sms_behavior__rosidl_typesupport_c.dir/rosidl_typesupport_c/nav2_sms_behavior/action/send_sms__type_support.cpp.o[0m
[ 29%] [32m[1mLinking CXX shared library libnav2_sms_behavior__rosidl_typesupport_c.so[0m
[ 29%] Built target nav2_sms_behavior__rosidl_typesupport_c
[ 32%] [34m[1mGenerating C introspection for ROS interfaces[0m
[ 35%] [32mBuilding C object CMakeFiles/nav2_sms_behavior__rosidl_typesupport_introspection_c.dir/rosidl_typesupport_introspection_c/nav2_sms_behavior/action/detail/send_sms__type_support.c.o[0m
[ 38%] [32m[1mLinking C shared library libnav2_sms_behavior__rosidl_typesupport_introspection_c.so[0m
[ 38%] Built target nav2_sms_behavior__rosidl_typesupport_introspection_c
[ 41%] [34m[1mGenerating C type support for eProsima Fast-RTPS[0m
[ 44%] [32mBuilding CXX object CMakeFiles/nav2_sms_behavior__rosidl_typesupport_fastrtps_c.dir/rosidl_typesupport_fastrtps_c/nav2_sms_behavior/action/detail/send_sms__type_support_c.cpp.o[0m
[ 47%] [32m[1mLinking CXX shared library libnav2_sms_behavior__rosidl_typesupport_fastrtps_c.so[0m
[ 47%] Built target nav2_sms_behavior__rosidl_typesupport_fastrtps_c
[ 50%] [34m[1mGenerating C++ type support for eProsima Fast-RTPS[0m
[ 52%] [32mBuilding CXX object CMakeFiles/nav2_sms_behavior__rosidl_typesupport_fastrtps_cpp.dir/rosidl_typesupport_fastrtps_cpp/nav2_sms_behavior/action/detail/dds_fastrtps/send_sms__type_support.cpp.o[0m
[ 55%] [32m[1mLinking CXX shared library libnav2_sms_behavior__rosidl_typesupport_fastrtps_cpp.so[0m
[ 55%] Built target nav2_sms_behavior__rosidl_typesupport_fastrtps_cpp
[ 58%] [34m[1mGenerating C++ type support dispatch for ROS interfaces[0m
[ 61%] [32mBuilding CXX object CMakeFiles/nav2_sms_behavior__rosidl_typesupport_cpp.dir/rosidl_typesupport_cpp/nav2_sms_behavior/action/send_sms__type_support.cpp.o[0m
[ 64%] [32m[1mLinking CXX shared library libnav2_sms_behavior__rosidl_typesupport_cpp.so[0m
[ 64%] Built target nav2_sms_behavior__rosidl_typesupport_cpp
[ 64%] Built target ament_cmake_python_copy_nav2_sms_behavior
[ 67%] [32mBuilding CXX object CMakeFiles/nav2_sms_behavior_plugin.dir/src/send_sms.cpp.o[0m
