[0.172s] DEBUG:colcon:Command line arguments: ['/usr/bin/colcon', 'list', '-p', '--base-paths', '/home/manoj/ros/robot_ws']
[0.172s] DEBUG:colcon:Parsed command line arguments: Namespace(log_base=None, log_level=None, verb_name='list', build_base='build', ignore_user_meta=False, metas=['./colcon.meta'], base_paths=['/home/manoj/ros/robot_ws'], packages_ignore=None, packages_ignore_regex=None, paths=None, packages_up_to=None, packages_up_to_regex=None, packages_above=None, packages_above_and_dependencies=None, packages_above_depth=None, packages_select_by_dep=None, packages_skip_by_dep=None, packages_skip_up_to=None, packages_select_build_failed=False, packages_skip_build_finished=False, packages_select_test_failures=False, packages_skip_test_passed=False, packages_select=None, packages_skip=None, packages_select_regex=None, packages_skip_regex=None, packages_start=None, packages_end=None, allow_overriding=[], topological_order=False, names_only=False, paths_only=True, topological_graph=False, topological_graph_dot=False, topological_graph_density=False, topological_graph_legend=False, topological_graph_dot_cluster=False, topological_graph_dot_include_skipped=False, verb_parser=<colcon_defaults.argument_parser.defaults.DefaultArgumentsDecorator object at 0x7f7ea1566e60>, verb_extension=<colcon_package_information.verb.list.ListVerb object at 0x7f7ea1566080>, main=<bound method ListVerb.main of <colcon_package_information.verb.list.ListVerb object at 0x7f7ea1566080>>)
[0.563s] Level 1:colcon.colcon_core.package_discovery:discover_packages(colcon_meta) check parameters
[0.564s] Level 1:colcon.colcon_core.package_discovery:discover_packages(recursive) check parameters
[0.564s] Level 1:colcon.colcon_core.package_discovery:discover_packages(ignore) check parameters
[0.564s] Level 1:colcon.colcon_core.package_discovery:discover_packages(path) check parameters
[0.564s] Level 1:colcon.colcon_core.package_discovery:discover_packages(recursive) discover
[0.564s] INFO:colcon.colcon_core.package_discovery:Crawling recursively for packages in '/home/manoj/ros/robot_ws'
[0.564s] Level 1:colcon.colcon_core.package_identification:_identify(/home/manoj/ros/robot_ws) by extensions ['ignore', 'ignore_ament_install']
[0.564s] Level 1:colcon.colcon_core.package_identification:_identify(/home/manoj/ros/robot_ws) by extension 'ignore'
[0.564s] Level 1:colcon.colcon_core.package_identification:_identify(/home/manoj/ros/robot_ws) by extension 'ignore_ament_install'
[0.565s] Level 1:colcon.colcon_core.package_identification:_identify(/home/manoj/ros/robot_ws) by extensions ['colcon_pkg']
[0.565s] Level 1:colcon.colcon_core.package_identification:_identify(/home/manoj/ros/robot_ws) by extension 'colcon_pkg'
[0.565s] Level 1:colcon.colcon_core.package_identification:_identify(/home/manoj/ros/robot_ws) by extensions ['colcon_meta']
[0.565s] Level 1:colcon.colcon_core.package_identification:_identify(/home/manoj/ros/robot_ws) by extension 'colcon_meta'
[0.565s] Level 1:colcon.colcon_core.package_identification:_identify(/home/manoj/ros/robot_ws) by extensions ['ros']
[0.565s] Level 1:colcon.colcon_core.package_identification:_identify(/home/manoj/ros/robot_ws) by extension 'ros'
[0.587s] Level 1:colcon.colcon_core.package_identification:_identify(/home/manoj/ros/robot_ws) by extensions ['cmake', 'python']
[0.587s] Level 1:colcon.colcon_core.package_identification:_identify(/home/manoj/ros/robot_ws) by extension 'cmake'
[0.587s] Level 1:colcon.colcon_core.package_identification:_identify(/home/manoj/ros/robot_ws) by extension 'python'
[0.587s] Level 1:colcon.colcon_core.package_identification:_identify(/home/manoj/ros/robot_ws) by extensions ['python_setup_py']
[0.587s] Level 1:colcon.colcon_core.package_identification:_identify(/home/manoj/ros/robot_ws) by extension 'python_setup_py'
[0.588s] Level 1:colcon.colcon_core.package_identification:_identify(/home/manoj/ros/robot_ws/build) by extensions ['ignore', 'ignore_ament_install']
[0.588s] Level 1:colcon.colcon_core.package_identification:_identify(/home/manoj/ros/robot_ws/build) by extension 'ignore'
[0.588s] Level 1:colcon.colcon_core.package_identification:_identify(/home/manoj/ros/robot_ws/build) ignored
[0.588s] Level 1:colcon.colcon_core.package_identification:_identify(/home/manoj/ros/robot_ws/install) by extensions ['ignore', 'ignore_ament_install']
[0.588s] Level 1:colcon.colcon_core.package_identification:_identify(/home/manoj/ros/robot_ws/install) by extension 'ignore'
[0.589s] Level 1:colcon.colcon_core.package_identification:_identify(/home/manoj/ros/robot_ws/install) ignored
[0.589s] Level 1:colcon.colcon_core.package_identification:_identify(/home/manoj/ros/robot_ws/log) by extensions ['ignore', 'ignore_ament_install']
[0.589s] Level 1:colcon.colcon_core.package_identification:_identify(/home/manoj/ros/robot_ws/log) by extension 'ignore'
[0.589s] Level 1:colcon.colcon_core.package_identification:_identify(/home/manoj/ros/robot_ws/log) ignored
[0.589s] Level 1:colcon.colcon_core.package_identification:_identify(/home/manoj/ros/robot_ws/src) by extensions ['ignore', 'ignore_ament_install']
[0.589s] Level 1:colcon.colcon_core.package_identification:_identify(/home/manoj/ros/robot_ws/src) by extension 'ignore'
[0.590s] Level 1:colcon.colcon_core.package_identification:_identify(/home/manoj/ros/robot_ws/src) by extension 'ignore_ament_install'
[0.590s] Level 1:colcon.colcon_core.package_identification:_identify(/home/manoj/ros/robot_ws/src) by extensions ['colcon_pkg']
[0.590s] Level 1:colcon.colcon_core.package_identification:_identify(/home/manoj/ros/robot_ws/src) by extension 'colcon_pkg'
[0.590s] Level 1:colcon.colcon_core.package_identification:_identify(/home/manoj/ros/robot_ws/src) by extensions ['colcon_meta']
[0.590s] Level 1:colcon.colcon_core.package_identification:_identify(/home/manoj/ros/robot_ws/src) by extension 'colcon_meta'
[0.590s] Level 1:colcon.colcon_core.package_identification:_identify(/home/manoj/ros/robot_ws/src) by extensions ['ros']
[0.590s] Level 1:colcon.colcon_core.package_identification:_identify(/home/manoj/ros/robot_ws/src) by extension 'ros'
[0.590s] Level 1:colcon.colcon_core.package_identification:_identify(/home/manoj/ros/robot_ws/src) by extensions ['cmake', 'python']
[0.590s] Level 1:colcon.colcon_core.package_identification:_identify(/home/manoj/ros/robot_ws/src) by extension 'cmake'
[0.590s] Level 1:colcon.colcon_core.package_identification:_identify(/home/manoj/ros/robot_ws/src) by extension 'python'
[0.590s] Level 1:colcon.colcon_core.package_identification:_identify(/home/manoj/ros/robot_ws/src) by extensions ['python_setup_py']
[0.590s] Level 1:colcon.colcon_core.package_identification:_identify(/home/manoj/ros/robot_ws/src) by extension 'python_setup_py'
[0.591s] Level 1:colcon.colcon_core.package_identification:_identify(/home/manoj/ros/robot_ws/src/base_pkg) by extensions ['ignore', 'ignore_ament_install']
[0.591s] Level 1:colcon.colcon_core.package_identification:_identify(/home/manoj/ros/robot_ws/src/base_pkg) by extension 'ignore'
[0.591s] Level 1:colcon.colcon_core.package_identification:_identify(/home/manoj/ros/robot_ws/src/base_pkg) by extension 'ignore_ament_install'
[0.591s] Level 1:colcon.colcon_core.package_identification:_identify(/home/manoj/ros/robot_ws/src/base_pkg) by extensions ['colcon_pkg']
[0.591s] Level 1:colcon.colcon_core.package_identification:_identify(/home/manoj/ros/robot_ws/src/base_pkg) by extension 'colcon_pkg'
[0.591s] Level 1:colcon.colcon_core.package_identification:_identify(/home/manoj/ros/robot_ws/src/base_pkg) by extensions ['colcon_meta']
[0.591s] Level 1:colcon.colcon_core.package_identification:_identify(/home/manoj/ros/robot_ws/src/base_pkg) by extension 'colcon_meta'
[0.591s] Level 1:colcon.colcon_core.package_identification:_identify(/home/manoj/ros/robot_ws/src/base_pkg) by extensions ['ros']
[0.592s] Level 1:colcon.colcon_core.package_identification:_identify(/home/manoj/ros/robot_ws/src/base_pkg) by extension 'ros'
[0.596s] DEBUG:colcon.colcon_core.package_identification:Package '/home/manoj/ros/robot_ws/src/base_pkg' with type 'ros.ament_python' and name 'base_pkg'
[0.597s] Level 1:colcon.colcon_core.package_identification:_identify(/home/manoj/ros/robot_ws/src/livox_laser_simulation_ros2) by extensions ['ignore', 'ignore_ament_install']
[0.597s] Level 1:colcon.colcon_core.package_identification:_identify(/home/manoj/ros/robot_ws/src/livox_laser_simulation_ros2) by extension 'ignore'
[0.597s] Level 1:colcon.colcon_core.package_identification:_identify(/home/manoj/ros/robot_ws/src/livox_laser_simulation_ros2) by extension 'ignore_ament_install'
[0.597s] Level 1:colcon.colcon_core.package_identification:_identify(/home/manoj/ros/robot_ws/src/livox_laser_simulation_ros2) by extensions ['colcon_pkg']
[0.597s] Level 1:colcon.colcon_core.package_identification:_identify(/home/manoj/ros/robot_ws/src/livox_laser_simulation_ros2) by extension 'colcon_pkg'
[0.597s] Level 1:colcon.colcon_core.package_identification:_identify(/home/manoj/ros/robot_ws/src/livox_laser_simulation_ros2) by extensions ['colcon_meta']
[0.597s] Level 1:colcon.colcon_core.package_identification:_identify(/home/manoj/ros/robot_ws/src/livox_laser_simulation_ros2) by extension 'colcon_meta'
[0.598s] Level 1:colcon.colcon_core.package_identification:_identify(/home/manoj/ros/robot_ws/src/livox_laser_simulation_ros2) by extensions ['ros']
[0.598s] Level 1:colcon.colcon_core.package_identification:_identify(/home/manoj/ros/robot_ws/src/livox_laser_simulation_ros2) by extension 'ros'
[0.601s] DEBUG:colcon.colcon_core.package_identification:Package '/home/manoj/ros/robot_ws/src/livox_laser_simulation_ros2' with type 'ros.ament_cmake' and name 'ros2_livox_simulation'
[0.601s] Level 1:colcon.colcon_core.package_identification:_identify(/home/manoj/ros/robot_ws/src/livox_to_pointcloud2) by extensions ['ignore', 'ignore_ament_install']
[0.601s] Level 1:colcon.colcon_core.package_identification:_identify(/home/manoj/ros/robot_ws/src/livox_to_pointcloud2) by extension 'ignore'
[0.601s] Level 1:colcon.colcon_core.package_identification:_identify(/home/manoj/ros/robot_ws/src/livox_to_pointcloud2) by extension 'ignore_ament_install'
[0.601s] Level 1:colcon.colcon_core.package_identification:_identify(/home/manoj/ros/robot_ws/src/livox_to_pointcloud2) by extensions ['colcon_pkg']
[0.601s] Level 1:colcon.colcon_core.package_identification:_identify(/home/manoj/ros/robot_ws/src/livox_to_pointcloud2) by extension 'colcon_pkg'
[0.601s] Level 1:colcon.colcon_core.package_identification:_identify(/home/manoj/ros/robot_ws/src/livox_to_pointcloud2) by extensions ['colcon_meta']
[0.601s] Level 1:colcon.colcon_core.package_identification:_identify(/home/manoj/ros/robot_ws/src/livox_to_pointcloud2) by extension 'colcon_meta'
[0.602s] Level 1:colcon.colcon_core.package_identification:_identify(/home/manoj/ros/robot_ws/src/livox_to_pointcloud2) by extensions ['ros']
[0.602s] Level 1:colcon.colcon_core.package_identification:_identify(/home/manoj/ros/robot_ws/src/livox_to_pointcloud2) by extension 'ros'
[0.604s] DEBUG:colcon.colcon_core.package_identification:Package '/home/manoj/ros/robot_ws/src/livox_to_pointcloud2' with type 'ros.ament_cmake' and name 'livox_to_pointcloud2'
[0.604s] Level 1:colcon.colcon_core.package_identification:_identify(/home/manoj/ros/robot_ws/src/myrobot_description) by extensions ['ignore', 'ignore_ament_install']
[0.604s] Level 1:colcon.colcon_core.package_identification:_identify(/home/manoj/ros/robot_ws/src/myrobot_description) by extension 'ignore'
[0.604s] Level 1:colcon.colcon_core.package_identification:_identify(/home/manoj/ros/robot_ws/src/myrobot_description) by extension 'ignore_ament_install'
[0.604s] Level 1:colcon.colcon_core.package_identification:_identify(/home/manoj/ros/robot_ws/src/myrobot_description) by extensions ['colcon_pkg']
[0.604s] Level 1:colcon.colcon_core.package_identification:_identify(/home/manoj/ros/robot_ws/src/myrobot_description) by extension 'colcon_pkg'
[0.604s] Level 1:colcon.colcon_core.package_identification:_identify(/home/manoj/ros/robot_ws/src/myrobot_description) by extensions ['colcon_meta']
[0.604s] Level 1:colcon.colcon_core.package_identification:_identify(/home/manoj/ros/robot_ws/src/myrobot_description) by extension 'colcon_meta'
[0.605s] Level 1:colcon.colcon_core.package_identification:_identify(/home/manoj/ros/robot_ws/src/myrobot_description) by extensions ['ros']
[0.605s] Level 1:colcon.colcon_core.package_identification:_identify(/home/manoj/ros/robot_ws/src/myrobot_description) by extension 'ros'
[0.606s] DEBUG:colcon.colcon_core.package_identification:Package '/home/manoj/ros/robot_ws/src/myrobot_description' with type 'ros.ament_cmake' and name 'myrobot_description'
[0.607s] Level 1:colcon.colcon_core.package_identification:_identify(/home/manoj/ros/robot_ws/src/navigation2_tutorials) by extensions ['ignore', 'ignore_ament_install']
[0.607s] Level 1:colcon.colcon_core.package_identification:_identify(/home/manoj/ros/robot_ws/src/navigation2_tutorials) by extension 'ignore'
[0.607s] Level 1:colcon.colcon_core.package_identification:_identify(/home/manoj/ros/robot_ws/src/navigation2_tutorials) by extension 'ignore_ament_install'
[0.607s] Level 1:colcon.colcon_core.package_identification:_identify(/home/manoj/ros/robot_ws/src/navigation2_tutorials) by extensions ['colcon_pkg']
[0.607s] Level 1:colcon.colcon_core.package_identification:_identify(/home/manoj/ros/robot_ws/src/navigation2_tutorials) by extension 'colcon_pkg'
[0.607s] Level 1:colcon.colcon_core.package_identification:_identify(/home/manoj/ros/robot_ws/src/navigation2_tutorials) by extensions ['colcon_meta']
[0.607s] Level 1:colcon.colcon_core.package_identification:_identify(/home/manoj/ros/robot_ws/src/navigation2_tutorials) by extension 'colcon_meta'
[0.607s] Level 1:colcon.colcon_core.package_identification:_identify(/home/manoj/ros/robot_ws/src/navigation2_tutorials) by extensions ['ros']
[0.607s] Level 1:colcon.colcon_core.package_identification:_identify(/home/manoj/ros/robot_ws/src/navigation2_tutorials) by extension 'ros'
[0.608s] Level 1:colcon.colcon_core.package_identification:_identify(/home/manoj/ros/robot_ws/src/navigation2_tutorials) by extensions ['cmake', 'python']
[0.608s] Level 1:colcon.colcon_core.package_identification:_identify(/home/manoj/ros/robot_ws/src/navigation2_tutorials) by extension 'cmake'
[0.608s] Level 1:colcon.colcon_core.package_identification:_identify(/home/manoj/ros/robot_ws/src/navigation2_tutorials) by extension 'python'
[0.608s] Level 1:colcon.colcon_core.package_identification:_identify(/home/manoj/ros/robot_ws/src/navigation2_tutorials) by extensions ['python_setup_py']
[0.608s] Level 1:colcon.colcon_core.package_identification:_identify(/home/manoj/ros/robot_ws/src/navigation2_tutorials) by extension 'python_setup_py'
[0.608s] Level 1:colcon.colcon_core.package_identification:_identify(/home/manoj/ros/robot_ws/src/navigation2_tutorials/nav2_costmap_filters_demo) by extensions ['ignore', 'ignore_ament_install']
[0.608s] Level 1:colcon.colcon_core.package_identification:_identify(/home/manoj/ros/robot_ws/src/navigation2_tutorials/nav2_costmap_filters_demo) by extension 'ignore'
[0.608s] Level 1:colcon.colcon_core.package_identification:_identify(/home/manoj/ros/robot_ws/src/navigation2_tutorials/nav2_costmap_filters_demo) by extension 'ignore_ament_install'
[0.608s] Level 1:colcon.colcon_core.package_identification:_identify(/home/manoj/ros/robot_ws/src/navigation2_tutorials/nav2_costmap_filters_demo) by extensions ['colcon_pkg']
[0.608s] Level 1:colcon.colcon_core.package_identification:_identify(/home/manoj/ros/robot_ws/src/navigation2_tutorials/nav2_costmap_filters_demo) by extension 'colcon_pkg'
[0.609s] Level 1:colcon.colcon_core.package_identification:_identify(/home/manoj/ros/robot_ws/src/navigation2_tutorials/nav2_costmap_filters_demo) by extensions ['colcon_meta']
[0.609s] Level 1:colcon.colcon_core.package_identification:_identify(/home/manoj/ros/robot_ws/src/navigation2_tutorials/nav2_costmap_filters_demo) by extension 'colcon_meta'
[0.609s] Level 1:colcon.colcon_core.package_identification:_identify(/home/manoj/ros/robot_ws/src/navigation2_tutorials/nav2_costmap_filters_demo) by extensions ['ros']
[0.609s] Level 1:colcon.colcon_core.package_identification:_identify(/home/manoj/ros/robot_ws/src/navigation2_tutorials/nav2_costmap_filters_demo) by extension 'ros'
[0.610s] DEBUG:colcon.colcon_core.package_identification:Package '/home/manoj/ros/robot_ws/src/navigation2_tutorials/nav2_costmap_filters_demo' with type 'ros.ament_cmake' and name 'nav2_costmap_filters_demo'
[0.610s] Level 1:colcon.colcon_core.package_identification:_identify(/home/manoj/ros/robot_ws/src/navigation2_tutorials/nav2_gps_waypoint_follower_demo) by extensions ['ignore', 'ignore_ament_install']
[0.610s] Level 1:colcon.colcon_core.package_identification:_identify(/home/manoj/ros/robot_ws/src/navigation2_tutorials/nav2_gps_waypoint_follower_demo) by extension 'ignore'
[0.610s] Level 1:colcon.colcon_core.package_identification:_identify(/home/manoj/ros/robot_ws/src/navigation2_tutorials/nav2_gps_waypoint_follower_demo) by extension 'ignore_ament_install'
[0.611s] Level 1:colcon.colcon_core.package_identification:_identify(/home/manoj/ros/robot_ws/src/navigation2_tutorials/nav2_gps_waypoint_follower_demo) by extensions ['colcon_pkg']
[0.611s] Level 1:colcon.colcon_core.package_identification:_identify(/home/manoj/ros/robot_ws/src/navigation2_tutorials/nav2_gps_waypoint_follower_demo) by extension 'colcon_pkg'
[0.611s] Level 1:colcon.colcon_core.package_identification:_identify(/home/manoj/ros/robot_ws/src/navigation2_tutorials/nav2_gps_waypoint_follower_demo) by extensions ['colcon_meta']
[0.611s] Level 1:colcon.colcon_core.package_identification:_identify(/home/manoj/ros/robot_ws/src/navigation2_tutorials/nav2_gps_waypoint_follower_demo) by extension 'colcon_meta'
[0.611s] Level 1:colcon.colcon_core.package_identification:_identify(/home/manoj/ros/robot_ws/src/navigation2_tutorials/nav2_gps_waypoint_follower_demo) by extensions ['ros']
[0.611s] Level 1:colcon.colcon_core.package_identification:_identify(/home/manoj/ros/robot_ws/src/navigation2_tutorials/nav2_gps_waypoint_follower_demo) by extension 'ros'
[0.613s] DEBUG:colcon.colcon_core.package_identification:Package '/home/manoj/ros/robot_ws/src/navigation2_tutorials/nav2_gps_waypoint_follower_demo' with type 'ros.ament_python' and name 'nav2_gps_waypoint_follower_demo'
[0.613s] Level 1:colcon.colcon_core.package_identification:_identify(/home/manoj/ros/robot_ws/src/navigation2_tutorials/nav2_gradient_costmap_plugin) by extensions ['ignore', 'ignore_ament_install']
[0.613s] Level 1:colcon.colcon_core.package_identification:_identify(/home/manoj/ros/robot_ws/src/navigation2_tutorials/nav2_gradient_costmap_plugin) by extension 'ignore'
[0.613s] Level 1:colcon.colcon_core.package_identification:_identify(/home/manoj/ros/robot_ws/src/navigation2_tutorials/nav2_gradient_costmap_plugin) by extension 'ignore_ament_install'
[0.614s] Level 1:colcon.colcon_core.package_identification:_identify(/home/manoj/ros/robot_ws/src/navigation2_tutorials/nav2_gradient_costmap_plugin) by extensions ['colcon_pkg']
[0.614s] Level 1:colcon.colcon_core.package_identification:_identify(/home/manoj/ros/robot_ws/src/navigation2_tutorials/nav2_gradient_costmap_plugin) by extension 'colcon_pkg'
[0.614s] Level 1:colcon.colcon_core.package_identification:_identify(/home/manoj/ros/robot_ws/src/navigation2_tutorials/nav2_gradient_costmap_plugin) by extensions ['colcon_meta']
[0.614s] Level 1:colcon.colcon_core.package_identification:_identify(/home/manoj/ros/robot_ws/src/navigation2_tutorials/nav2_gradient_costmap_plugin) by extension 'colcon_meta'
[0.614s] Level 1:colcon.colcon_core.package_identification:_identify(/home/manoj/ros/robot_ws/src/navigation2_tutorials/nav2_gradient_costmap_plugin) by extensions ['ros']
[0.614s] Level 1:colcon.colcon_core.package_identification:_identify(/home/manoj/ros/robot_ws/src/navigation2_tutorials/nav2_gradient_costmap_plugin) by extension 'ros'
[0.616s] DEBUG:colcon.colcon_core.package_identification:Package '/home/manoj/ros/robot_ws/src/navigation2_tutorials/nav2_gradient_costmap_plugin' with type 'ros.ament_cmake' and name 'nav2_gradient_costmap_plugin'
[0.616s] Level 1:colcon.colcon_core.package_identification:_identify(/home/manoj/ros/robot_ws/src/navigation2_tutorials/nav2_pure_pursuit_controller) by extensions ['ignore', 'ignore_ament_install']
[0.616s] Level 1:colcon.colcon_core.package_identification:_identify(/home/manoj/ros/robot_ws/src/navigation2_tutorials/nav2_pure_pursuit_controller) by extension 'ignore'
[0.616s] Level 1:colcon.colcon_core.package_identification:_identify(/home/manoj/ros/robot_ws/src/navigation2_tutorials/nav2_pure_pursuit_controller) by extension 'ignore_ament_install'
[0.616s] Level 1:colcon.colcon_core.package_identification:_identify(/home/manoj/ros/robot_ws/src/navigation2_tutorials/nav2_pure_pursuit_controller) by extensions ['colcon_pkg']
[0.617s] Level 1:colcon.colcon_core.package_identification:_identify(/home/manoj/ros/robot_ws/src/navigation2_tutorials/nav2_pure_pursuit_controller) by extension 'colcon_pkg'
[0.617s] Level 1:colcon.colcon_core.package_identification:_identify(/home/manoj/ros/robot_ws/src/navigation2_tutorials/nav2_pure_pursuit_controller) by extensions ['colcon_meta']
[0.617s] Level 1:colcon.colcon_core.package_identification:_identify(/home/manoj/ros/robot_ws/src/navigation2_tutorials/nav2_pure_pursuit_controller) by extension 'colcon_meta'
[0.617s] Level 1:colcon.colcon_core.package_identification:_identify(/home/manoj/ros/robot_ws/src/navigation2_tutorials/nav2_pure_pursuit_controller) by extensions ['ros']
[0.617s] Level 1:colcon.colcon_core.package_identification:_identify(/home/manoj/ros/robot_ws/src/navigation2_tutorials/nav2_pure_pursuit_controller) by extension 'ros'
[0.619s] DEBUG:colcon.colcon_core.package_identification:Package '/home/manoj/ros/robot_ws/src/navigation2_tutorials/nav2_pure_pursuit_controller' with type 'ros.ament_cmake' and name 'nav2_pure_pursuit_controller'
[0.620s] Level 1:colcon.colcon_core.package_identification:_identify(/home/manoj/ros/robot_ws/src/navigation2_tutorials/nav2_sms_behavior) by extensions ['ignore', 'ignore_ament_install']
[0.620s] Level 1:colcon.colcon_core.package_identification:_identify(/home/manoj/ros/robot_ws/src/navigation2_tutorials/nav2_sms_behavior) by extension 'ignore'
[0.620s] Level 1:colcon.colcon_core.package_identification:_identify(/home/manoj/ros/robot_ws/src/navigation2_tutorials/nav2_sms_behavior) by extension 'ignore_ament_install'
[0.620s] Level 1:colcon.colcon_core.package_identification:_identify(/home/manoj/ros/robot_ws/src/navigation2_tutorials/nav2_sms_behavior) by extensions ['colcon_pkg']
[0.620s] Level 1:colcon.colcon_core.package_identification:_identify(/home/manoj/ros/robot_ws/src/navigation2_tutorials/nav2_sms_behavior) by extension 'colcon_pkg'
[0.620s] Level 1:colcon.colcon_core.package_identification:_identify(/home/manoj/ros/robot_ws/src/navigation2_tutorials/nav2_sms_behavior) by extensions ['colcon_meta']
[0.620s] Level 1:colcon.colcon_core.package_identification:_identify(/home/manoj/ros/robot_ws/src/navigation2_tutorials/nav2_sms_behavior) by extension 'colcon_meta'
[0.620s] Level 1:colcon.colcon_core.package_identification:_identify(/home/manoj/ros/robot_ws/src/navigation2_tutorials/nav2_sms_behavior) by extensions ['ros']
[0.620s] Level 1:colcon.colcon_core.package_identification:_identify(/home/manoj/ros/robot_ws/src/navigation2_tutorials/nav2_sms_behavior) by extension 'ros'
[0.627s] DEBUG:colcon.colcon_core.package_identification:Package '/home/manoj/ros/robot_ws/src/navigation2_tutorials/nav2_sms_behavior' with type 'ros.ament_cmake' and name 'nav2_sms_behavior'
[0.627s] Level 1:colcon.colcon_core.package_identification:_identify(/home/manoj/ros/robot_ws/src/navigation2_tutorials/nav2_straightline_planner) by extensions ['ignore', 'ignore_ament_install']
[0.627s] Level 1:colcon.colcon_core.package_identification:_identify(/home/manoj/ros/robot_ws/src/navigation2_tutorials/nav2_straightline_planner) by extension 'ignore'
[0.627s] Level 1:colcon.colcon_core.package_identification:_identify(/home/manoj/ros/robot_ws/src/navigation2_tutorials/nav2_straightline_planner) by extension 'ignore_ament_install'
[0.627s] Level 1:colcon.colcon_core.package_identification:_identify(/home/manoj/ros/robot_ws/src/navigation2_tutorials/nav2_straightline_planner) by extensions ['colcon_pkg']
[0.627s] Level 1:colcon.colcon_core.package_identification:_identify(/home/manoj/ros/robot_ws/src/navigation2_tutorials/nav2_straightline_planner) by extension 'colcon_pkg'
[0.628s] Level 1:colcon.colcon_core.package_identification:_identify(/home/manoj/ros/robot_ws/src/navigation2_tutorials/nav2_straightline_planner) by extensions ['colcon_meta']
[0.628s] Level 1:colcon.colcon_core.package_identification:_identify(/home/manoj/ros/robot_ws/src/navigation2_tutorials/nav2_straightline_planner) by extension 'colcon_meta'
[0.628s] Level 1:colcon.colcon_core.package_identification:_identify(/home/manoj/ros/robot_ws/src/navigation2_tutorials/nav2_straightline_planner) by extensions ['ros']
[0.628s] Level 1:colcon.colcon_core.package_identification:_identify(/home/manoj/ros/robot_ws/src/navigation2_tutorials/nav2_straightline_planner) by extension 'ros'
[0.631s] DEBUG:colcon.colcon_core.package_identification:Package '/home/manoj/ros/robot_ws/src/navigation2_tutorials/nav2_straightline_planner' with type 'ros.ament_cmake' and name 'nav2_straightline_planner'
[0.631s] Level 1:colcon.colcon_core.package_identification:_identify(/home/manoj/ros/robot_ws/src/navigation2_tutorials/sam_bot_description) by extensions ['ignore', 'ignore_ament_install']
[0.632s] Level 1:colcon.colcon_core.package_identification:_identify(/home/manoj/ros/robot_ws/src/navigation2_tutorials/sam_bot_description) by extension 'ignore'
[0.632s] Level 1:colcon.colcon_core.package_identification:_identify(/home/manoj/ros/robot_ws/src/navigation2_tutorials/sam_bot_description) by extension 'ignore_ament_install'
[0.632s] Level 1:colcon.colcon_core.package_identification:_identify(/home/manoj/ros/robot_ws/src/navigation2_tutorials/sam_bot_description) by extensions ['colcon_pkg']
[0.632s] Level 1:colcon.colcon_core.package_identification:_identify(/home/manoj/ros/robot_ws/src/navigation2_tutorials/sam_bot_description) by extension 'colcon_pkg'
[0.632s] Level 1:colcon.colcon_core.package_identification:_identify(/home/manoj/ros/robot_ws/src/navigation2_tutorials/sam_bot_description) by extensions ['colcon_meta']
[0.632s] Level 1:colcon.colcon_core.package_identification:_identify(/home/manoj/ros/robot_ws/src/navigation2_tutorials/sam_bot_description) by extension 'colcon_meta'
[0.632s] Level 1:colcon.colcon_core.package_identification:_identify(/home/manoj/ros/robot_ws/src/navigation2_tutorials/sam_bot_description) by extensions ['ros']
[0.632s] Level 1:colcon.colcon_core.package_identification:_identify(/home/manoj/ros/robot_ws/src/navigation2_tutorials/sam_bot_description) by extension 'ros'
[0.634s] DEBUG:colcon.colcon_core.package_identification:Package '/home/manoj/ros/robot_ws/src/navigation2_tutorials/sam_bot_description' with type 'ros.ament_cmake' and name 'sam_bot_description'
[0.634s] Level 1:colcon.colcon_core.package_identification:_identify(/home/manoj/ros/robot_ws/src/pointcloud_to_laserscan) by extensions ['ignore', 'ignore_ament_install']
[0.634s] Level 1:colcon.colcon_core.package_identification:_identify(/home/manoj/ros/robot_ws/src/pointcloud_to_laserscan) by extension 'ignore'
[0.634s] Level 1:colcon.colcon_core.package_identification:_identify(/home/manoj/ros/robot_ws/src/pointcloud_to_laserscan) by extension 'ignore_ament_install'
[0.634s] Level 1:colcon.colcon_core.package_identification:_identify(/home/manoj/ros/robot_ws/src/pointcloud_to_laserscan) by extensions ['colcon_pkg']
[0.634s] Level 1:colcon.colcon_core.package_identification:_identify(/home/manoj/ros/robot_ws/src/pointcloud_to_laserscan) by extension 'colcon_pkg'
[0.634s] Level 1:colcon.colcon_core.package_identification:_identify(/home/manoj/ros/robot_ws/src/pointcloud_to_laserscan) by extensions ['colcon_meta']
[0.634s] Level 1:colcon.colcon_core.package_identification:_identify(/home/manoj/ros/robot_ws/src/pointcloud_to_laserscan) by extension 'colcon_meta'
[0.635s] Level 1:colcon.colcon_core.package_identification:_identify(/home/manoj/ros/robot_ws/src/pointcloud_to_laserscan) by extensions ['ros']
[0.635s] Level 1:colcon.colcon_core.package_identification:_identify(/home/manoj/ros/robot_ws/src/pointcloud_to_laserscan) by extension 'ros'
[0.637s] DEBUG:colcon.colcon_core.package_identification:Package '/home/manoj/ros/robot_ws/src/pointcloud_to_laserscan' with type 'ros.ament_cmake' and name 'pointcloud_to_laserscan'
[0.638s] Level 1:colcon.colcon_core.package_identification:_identify(/home/manoj/ros/robot_ws/src/robot_bringup) by extensions ['ignore', 'ignore_ament_install']
[0.638s] Level 1:colcon.colcon_core.package_identification:_identify(/home/manoj/ros/robot_ws/src/robot_bringup) by extension 'ignore'
[0.638s] Level 1:colcon.colcon_core.package_identification:_identify(/home/manoj/ros/robot_ws/src/robot_bringup) by extension 'ignore_ament_install'
[0.638s] Level 1:colcon.colcon_core.package_identification:_identify(/home/manoj/ros/robot_ws/src/robot_bringup) by extensions ['colcon_pkg']
[0.638s] Level 1:colcon.colcon_core.package_identification:_identify(/home/manoj/ros/robot_ws/src/robot_bringup) by extension 'colcon_pkg'
[0.638s] Level 1:colcon.colcon_core.package_identification:_identify(/home/manoj/ros/robot_ws/src/robot_bringup) by extensions ['colcon_meta']
[0.638s] Level 1:colcon.colcon_core.package_identification:_identify(/home/manoj/ros/robot_ws/src/robot_bringup) by extension 'colcon_meta'
[0.638s] Level 1:colcon.colcon_core.package_identification:_identify(/home/manoj/ros/robot_ws/src/robot_bringup) by extensions ['ros']
[0.638s] Level 1:colcon.colcon_core.package_identification:_identify(/home/manoj/ros/robot_ws/src/robot_bringup) by extension 'ros'
[0.640s] DEBUG:colcon.colcon_core.package_identification:Package '/home/manoj/ros/robot_ws/src/robot_bringup' with type 'ros.ament_cmake' and name 'robot_bringup'
[0.640s] Level 1:colcon.colcon_core.package_identification:_identify(/home/manoj/ros/robot_ws/src/transform_mid360) by extensions ['ignore', 'ignore_ament_install']
[0.640s] Level 1:colcon.colcon_core.package_identification:_identify(/home/manoj/ros/robot_ws/src/transform_mid360) by extension 'ignore'
[0.640s] Level 1:colcon.colcon_core.package_identification:_identify(/home/manoj/ros/robot_ws/src/transform_mid360) by extension 'ignore_ament_install'
[0.640s] Level 1:colcon.colcon_core.package_identification:_identify(/home/manoj/ros/robot_ws/src/transform_mid360) by extensions ['colcon_pkg']
[0.640s] Level 1:colcon.colcon_core.package_identification:_identify(/home/manoj/ros/robot_ws/src/transform_mid360) by extension 'colcon_pkg'
[0.640s] Level 1:colcon.colcon_core.package_identification:_identify(/home/manoj/ros/robot_ws/src/transform_mid360) by extensions ['colcon_meta']
[0.640s] Level 1:colcon.colcon_core.package_identification:_identify(/home/manoj/ros/robot_ws/src/transform_mid360) by extension 'colcon_meta'
[0.641s] Level 1:colcon.colcon_core.package_identification:_identify(/home/manoj/ros/robot_ws/src/transform_mid360) by extensions ['ros']
[0.641s] Level 1:colcon.colcon_core.package_identification:_identify(/home/manoj/ros/robot_ws/src/transform_mid360) by extension 'ros'
[0.642s] DEBUG:colcon.colcon_core.package_identification:Package '/home/manoj/ros/robot_ws/src/transform_mid360' with type 'ros.ament_cmake' and name 'transform_mid360'
[0.642s] Level 1:colcon.colcon_core.package_discovery:discover_packages(recursive) using defaults
