[0.074s] Invoking command in '/home/manoj/ros/robot_ws/build/pointcloud_to_laserscan': CMAKE_PREFIX_PATH=/opt/ros/humble /usr/bin/cmake --build /home/manoj/ros/robot_ws/build/pointcloud_to_laserscan -- -j12 -l12
[0.988s] [ 20%] Built target dummy_pointcloud_publisher
[0.989s] [ 60%] Built target laserscan_to_pointcloud_node
[0.990s] [ 60%] Built target pointcloud_to_laserscan_node
[0.995s] [ 80%] Built target pointcloud_to_laserscan
[0.996s] [100%] Built target laserscan_to_pointcloud
[1.003s] Invoked command in '/home/manoj/ros/robot_ws/build/pointcloud_to_laserscan' returned '0': CMAKE_PREFIX_PATH=/opt/ros/humble /usr/bin/cmake --build /home/manoj/ros/robot_ws/build/pointcloud_to_laserscan -- -j12 -l12
[1.084s] Invoking command in '/home/manoj/ros/robot_ws/build/pointcloud_to_laserscan': CMAKE_PREFIX_PATH=/opt/ros/humble /usr/bin/cmake --install /home/manoj/ros/robot_ws/build/pointcloud_to_laserscan
[1.124s] -- Install configuration: ""
[1.126s] -- Up-to-date: /home/manoj/ros/robot_ws/install/pointcloud_to_laserscan/lib/pointcloud_to_laserscan/laserscan_to_pointcloud_node
[1.127s] -- Up-to-date: /home/manoj/ros/robot_ws/install/pointcloud_to_laserscan/lib/pointcloud_to_laserscan/pointcloud_to_laserscan_node
[1.127s] -- Up-to-date: /home/manoj/ros/robot_ws/install/pointcloud_to_laserscan/lib/liblaserscan_to_pointcloud.so
[1.127s] -- Up-to-date: /home/manoj/ros/robot_ws/install/pointcloud_to_laserscan/lib/libpointcloud_to_laserscan.so
[1.127s] -- Up-to-date: /home/manoj/ros/robot_ws/install/pointcloud_to_laserscan/lib/pointcloud_to_laserscan/dummy_pointcloud_publisher
[1.127s] -- Up-to-date: /home/manoj/ros/robot_ws/install/pointcloud_to_laserscan/include/pointcloud_to_laserscan/include
[1.128s] -- Up-to-date: /home/manoj/ros/robot_ws/install/pointcloud_to_laserscan/include/pointcloud_to_laserscan/include/pointcloud_to_laserscan
[1.130s] -- Up-to-date: /home/manoj/ros/robot_ws/install/pointcloud_to_laserscan/include/pointcloud_to_laserscan/include/pointcloud_to_laserscan/visibility_control.h
[1.130s] -- Up-to-date: /home/manoj/ros/robot_ws/install/pointcloud_to_laserscan/include/pointcloud_to_laserscan/include/pointcloud_to_laserscan/laserscan_to_pointcloud_node.hpp
[1.130s] -- Up-to-date: /home/manoj/ros/robot_ws/install/pointcloud_to_laserscan/include/pointcloud_to_laserscan/include/pointcloud_to_laserscan/pointcloud_to_laserscan_node.hpp
[1.130s] -- Up-to-date: /home/manoj/ros/robot_ws/install/pointcloud_to_laserscan/share/pointcloud_to_laserscan/launch
[1.130s] -- Up-to-date: /home/manoj/ros/robot_ws/install/pointcloud_to_laserscan/share/pointcloud_to_laserscan/launch/sample_pointcloud_to_laserscan_launch.py
[1.130s] -- Up-to-date: /home/manoj/ros/robot_ws/install/pointcloud_to_laserscan/share/pointcloud_to_laserscan/launch/sample_laserscan_to_pointcloud_launch.py
[1.130s] -- Up-to-date: /home/manoj/ros/robot_ws/install/pointcloud_to_laserscan/share/pointcloud_to_laserscan/launch/pointcloud_to_laserscan_node.launch.py
[1.131s] -- Up-to-date: /home/manoj/ros/robot_ws/install/pointcloud_to_laserscan/share/ament_index/resource_index/package_run_dependencies/pointcloud_to_laserscan
[1.131s] -- Up-to-date: /home/manoj/ros/robot_ws/install/pointcloud_to_laserscan/share/ament_index/resource_index/parent_prefix_path/pointcloud_to_laserscan
[1.131s] -- Up-to-date: /home/manoj/ros/robot_ws/install/pointcloud_to_laserscan/share/pointcloud_to_laserscan/environment/ament_prefix_path.sh
[1.131s] -- Up-to-date: /home/manoj/ros/robot_ws/install/pointcloud_to_laserscan/share/pointcloud_to_laserscan/environment/ament_prefix_path.dsv
[1.131s] -- Up-to-date: /home/manoj/ros/robot_ws/install/pointcloud_to_laserscan/share/pointcloud_to_laserscan/environment/path.sh
[1.131s] -- Up-to-date: /home/manoj/ros/robot_ws/install/pointcloud_to_laserscan/share/pointcloud_to_laserscan/environment/path.dsv
[1.131s] -- Up-to-date: /home/manoj/ros/robot_ws/install/pointcloud_to_laserscan/share/pointcloud_to_laserscan/local_setup.bash
[1.131s] -- Up-to-date: /home/manoj/ros/robot_ws/install/pointcloud_to_laserscan/share/pointcloud_to_laserscan/local_setup.sh
[1.132s] -- Up-to-date: /home/manoj/ros/robot_ws/install/pointcloud_to_laserscan/share/pointcloud_to_laserscan/local_setup.zsh
[1.132s] -- Up-to-date: /home/manoj/ros/robot_ws/install/pointcloud_to_laserscan/share/pointcloud_to_laserscan/local_setup.dsv
[1.132s] -- Installing: /home/manoj/ros/robot_ws/install/pointcloud_to_laserscan/share/pointcloud_to_laserscan/package.dsv
[1.132s] -- Up-to-date: /home/manoj/ros/robot_ws/install/pointcloud_to_laserscan/share/ament_index/resource_index/packages/pointcloud_to_laserscan
[1.132s] -- Up-to-date: /home/manoj/ros/robot_ws/install/pointcloud_to_laserscan/share/ament_index/resource_index/rclcpp_components/pointcloud_to_laserscan
[1.132s] -- Up-to-date: /home/manoj/ros/robot_ws/install/pointcloud_to_laserscan/share/pointcloud_to_laserscan/cmake/ament_cmake_export_dependencies-extras.cmake
[1.132s] -- Up-to-date: /home/manoj/ros/robot_ws/install/pointcloud_to_laserscan/share/pointcloud_to_laserscan/cmake/pointcloud_to_laserscanConfig.cmake
[1.132s] -- Up-to-date: /home/manoj/ros/robot_ws/install/pointcloud_to_laserscan/share/pointcloud_to_laserscan/cmake/pointcloud_to_laserscanConfig-version.cmake
[1.133s] -- Up-to-date: /home/manoj/ros/robot_ws/install/pointcloud_to_laserscan/share/pointcloud_to_laserscan/package.xml
[1.143s] Invoked command in '/home/manoj/ros/robot_ws/build/pointcloud_to_laserscan' returned '0': CMAKE_PREFIX_PATH=/opt/ros/humble /usr/bin/cmake --install /home/manoj/ros/robot_ws/build/pointcloud_to_laserscan
