[0.052s] Invoking command in '/home/manoj/ros/robot_ws/build/transform_mid360': CMAKE_PREFIX_PATH=/opt/ros/humble /usr/bin/cmake --build /home/manoj/ros/robot_ws/build/transform_mid360 -- -j12 -l12
[0.694s] Invoked command in '/home/manoj/ros/robot_ws/build/transform_mid360' returned '0': CMAKE_PREFIX_PATH=/opt/ros/humble /usr/bin/cmake --build /home/manoj/ros/robot_ws/build/transform_mid360 -- -j12 -l12
[0.756s] Invoking command in '/home/manoj/ros/robot_ws/build/transform_mid360': CMAKE_PREFIX_PATH=/opt/ros/humble /usr/bin/cmake --install /home/manoj/ros/robot_ws/build/transform_mid360
[0.782s] -- Install configuration: ""
[0.783s] -- Up-to-date: /home/manoj/ros/robot_ws/install/transform_mid360/share/transform_mid360/launch
[0.785s] -- Up-to-date: /home/manoj/ros/robot_ws/install/transform_mid360/share/transform_mid360/launch/tf_setup_mid360_launch.py
[0.785s] -- Up-to-date: /home/manoj/ros/robot_ws/install/transform_mid360/share/ament_index/resource_index/package_run_dependencies/transform_mid360
[0.787s] -- Up-to-date: /home/manoj/ros/robot_ws/install/transform_mid360/share/ament_index/resource_index/parent_prefix_path/transform_mid360
[0.787s] -- Up-to-date: /home/manoj/ros/robot_ws/install/transform_mid360/share/transform_mid360/environment/ament_prefix_path.sh
[0.787s] -- Up-to-date: /home/manoj/ros/robot_ws/install/transform_mid360/share/transform_mid360/environment/ament_prefix_path.dsv
[0.787s] -- Up-to-date: /home/manoj/ros/robot_ws/install/transform_mid360/share/transform_mid360/environment/path.sh
[0.787s] -- Up-to-date: /home/manoj/ros/robot_ws/install/transform_mid360/share/transform_mid360/environment/path.dsv
[0.787s] -- Up-to-date: /home/manoj/ros/robot_ws/install/transform_mid360/share/transform_mid360/local_setup.bash
[0.788s] -- Up-to-date: /home/manoj/ros/robot_ws/install/transform_mid360/share/transform_mid360/local_setup.sh
[0.788s] -- Up-to-date: /home/manoj/ros/robot_ws/install/transform_mid360/share/transform_mid360/local_setup.zsh
[0.788s] -- Up-to-date: /home/manoj/ros/robot_ws/install/transform_mid360/share/transform_mid360/local_setup.dsv
[0.788s] -- Installing: /home/manoj/ros/robot_ws/install/transform_mid360/share/transform_mid360/package.dsv
[0.788s] -- Up-to-date: /home/manoj/ros/robot_ws/install/transform_mid360/share/ament_index/resource_index/packages/transform_mid360
[0.788s] -- Up-to-date: /home/manoj/ros/robot_ws/install/transform_mid360/share/transform_mid360/cmake/transform_mid360Config.cmake
[0.788s] -- Up-to-date: /home/manoj/ros/robot_ws/install/transform_mid360/share/transform_mid360/cmake/transform_mid360Config-version.cmake
[0.788s] -- Up-to-date: /home/manoj/ros/robot_ws/install/transform_mid360/share/transform_mid360/package.xml
[0.824s] Invoked command in '/home/manoj/ros/robot_ws/build/transform_mid360' returned '0': CMAKE_PREFIX_PATH=/opt/ros/humble /usr/bin/cmake --install /home/manoj/ros/robot_ws/build/transform_mid360
