[0.035s] Invoking command in '/home/manoj/ros/robot_ws/build/pointcloud_to_laserscan': CMAKE_PREFIX_PATH=/home/manoj/ros/robot_ws/install/base_pkg:/opt/ros/humble:${CMAKE_PREFIX_PATH} /usr/bin/cmake --build /home/manoj/ros/robot_ws/build/pointcloud_to_laserscan -- -j12 -l12
[0.404s] [35m[1mConsolidate compiler generated dependencies of target dummy_pointcloud_publisher[0m
[0.405s] [35m[1mConsolidate compiler generated dependencies of target laserscan_to_pointcloud_node[0m
[0.405s] [35m[1mConsolidate compiler generated dependencies of target laserscan_to_pointcloud[0m
[0.405s] [35m[1mConsolidate compiler generated dependencies of target pointcloud_to_laserscan_node[0m
[0.405s] [35m[1mConsolidate compiler generated dependencies of target pointcloud_to_laserscan[0m
[0.405s] [ 20%] Built target dummy_pointcloud_publisher
[0.405s] [ 40%] Built target laserscan_to_pointcloud_node
[0.405s] [ 60%] Built target pointcloud_to_laserscan_node
[0.405s] [ 90%] Built target pointcloud_to_laserscan
[0.405s] [100%] Built target laserscan_to_pointcloud
[0.411s] Invoked command in '/home/manoj/ros/robot_ws/build/pointcloud_to_laserscan' returned '0': CMAKE_PREFIX_PATH=/home/manoj/ros/robot_ws/install/base_pkg:/opt/ros/humble:${CMAKE_PREFIX_PATH} /usr/bin/cmake --build /home/manoj/ros/robot_ws/build/pointcloud_to_laserscan -- -j12 -l12
[0.442s] Invoking command in '/home/manoj/ros/robot_ws/build/pointcloud_to_laserscan': CMAKE_PREFIX_PATH=/home/manoj/ros/robot_ws/install/base_pkg:/opt/ros/humble:${CMAKE_PREFIX_PATH} /usr/bin/cmake --install /home/manoj/ros/robot_ws/build/pointcloud_to_laserscan
[0.452s] -- Install configuration: ""
[0.452s] -- Up-to-date: /home/manoj/ros/robot_ws/install/pointcloud_to_laserscan/lib/pointcloud_to_laserscan/laserscan_to_pointcloud_node
[0.452s] -- Up-to-date: /home/manoj/ros/robot_ws/install/pointcloud_to_laserscan/lib/pointcloud_to_laserscan/pointcloud_to_laserscan_node
[0.452s] -- Up-to-date: /home/manoj/ros/robot_ws/install/pointcloud_to_laserscan/lib/liblaserscan_to_pointcloud.so
[0.452s] -- Up-to-date: /home/manoj/ros/robot_ws/install/pointcloud_to_laserscan/lib/libpointcloud_to_laserscan.so
[0.452s] -- Up-to-date: /home/manoj/ros/robot_ws/install/pointcloud_to_laserscan/lib/pointcloud_to_laserscan/dummy_pointcloud_publisher
[0.452s] -- Up-to-date: /home/manoj/ros/robot_ws/install/pointcloud_to_laserscan/include/pointcloud_to_laserscan/include
[0.452s] -- Up-to-date: /home/manoj/ros/robot_ws/install/pointcloud_to_laserscan/include/pointcloud_to_laserscan/include/pointcloud_to_laserscan
[0.452s] -- Up-to-date: /home/manoj/ros/robot_ws/install/pointcloud_to_laserscan/include/pointcloud_to_laserscan/include/pointcloud_to_laserscan/visibility_control.h
[0.452s] -- Up-to-date: /home/manoj/ros/robot_ws/install/pointcloud_to_laserscan/include/pointcloud_to_laserscan/include/pointcloud_to_laserscan/laserscan_to_pointcloud_node.hpp
[0.452s] -- Up-to-date: /home/manoj/ros/robot_ws/install/pointcloud_to_laserscan/include/pointcloud_to_laserscan/include/pointcloud_to_laserscan/pointcloud_to_laserscan_node.hpp
[0.452s] -- Up-to-date: /home/manoj/ros/robot_ws/install/pointcloud_to_laserscan/share/pointcloud_to_laserscan/launch
[0.452s] -- Up-to-date: /home/manoj/ros/robot_ws/install/pointcloud_to_laserscan/share/pointcloud_to_laserscan/launch/sample_pointcloud_to_laserscan_launch.py
[0.452s] -- Up-to-date: /home/manoj/ros/robot_ws/install/pointcloud_to_laserscan/share/pointcloud_to_laserscan/launch/sample_laserscan_to_pointcloud_launch.py
[0.452s] -- Up-to-date: /home/manoj/ros/robot_ws/install/pointcloud_to_laserscan/share/pointcloud_to_laserscan/launch/pointcloud_to_laserscan_node.launch.py
[0.452s] -- Up-to-date: /home/manoj/ros/robot_ws/install/pointcloud_to_laserscan/share/ament_index/resource_index/package_run_dependencies/pointcloud_to_laserscan
[0.452s] -- Up-to-date: /home/manoj/ros/robot_ws/install/pointcloud_to_laserscan/share/ament_index/resource_index/parent_prefix_path/pointcloud_to_laserscan
[0.453s] -- Up-to-date: /home/manoj/ros/robot_ws/install/pointcloud_to_laserscan/share/pointcloud_to_laserscan/environment/ament_prefix_path.sh
[0.453s] -- Up-to-date: /home/manoj/ros/robot_ws/install/pointcloud_to_laserscan/share/pointcloud_to_laserscan/environment/ament_prefix_path.dsv
[0.453s] -- Up-to-date: /home/manoj/ros/robot_ws/install/pointcloud_to_laserscan/share/pointcloud_to_laserscan/environment/path.sh
[0.453s] -- Up-to-date: /home/manoj/ros/robot_ws/install/pointcloud_to_laserscan/share/pointcloud_to_laserscan/environment/path.dsv
[0.453s] -- Up-to-date: /home/manoj/ros/robot_ws/install/pointcloud_to_laserscan/share/pointcloud_to_laserscan/local_setup.bash
[0.453s] -- Up-to-date: /home/manoj/ros/robot_ws/install/pointcloud_to_laserscan/share/pointcloud_to_laserscan/local_setup.sh
[0.453s] -- Up-to-date: /home/manoj/ros/robot_ws/install/pointcloud_to_laserscan/share/pointcloud_to_laserscan/local_setup.zsh
[0.453s] -- Up-to-date: /home/manoj/ros/robot_ws/install/pointcloud_to_laserscan/share/pointcloud_to_laserscan/local_setup.dsv
[0.453s] -- Installing: /home/manoj/ros/robot_ws/install/pointcloud_to_laserscan/share/pointcloud_to_laserscan/package.dsv
[0.453s] -- Up-to-date: /home/manoj/ros/robot_ws/install/pointcloud_to_laserscan/share/ament_index/resource_index/packages/pointcloud_to_laserscan
[0.453s] -- Up-to-date: /home/manoj/ros/robot_ws/install/pointcloud_to_laserscan/share/ament_index/resource_index/rclcpp_components/pointcloud_to_laserscan
[0.453s] -- Up-to-date: /home/manoj/ros/robot_ws/install/pointcloud_to_laserscan/share/pointcloud_to_laserscan/cmake/ament_cmake_export_dependencies-extras.cmake
[0.453s] -- Up-to-date: /home/manoj/ros/robot_ws/install/pointcloud_to_laserscan/share/pointcloud_to_laserscan/cmake/pointcloud_to_laserscanConfig.cmake
[0.454s] -- Up-to-date: /home/manoj/ros/robot_ws/install/pointcloud_to_laserscan/share/pointcloud_to_laserscan/cmake/pointcloud_to_laserscanConfig-version.cmake
[0.454s] -- Up-to-date: /home/manoj/ros/robot_ws/install/pointcloud_to_laserscan/share/pointcloud_to_laserscan/package.xml
[0.473s] Invoked command in '/home/manoj/ros/robot_ws/build/pointcloud_to_laserscan' returned '0': CMAKE_PREFIX_PATH=/home/manoj/ros/robot_ws/install/base_pkg:/opt/ros/humble:${CMAKE_PREFIX_PATH} /usr/bin/cmake --install /home/manoj/ros/robot_ws/build/pointcloud_to_laserscan
