[0.142s] DEBUG:colcon:Command line arguments: ['/usr/bin/colcon', 'build']
[0.142s] DEBUG:colcon:Parsed command line arguments: Namespace(log_base=None, log_level=None, verb_name='build', build_base='build', install_base='install', merge_install=False, symlink_install=False, test_result_base=None, continue_on_error=False, executor='parallel', parallel_workers=12, event_handlers=None, ignore_user_meta=False, metas=['./colcon.meta'], base_paths=['.'], packages_ignore=None, packages_ignore_regex=None, paths=None, packages_up_to=None, packages_up_to_regex=None, packages_above=None, packages_above_and_dependencies=None, packages_above_depth=None, packages_select_by_dep=None, packages_skip_by_dep=None, packages_skip_up_to=None, packages_select_build_failed=False, packages_skip_build_finished=False, packages_select_test_failures=False, packages_skip_test_passed=False, packages_select=None, packages_skip=None, packages_select_regex=None, packages_skip_regex=None, packages_start=None, packages_end=None, allow_overriding=[], cmake_args=None, cmake_target=None, cmake_target_skip_unavailable=False, cmake_clean_cache=False, cmake_clean_first=False, cmake_force_configure=False, ament_cmake_args=None, catkin_cmake_args=None, catkin_skip_building_tests=False, verb_parser=<colcon_defaults.argument_parser.defaults.DefaultArgumentsDecorator object at 0x71634de725c0>, verb_extension=<colcon_core.verb.build.BuildVerb object at 0x71634de72140>, main=<bound method BuildVerb.main of <colcon_core.verb.build.BuildVerb object at 0x71634de72140>>)
[0.401s] Level 1:colcon.colcon_core.package_discovery:discover_packages(colcon_meta) check parameters
[0.401s] Level 1:colcon.colcon_core.package_discovery:discover_packages(recursive) check parameters
[0.401s] Level 1:colcon.colcon_core.package_discovery:discover_packages(ignore) check parameters
[0.402s] Level 1:colcon.colcon_core.package_discovery:discover_packages(path) check parameters
[0.402s] Level 1:colcon.colcon_core.package_discovery:discover_packages(colcon_meta) discover
[0.402s] Level 1:colcon.colcon_core.package_discovery:discover_packages(recursive) discover
[0.402s] INFO:colcon.colcon_core.package_discovery:Crawling recursively for packages in '/home/manoj/ros/robot_ws'
[0.402s] Level 1:colcon.colcon_core.package_identification:_identify(.) by extensions ['ignore', 'ignore_ament_install']
[0.402s] Level 1:colcon.colcon_core.package_identification:_identify(.) by extension 'ignore'
[0.402s] Level 1:colcon.colcon_core.package_identification:_identify(.) by extension 'ignore_ament_install'
[0.402s] Level 1:colcon.colcon_core.package_identification:_identify(.) by extensions ['colcon_pkg']
[0.402s] Level 1:colcon.colcon_core.package_identification:_identify(.) by extension 'colcon_pkg'
[0.402s] Level 1:colcon.colcon_core.package_identification:_identify(.) by extensions ['colcon_meta']
[0.402s] Level 1:colcon.colcon_core.package_identification:_identify(.) by extension 'colcon_meta'
[0.402s] Level 1:colcon.colcon_core.package_identification:_identify(.) by extensions ['ros']
[0.402s] Level 1:colcon.colcon_core.package_identification:_identify(.) by extension 'ros'
[0.416s] Level 1:colcon.colcon_core.package_identification:_identify(.) by extensions ['cmake', 'python']
[0.416s] Level 1:colcon.colcon_core.package_identification:_identify(.) by extension 'cmake'
[0.416s] Level 1:colcon.colcon_core.package_identification:_identify(.) by extension 'python'
[0.416s] Level 1:colcon.colcon_core.package_identification:_identify(.) by extensions ['python_setup_py']
[0.416s] Level 1:colcon.colcon_core.package_identification:_identify(.) by extension 'python_setup_py'
[0.416s] Level 1:colcon.colcon_core.package_identification:_identify(build) by extensions ['ignore', 'ignore_ament_install']
[0.416s] Level 1:colcon.colcon_core.package_identification:_identify(build) by extension 'ignore'
[0.416s] Level 1:colcon.colcon_core.package_identification:_identify(build) ignored
[0.416s] Level 1:colcon.colcon_core.package_identification:_identify(install) by extensions ['ignore', 'ignore_ament_install']
[0.417s] Level 1:colcon.colcon_core.package_identification:_identify(install) by extension 'ignore'
[0.417s] Level 1:colcon.colcon_core.package_identification:_identify(install) ignored
[0.417s] Level 1:colcon.colcon_core.package_identification:_identify(log) by extensions ['ignore', 'ignore_ament_install']
[0.417s] Level 1:colcon.colcon_core.package_identification:_identify(log) by extension 'ignore'
[0.417s] Level 1:colcon.colcon_core.package_identification:_identify(log) ignored
[0.417s] Level 1:colcon.colcon_core.package_identification:_identify(src) by extensions ['ignore', 'ignore_ament_install']
[0.417s] Level 1:colcon.colcon_core.package_identification:_identify(src) by extension 'ignore'
[0.417s] Level 1:colcon.colcon_core.package_identification:_identify(src) by extension 'ignore_ament_install'
[0.417s] Level 1:colcon.colcon_core.package_identification:_identify(src) by extensions ['colcon_pkg']
[0.417s] Level 1:colcon.colcon_core.package_identification:_identify(src) by extension 'colcon_pkg'
[0.417s] Level 1:colcon.colcon_core.package_identification:_identify(src) by extensions ['colcon_meta']
[0.417s] Level 1:colcon.colcon_core.package_identification:_identify(src) by extension 'colcon_meta'
[0.417s] Level 1:colcon.colcon_core.package_identification:_identify(src) by extensions ['ros']
[0.418s] Level 1:colcon.colcon_core.package_identification:_identify(src) by extension 'ros'
[0.418s] Level 1:colcon.colcon_core.package_identification:_identify(src) by extensions ['cmake', 'python']
[0.418s] Level 1:colcon.colcon_core.package_identification:_identify(src) by extension 'cmake'
[0.418s] Level 1:colcon.colcon_core.package_identification:_identify(src) by extension 'python'
[0.418s] Level 1:colcon.colcon_core.package_identification:_identify(src) by extensions ['python_setup_py']
[0.418s] Level 1:colcon.colcon_core.package_identification:_identify(src) by extension 'python_setup_py'
[0.418s] Level 1:colcon.colcon_core.package_identification:_identify(src/base_pkg) by extensions ['ignore', 'ignore_ament_install']
[0.418s] Level 1:colcon.colcon_core.package_identification:_identify(src/base_pkg) by extension 'ignore'
[0.418s] Level 1:colcon.colcon_core.package_identification:_identify(src/base_pkg) by extension 'ignore_ament_install'
[0.418s] Level 1:colcon.colcon_core.package_identification:_identify(src/base_pkg) by extensions ['colcon_pkg']
[0.418s] Level 1:colcon.colcon_core.package_identification:_identify(src/base_pkg) by extension 'colcon_pkg'
[0.418s] Level 1:colcon.colcon_core.package_identification:_identify(src/base_pkg) by extensions ['colcon_meta']
[0.418s] Level 1:colcon.colcon_core.package_identification:_identify(src/base_pkg) by extension 'colcon_meta'
[0.418s] Level 1:colcon.colcon_core.package_identification:_identify(src/base_pkg) by extensions ['ros']
[0.418s] Level 1:colcon.colcon_core.package_identification:_identify(src/base_pkg) by extension 'ros'
[0.422s] DEBUG:colcon.colcon_core.package_identification:Package 'src/base_pkg' with type 'ros.ament_python' and name 'base_pkg'
[0.422s] Level 1:colcon.colcon_core.package_identification:_identify(src/livox_laser_simulation_ros2) by extensions ['ignore', 'ignore_ament_install']
[0.423s] Level 1:colcon.colcon_core.package_identification:_identify(src/livox_laser_simulation_ros2) by extension 'ignore'
[0.423s] Level 1:colcon.colcon_core.package_identification:_identify(src/livox_laser_simulation_ros2) by extension 'ignore_ament_install'
[0.423s] Level 1:colcon.colcon_core.package_identification:_identify(src/livox_laser_simulation_ros2) by extensions ['colcon_pkg']
[0.423s] Level 1:colcon.colcon_core.package_identification:_identify(src/livox_laser_simulation_ros2) by extension 'colcon_pkg'
[0.423s] Level 1:colcon.colcon_core.package_identification:_identify(src/livox_laser_simulation_ros2) by extensions ['colcon_meta']
[0.423s] Level 1:colcon.colcon_core.package_identification:_identify(src/livox_laser_simulation_ros2) by extension 'colcon_meta'
[0.423s] Level 1:colcon.colcon_core.package_identification:_identify(src/livox_laser_simulation_ros2) by extensions ['ros']
[0.423s] Level 1:colcon.colcon_core.package_identification:_identify(src/livox_laser_simulation_ros2) by extension 'ros'
[0.425s] DEBUG:colcon.colcon_core.package_identification:Package 'src/livox_laser_simulation_ros2' with type 'ros.ament_cmake' and name 'ros2_livox_simulation'
[0.425s] Level 1:colcon.colcon_core.package_identification:_identify(src/livox_to_pointcloud2) by extensions ['ignore', 'ignore_ament_install']
[0.425s] Level 1:colcon.colcon_core.package_identification:_identify(src/livox_to_pointcloud2) by extension 'ignore'
[0.425s] Level 1:colcon.colcon_core.package_identification:_identify(src/livox_to_pointcloud2) by extension 'ignore_ament_install'
[0.425s] Level 1:colcon.colcon_core.package_identification:_identify(src/livox_to_pointcloud2) by extensions ['colcon_pkg']
[0.425s] Level 1:colcon.colcon_core.package_identification:_identify(src/livox_to_pointcloud2) by extension 'colcon_pkg'
[0.425s] Level 1:colcon.colcon_core.package_identification:_identify(src/livox_to_pointcloud2) by extensions ['colcon_meta']
[0.425s] Level 1:colcon.colcon_core.package_identification:_identify(src/livox_to_pointcloud2) by extension 'colcon_meta'
[0.425s] Level 1:colcon.colcon_core.package_identification:_identify(src/livox_to_pointcloud2) by extensions ['ros']
[0.425s] Level 1:colcon.colcon_core.package_identification:_identify(src/livox_to_pointcloud2) by extension 'ros'
[0.426s] DEBUG:colcon.colcon_core.package_identification:Package 'src/livox_to_pointcloud2' with type 'ros.ament_cmake' and name 'livox_to_pointcloud2'
[0.426s] Level 1:colcon.colcon_core.package_identification:_identify(src/myrobot_description) by extensions ['ignore', 'ignore_ament_install']
[0.426s] Level 1:colcon.colcon_core.package_identification:_identify(src/myrobot_description) by extension 'ignore'
[0.427s] Level 1:colcon.colcon_core.package_identification:_identify(src/myrobot_description) by extension 'ignore_ament_install'
[0.427s] Level 1:colcon.colcon_core.package_identification:_identify(src/myrobot_description) by extensions ['colcon_pkg']
[0.427s] Level 1:colcon.colcon_core.package_identification:_identify(src/myrobot_description) by extension 'colcon_pkg'
[0.427s] Level 1:colcon.colcon_core.package_identification:_identify(src/myrobot_description) by extensions ['colcon_meta']
[0.427s] Level 1:colcon.colcon_core.package_identification:_identify(src/myrobot_description) by extension 'colcon_meta'
[0.427s] Level 1:colcon.colcon_core.package_identification:_identify(src/myrobot_description) by extensions ['ros']
[0.427s] Level 1:colcon.colcon_core.package_identification:_identify(src/myrobot_description) by extension 'ros'
[0.428s] DEBUG:colcon.colcon_core.package_identification:Package 'src/myrobot_description' with type 'ros.ament_cmake' and name 'myrobot_description'
[0.428s] Level 1:colcon.colcon_core.package_identification:_identify(src/pointcloud_to_laserscan) by extensions ['ignore', 'ignore_ament_install']
[0.428s] Level 1:colcon.colcon_core.package_identification:_identify(src/pointcloud_to_laserscan) by extension 'ignore'
[0.428s] Level 1:colcon.colcon_core.package_identification:_identify(src/pointcloud_to_laserscan) by extension 'ignore_ament_install'
[0.428s] Level 1:colcon.colcon_core.package_identification:_identify(src/pointcloud_to_laserscan) by extensions ['colcon_pkg']
[0.428s] Level 1:colcon.colcon_core.package_identification:_identify(src/pointcloud_to_laserscan) by extension 'colcon_pkg'
[0.428s] Level 1:colcon.colcon_core.package_identification:_identify(src/pointcloud_to_laserscan) by extensions ['colcon_meta']
[0.428s] Level 1:colcon.colcon_core.package_identification:_identify(src/pointcloud_to_laserscan) by extension 'colcon_meta'
[0.428s] Level 1:colcon.colcon_core.package_identification:_identify(src/pointcloud_to_laserscan) by extensions ['ros']
[0.428s] Level 1:colcon.colcon_core.package_identification:_identify(src/pointcloud_to_laserscan) by extension 'ros'
[0.430s] DEBUG:colcon.colcon_core.package_identification:Package 'src/pointcloud_to_laserscan' with type 'ros.ament_cmake' and name 'pointcloud_to_laserscan'
[0.430s] Level 1:colcon.colcon_core.package_identification:_identify(src/robot_bringup) by extensions ['ignore', 'ignore_ament_install']
[0.430s] Level 1:colcon.colcon_core.package_identification:_identify(src/robot_bringup) by extension 'ignore'
[0.430s] Level 1:colcon.colcon_core.package_identification:_identify(src/robot_bringup) by extension 'ignore_ament_install'
[0.431s] Level 1:colcon.colcon_core.package_identification:_identify(src/robot_bringup) by extensions ['colcon_pkg']
[0.431s] Level 1:colcon.colcon_core.package_identification:_identify(src/robot_bringup) by extension 'colcon_pkg'
[0.431s] Level 1:colcon.colcon_core.package_identification:_identify(src/robot_bringup) by extensions ['colcon_meta']
[0.431s] Level 1:colcon.colcon_core.package_identification:_identify(src/robot_bringup) by extension 'colcon_meta'
[0.431s] Level 1:colcon.colcon_core.package_identification:_identify(src/robot_bringup) by extensions ['ros']
[0.431s] Level 1:colcon.colcon_core.package_identification:_identify(src/robot_bringup) by extension 'ros'
[0.432s] DEBUG:colcon.colcon_core.package_identification:Package 'src/robot_bringup' with type 'ros.ament_cmake' and name 'robot_bringup'
[0.432s] Level 1:colcon.colcon_core.package_identification:_identify(src/transform_mid360) by extensions ['ignore', 'ignore_ament_install']
[0.432s] Level 1:colcon.colcon_core.package_identification:_identify(src/transform_mid360) by extension 'ignore'
[0.432s] Level 1:colcon.colcon_core.package_identification:_identify(src/transform_mid360) by extension 'ignore_ament_install'
[0.432s] Level 1:colcon.colcon_core.package_identification:_identify(src/transform_mid360) by extensions ['colcon_pkg']
[0.432s] Level 1:colcon.colcon_core.package_identification:_identify(src/transform_mid360) by extension 'colcon_pkg'
[0.432s] Level 1:colcon.colcon_core.package_identification:_identify(src/transform_mid360) by extensions ['colcon_meta']
[0.432s] Level 1:colcon.colcon_core.package_identification:_identify(src/transform_mid360) by extension 'colcon_meta'
[0.432s] Level 1:colcon.colcon_core.package_identification:_identify(src/transform_mid360) by extensions ['ros']
[0.432s] Level 1:colcon.colcon_core.package_identification:_identify(src/transform_mid360) by extension 'ros'
[0.433s] DEBUG:colcon.colcon_core.package_identification:Package 'src/transform_mid360' with type 'ros.ament_cmake' and name 'transform_mid360'
[0.433s] Level 1:colcon.colcon_core.package_discovery:discover_packages(recursive) using defaults
[0.433s] Level 1:colcon.colcon_core.package_discovery:discover_packages(ignore) discover
[0.433s] Level 1:colcon.colcon_core.package_discovery:discover_packages(ignore) using defaults
[0.433s] Level 1:colcon.colcon_core.package_discovery:discover_packages(path) discover
[0.433s] Level 1:colcon.colcon_core.package_discovery:discover_packages(path) using defaults
[0.460s] Level 1:colcon.colcon_core.package_discovery:discover_packages(prefix_path) check parameters
[0.460s] Level 1:colcon.colcon_core.package_discovery:discover_packages(prefix_path) discover
[0.462s] DEBUG:colcon.colcon_installed_package_information.package_discovery:Found 7 installed packages in /home/manoj/ros/robot_ws/install
[0.463s] DEBUG:colcon.colcon_installed_package_information.package_discovery:Found 2 installed packages in /home/manoj/ros/ws_livox/install
[0.465s] DEBUG:colcon.colcon_installed_package_information.package_discovery:Found 393 installed packages in /opt/ros/humble
[0.468s] Level 1:colcon.colcon_core.package_discovery:discover_packages(prefix_path) using defaults
[0.542s] Level 5:colcon.colcon_core.verb:set package 'base_pkg' build argument 'cmake_args' from command line to 'None'
[0.542s] Level 5:colcon.colcon_core.verb:set package 'base_pkg' build argument 'cmake_target' from command line to 'None'
[0.542s] Level 5:colcon.colcon_core.verb:set package 'base_pkg' build argument 'cmake_target_skip_unavailable' from command line to 'False'
[0.542s] Level 5:colcon.colcon_core.verb:set package 'base_pkg' build argument 'cmake_clean_cache' from command line to 'False'
[0.542s] Level 5:colcon.colcon_core.verb:set package 'base_pkg' build argument 'cmake_clean_first' from command line to 'False'
[0.542s] Level 5:colcon.colcon_core.verb:set package 'base_pkg' build argument 'cmake_force_configure' from command line to 'False'
[0.542s] Level 5:colcon.colcon_core.verb:set package 'base_pkg' build argument 'ament_cmake_args' from command line to 'None'
[0.543s] Level 5:colcon.colcon_core.verb:set package 'base_pkg' build argument 'catkin_cmake_args' from command line to 'None'
[0.543s] Level 5:colcon.colcon_core.verb:set package 'base_pkg' build argument 'catkin_skip_building_tests' from command line to 'False'
[0.543s] DEBUG:colcon.colcon_core.verb:Building package 'base_pkg' with the following arguments: {'ament_cmake_args': None, 'build_base': '/home/manoj/ros/robot_ws/build/base_pkg', 'catkin_cmake_args': None, 'catkin_skip_building_tests': False, 'cmake_args': None, 'cmake_clean_cache': False, 'cmake_clean_first': False, 'cmake_force_configure': False, 'cmake_target': None, 'cmake_target_skip_unavailable': False, 'install_base': '/home/manoj/ros/robot_ws/install/base_pkg', 'merge_install': False, 'path': '/home/manoj/ros/robot_ws/src/base_pkg', 'symlink_install': False, 'test_result_base': None}
[0.543s] Level 5:colcon.colcon_core.verb:set package 'livox_to_pointcloud2' build argument 'cmake_args' from command line to 'None'
[0.543s] Level 5:colcon.colcon_core.verb:set package 'livox_to_pointcloud2' build argument 'cmake_target' from command line to 'None'
[0.543s] Level 5:colcon.colcon_core.verb:set package 'livox_to_pointcloud2' build argument 'cmake_target_skip_unavailable' from command line to 'False'
[0.543s] Level 5:colcon.colcon_core.verb:set package 'livox_to_pointcloud2' build argument 'cmake_clean_cache' from command line to 'False'
[0.543s] Level 5:colcon.colcon_core.verb:set package 'livox_to_pointcloud2' build argument 'cmake_clean_first' from command line to 'False'
[0.543s] Level 5:colcon.colcon_core.verb:set package 'livox_to_pointcloud2' build argument 'cmake_force_configure' from command line to 'False'
[0.543s] Level 5:colcon.colcon_core.verb:set package 'livox_to_pointcloud2' build argument 'ament_cmake_args' from command line to 'None'
[0.543s] Level 5:colcon.colcon_core.verb:set package 'livox_to_pointcloud2' build argument 'catkin_cmake_args' from command line to 'None'
[0.543s] Level 5:colcon.colcon_core.verb:set package 'livox_to_pointcloud2' build argument 'catkin_skip_building_tests' from command line to 'False'
[0.543s] DEBUG:colcon.colcon_core.verb:Building package 'livox_to_pointcloud2' with the following arguments: {'ament_cmake_args': None, 'build_base': '/home/manoj/ros/robot_ws/build/livox_to_pointcloud2', 'catkin_cmake_args': None, 'catkin_skip_building_tests': False, 'cmake_args': None, 'cmake_clean_cache': False, 'cmake_clean_first': False, 'cmake_force_configure': False, 'cmake_target': None, 'cmake_target_skip_unavailable': False, 'install_base': '/home/manoj/ros/robot_ws/install/livox_to_pointcloud2', 'merge_install': False, 'path': '/home/manoj/ros/robot_ws/src/livox_to_pointcloud2', 'symlink_install': False, 'test_result_base': None}
[0.544s] Level 5:colcon.colcon_core.verb:set package 'myrobot_description' build argument 'cmake_args' from command line to 'None'
[0.544s] Level 5:colcon.colcon_core.verb:set package 'myrobot_description' build argument 'cmake_target' from command line to 'None'
[0.544s] Level 5:colcon.colcon_core.verb:set package 'myrobot_description' build argument 'cmake_target_skip_unavailable' from command line to 'False'
[0.544s] Level 5:colcon.colcon_core.verb:set package 'myrobot_description' build argument 'cmake_clean_cache' from command line to 'False'
[0.544s] Level 5:colcon.colcon_core.verb:set package 'myrobot_description' build argument 'cmake_clean_first' from command line to 'False'
[0.544s] Level 5:colcon.colcon_core.verb:set package 'myrobot_description' build argument 'cmake_force_configure' from command line to 'False'
[0.544s] Level 5:colcon.colcon_core.verb:set package 'myrobot_description' build argument 'ament_cmake_args' from command line to 'None'
[0.544s] Level 5:colcon.colcon_core.verb:set package 'myrobot_description' build argument 'catkin_cmake_args' from command line to 'None'
[0.544s] Level 5:colcon.colcon_core.verb:set package 'myrobot_description' build argument 'catkin_skip_building_tests' from command line to 'False'
[0.544s] DEBUG:colcon.colcon_core.verb:Building package 'myrobot_description' with the following arguments: {'ament_cmake_args': None, 'build_base': '/home/manoj/ros/robot_ws/build/myrobot_description', 'catkin_cmake_args': None, 'catkin_skip_building_tests': False, 'cmake_args': None, 'cmake_clean_cache': False, 'cmake_clean_first': False, 'cmake_force_configure': False, 'cmake_target': None, 'cmake_target_skip_unavailable': False, 'install_base': '/home/manoj/ros/robot_ws/install/myrobot_description', 'merge_install': False, 'path': '/home/manoj/ros/robot_ws/src/myrobot_description', 'symlink_install': False, 'test_result_base': None}
[0.545s] Level 5:colcon.colcon_core.verb:set package 'pointcloud_to_laserscan' build argument 'cmake_args' from command line to 'None'
[0.545s] Level 5:colcon.colcon_core.verb:set package 'pointcloud_to_laserscan' build argument 'cmake_target' from command line to 'None'
[0.545s] Level 5:colcon.colcon_core.verb:set package 'pointcloud_to_laserscan' build argument 'cmake_target_skip_unavailable' from command line to 'False'
[0.545s] Level 5:colcon.colcon_core.verb:set package 'pointcloud_to_laserscan' build argument 'cmake_clean_cache' from command line to 'False'
[0.545s] Level 5:colcon.colcon_core.verb:set package 'pointcloud_to_laserscan' build argument 'cmake_clean_first' from command line to 'False'
[0.545s] Level 5:colcon.colcon_core.verb:set package 'pointcloud_to_laserscan' build argument 'cmake_force_configure' from command line to 'False'
[0.545s] Level 5:colcon.colcon_core.verb:set package 'pointcloud_to_laserscan' build argument 'ament_cmake_args' from command line to 'None'
[0.545s] Level 5:colcon.colcon_core.verb:set package 'pointcloud_to_laserscan' build argument 'catkin_cmake_args' from command line to 'None'
[0.545s] Level 5:colcon.colcon_core.verb:set package 'pointcloud_to_laserscan' build argument 'catkin_skip_building_tests' from command line to 'False'
[0.545s] DEBUG:colcon.colcon_core.verb:Building package 'pointcloud_to_laserscan' with the following arguments: {'ament_cmake_args': None, 'build_base': '/home/manoj/ros/robot_ws/build/pointcloud_to_laserscan', 'catkin_cmake_args': None, 'catkin_skip_building_tests': False, 'cmake_args': None, 'cmake_clean_cache': False, 'cmake_clean_first': False, 'cmake_force_configure': False, 'cmake_target': None, 'cmake_target_skip_unavailable': False, 'install_base': '/home/manoj/ros/robot_ws/install/pointcloud_to_laserscan', 'merge_install': False, 'path': '/home/manoj/ros/robot_ws/src/pointcloud_to_laserscan', 'symlink_install': False, 'test_result_base': None}
[0.545s] Level 5:colcon.colcon_core.verb:set package 'ros2_livox_simulation' build argument 'cmake_args' from command line to 'None'
[0.545s] Level 5:colcon.colcon_core.verb:set package 'ros2_livox_simulation' build argument 'cmake_target' from command line to 'None'
[0.546s] Level 5:colcon.colcon_core.verb:set package 'ros2_livox_simulation' build argument 'cmake_target_skip_unavailable' from command line to 'False'
[0.546s] Level 5:colcon.colcon_core.verb:set package 'ros2_livox_simulation' build argument 'cmake_clean_cache' from command line to 'False'
[0.546s] Level 5:colcon.colcon_core.verb:set package 'ros2_livox_simulation' build argument 'cmake_clean_first' from command line to 'False'
[0.546s] Level 5:colcon.colcon_core.verb:set package 'ros2_livox_simulation' build argument 'cmake_force_configure' from command line to 'False'
[0.546s] Level 5:colcon.colcon_core.verb:set package 'ros2_livox_simulation' build argument 'ament_cmake_args' from command line to 'None'
[0.546s] Level 5:colcon.colcon_core.verb:set package 'ros2_livox_simulation' build argument 'catkin_cmake_args' from command line to 'None'
[0.546s] Level 5:colcon.colcon_core.verb:set package 'ros2_livox_simulation' build argument 'catkin_skip_building_tests' from command line to 'False'
[0.546s] DEBUG:colcon.colcon_core.verb:Building package 'ros2_livox_simulation' with the following arguments: {'ament_cmake_args': None, 'build_base': '/home/manoj/ros/robot_ws/build/ros2_livox_simulation', 'catkin_cmake_args': None, 'catkin_skip_building_tests': False, 'cmake_args': None, 'cmake_clean_cache': False, 'cmake_clean_first': False, 'cmake_force_configure': False, 'cmake_target': None, 'cmake_target_skip_unavailable': False, 'install_base': '/home/manoj/ros/robot_ws/install/ros2_livox_simulation', 'merge_install': False, 'path': '/home/manoj/ros/robot_ws/src/livox_laser_simulation_ros2', 'symlink_install': False, 'test_result_base': None}
[0.546s] Level 5:colcon.colcon_core.verb:set package 'transform_mid360' build argument 'cmake_args' from command line to 'None'
[0.546s] Level 5:colcon.colcon_core.verb:set package 'transform_mid360' build argument 'cmake_target' from command line to 'None'
[0.546s] Level 5:colcon.colcon_core.verb:set package 'transform_mid360' build argument 'cmake_target_skip_unavailable' from command line to 'False'
[0.546s] Level 5:colcon.colcon_core.verb:set package 'transform_mid360' build argument 'cmake_clean_cache' from command line to 'False'
[0.546s] Level 5:colcon.colcon_core.verb:set package 'transform_mid360' build argument 'cmake_clean_first' from command line to 'False'
[0.546s] Level 5:colcon.colcon_core.verb:set package 'transform_mid360' build argument 'cmake_force_configure' from command line to 'False'
[0.546s] Level 5:colcon.colcon_core.verb:set package 'transform_mid360' build argument 'ament_cmake_args' from command line to 'None'
[0.546s] Level 5:colcon.colcon_core.verb:set package 'transform_mid360' build argument 'catkin_cmake_args' from command line to 'None'
[0.547s] Level 5:colcon.colcon_core.verb:set package 'transform_mid360' build argument 'catkin_skip_building_tests' from command line to 'False'
[0.547s] DEBUG:colcon.colcon_core.verb:Building package 'transform_mid360' with the following arguments: {'ament_cmake_args': None, 'build_base': '/home/manoj/ros/robot_ws/build/transform_mid360', 'catkin_cmake_args': None, 'catkin_skip_building_tests': False, 'cmake_args': None, 'cmake_clean_cache': False, 'cmake_clean_first': False, 'cmake_force_configure': False, 'cmake_target': None, 'cmake_target_skip_unavailable': False, 'install_base': '/home/manoj/ros/robot_ws/install/transform_mid360', 'merge_install': False, 'path': '/home/manoj/ros/robot_ws/src/transform_mid360', 'symlink_install': False, 'test_result_base': None}
[0.547s] Level 5:colcon.colcon_core.verb:set package 'robot_bringup' build argument 'cmake_args' from command line to 'None'
[0.547s] Level 5:colcon.colcon_core.verb:set package 'robot_bringup' build argument 'cmake_target' from command line to 'None'
[0.547s] Level 5:colcon.colcon_core.verb:set package 'robot_bringup' build argument 'cmake_target_skip_unavailable' from command line to 'False'
[0.547s] Level 5:colcon.colcon_core.verb:set package 'robot_bringup' build argument 'cmake_clean_cache' from command line to 'False'
[0.547s] Level 5:colcon.colcon_core.verb:set package 'robot_bringup' build argument 'cmake_clean_first' from command line to 'False'
[0.547s] Level 5:colcon.colcon_core.verb:set package 'robot_bringup' build argument 'cmake_force_configure' from command line to 'False'
[0.547s] Level 5:colcon.colcon_core.verb:set package 'robot_bringup' build argument 'ament_cmake_args' from command line to 'None'
[0.547s] Level 5:colcon.colcon_core.verb:set package 'robot_bringup' build argument 'catkin_cmake_args' from command line to 'None'
[0.547s] Level 5:colcon.colcon_core.verb:set package 'robot_bringup' build argument 'catkin_skip_building_tests' from command line to 'False'
[0.547s] DEBUG:colcon.colcon_core.verb:Building package 'robot_bringup' with the following arguments: {'ament_cmake_args': None, 'build_base': '/home/manoj/ros/robot_ws/build/robot_bringup', 'catkin_cmake_args': None, 'catkin_skip_building_tests': False, 'cmake_args': None, 'cmake_clean_cache': False, 'cmake_clean_first': False, 'cmake_force_configure': False, 'cmake_target': None, 'cmake_target_skip_unavailable': False, 'install_base': '/home/manoj/ros/robot_ws/install/robot_bringup', 'merge_install': False, 'path': '/home/manoj/ros/robot_ws/src/robot_bringup', 'symlink_install': False, 'test_result_base': None}
[0.548s] INFO:colcon.colcon_core.executor:Executing jobs using 'parallel' executor
[0.549s] DEBUG:colcon.colcon_parallel_executor.executor.parallel:run_until_complete
[0.549s] INFO:colcon.colcon_ros.task.ament_cmake.build:Building ROS package in '/home/manoj/ros/robot_ws/src/livox_to_pointcloud2' with build type 'ament_cmake'
[0.549s] INFO:colcon.colcon_cmake.task.cmake.build:Building CMake package in '/home/manoj/ros/robot_ws/src/livox_to_pointcloud2'
[0.552s] INFO:colcon.colcon_core.plugin_system:Skipping extension 'colcon_core.shell.bat': Not used on non-Windows systems
[0.552s] INFO:colcon.colcon_core.shell:Skip shell extension 'powershell' for command environment: Not usable outside of PowerShell
[0.552s] DEBUG:colcon.colcon_core.shell:Skip shell extension 'dsv' for command environment
[0.558s] INFO:colcon.colcon_ros.task.ament_cmake.build:Building ROS package in '/home/manoj/ros/robot_ws/src/myrobot_description' with build type 'ament_cmake'
[0.558s] INFO:colcon.colcon_cmake.task.cmake.build:Building CMake package in '/home/manoj/ros/robot_ws/src/myrobot_description'
[0.558s] INFO:colcon.colcon_core.shell:Skip shell extension 'powershell' for command environment: Not usable outside of PowerShell
[0.558s] DEBUG:colcon.colcon_core.shell:Skip shell extension 'dsv' for command environment
[0.564s] INFO:colcon.colcon_ros.task.ament_cmake.build:Building ROS package in '/home/manoj/ros/robot_ws/src/pointcloud_to_laserscan' with build type 'ament_cmake'
[0.564s] INFO:colcon.colcon_cmake.task.cmake.build:Building CMake package in '/home/manoj/ros/robot_ws/src/pointcloud_to_laserscan'
[0.564s] INFO:colcon.colcon_core.shell:Skip shell extension 'powershell' for command environment: Not usable outside of PowerShell
[0.564s] DEBUG:colcon.colcon_core.shell:Skip shell extension 'dsv' for command environment
[0.570s] INFO:colcon.colcon_ros.task.ament_cmake.build:Building ROS package in '/home/manoj/ros/robot_ws/src/transform_mid360' with build type 'ament_cmake'
[0.570s] INFO:colcon.colcon_cmake.task.cmake.build:Building CMake package in '/home/manoj/ros/robot_ws/src/transform_mid360'
[0.571s] INFO:colcon.colcon_core.shell:Skip shell extension 'powershell' for command environment: Not usable outside of PowerShell
[0.571s] DEBUG:colcon.colcon_core.shell:Skip shell extension 'dsv' for command environment
[0.576s] INFO:colcon.colcon_ros.task.ament_python.build:Building ROS package in '/home/manoj/ros/robot_ws/src/base_pkg' with build type 'ament_python'
[0.576s] Level 1:colcon.colcon_core.shell:create_environment_hook('base_pkg', 'ament_prefix_path')
[0.576s] INFO:colcon.colcon_core.shell:Creating environment hook '/home/manoj/ros/robot_ws/install/base_pkg/share/base_pkg/hook/ament_prefix_path.ps1'
[0.577s] INFO:colcon.colcon_core.shell:Creating environment descriptor '/home/manoj/ros/robot_ws/install/base_pkg/share/base_pkg/hook/ament_prefix_path.dsv'
[0.578s] INFO:colcon.colcon_core.shell:Creating environment hook '/home/manoj/ros/robot_ws/install/base_pkg/share/base_pkg/hook/ament_prefix_path.sh'
[0.579s] INFO:colcon.colcon_core.shell:Skip shell extension 'powershell' for command environment: Not usable outside of PowerShell
[0.579s] DEBUG:colcon.colcon_core.shell:Skip shell extension 'dsv' for command environment
[0.585s] INFO:colcon.colcon_ros.task.ament_cmake.build:Building ROS package in '/home/manoj/ros/robot_ws/src/livox_laser_simulation_ros2' with build type 'ament_cmake'
[0.585s] INFO:colcon.colcon_cmake.task.cmake.build:Building CMake package in '/home/manoj/ros/robot_ws/src/livox_laser_simulation_ros2'
[0.585s] INFO:colcon.colcon_core.shell:Skip shell extension 'powershell' for command environment: Not usable outside of PowerShell
[0.585s] DEBUG:colcon.colcon_core.shell:Skip shell extension 'dsv' for command environment
[0.599s] DEBUG:colcon.colcon_core.event_handler.log_command:Invoking command in '/home/manoj/ros/robot_ws/build/livox_to_pointcloud2': CMAKE_PREFIX_PATH=/home/manoj/ros/robot_ws/install/robot_bringup:/home/manoj/ros/robot_ws/install/transform_mid360:/home/manoj/ros/robot_ws/install/ros2_livox_simulation:/home/manoj/ros/robot_ws/install/pointcloud_to_laserscan:/home/manoj/ros/robot_ws/install/myrobot_description:/home/manoj/ros/robot_ws/install/livox_to_pointcloud2:/home/manoj/ros/robot_ws/install/base_pkg:/opt/ros/humble:/home/manoj/ros/ws_livox/install/fast_lio:/home/manoj/ros/ws_livox/install/livox_ros_driver2 /usr/bin/cmake --build /home/manoj/ros/robot_ws/build/livox_to_pointcloud2 -- -j12 -l12
[0.603s] DEBUG:colcon.colcon_core.event_handler.log_command:Invoking command in '/home/manoj/ros/robot_ws/build/myrobot_description': CMAKE_PREFIX_PATH=/home/manoj/ros/robot_ws/install/robot_bringup:/home/manoj/ros/robot_ws/install/transform_mid360:/home/manoj/ros/robot_ws/install/ros2_livox_simulation:/home/manoj/ros/robot_ws/install/pointcloud_to_laserscan:/home/manoj/ros/robot_ws/install/myrobot_description:/home/manoj/ros/robot_ws/install/livox_to_pointcloud2:/home/manoj/ros/robot_ws/install/base_pkg:/opt/ros/humble:/home/manoj/ros/ws_livox/install/fast_lio:/home/manoj/ros/ws_livox/install/livox_ros_driver2 /usr/bin/cmake --build /home/manoj/ros/robot_ws/build/myrobot_description -- -j12 -l12
[0.606s] DEBUG:colcon.colcon_core.event_handler.log_command:Invoking command in '/home/manoj/ros/robot_ws/build/pointcloud_to_laserscan': CMAKE_PREFIX_PATH=/home/manoj/ros/robot_ws/install/robot_bringup:/home/manoj/ros/robot_ws/install/transform_mid360:/home/manoj/ros/robot_ws/install/ros2_livox_simulation:/home/manoj/ros/robot_ws/install/pointcloud_to_laserscan:/home/manoj/ros/robot_ws/install/myrobot_description:/home/manoj/ros/robot_ws/install/livox_to_pointcloud2:/home/manoj/ros/robot_ws/install/base_pkg:/opt/ros/humble:/home/manoj/ros/ws_livox/install/fast_lio:/home/manoj/ros/ws_livox/install/livox_ros_driver2 /usr/bin/cmake --build /home/manoj/ros/robot_ws/build/pointcloud_to_laserscan -- -j12 -l12
[0.609s] DEBUG:colcon.colcon_core.event_handler.log_command:Invoking command in '/home/manoj/ros/robot_ws/build/transform_mid360': CMAKE_PREFIX_PATH=/home/manoj/ros/robot_ws/install/robot_bringup:/home/manoj/ros/robot_ws/install/transform_mid360:/home/manoj/ros/robot_ws/install/ros2_livox_simulation:/home/manoj/ros/robot_ws/install/pointcloud_to_laserscan:/home/manoj/ros/robot_ws/install/myrobot_description:/home/manoj/ros/robot_ws/install/livox_to_pointcloud2:/home/manoj/ros/robot_ws/install/base_pkg:/opt/ros/humble:/home/manoj/ros/ws_livox/install/fast_lio:/home/manoj/ros/ws_livox/install/livox_ros_driver2 /usr/bin/cmake --build /home/manoj/ros/robot_ws/build/transform_mid360 -- -j12 -l12
[1.023s] INFO:colcon.colcon_core.task.python.build:Building Python package in '/home/manoj/ros/robot_ws/src/base_pkg'
[1.023s] INFO:colcon.colcon_core.shell:Skip shell extension 'powershell' for command environment: Not usable outside of PowerShell
[1.023s] DEBUG:colcon.colcon_core.shell:Skip shell extension 'dsv' for command environment
[1.037s] DEBUG:colcon.colcon_core.event_handler.log_command:Invoking command in '/home/manoj/ros/robot_ws/build/ros2_livox_simulation': CMAKE_PREFIX_PATH=/home/manoj/ros/robot_ws/install/robot_bringup:/home/manoj/ros/robot_ws/install/transform_mid360:/home/manoj/ros/robot_ws/install/ros2_livox_simulation:/home/manoj/ros/robot_ws/install/pointcloud_to_laserscan:/home/manoj/ros/robot_ws/install/myrobot_description:/home/manoj/ros/robot_ws/install/livox_to_pointcloud2:/home/manoj/ros/robot_ws/install/base_pkg:/opt/ros/humble:/home/manoj/ros/ws_livox/install/fast_lio:/home/manoj/ros/ws_livox/install/livox_ros_driver2 /usr/bin/cmake --build /home/manoj/ros/robot_ws/build/ros2_livox_simulation -- -j12 -l12
[1.037s] DEBUG:colcon.colcon_core.event_handler.log_command:Invoked command in '/home/manoj/ros/robot_ws/build/myrobot_description' returned '0': CMAKE_PREFIX_PATH=/home/manoj/ros/robot_ws/install/robot_bringup:/home/manoj/ros/robot_ws/install/transform_mid360:/home/manoj/ros/robot_ws/install/ros2_livox_simulation:/home/manoj/ros/robot_ws/install/pointcloud_to_laserscan:/home/manoj/ros/robot_ws/install/myrobot_description:/home/manoj/ros/robot_ws/install/livox_to_pointcloud2:/home/manoj/ros/robot_ws/install/base_pkg:/opt/ros/humble:/home/manoj/ros/ws_livox/install/fast_lio:/home/manoj/ros/ws_livox/install/livox_ros_driver2 /usr/bin/cmake --build /home/manoj/ros/robot_ws/build/myrobot_description -- -j12 -l12
[1.039s] DEBUG:colcon.colcon_core.event_handler.log_command:Invoked command in '/home/manoj/ros/robot_ws/build/transform_mid360' returned '0': CMAKE_PREFIX_PATH=/home/manoj/ros/robot_ws/install/robot_bringup:/home/manoj/ros/robot_ws/install/transform_mid360:/home/manoj/ros/robot_ws/install/ros2_livox_simulation:/home/manoj/ros/robot_ws/install/pointcloud_to_laserscan:/home/manoj/ros/robot_ws/install/myrobot_description:/home/manoj/ros/robot_ws/install/livox_to_pointcloud2:/home/manoj/ros/robot_ws/install/base_pkg:/opt/ros/humble:/home/manoj/ros/ws_livox/install/fast_lio:/home/manoj/ros/ws_livox/install/livox_ros_driver2 /usr/bin/cmake --build /home/manoj/ros/robot_ws/build/transform_mid360 -- -j12 -l12
[1.040s] DEBUG:colcon.colcon_core.event_handler.log_command:Invoked command in '/home/manoj/ros/robot_ws/build/livox_to_pointcloud2' returned '0': CMAKE_PREFIX_PATH=/home/manoj/ros/robot_ws/install/robot_bringup:/home/manoj/ros/robot_ws/install/transform_mid360:/home/manoj/ros/robot_ws/install/ros2_livox_simulation:/home/manoj/ros/robot_ws/install/pointcloud_to_laserscan:/home/manoj/ros/robot_ws/install/myrobot_description:/home/manoj/ros/robot_ws/install/livox_to_pointcloud2:/home/manoj/ros/robot_ws/install/base_pkg:/opt/ros/humble:/home/manoj/ros/ws_livox/install/fast_lio:/home/manoj/ros/ws_livox/install/livox_ros_driver2 /usr/bin/cmake --build /home/manoj/ros/robot_ws/build/livox_to_pointcloud2 -- -j12 -l12
[1.041s] DEBUG:colcon.colcon_core.event_handler.log_command:Invoked command in '/home/manoj/ros/robot_ws/build/pointcloud_to_laserscan' returned '0': CMAKE_PREFIX_PATH=/home/manoj/ros/robot_ws/install/robot_bringup:/home/manoj/ros/robot_ws/install/transform_mid360:/home/manoj/ros/robot_ws/install/ros2_livox_simulation:/home/manoj/ros/robot_ws/install/pointcloud_to_laserscan:/home/manoj/ros/robot_ws/install/myrobot_description:/home/manoj/ros/robot_ws/install/livox_to_pointcloud2:/home/manoj/ros/robot_ws/install/base_pkg:/opt/ros/humble:/home/manoj/ros/ws_livox/install/fast_lio:/home/manoj/ros/ws_livox/install/livox_ros_driver2 /usr/bin/cmake --build /home/manoj/ros/robot_ws/build/pointcloud_to_laserscan -- -j12 -l12
[1.073s] DEBUG:colcon.colcon_core.event_handler.log_command:Invoking command in '/home/manoj/ros/robot_ws/build/myrobot_description': CMAKE_PREFIX_PATH=/home/manoj/ros/robot_ws/install/robot_bringup:/home/manoj/ros/robot_ws/install/transform_mid360:/home/manoj/ros/robot_ws/install/ros2_livox_simulation:/home/manoj/ros/robot_ws/install/pointcloud_to_laserscan:/home/manoj/ros/robot_ws/install/myrobot_description:/home/manoj/ros/robot_ws/install/livox_to_pointcloud2:/home/manoj/ros/robot_ws/install/base_pkg:/opt/ros/humble:/home/manoj/ros/ws_livox/install/fast_lio:/home/manoj/ros/ws_livox/install/livox_ros_driver2 /usr/bin/cmake --install /home/manoj/ros/robot_ws/build/myrobot_description
[1.076s] DEBUG:colcon.colcon_core.event_handler.log_command:Invoking command in '/home/manoj/ros/robot_ws/build/transform_mid360': CMAKE_PREFIX_PATH=/home/manoj/ros/robot_ws/install/robot_bringup:/home/manoj/ros/robot_ws/install/transform_mid360:/home/manoj/ros/robot_ws/install/ros2_livox_simulation:/home/manoj/ros/robot_ws/install/pointcloud_to_laserscan:/home/manoj/ros/robot_ws/install/myrobot_description:/home/manoj/ros/robot_ws/install/livox_to_pointcloud2:/home/manoj/ros/robot_ws/install/base_pkg:/opt/ros/humble:/home/manoj/ros/ws_livox/install/fast_lio:/home/manoj/ros/ws_livox/install/livox_ros_driver2 /usr/bin/cmake --install /home/manoj/ros/robot_ws/build/transform_mid360
[1.080s] DEBUG:colcon.colcon_core.event_handler.log_command:Invoking command in '/home/manoj/ros/robot_ws/build/livox_to_pointcloud2': CMAKE_PREFIX_PATH=/home/manoj/ros/robot_ws/install/robot_bringup:/home/manoj/ros/robot_ws/install/transform_mid360:/home/manoj/ros/robot_ws/install/ros2_livox_simulation:/home/manoj/ros/robot_ws/install/pointcloud_to_laserscan:/home/manoj/ros/robot_ws/install/myrobot_description:/home/manoj/ros/robot_ws/install/livox_to_pointcloud2:/home/manoj/ros/robot_ws/install/base_pkg:/opt/ros/humble:/home/manoj/ros/ws_livox/install/fast_lio:/home/manoj/ros/ws_livox/install/livox_ros_driver2 /usr/bin/cmake --install /home/manoj/ros/robot_ws/build/livox_to_pointcloud2
[1.084s] DEBUG:colcon.colcon_core.event_handler.log_command:Invoking command in '/home/manoj/ros/robot_ws/build/pointcloud_to_laserscan': CMAKE_PREFIX_PATH=/home/manoj/ros/robot_ws/install/robot_bringup:/home/manoj/ros/robot_ws/install/transform_mid360:/home/manoj/ros/robot_ws/install/ros2_livox_simulation:/home/manoj/ros/robot_ws/install/pointcloud_to_laserscan:/home/manoj/ros/robot_ws/install/myrobot_description:/home/manoj/ros/robot_ws/install/livox_to_pointcloud2:/home/manoj/ros/robot_ws/install/base_pkg:/opt/ros/humble:/home/manoj/ros/ws_livox/install/fast_lio:/home/manoj/ros/ws_livox/install/livox_ros_driver2 /usr/bin/cmake --install /home/manoj/ros/robot_ws/build/pointcloud_to_laserscan
[1.087s] Level 1:colcon.colcon_core.environment:create_environment_scripts_only(myrobot_description)
[1.093s] DEBUG:colcon.colcon_core.event_handler.log_command:Invoked command in '/home/manoj/ros/robot_ws/build/myrobot_description' returned '0': CMAKE_PREFIX_PATH=/home/manoj/ros/robot_ws/install/robot_bringup:/home/manoj/ros/robot_ws/install/transform_mid360:/home/manoj/ros/robot_ws/install/ros2_livox_simulation:/home/manoj/ros/robot_ws/install/pointcloud_to_laserscan:/home/manoj/ros/robot_ws/install/myrobot_description:/home/manoj/ros/robot_ws/install/livox_to_pointcloud2:/home/manoj/ros/robot_ws/install/base_pkg:/opt/ros/humble:/home/manoj/ros/ws_livox/install/fast_lio:/home/manoj/ros/ws_livox/install/livox_ros_driver2 /usr/bin/cmake --install /home/manoj/ros/robot_ws/build/myrobot_description
[1.100s] Level 1:colcon.colcon_core.environment:checking '/home/manoj/ros/robot_ws/install/myrobot_description' for CMake module files
[1.101s] Level 1:colcon.colcon_core.environment:checking '/home/manoj/ros/robot_ws/install/myrobot_description' for CMake config files
[1.101s] Level 1:colcon.colcon_core.shell:create_environment_hook('myrobot_description', 'cmake_prefix_path')
[1.101s] INFO:colcon.colcon_core.shell:Creating environment hook '/home/manoj/ros/robot_ws/install/myrobot_description/share/myrobot_description/hook/cmake_prefix_path.ps1'
[1.102s] INFO:colcon.colcon_core.shell:Creating environment descriptor '/home/manoj/ros/robot_ws/install/myrobot_description/share/myrobot_description/hook/cmake_prefix_path.dsv'
[1.102s] INFO:colcon.colcon_core.shell:Creating environment hook '/home/manoj/ros/robot_ws/install/myrobot_description/share/myrobot_description/hook/cmake_prefix_path.sh'
[1.103s] Level 1:colcon.colcon_core.environment:checking '/home/manoj/ros/robot_ws/install/myrobot_description/bin'
[1.103s] Level 1:colcon.colcon_core.environment:checking '/home/manoj/ros/robot_ws/install/myrobot_description/lib/pkgconfig/myrobot_description.pc'
[1.103s] Level 1:colcon.colcon_core.environment:checking '/home/manoj/ros/robot_ws/install/myrobot_description/lib/python3.10/site-packages'
[1.104s] Level 1:colcon.colcon_core.environment:checking '/home/manoj/ros/robot_ws/install/myrobot_description/bin'
[1.104s] INFO:colcon.colcon_core.shell:Creating package script '/home/manoj/ros/robot_ws/install/myrobot_description/share/myrobot_description/package.ps1'
[1.105s] INFO:colcon.colcon_core.shell:Creating package descriptor '/home/manoj/ros/robot_ws/install/myrobot_description/share/myrobot_description/package.dsv'
[1.106s] INFO:colcon.colcon_core.shell:Creating package script '/home/manoj/ros/robot_ws/install/myrobot_description/share/myrobot_description/package.sh'
[1.106s] INFO:colcon.colcon_core.shell:Creating package script '/home/manoj/ros/robot_ws/install/myrobot_description/share/myrobot_description/package.bash'
[1.107s] INFO:colcon.colcon_core.shell:Creating package script '/home/manoj/ros/robot_ws/install/myrobot_description/share/myrobot_description/package.zsh'
[1.108s] Level 1:colcon.colcon_core.environment:create_file_with_runtime_dependencies(/home/manoj/ros/robot_ws/install/myrobot_description/share/colcon-core/packages/myrobot_description)
[1.109s] Level 1:colcon.colcon_core.environment:create_environment_scripts_only(transform_mid360)
[1.109s] Level 1:colcon.colcon_core.environment:checking '/home/manoj/ros/robot_ws/install/transform_mid360' for CMake module files
[1.110s] DEBUG:colcon.colcon_core.event_handler.log_command:Invoked command in '/home/manoj/ros/robot_ws/build/transform_mid360' returned '0': CMAKE_PREFIX_PATH=/home/manoj/ros/robot_ws/install/robot_bringup:/home/manoj/ros/robot_ws/install/transform_mid360:/home/manoj/ros/robot_ws/install/ros2_livox_simulation:/home/manoj/ros/robot_ws/install/pointcloud_to_laserscan:/home/manoj/ros/robot_ws/install/myrobot_description:/home/manoj/ros/robot_ws/install/livox_to_pointcloud2:/home/manoj/ros/robot_ws/install/base_pkg:/opt/ros/humble:/home/manoj/ros/ws_livox/install/fast_lio:/home/manoj/ros/ws_livox/install/livox_ros_driver2 /usr/bin/cmake --install /home/manoj/ros/robot_ws/build/transform_mid360
[1.110s] Level 1:colcon.colcon_core.environment:checking '/home/manoj/ros/robot_ws/install/transform_mid360' for CMake config files
[1.111s] Level 1:colcon.colcon_core.shell:create_environment_hook('transform_mid360', 'cmake_prefix_path')
[1.111s] INFO:colcon.colcon_core.shell:Creating environment hook '/home/manoj/ros/robot_ws/install/transform_mid360/share/transform_mid360/hook/cmake_prefix_path.ps1'
[1.111s] INFO:colcon.colcon_core.shell:Creating environment descriptor '/home/manoj/ros/robot_ws/install/transform_mid360/share/transform_mid360/hook/cmake_prefix_path.dsv'
[1.112s] INFO:colcon.colcon_core.shell:Creating environment hook '/home/manoj/ros/robot_ws/install/transform_mid360/share/transform_mid360/hook/cmake_prefix_path.sh'
[1.112s] Level 1:colcon.colcon_core.environment:checking '/home/manoj/ros/robot_ws/install/transform_mid360/bin'
[1.112s] Level 1:colcon.colcon_core.environment:checking '/home/manoj/ros/robot_ws/install/transform_mid360/lib/pkgconfig/transform_mid360.pc'
[1.113s] Level 1:colcon.colcon_core.environment:checking '/home/manoj/ros/robot_ws/install/transform_mid360/lib/python3.10/site-packages'
[1.113s] Level 1:colcon.colcon_core.environment:checking '/home/manoj/ros/robot_ws/install/transform_mid360/bin'
[1.113s] INFO:colcon.colcon_core.shell:Creating package script '/home/manoj/ros/robot_ws/install/transform_mid360/share/transform_mid360/package.ps1'
[1.114s] INFO:colcon.colcon_core.shell:Creating package descriptor '/home/manoj/ros/robot_ws/install/transform_mid360/share/transform_mid360/package.dsv'
[1.114s] INFO:colcon.colcon_core.shell:Creating package script '/home/manoj/ros/robot_ws/install/transform_mid360/share/transform_mid360/package.sh'
[1.115s] INFO:colcon.colcon_core.shell:Creating package script '/home/manoj/ros/robot_ws/install/transform_mid360/share/transform_mid360/package.bash'
[1.115s] INFO:colcon.colcon_core.shell:Creating package script '/home/manoj/ros/robot_ws/install/transform_mid360/share/transform_mid360/package.zsh'
[1.115s] Level 1:colcon.colcon_core.environment:create_file_with_runtime_dependencies(/home/manoj/ros/robot_ws/install/transform_mid360/share/colcon-core/packages/transform_mid360)
[1.117s] Level 1:colcon.colcon_core.environment:create_environment_scripts_only(pointcloud_to_laserscan)
[1.118s] DEBUG:colcon.colcon_core.event_handler.log_command:Invoked command in '/home/manoj/ros/robot_ws/build/pointcloud_to_laserscan' returned '0': CMAKE_PREFIX_PATH=/home/manoj/ros/robot_ws/install/robot_bringup:/home/manoj/ros/robot_ws/install/transform_mid360:/home/manoj/ros/robot_ws/install/ros2_livox_simulation:/home/manoj/ros/robot_ws/install/pointcloud_to_laserscan:/home/manoj/ros/robot_ws/install/myrobot_description:/home/manoj/ros/robot_ws/install/livox_to_pointcloud2:/home/manoj/ros/robot_ws/install/base_pkg:/opt/ros/humble:/home/manoj/ros/ws_livox/install/fast_lio:/home/manoj/ros/ws_livox/install/livox_ros_driver2 /usr/bin/cmake --install /home/manoj/ros/robot_ws/build/pointcloud_to_laserscan
[1.118s] Level 1:colcon.colcon_core.environment:checking '/home/manoj/ros/robot_ws/install/pointcloud_to_laserscan' for CMake module files
[1.119s] Level 1:colcon.colcon_core.environment:checking '/home/manoj/ros/robot_ws/install/pointcloud_to_laserscan' for CMake config files
[1.120s] Level 1:colcon.colcon_core.shell:create_environment_hook('pointcloud_to_laserscan', 'cmake_prefix_path')
[1.120s] INFO:colcon.colcon_core.shell:Creating environment hook '/home/manoj/ros/robot_ws/install/pointcloud_to_laserscan/share/pointcloud_to_laserscan/hook/cmake_prefix_path.ps1'
[1.121s] INFO:colcon.colcon_core.shell:Creating environment descriptor '/home/manoj/ros/robot_ws/install/pointcloud_to_laserscan/share/pointcloud_to_laserscan/hook/cmake_prefix_path.dsv'
[1.121s] INFO:colcon.colcon_core.shell:Creating environment hook '/home/manoj/ros/robot_ws/install/pointcloud_to_laserscan/share/pointcloud_to_laserscan/hook/cmake_prefix_path.sh'
[1.122s] Level 1:colcon.colcon_core.environment:checking '/home/manoj/ros/robot_ws/install/pointcloud_to_laserscan/lib'
[1.122s] Level 1:colcon.colcon_core.shell:create_environment_hook('pointcloud_to_laserscan', 'ld_library_path_lib')
[1.122s] INFO:colcon.colcon_core.shell:Creating environment hook '/home/manoj/ros/robot_ws/install/pointcloud_to_laserscan/share/pointcloud_to_laserscan/hook/ld_library_path_lib.ps1'
[1.123s] INFO:colcon.colcon_core.shell:Creating environment descriptor '/home/manoj/ros/robot_ws/install/pointcloud_to_laserscan/share/pointcloud_to_laserscan/hook/ld_library_path_lib.dsv'
[1.123s] INFO:colcon.colcon_core.shell:Creating environment hook '/home/manoj/ros/robot_ws/install/pointcloud_to_laserscan/share/pointcloud_to_laserscan/hook/ld_library_path_lib.sh'
[1.123s] Level 1:colcon.colcon_core.environment:checking '/home/manoj/ros/robot_ws/install/pointcloud_to_laserscan/bin'
[1.124s] Level 1:colcon.colcon_core.environment:checking '/home/manoj/ros/robot_ws/install/pointcloud_to_laserscan/lib/pkgconfig/pointcloud_to_laserscan.pc'
[1.124s] Level 1:colcon.colcon_core.environment:checking '/home/manoj/ros/robot_ws/install/pointcloud_to_laserscan/lib/python3.10/site-packages'
[1.124s] Level 1:colcon.colcon_core.environment:checking '/home/manoj/ros/robot_ws/install/pointcloud_to_laserscan/bin'
[1.125s] INFO:colcon.colcon_core.shell:Creating package script '/home/manoj/ros/robot_ws/install/pointcloud_to_laserscan/share/pointcloud_to_laserscan/package.ps1'
[1.125s] INFO:colcon.colcon_core.shell:Creating package descriptor '/home/manoj/ros/robot_ws/install/pointcloud_to_laserscan/share/pointcloud_to_laserscan/package.dsv'
[1.126s] INFO:colcon.colcon_core.shell:Creating package script '/home/manoj/ros/robot_ws/install/pointcloud_to_laserscan/share/pointcloud_to_laserscan/package.sh'
[1.126s] INFO:colcon.colcon_core.shell:Creating package script '/home/manoj/ros/robot_ws/install/pointcloud_to_laserscan/share/pointcloud_to_laserscan/package.bash'
[1.127s] INFO:colcon.colcon_core.shell:Creating package script '/home/manoj/ros/robot_ws/install/pointcloud_to_laserscan/share/pointcloud_to_laserscan/package.zsh'
[1.127s] Level 1:colcon.colcon_core.environment:create_file_with_runtime_dependencies(/home/manoj/ros/robot_ws/install/pointcloud_to_laserscan/share/colcon-core/packages/pointcloud_to_laserscan)
[1.129s] Level 1:colcon.colcon_core.environment:create_environment_scripts_only(livox_to_pointcloud2)
[1.129s] Level 1:colcon.colcon_core.environment:checking '/home/manoj/ros/robot_ws/install/livox_to_pointcloud2' for CMake module files
[1.130s] Level 1:colcon.colcon_core.environment:checking '/home/manoj/ros/robot_ws/install/livox_to_pointcloud2' for CMake config files
[1.130s] Level 1:colcon.colcon_core.shell:create_environment_hook('livox_to_pointcloud2', 'cmake_prefix_path')
[1.130s] INFO:colcon.colcon_core.shell:Creating environment hook '/home/manoj/ros/robot_ws/install/livox_to_pointcloud2/share/livox_to_pointcloud2/hook/cmake_prefix_path.ps1'
[1.131s] DEBUG:colcon.colcon_core.event_handler.log_command:Invoked command in '/home/manoj/ros/robot_ws/build/livox_to_pointcloud2' returned '0': CMAKE_PREFIX_PATH=/home/manoj/ros/robot_ws/install/robot_bringup:/home/manoj/ros/robot_ws/install/transform_mid360:/home/manoj/ros/robot_ws/install/ros2_livox_simulation:/home/manoj/ros/robot_ws/install/pointcloud_to_laserscan:/home/manoj/ros/robot_ws/install/myrobot_description:/home/manoj/ros/robot_ws/install/livox_to_pointcloud2:/home/manoj/ros/robot_ws/install/base_pkg:/opt/ros/humble:/home/manoj/ros/ws_livox/install/fast_lio:/home/manoj/ros/ws_livox/install/livox_ros_driver2 /usr/bin/cmake --install /home/manoj/ros/robot_ws/build/livox_to_pointcloud2
[1.131s] INFO:colcon.colcon_core.shell:Creating environment descriptor '/home/manoj/ros/robot_ws/install/livox_to_pointcloud2/share/livox_to_pointcloud2/hook/cmake_prefix_path.dsv'
[1.132s] INFO:colcon.colcon_core.shell:Creating environment hook '/home/manoj/ros/robot_ws/install/livox_to_pointcloud2/share/livox_to_pointcloud2/hook/cmake_prefix_path.sh'
[1.132s] Level 1:colcon.colcon_core.environment:checking '/home/manoj/ros/robot_ws/install/livox_to_pointcloud2/lib'
[1.133s] Level 1:colcon.colcon_core.environment:checking '/home/manoj/ros/robot_ws/install/livox_to_pointcloud2/bin'
[1.133s] Level 1:colcon.colcon_core.environment:checking '/home/manoj/ros/robot_ws/install/livox_to_pointcloud2/lib/pkgconfig/livox_to_pointcloud2.pc'
[1.133s] Level 1:colcon.colcon_core.environment:checking '/home/manoj/ros/robot_ws/install/livox_to_pointcloud2/lib/python3.10/site-packages'
[1.133s] Level 1:colcon.colcon_core.environment:checking '/home/manoj/ros/robot_ws/install/livox_to_pointcloud2/bin'
[1.134s] INFO:colcon.colcon_core.shell:Creating package script '/home/manoj/ros/robot_ws/install/livox_to_pointcloud2/share/livox_to_pointcloud2/package.ps1'
[1.134s] INFO:colcon.colcon_core.shell:Creating package descriptor '/home/manoj/ros/robot_ws/install/livox_to_pointcloud2/share/livox_to_pointcloud2/package.dsv'
[1.135s] INFO:colcon.colcon_core.shell:Creating package script '/home/manoj/ros/robot_ws/install/livox_to_pointcloud2/share/livox_to_pointcloud2/package.sh'
[1.135s] INFO:colcon.colcon_core.shell:Creating package script '/home/manoj/ros/robot_ws/install/livox_to_pointcloud2/share/livox_to_pointcloud2/package.bash'
[1.135s] INFO:colcon.colcon_core.shell:Creating package script '/home/manoj/ros/robot_ws/install/livox_to_pointcloud2/share/livox_to_pointcloud2/package.zsh'
[1.136s] Level 1:colcon.colcon_core.environment:create_file_with_runtime_dependencies(/home/manoj/ros/robot_ws/install/livox_to_pointcloud2/share/colcon-core/packages/livox_to_pointcloud2)
[1.139s] Level 1:colcon.colcon_core.environment:create_environment_scripts_only(myrobot_description)
[1.139s] Level 1:colcon.colcon_core.environment:checking '/home/manoj/ros/robot_ws/install/myrobot_description' for CMake module files
[1.140s] Level 1:colcon.colcon_core.environment:checking '/home/manoj/ros/robot_ws/install/myrobot_description' for CMake config files
[1.140s] Level 1:colcon.colcon_core.shell:create_environment_hook('myrobot_description', 'cmake_prefix_path')
[1.140s] INFO:colcon.colcon_core.shell:Creating environment hook '/home/manoj/ros/robot_ws/install/myrobot_description/share/myrobot_description/hook/cmake_prefix_path.ps1'
[1.141s] INFO:colcon.colcon_core.shell:Creating environment descriptor '/home/manoj/ros/robot_ws/install/myrobot_description/share/myrobot_description/hook/cmake_prefix_path.dsv'
[1.141s] INFO:colcon.colcon_core.shell:Creating environment hook '/home/manoj/ros/robot_ws/install/myrobot_description/share/myrobot_description/hook/cmake_prefix_path.sh'
[1.142s] Level 1:colcon.colcon_core.environment:checking '/home/manoj/ros/robot_ws/install/myrobot_description/bin'
[1.142s] Level 1:colcon.colcon_core.environment:checking '/home/manoj/ros/robot_ws/install/myrobot_description/lib/pkgconfig/myrobot_description.pc'
[1.142s] Level 1:colcon.colcon_core.environment:checking '/home/manoj/ros/robot_ws/install/myrobot_description/lib/python3.10/site-packages'
[1.142s] Level 1:colcon.colcon_core.environment:checking '/home/manoj/ros/robot_ws/install/myrobot_description/bin'
[1.143s] INFO:colcon.colcon_core.shell:Creating package script '/home/manoj/ros/robot_ws/install/myrobot_description/share/myrobot_description/package.ps1'
[1.143s] INFO:colcon.colcon_core.shell:Creating package descriptor '/home/manoj/ros/robot_ws/install/myrobot_description/share/myrobot_description/package.dsv'
[1.144s] INFO:colcon.colcon_core.shell:Creating package script '/home/manoj/ros/robot_ws/install/myrobot_description/share/myrobot_description/package.sh'
[1.144s] INFO:colcon.colcon_core.shell:Creating package script '/home/manoj/ros/robot_ws/install/myrobot_description/share/myrobot_description/package.bash'
[1.145s] INFO:colcon.colcon_core.shell:Creating package script '/home/manoj/ros/robot_ws/install/myrobot_description/share/myrobot_description/package.zsh'
[1.145s] Level 1:colcon.colcon_core.environment:create_file_with_runtime_dependencies(/home/manoj/ros/robot_ws/install/myrobot_description/share/colcon-core/packages/myrobot_description)
[1.146s] Level 1:colcon.colcon_core.environment:create_environment_scripts_only(transform_mid360)
[1.146s] Level 1:colcon.colcon_core.environment:checking '/home/manoj/ros/robot_ws/install/transform_mid360' for CMake module files
[1.147s] Level 1:colcon.colcon_core.environment:checking '/home/manoj/ros/robot_ws/install/transform_mid360' for CMake config files
[1.147s] Level 1:colcon.colcon_core.shell:create_environment_hook('transform_mid360', 'cmake_prefix_path')
[1.147s] INFO:colcon.colcon_core.shell:Creating environment hook '/home/manoj/ros/robot_ws/install/transform_mid360/share/transform_mid360/hook/cmake_prefix_path.ps1'
[1.148s] INFO:colcon.colcon_core.shell:Creating environment descriptor '/home/manoj/ros/robot_ws/install/transform_mid360/share/transform_mid360/hook/cmake_prefix_path.dsv'
[1.148s] INFO:colcon.colcon_core.shell:Creating environment hook '/home/manoj/ros/robot_ws/install/transform_mid360/share/transform_mid360/hook/cmake_prefix_path.sh'
[1.149s] Level 1:colcon.colcon_core.environment:checking '/home/manoj/ros/robot_ws/install/transform_mid360/bin'
[1.149s] Level 1:colcon.colcon_core.environment:checking '/home/manoj/ros/robot_ws/install/transform_mid360/lib/pkgconfig/transform_mid360.pc'
[1.149s] Level 1:colcon.colcon_core.environment:checking '/home/manoj/ros/robot_ws/install/transform_mid360/lib/python3.10/site-packages'
[1.149s] Level 1:colcon.colcon_core.environment:checking '/home/manoj/ros/robot_ws/install/transform_mid360/bin'
[1.150s] INFO:colcon.colcon_core.shell:Creating package script '/home/manoj/ros/robot_ws/install/transform_mid360/share/transform_mid360/package.ps1'
[1.151s] INFO:colcon.colcon_core.shell:Creating package descriptor '/home/manoj/ros/robot_ws/install/transform_mid360/share/transform_mid360/package.dsv'
[1.152s] INFO:colcon.colcon_core.shell:Creating package script '/home/manoj/ros/robot_ws/install/transform_mid360/share/transform_mid360/package.sh'
[1.152s] INFO:colcon.colcon_core.shell:Creating package script '/home/manoj/ros/robot_ws/install/transform_mid360/share/transform_mid360/package.bash'
[1.153s] INFO:colcon.colcon_core.shell:Creating package script '/home/manoj/ros/robot_ws/install/transform_mid360/share/transform_mid360/package.zsh'
[1.153s] Level 1:colcon.colcon_core.environment:create_file_with_runtime_dependencies(/home/manoj/ros/robot_ws/install/transform_mid360/share/colcon-core/packages/transform_mid360)
[1.157s] DEBUG:colcon.colcon_core.event_handler.log_command:Invoked command in '/home/manoj/ros/robot_ws/build/ros2_livox_simulation' returned '0': CMAKE_PREFIX_PATH=/home/manoj/ros/robot_ws/install/robot_bringup:/home/manoj/ros/robot_ws/install/transform_mid360:/home/manoj/ros/robot_ws/install/ros2_livox_simulation:/home/manoj/ros/robot_ws/install/pointcloud_to_laserscan:/home/manoj/ros/robot_ws/install/myrobot_description:/home/manoj/ros/robot_ws/install/livox_to_pointcloud2:/home/manoj/ros/robot_ws/install/base_pkg:/opt/ros/humble:/home/manoj/ros/ws_livox/install/fast_lio:/home/manoj/ros/ws_livox/install/livox_ros_driver2 /usr/bin/cmake --build /home/manoj/ros/robot_ws/build/ros2_livox_simulation -- -j12 -l12
[1.168s] Level 1:colcon.colcon_core.environment:create_environment_scripts_only(pointcloud_to_laserscan)
[1.169s] Level 1:colcon.colcon_core.environment:checking '/home/manoj/ros/robot_ws/install/pointcloud_to_laserscan' for CMake module files
[1.169s] Level 1:colcon.colcon_core.environment:checking '/home/manoj/ros/robot_ws/install/pointcloud_to_laserscan' for CMake config files
[1.170s] Level 1:colcon.colcon_core.shell:create_environment_hook('pointcloud_to_laserscan', 'cmake_prefix_path')
[1.170s] INFO:colcon.colcon_core.shell:Creating environment hook '/home/manoj/ros/robot_ws/install/pointcloud_to_laserscan/share/pointcloud_to_laserscan/hook/cmake_prefix_path.ps1'
[1.171s] INFO:colcon.colcon_core.shell:Creating environment descriptor '/home/manoj/ros/robot_ws/install/pointcloud_to_laserscan/share/pointcloud_to_laserscan/hook/cmake_prefix_path.dsv'
[1.171s] INFO:colcon.colcon_core.shell:Creating environment hook '/home/manoj/ros/robot_ws/install/pointcloud_to_laserscan/share/pointcloud_to_laserscan/hook/cmake_prefix_path.sh'
[1.172s] Level 1:colcon.colcon_core.environment:checking '/home/manoj/ros/robot_ws/install/pointcloud_to_laserscan/lib'
[1.172s] Level 1:colcon.colcon_core.shell:create_environment_hook('pointcloud_to_laserscan', 'ld_library_path_lib')
[1.172s] INFO:colcon.colcon_core.shell:Creating environment hook '/home/manoj/ros/robot_ws/install/pointcloud_to_laserscan/share/pointcloud_to_laserscan/hook/ld_library_path_lib.ps1'
[1.172s] INFO:colcon.colcon_core.shell:Creating environment descriptor '/home/manoj/ros/robot_ws/install/pointcloud_to_laserscan/share/pointcloud_to_laserscan/hook/ld_library_path_lib.dsv'
[1.173s] INFO:colcon.colcon_core.shell:Creating environment hook '/home/manoj/ros/robot_ws/install/pointcloud_to_laserscan/share/pointcloud_to_laserscan/hook/ld_library_path_lib.sh'
[1.173s] Level 1:colcon.colcon_core.environment:checking '/home/manoj/ros/robot_ws/install/pointcloud_to_laserscan/bin'
[1.173s] Level 1:colcon.colcon_core.environment:checking '/home/manoj/ros/robot_ws/install/pointcloud_to_laserscan/lib/pkgconfig/pointcloud_to_laserscan.pc'
[1.174s] Level 1:colcon.colcon_core.environment:checking '/home/manoj/ros/robot_ws/install/pointcloud_to_laserscan/lib/python3.10/site-packages'
[1.174s] Level 1:colcon.colcon_core.environment:checking '/home/manoj/ros/robot_ws/install/pointcloud_to_laserscan/bin'
[1.174s] INFO:colcon.colcon_core.shell:Creating package script '/home/manoj/ros/robot_ws/install/pointcloud_to_laserscan/share/pointcloud_to_laserscan/package.ps1'
[1.175s] INFO:colcon.colcon_core.shell:Creating package descriptor '/home/manoj/ros/robot_ws/install/pointcloud_to_laserscan/share/pointcloud_to_laserscan/package.dsv'
[1.176s] INFO:colcon.colcon_core.shell:Creating package script '/home/manoj/ros/robot_ws/install/pointcloud_to_laserscan/share/pointcloud_to_laserscan/package.sh'
[1.176s] INFO:colcon.colcon_core.shell:Creating package script '/home/manoj/ros/robot_ws/install/pointcloud_to_laserscan/share/pointcloud_to_laserscan/package.bash'
[1.177s] INFO:colcon.colcon_core.shell:Creating package script '/home/manoj/ros/robot_ws/install/pointcloud_to_laserscan/share/pointcloud_to_laserscan/package.zsh'
[1.177s] Level 1:colcon.colcon_core.environment:create_file_with_runtime_dependencies(/home/manoj/ros/robot_ws/install/pointcloud_to_laserscan/share/colcon-core/packages/pointcloud_to_laserscan)
[1.178s] Level 1:colcon.colcon_core.environment:create_environment_scripts_only(livox_to_pointcloud2)
[1.179s] Level 1:colcon.colcon_core.environment:checking '/home/manoj/ros/robot_ws/install/livox_to_pointcloud2' for CMake module files
[1.179s] Level 1:colcon.colcon_core.environment:checking '/home/manoj/ros/robot_ws/install/livox_to_pointcloud2' for CMake config files
[1.180s] Level 1:colcon.colcon_core.shell:create_environment_hook('livox_to_pointcloud2', 'cmake_prefix_path')
[1.180s] INFO:colcon.colcon_core.shell:Creating environment hook '/home/manoj/ros/robot_ws/install/livox_to_pointcloud2/share/livox_to_pointcloud2/hook/cmake_prefix_path.ps1'
[1.180s] INFO:colcon.colcon_core.shell:Creating environment descriptor '/home/manoj/ros/robot_ws/install/livox_to_pointcloud2/share/livox_to_pointcloud2/hook/cmake_prefix_path.dsv'
[1.181s] INFO:colcon.colcon_core.shell:Creating environment hook '/home/manoj/ros/robot_ws/install/livox_to_pointcloud2/share/livox_to_pointcloud2/hook/cmake_prefix_path.sh'
[1.181s] Level 1:colcon.colcon_core.environment:checking '/home/manoj/ros/robot_ws/install/livox_to_pointcloud2/lib'
[1.182s] Level 1:colcon.colcon_core.environment:checking '/home/manoj/ros/robot_ws/install/livox_to_pointcloud2/bin'
[1.182s] Level 1:colcon.colcon_core.environment:checking '/home/manoj/ros/robot_ws/install/livox_to_pointcloud2/lib/pkgconfig/livox_to_pointcloud2.pc'
[1.182s] Level 1:colcon.colcon_core.environment:checking '/home/manoj/ros/robot_ws/install/livox_to_pointcloud2/lib/python3.10/site-packages'
[1.183s] Level 1:colcon.colcon_core.environment:checking '/home/manoj/ros/robot_ws/install/livox_to_pointcloud2/bin'
[1.183s] INFO:colcon.colcon_core.shell:Creating package script '/home/manoj/ros/robot_ws/install/livox_to_pointcloud2/share/livox_to_pointcloud2/package.ps1'
[1.184s] INFO:colcon.colcon_core.shell:Creating package descriptor '/home/manoj/ros/robot_ws/install/livox_to_pointcloud2/share/livox_to_pointcloud2/package.dsv'
[1.184s] INFO:colcon.colcon_core.shell:Creating package script '/home/manoj/ros/robot_ws/install/livox_to_pointcloud2/share/livox_to_pointcloud2/package.sh'
[1.185s] INFO:colcon.colcon_core.shell:Creating package script '/home/manoj/ros/robot_ws/install/livox_to_pointcloud2/share/livox_to_pointcloud2/package.bash'
[1.185s] INFO:colcon.colcon_core.shell:Creating package script '/home/manoj/ros/robot_ws/install/livox_to_pointcloud2/share/livox_to_pointcloud2/package.zsh'
[1.186s] Level 1:colcon.colcon_core.environment:create_file_with_runtime_dependencies(/home/manoj/ros/robot_ws/install/livox_to_pointcloud2/share/colcon-core/packages/livox_to_pointcloud2)
[1.186s] INFO:colcon.colcon_ros.task.ament_cmake.build:Building ROS package in '/home/manoj/ros/robot_ws/src/robot_bringup' with build type 'ament_cmake'
[1.187s] INFO:colcon.colcon_cmake.task.cmake.build:Building CMake package in '/home/manoj/ros/robot_ws/src/robot_bringup'
[1.187s] INFO:colcon.colcon_core.shell:Skip shell extension 'powershell' for command environment: Not usable outside of PowerShell
[1.187s] DEBUG:colcon.colcon_core.shell:Skip shell extension 'dsv' for command environment
[1.195s] DEBUG:colcon.colcon_core.event_handler.log_command:Invoking command in '/home/manoj/ros/robot_ws/build/ros2_livox_simulation': CMAKE_PREFIX_PATH=/home/manoj/ros/robot_ws/install/robot_bringup:/home/manoj/ros/robot_ws/install/transform_mid360:/home/manoj/ros/robot_ws/install/ros2_livox_simulation:/home/manoj/ros/robot_ws/install/pointcloud_to_laserscan:/home/manoj/ros/robot_ws/install/myrobot_description:/home/manoj/ros/robot_ws/install/livox_to_pointcloud2:/home/manoj/ros/robot_ws/install/base_pkg:/opt/ros/humble:/home/manoj/ros/ws_livox/install/fast_lio:/home/manoj/ros/ws_livox/install/livox_ros_driver2 /usr/bin/cmake --install /home/manoj/ros/robot_ws/build/ros2_livox_simulation
[1.202s] DEBUG:colcon.colcon_core.event_handler.log_command:Invoking command in '/home/manoj/ros/robot_ws/build/robot_bringup': CMAKE_PREFIX_PATH=/home/manoj/ros/robot_ws/install/transform_mid360:/home/manoj/ros/robot_ws/install/pointcloud_to_laserscan:/home/manoj/ros/robot_ws/install/myrobot_description:/home/manoj/ros/robot_ws/install/livox_to_pointcloud2:/home/manoj/ros/robot_ws/install/robot_bringup:/home/manoj/ros/robot_ws/install/ros2_livox_simulation:/home/manoj/ros/robot_ws/install/base_pkg:/opt/ros/humble:/home/manoj/ros/ws_livox/install/fast_lio:/home/manoj/ros/ws_livox/install/livox_ros_driver2 LD_LIBRARY_PATH=/home/manoj/ros/robot_ws/install/pointcloud_to_laserscan/lib:/home/manoj/ros/robot_ws/install/ros2_livox_simulation/lib:/home/manoj/ros/ws_livox/install/fast_lio/lib:/home/manoj/ros/ws_livox/install/livox_ros_driver2/lib:/usr/lib/x86_64-linux-gnu/gazebo-11/plugins:/opt/ros/humble/opt/rviz_ogre_vendor/lib:/opt/ros/humble/lib/x86_64-linux-gnu:/opt/ros/humble/lib:/home/manoj/ros/ws_livox/install/livox_ros_driver2/lib/:/home/manoj/ros/ws_livox/install/livox_ros_driver2/lib/ /usr/bin/cmake --build /home/manoj/ros/robot_ws/build/robot_bringup -- -j12 -l12
[1.208s] Level 1:colcon.colcon_core.environment:create_environment_scripts_only(ros2_livox_simulation)
[1.209s] Level 1:colcon.colcon_core.environment:checking '/home/manoj/ros/robot_ws/install/ros2_livox_simulation' for CMake module files
[1.210s] Level 1:colcon.colcon_core.environment:checking '/home/manoj/ros/robot_ws/install/ros2_livox_simulation' for CMake config files
[1.212s] DEBUG:colcon.colcon_core.event_handler.log_command:Invoked command in '/home/manoj/ros/robot_ws/build/ros2_livox_simulation' returned '0': CMAKE_PREFIX_PATH=/home/manoj/ros/robot_ws/install/robot_bringup:/home/manoj/ros/robot_ws/install/transform_mid360:/home/manoj/ros/robot_ws/install/ros2_livox_simulation:/home/manoj/ros/robot_ws/install/pointcloud_to_laserscan:/home/manoj/ros/robot_ws/install/myrobot_description:/home/manoj/ros/robot_ws/install/livox_to_pointcloud2:/home/manoj/ros/robot_ws/install/base_pkg:/opt/ros/humble:/home/manoj/ros/ws_livox/install/fast_lio:/home/manoj/ros/ws_livox/install/livox_ros_driver2 /usr/bin/cmake --install /home/manoj/ros/robot_ws/build/ros2_livox_simulation
[1.212s] Level 1:colcon.colcon_core.shell:create_environment_hook('ros2_livox_simulation', 'cmake_prefix_path')
[1.212s] INFO:colcon.colcon_core.shell:Creating environment hook '/home/manoj/ros/robot_ws/install/ros2_livox_simulation/share/ros2_livox_simulation/hook/cmake_prefix_path.ps1'
[1.213s] INFO:colcon.colcon_core.shell:Creating environment descriptor '/home/manoj/ros/robot_ws/install/ros2_livox_simulation/share/ros2_livox_simulation/hook/cmake_prefix_path.dsv'
[1.213s] INFO:colcon.colcon_core.shell:Creating environment hook '/home/manoj/ros/robot_ws/install/ros2_livox_simulation/share/ros2_livox_simulation/hook/cmake_prefix_path.sh'
[1.214s] Level 1:colcon.colcon_core.environment:checking '/home/manoj/ros/robot_ws/install/ros2_livox_simulation/lib'
[1.214s] Level 1:colcon.colcon_core.shell:create_environment_hook('ros2_livox_simulation', 'ld_library_path_lib')
[1.214s] INFO:colcon.colcon_core.shell:Creating environment hook '/home/manoj/ros/robot_ws/install/ros2_livox_simulation/share/ros2_livox_simulation/hook/ld_library_path_lib.ps1'
[1.215s] INFO:colcon.colcon_core.shell:Creating environment descriptor '/home/manoj/ros/robot_ws/install/ros2_livox_simulation/share/ros2_livox_simulation/hook/ld_library_path_lib.dsv'
[1.215s] INFO:colcon.colcon_core.shell:Creating environment hook '/home/manoj/ros/robot_ws/install/ros2_livox_simulation/share/ros2_livox_simulation/hook/ld_library_path_lib.sh'
[1.215s] Level 1:colcon.colcon_core.environment:checking '/home/manoj/ros/robot_ws/install/ros2_livox_simulation/bin'
[1.215s] Level 1:colcon.colcon_core.environment:checking '/home/manoj/ros/robot_ws/install/ros2_livox_simulation/lib/pkgconfig/ros2_livox_simulation.pc'
[1.216s] Level 1:colcon.colcon_core.environment:checking '/home/manoj/ros/robot_ws/install/ros2_livox_simulation/lib/python3.10/site-packages'
[1.216s] Level 1:colcon.colcon_core.environment:checking '/home/manoj/ros/robot_ws/install/ros2_livox_simulation/bin'
[1.216s] INFO:colcon.colcon_core.shell:Creating package script '/home/manoj/ros/robot_ws/install/ros2_livox_simulation/share/ros2_livox_simulation/package.ps1'
[1.217s] INFO:colcon.colcon_core.shell:Creating package descriptor '/home/manoj/ros/robot_ws/install/ros2_livox_simulation/share/ros2_livox_simulation/package.dsv'
[1.217s] INFO:colcon.colcon_core.shell:Creating package script '/home/manoj/ros/robot_ws/install/ros2_livox_simulation/share/ros2_livox_simulation/package.sh'
[1.218s] INFO:colcon.colcon_core.shell:Creating package script '/home/manoj/ros/robot_ws/install/ros2_livox_simulation/share/ros2_livox_simulation/package.bash'
[1.218s] INFO:colcon.colcon_core.shell:Creating package script '/home/manoj/ros/robot_ws/install/ros2_livox_simulation/share/ros2_livox_simulation/package.zsh'
[1.219s] Level 1:colcon.colcon_core.environment:create_file_with_runtime_dependencies(/home/manoj/ros/robot_ws/install/ros2_livox_simulation/share/colcon-core/packages/ros2_livox_simulation)
[1.241s] DEBUG:colcon.colcon_core.event_handler.log_command:Invoked command in '/home/manoj/ros/robot_ws/build/robot_bringup' returned '0': CMAKE_PREFIX_PATH=/home/manoj/ros/robot_ws/install/transform_mid360:/home/manoj/ros/robot_ws/install/pointcloud_to_laserscan:/home/manoj/ros/robot_ws/install/myrobot_description:/home/manoj/ros/robot_ws/install/livox_to_pointcloud2:/home/manoj/ros/robot_ws/install/robot_bringup:/home/manoj/ros/robot_ws/install/ros2_livox_simulation:/home/manoj/ros/robot_ws/install/base_pkg:/opt/ros/humble:/home/manoj/ros/ws_livox/install/fast_lio:/home/manoj/ros/ws_livox/install/livox_ros_driver2 LD_LIBRARY_PATH=/home/manoj/ros/robot_ws/install/pointcloud_to_laserscan/lib:/home/manoj/ros/robot_ws/install/ros2_livox_simulation/lib:/home/manoj/ros/ws_livox/install/fast_lio/lib:/home/manoj/ros/ws_livox/install/livox_ros_driver2/lib:/usr/lib/x86_64-linux-gnu/gazebo-11/plugins:/opt/ros/humble/opt/rviz_ogre_vendor/lib:/opt/ros/humble/lib/x86_64-linux-gnu:/opt/ros/humble/lib:/home/manoj/ros/ws_livox/install/livox_ros_driver2/lib/:/home/manoj/ros/ws_livox/install/livox_ros_driver2/lib/ /usr/bin/cmake --build /home/manoj/ros/robot_ws/build/robot_bringup -- -j12 -l12
[1.250s] Level 1:colcon.colcon_core.environment:create_environment_scripts_only(ros2_livox_simulation)
[1.251s] Level 1:colcon.colcon_core.environment:checking '/home/manoj/ros/robot_ws/install/ros2_livox_simulation' for CMake module files
[1.251s] Level 1:colcon.colcon_core.environment:checking '/home/manoj/ros/robot_ws/install/ros2_livox_simulation' for CMake config files
[1.252s] Level 1:colcon.colcon_core.shell:create_environment_hook('ros2_livox_simulation', 'cmake_prefix_path')
[1.252s] INFO:colcon.colcon_core.shell:Creating environment hook '/home/manoj/ros/robot_ws/install/ros2_livox_simulation/share/ros2_livox_simulation/hook/cmake_prefix_path.ps1'
[1.252s] INFO:colcon.colcon_core.shell:Creating environment descriptor '/home/manoj/ros/robot_ws/install/ros2_livox_simulation/share/ros2_livox_simulation/hook/cmake_prefix_path.dsv'
[1.253s] INFO:colcon.colcon_core.shell:Creating environment hook '/home/manoj/ros/robot_ws/install/ros2_livox_simulation/share/ros2_livox_simulation/hook/cmake_prefix_path.sh'
[1.253s] Level 1:colcon.colcon_core.environment:checking '/home/manoj/ros/robot_ws/install/ros2_livox_simulation/lib'
[1.253s] Level 1:colcon.colcon_core.shell:create_environment_hook('ros2_livox_simulation', 'ld_library_path_lib')
[1.254s] INFO:colcon.colcon_core.shell:Creating environment hook '/home/manoj/ros/robot_ws/install/ros2_livox_simulation/share/ros2_livox_simulation/hook/ld_library_path_lib.ps1'
[1.254s] INFO:colcon.colcon_core.shell:Creating environment descriptor '/home/manoj/ros/robot_ws/install/ros2_livox_simulation/share/ros2_livox_simulation/hook/ld_library_path_lib.dsv'
[1.255s] INFO:colcon.colcon_core.shell:Creating environment hook '/home/manoj/ros/robot_ws/install/ros2_livox_simulation/share/ros2_livox_simulation/hook/ld_library_path_lib.sh'
[1.255s] Level 1:colcon.colcon_core.environment:checking '/home/manoj/ros/robot_ws/install/ros2_livox_simulation/bin'
[1.255s] Level 1:colcon.colcon_core.environment:checking '/home/manoj/ros/robot_ws/install/ros2_livox_simulation/lib/pkgconfig/ros2_livox_simulation.pc'
[1.256s] Level 1:colcon.colcon_core.environment:checking '/home/manoj/ros/robot_ws/install/ros2_livox_simulation/lib/python3.10/site-packages'
[1.256s] Level 1:colcon.colcon_core.environment:checking '/home/manoj/ros/robot_ws/install/ros2_livox_simulation/bin'
[1.256s] INFO:colcon.colcon_core.shell:Creating package script '/home/manoj/ros/robot_ws/install/ros2_livox_simulation/share/ros2_livox_simulation/package.ps1'
[1.258s] INFO:colcon.colcon_core.shell:Creating package descriptor '/home/manoj/ros/robot_ws/install/ros2_livox_simulation/share/ros2_livox_simulation/package.dsv'
[1.258s] INFO:colcon.colcon_core.shell:Creating package script '/home/manoj/ros/robot_ws/install/ros2_livox_simulation/share/ros2_livox_simulation/package.sh'
[1.259s] INFO:colcon.colcon_core.shell:Creating package script '/home/manoj/ros/robot_ws/install/ros2_livox_simulation/share/ros2_livox_simulation/package.bash'
[1.260s] INFO:colcon.colcon_core.shell:Creating package script '/home/manoj/ros/robot_ws/install/ros2_livox_simulation/share/ros2_livox_simulation/package.zsh'
[1.260s] Level 1:colcon.colcon_core.environment:create_file_with_runtime_dependencies(/home/manoj/ros/robot_ws/install/ros2_livox_simulation/share/colcon-core/packages/ros2_livox_simulation)
[1.267s] DEBUG:colcon.colcon_core.event_handler.log_command:Invoking command in '/home/manoj/ros/robot_ws/build/robot_bringup': CMAKE_PREFIX_PATH=/home/manoj/ros/robot_ws/install/transform_mid360:/home/manoj/ros/robot_ws/install/pointcloud_to_laserscan:/home/manoj/ros/robot_ws/install/myrobot_description:/home/manoj/ros/robot_ws/install/livox_to_pointcloud2:/home/manoj/ros/robot_ws/install/robot_bringup:/home/manoj/ros/robot_ws/install/ros2_livox_simulation:/home/manoj/ros/robot_ws/install/base_pkg:/opt/ros/humble:/home/manoj/ros/ws_livox/install/fast_lio:/home/manoj/ros/ws_livox/install/livox_ros_driver2 LD_LIBRARY_PATH=/home/manoj/ros/robot_ws/install/pointcloud_to_laserscan/lib:/home/manoj/ros/robot_ws/install/ros2_livox_simulation/lib:/home/manoj/ros/ws_livox/install/fast_lio/lib:/home/manoj/ros/ws_livox/install/livox_ros_driver2/lib:/usr/lib/x86_64-linux-gnu/gazebo-11/plugins:/opt/ros/humble/opt/rviz_ogre_vendor/lib:/opt/ros/humble/lib/x86_64-linux-gnu:/opt/ros/humble/lib:/home/manoj/ros/ws_livox/install/livox_ros_driver2/lib/:/home/manoj/ros/ws_livox/install/livox_ros_driver2/lib/ /usr/bin/cmake --install /home/manoj/ros/robot_ws/build/robot_bringup
[1.278s] Level 1:colcon.colcon_core.environment:create_environment_scripts_only(robot_bringup)
[1.279s] Level 1:colcon.colcon_core.environment:checking '/home/manoj/ros/robot_ws/install/robot_bringup' for CMake module files
[1.280s] DEBUG:colcon.colcon_core.event_handler.log_command:Invoked command in '/home/manoj/ros/robot_ws/build/robot_bringup' returned '0': CMAKE_PREFIX_PATH=/home/manoj/ros/robot_ws/install/transform_mid360:/home/manoj/ros/robot_ws/install/pointcloud_to_laserscan:/home/manoj/ros/robot_ws/install/myrobot_description:/home/manoj/ros/robot_ws/install/livox_to_pointcloud2:/home/manoj/ros/robot_ws/install/robot_bringup:/home/manoj/ros/robot_ws/install/ros2_livox_simulation:/home/manoj/ros/robot_ws/install/base_pkg:/opt/ros/humble:/home/manoj/ros/ws_livox/install/fast_lio:/home/manoj/ros/ws_livox/install/livox_ros_driver2 LD_LIBRARY_PATH=/home/manoj/ros/robot_ws/install/pointcloud_to_laserscan/lib:/home/manoj/ros/robot_ws/install/ros2_livox_simulation/lib:/home/manoj/ros/ws_livox/install/fast_lio/lib:/home/manoj/ros/ws_livox/install/livox_ros_driver2/lib:/usr/lib/x86_64-linux-gnu/gazebo-11/plugins:/opt/ros/humble/opt/rviz_ogre_vendor/lib:/opt/ros/humble/lib/x86_64-linux-gnu:/opt/ros/humble/lib:/home/manoj/ros/ws_livox/install/livox_ros_driver2/lib/:/home/manoj/ros/ws_livox/install/livox_ros_driver2/lib/ /usr/bin/cmake --install /home/manoj/ros/robot_ws/build/robot_bringup
[1.280s] Level 1:colcon.colcon_core.environment:checking '/home/manoj/ros/robot_ws/install/robot_bringup' for CMake config files
[1.280s] Level 1:colcon.colcon_core.shell:create_environment_hook('robot_bringup', 'cmake_prefix_path')
[1.280s] INFO:colcon.colcon_core.shell:Creating environment hook '/home/manoj/ros/robot_ws/install/robot_bringup/share/robot_bringup/hook/cmake_prefix_path.ps1'
[1.281s] INFO:colcon.colcon_core.shell:Creating environment descriptor '/home/manoj/ros/robot_ws/install/robot_bringup/share/robot_bringup/hook/cmake_prefix_path.dsv'
[1.281s] INFO:colcon.colcon_core.shell:Creating environment hook '/home/manoj/ros/robot_ws/install/robot_bringup/share/robot_bringup/hook/cmake_prefix_path.sh'
[1.282s] Level 1:colcon.colcon_core.environment:checking '/home/manoj/ros/robot_ws/install/robot_bringup/bin'
[1.282s] Level 1:colcon.colcon_core.environment:checking '/home/manoj/ros/robot_ws/install/robot_bringup/lib/pkgconfig/robot_bringup.pc'
[1.282s] Level 1:colcon.colcon_core.environment:checking '/home/manoj/ros/robot_ws/install/robot_bringup/lib/python3.10/site-packages'
[1.282s] Level 1:colcon.colcon_core.environment:checking '/home/manoj/ros/robot_ws/install/robot_bringup/bin'
[1.283s] INFO:colcon.colcon_core.shell:Creating package script '/home/manoj/ros/robot_ws/install/robot_bringup/share/robot_bringup/package.ps1'
[1.283s] INFO:colcon.colcon_core.shell:Creating package descriptor '/home/manoj/ros/robot_ws/install/robot_bringup/share/robot_bringup/package.dsv'
[1.284s] INFO:colcon.colcon_core.shell:Creating package script '/home/manoj/ros/robot_ws/install/robot_bringup/share/robot_bringup/package.sh'
[1.284s] INFO:colcon.colcon_core.shell:Creating package script '/home/manoj/ros/robot_ws/install/robot_bringup/share/robot_bringup/package.bash'
[1.285s] INFO:colcon.colcon_core.shell:Creating package script '/home/manoj/ros/robot_ws/install/robot_bringup/share/robot_bringup/package.zsh'
[1.285s] Level 1:colcon.colcon_core.environment:create_file_with_runtime_dependencies(/home/manoj/ros/robot_ws/install/robot_bringup/share/colcon-core/packages/robot_bringup)
[1.308s] Level 1:colcon.colcon_core.environment:create_environment_scripts_only(robot_bringup)
[1.308s] Level 1:colcon.colcon_core.environment:checking '/home/manoj/ros/robot_ws/install/robot_bringup' for CMake module files
[1.308s] Level 1:colcon.colcon_core.environment:checking '/home/manoj/ros/robot_ws/install/robot_bringup' for CMake config files
[1.309s] Level 1:colcon.colcon_core.shell:create_environment_hook('robot_bringup', 'cmake_prefix_path')
[1.309s] INFO:colcon.colcon_core.shell:Creating environment hook '/home/manoj/ros/robot_ws/install/robot_bringup/share/robot_bringup/hook/cmake_prefix_path.ps1'
[1.309s] INFO:colcon.colcon_core.shell:Creating environment descriptor '/home/manoj/ros/robot_ws/install/robot_bringup/share/robot_bringup/hook/cmake_prefix_path.dsv'
[1.310s] INFO:colcon.colcon_core.shell:Creating environment hook '/home/manoj/ros/robot_ws/install/robot_bringup/share/robot_bringup/hook/cmake_prefix_path.sh'
[1.310s] Level 1:colcon.colcon_core.environment:checking '/home/manoj/ros/robot_ws/install/robot_bringup/bin'
[1.311s] Level 1:colcon.colcon_core.environment:checking '/home/manoj/ros/robot_ws/install/robot_bringup/lib/pkgconfig/robot_bringup.pc'
[1.311s] Level 1:colcon.colcon_core.environment:checking '/home/manoj/ros/robot_ws/install/robot_bringup/lib/python3.10/site-packages'
[1.311s] Level 1:colcon.colcon_core.environment:checking '/home/manoj/ros/robot_ws/install/robot_bringup/bin'
[1.311s] INFO:colcon.colcon_core.shell:Creating package script '/home/manoj/ros/robot_ws/install/robot_bringup/share/robot_bringup/package.ps1'
[1.312s] INFO:colcon.colcon_core.shell:Creating package descriptor '/home/manoj/ros/robot_ws/install/robot_bringup/share/robot_bringup/package.dsv'
[1.312s] INFO:colcon.colcon_core.shell:Creating package script '/home/manoj/ros/robot_ws/install/robot_bringup/share/robot_bringup/package.sh'
[1.313s] INFO:colcon.colcon_core.shell:Creating package script '/home/manoj/ros/robot_ws/install/robot_bringup/share/robot_bringup/package.bash'
[1.313s] INFO:colcon.colcon_core.shell:Creating package script '/home/manoj/ros/robot_ws/install/robot_bringup/share/robot_bringup/package.zsh'
[1.314s] Level 1:colcon.colcon_core.environment:create_file_with_runtime_dependencies(/home/manoj/ros/robot_ws/install/robot_bringup/share/colcon-core/packages/robot_bringup)
[1.600s] DEBUG:colcon.colcon_core.event_handler.log_command:Invoking command in '/home/manoj/ros/robot_ws/src/base_pkg': PYTHONPATH=/home/manoj/ros/robot_ws/build/base_pkg/prefix_override:/usr/lib/python3/dist-packages/colcon_core/task/python/colcon_distutils_commands:/home/manoj/ros/robot_ws/install/base_pkg/lib/python3.10/site-packages:${PYTHONPATH} /usr/bin/python3 -W ignore:setup.py install is deprecated setup.py egg_info --egg-base ../../build/base_pkg build --build-base /home/manoj/ros/robot_ws/build/base_pkg/build install --record /home/manoj/ros/robot_ws/build/base_pkg/install.log --single-version-externally-managed install_data
[2.051s] Level 1:colcon.colcon_core.environment:checking '/home/manoj/ros/robot_ws/install/base_pkg' for CMake module files
[2.052s] DEBUG:colcon.colcon_core.event_handler.log_command:Invoked command in '/home/manoj/ros/robot_ws/src/base_pkg' returned '0': PYTHONPATH=/home/manoj/ros/robot_ws/build/base_pkg/prefix_override:/usr/lib/python3/dist-packages/colcon_core/task/python/colcon_distutils_commands:/home/manoj/ros/robot_ws/install/base_pkg/lib/python3.10/site-packages:${PYTHONPATH} /usr/bin/python3 -W ignore:setup.py install is deprecated setup.py egg_info --egg-base ../../build/base_pkg build --build-base /home/manoj/ros/robot_ws/build/base_pkg/build install --record /home/manoj/ros/robot_ws/build/base_pkg/install.log --single-version-externally-managed install_data
[2.052s] Level 1:colcon.colcon_core.environment:checking '/home/manoj/ros/robot_ws/install/base_pkg' for CMake config files
[2.053s] Level 1:colcon.colcon_core.environment:checking '/home/manoj/ros/robot_ws/install/base_pkg/lib'
[2.053s] Level 1:colcon.colcon_core.environment:checking '/home/manoj/ros/robot_ws/install/base_pkg/bin'
[2.053s] Level 1:colcon.colcon_core.environment:checking '/home/manoj/ros/robot_ws/install/base_pkg/lib/pkgconfig/base_pkg.pc'
[2.053s] Level 1:colcon.colcon_core.environment:checking '/home/manoj/ros/robot_ws/install/base_pkg/lib/python3.10/site-packages'
[2.053s] Level 1:colcon.colcon_core.shell:create_environment_hook('base_pkg', 'pythonpath')
[2.054s] INFO:colcon.colcon_core.shell:Creating environment hook '/home/manoj/ros/robot_ws/install/base_pkg/share/base_pkg/hook/pythonpath.ps1'
[2.054s] INFO:colcon.colcon_core.shell:Creating environment descriptor '/home/manoj/ros/robot_ws/install/base_pkg/share/base_pkg/hook/pythonpath.dsv'
[2.054s] INFO:colcon.colcon_core.shell:Creating environment hook '/home/manoj/ros/robot_ws/install/base_pkg/share/base_pkg/hook/pythonpath.sh'
[2.055s] Level 1:colcon.colcon_core.environment:checking '/home/manoj/ros/robot_ws/install/base_pkg/bin'
[2.055s] Level 1:colcon.colcon_core.environment:create_environment_scripts_only(base_pkg)
[2.056s] INFO:colcon.colcon_core.shell:Creating package script '/home/manoj/ros/robot_ws/install/base_pkg/share/base_pkg/package.ps1'
[2.056s] INFO:colcon.colcon_core.shell:Creating package descriptor '/home/manoj/ros/robot_ws/install/base_pkg/share/base_pkg/package.dsv'
[2.057s] INFO:colcon.colcon_core.shell:Creating package script '/home/manoj/ros/robot_ws/install/base_pkg/share/base_pkg/package.sh'
[2.057s] INFO:colcon.colcon_core.shell:Creating package script '/home/manoj/ros/robot_ws/install/base_pkg/share/base_pkg/package.bash'
[2.058s] INFO:colcon.colcon_core.shell:Creating package script '/home/manoj/ros/robot_ws/install/base_pkg/share/base_pkg/package.zsh'
[2.058s] Level 1:colcon.colcon_core.environment:create_file_with_runtime_dependencies(/home/manoj/ros/robot_ws/install/base_pkg/share/colcon-core/packages/base_pkg)
[2.058s] DEBUG:colcon.colcon_parallel_executor.executor.parallel:closing loop
[2.059s] DEBUG:colcon.colcon_parallel_executor.executor.parallel:loop closed
[2.059s] DEBUG:colcon.colcon_parallel_executor.executor.parallel:run_until_complete finished with '0'
[2.059s] DEBUG:colcon.colcon_core.event_reactor:joining thread
[2.066s] INFO:colcon.colcon_core.plugin_system:Skipping extension 'colcon_notification.desktop_notification.terminal_notifier': Not used on non-Darwin systems
[2.066s] INFO:colcon.colcon_core.plugin_system:Skipping extension 'colcon_notification.desktop_notification.win32': Not used on non-Windows systems
[2.066s] INFO:colcon.colcon_notification.desktop_notification:Sending desktop notification using 'notify2'
[2.079s] DEBUG:colcon.colcon_core.event_reactor:joined thread
[2.079s] INFO:colcon.colcon_core.shell:Creating prefix script '/home/manoj/ros/robot_ws/install/local_setup.ps1'
[2.080s] INFO:colcon.colcon_core.shell:Creating prefix util module '/home/manoj/ros/robot_ws/install/_local_setup_util_ps1.py'
[2.082s] INFO:colcon.colcon_core.shell:Creating prefix chain script '/home/manoj/ros/robot_ws/install/setup.ps1'
[2.084s] INFO:colcon.colcon_core.shell:Creating prefix script '/home/manoj/ros/robot_ws/install/local_setup.sh'
[2.084s] INFO:colcon.colcon_core.shell:Creating prefix util module '/home/manoj/ros/robot_ws/install/_local_setup_util_sh.py'
[2.085s] INFO:colcon.colcon_core.shell:Creating prefix chain script '/home/manoj/ros/robot_ws/install/setup.sh'
[2.086s] INFO:colcon.colcon_core.shell:Creating prefix script '/home/manoj/ros/robot_ws/install/local_setup.bash'
[2.087s] INFO:colcon.colcon_core.shell:Creating prefix chain script '/home/manoj/ros/robot_ws/install/setup.bash'
[2.089s] INFO:colcon.colcon_core.shell:Creating prefix script '/home/manoj/ros/robot_ws/install/local_setup.zsh'
[2.089s] INFO:colcon.colcon_core.shell:Creating prefix chain script '/home/manoj/ros/robot_ws/install/setup.zsh'
