[0.508s] Invoking command in '/home/manoj/ros/robot_ws/build/nav2_costmap_filters_demo': CMAKE_PREFIX_PATH=/opt/ros/humble /usr/bin/cmake /home/manoj/ros/robot_ws/src/navigation2_tutorials/nav2_costmap_filters_demo -DCMAKE_INSTALL_PREFIX=/home/manoj/ros/robot_ws/install/nav2_costmap_filters_demo
[0.978s] -- The C compiler identification is GNU 11.4.0
[0.978s] -- The CXX compiler identification is GNU 11.4.0
[0.978s] -- Detecting C compiler ABI info
[0.978s] -- Detecting C compiler ABI info - done
[0.979s] -- Check for working C compiler: /usr/bin/cc - skipped
[0.979s] -- Detecting C compile features
[0.979s] -- Detecting C compile features - done
[0.979s] -- Detecting CXX compiler ABI info
[0.979s] -- Detecting CXX compiler ABI info - done
[0.979s] -- Check for working CXX compiler: /usr/bin/c++ - skipped
[0.980s] -- Detecting CXX compile features
[0.980s] -- Detecting CXX compile features - done
[0.980s] -- Found ament_cmake: 1.3.10 (/opt/ros/humble/share/ament_cmake/cmake)
[1.218s] -- Found Python3: /usr/bin/python3 (found version "3.10.12") found components: Interpreter 
[1.538s] -- Configuring done
[1.543s] -- Generating done
[1.545s] -- Build files have been written to: /home/manoj/ros/robot_ws/build/nav2_costmap_filters_demo
[1.552s] Invoked command in '/home/manoj/ros/robot_ws/build/nav2_costmap_filters_demo' returned '0': CMAKE_PREFIX_PATH=/opt/ros/humble /usr/bin/cmake /home/manoj/ros/robot_ws/src/navigation2_tutorials/nav2_costmap_filters_demo -DCMAKE_INSTALL_PREFIX=/home/manoj/ros/robot_ws/install/nav2_costmap_filters_demo
[1.554s] Invoking command in '/home/manoj/ros/robot_ws/build/nav2_costmap_filters_demo': CMAKE_PREFIX_PATH=/opt/ros/humble /usr/bin/cmake --build /home/manoj/ros/robot_ws/build/nav2_costmap_filters_demo -- -j12 -l12
[1.616s] Invoked command in '/home/manoj/ros/robot_ws/build/nav2_costmap_filters_demo' returned '0': CMAKE_PREFIX_PATH=/opt/ros/humble /usr/bin/cmake --build /home/manoj/ros/robot_ws/build/nav2_costmap_filters_demo -- -j12 -l12
[1.651s] Invoking command in '/home/manoj/ros/robot_ws/build/nav2_costmap_filters_demo': CMAKE_PREFIX_PATH=/opt/ros/humble /usr/bin/cmake --install /home/manoj/ros/robot_ws/build/nav2_costmap_filters_demo
[1.664s] -- Install configuration: ""
[1.664s] -- Installing: /home/manoj/ros/robot_ws/install/nav2_costmap_filters_demo/share/nav2_costmap_filters_demo/launch
[1.665s] -- Installing: /home/manoj/ros/robot_ws/install/nav2_costmap_filters_demo/share/nav2_costmap_filters_demo/launch/costmap_filter_info.launch.py
[1.665s] -- Installing: /home/manoj/ros/robot_ws/install/nav2_costmap_filters_demo/share/nav2_costmap_filters_demo/maps
[1.665s] -- Installing: /home/manoj/ros/robot_ws/install/nav2_costmap_filters_demo/share/nav2_costmap_filters_demo/maps/keepout_mask.yaml
[1.665s] -- Installing: /home/manoj/ros/robot_ws/install/nav2_costmap_filters_demo/share/nav2_costmap_filters_demo/maps/keepout_mask.pgm
[1.665s] -- Installing: /home/manoj/ros/robot_ws/install/nav2_costmap_filters_demo/share/nav2_costmap_filters_demo/maps/speed_mask.yaml
[1.665s] -- Installing: /home/manoj/ros/robot_ws/install/nav2_costmap_filters_demo/share/nav2_costmap_filters_demo/maps/speed_mask.pgm
[1.665s] -- Installing: /home/manoj/ros/robot_ws/install/nav2_costmap_filters_demo/share/nav2_costmap_filters_demo/params
[1.665s] -- Installing: /home/manoj/ros/robot_ws/install/nav2_costmap_filters_demo/share/nav2_costmap_filters_demo/params/speed_params.yaml
[1.666s] -- Installing: /home/manoj/ros/robot_ws/install/nav2_costmap_filters_demo/share/nav2_costmap_filters_demo/params/keepout_params.yaml
[1.666s] -- Installing: /home/manoj/ros/robot_ws/install/nav2_costmap_filters_demo/share/ament_index/resource_index/package_run_dependencies/nav2_costmap_filters_demo
[1.666s] -- Installing: /home/manoj/ros/robot_ws/install/nav2_costmap_filters_demo/share/ament_index/resource_index/parent_prefix_path/nav2_costmap_filters_demo
[1.666s] -- Installing: /home/manoj/ros/robot_ws/install/nav2_costmap_filters_demo/share/nav2_costmap_filters_demo/environment/ament_prefix_path.sh
[1.667s] -- Installing: /home/manoj/ros/robot_ws/install/nav2_costmap_filters_demo/share/nav2_costmap_filters_demo/environment/ament_prefix_path.dsv
[1.667s] -- Installing: /home/manoj/ros/robot_ws/install/nav2_costmap_filters_demo/share/nav2_costmap_filters_demo/environment/path.sh
[1.667s] -- Installing: /home/manoj/ros/robot_ws/install/nav2_costmap_filters_demo/share/nav2_costmap_filters_demo/environment/path.dsv
[1.667s] -- Installing: /home/manoj/ros/robot_ws/install/nav2_costmap_filters_demo/share/nav2_costmap_filters_demo/local_setup.bash
[1.668s] -- Installing: /home/manoj/ros/robot_ws/install/nav2_costmap_filters_demo/share/nav2_costmap_filters_demo/local_setup.sh
[1.668s] -- Installing: /home/manoj/ros/robot_ws/install/nav2_costmap_filters_demo/share/nav2_costmap_filters_demo/local_setup.zsh
[1.668s] -- Installing: /home/manoj/ros/robot_ws/install/nav2_costmap_filters_demo/share/nav2_costmap_filters_demo/local_setup.dsv
[1.669s] -- Installing: /home/manoj/ros/robot_ws/install/nav2_costmap_filters_demo/share/nav2_costmap_filters_demo/package.dsv
[1.669s] -- Installing: /home/manoj/ros/robot_ws/install/nav2_costmap_filters_demo/share/ament_index/resource_index/packages/nav2_costmap_filters_demo
[1.669s] -- Installing: /home/manoj/ros/robot_ws/install/nav2_costmap_filters_demo/share/nav2_costmap_filters_demo/cmake/nav2_costmap_filters_demoConfig.cmake
[1.670s] -- Installing: /home/manoj/ros/robot_ws/install/nav2_costmap_filters_demo/share/nav2_costmap_filters_demo/cmake/nav2_costmap_filters_demoConfig-version.cmake
[1.670s] -- Installing: /home/manoj/ros/robot_ws/install/nav2_costmap_filters_demo/share/nav2_costmap_filters_demo/package.xml
[1.674s] Invoked command in '/home/manoj/ros/robot_ws/build/nav2_costmap_filters_demo' returned '0': CMAKE_PREFIX_PATH=/opt/ros/humble /usr/bin/cmake --install /home/manoj/ros/robot_ws/build/nav2_costmap_filters_demo
