[0.167s] DEBUG:colcon:Command line arguments: ['/usr/bin/colcon', 'build']
[0.168s] DEBUG:colcon:Parsed command line arguments: Namespace(log_base=None, log_level=None, verb_name='build', build_base='build', install_base='install', merge_install=False, symlink_install=False, test_result_base=None, continue_on_error=False, executor='parallel', parallel_workers=12, event_handlers=None, ignore_user_meta=False, metas=['./colcon.meta'], base_paths=['.'], packages_ignore=None, packages_ignore_regex=None, paths=None, packages_up_to=None, packages_up_to_regex=None, packages_above=None, packages_above_and_dependencies=None, packages_above_depth=None, packages_select_by_dep=None, packages_skip_by_dep=None, packages_skip_up_to=None, packages_select_build_failed=False, packages_skip_build_finished=False, packages_select_test_failures=False, packages_skip_test_passed=False, packages_select=None, packages_skip=None, packages_select_regex=None, packages_skip_regex=None, packages_start=None, packages_end=None, allow_overriding=[], cmake_args=None, cmake_target=None, cmake_target_skip_unavailable=False, cmake_clean_cache=False, cmake_clean_first=False, cmake_force_configure=False, ament_cmake_args=None, catkin_cmake_args=None, catkin_skip_building_tests=False, verb_parser=<colcon_defaults.argument_parser.defaults.DefaultArgumentsDecorator object at 0x77a237a4e5c0>, verb_extension=<colcon_core.verb.build.BuildVerb object at 0x77a237a4e140>, main=<bound method BuildVerb.main of <colcon_core.verb.build.BuildVerb object at 0x77a237a4e140>>)
[0.450s] Level 1:colcon.colcon_core.package_discovery:discover_packages(colcon_meta) check parameters
[0.450s] Level 1:colcon.colcon_core.package_discovery:discover_packages(recursive) check parameters
[0.450s] Level 1:colcon.colcon_core.package_discovery:discover_packages(ignore) check parameters
[0.450s] Level 1:colcon.colcon_core.package_discovery:discover_packages(path) check parameters
[0.450s] Level 1:colcon.colcon_core.package_discovery:discover_packages(colcon_meta) discover
[0.450s] Level 1:colcon.colcon_core.package_discovery:discover_packages(recursive) discover
[0.450s] INFO:colcon.colcon_core.package_discovery:Crawling recursively for packages in '/home/manoj/ros/robot_ws'
[0.450s] Level 1:colcon.colcon_core.package_identification:_identify(.) by extensions ['ignore', 'ignore_ament_install']
[0.451s] Level 1:colcon.colcon_core.package_identification:_identify(.) by extension 'ignore'
[0.451s] Level 1:colcon.colcon_core.package_identification:_identify(.) by extension 'ignore_ament_install'
[0.451s] Level 1:colcon.colcon_core.package_identification:_identify(.) by extensions ['colcon_pkg']
[0.451s] Level 1:colcon.colcon_core.package_identification:_identify(.) by extension 'colcon_pkg'
[0.451s] Level 1:colcon.colcon_core.package_identification:_identify(.) by extensions ['colcon_meta']
[0.451s] Level 1:colcon.colcon_core.package_identification:_identify(.) by extension 'colcon_meta'
[0.451s] Level 1:colcon.colcon_core.package_identification:_identify(.) by extensions ['ros']
[0.451s] Level 1:colcon.colcon_core.package_identification:_identify(.) by extension 'ros'
[0.466s] Level 1:colcon.colcon_core.package_identification:_identify(.) by extensions ['cmake', 'python']
[0.466s] Level 1:colcon.colcon_core.package_identification:_identify(.) by extension 'cmake'
[0.466s] Level 1:colcon.colcon_core.package_identification:_identify(.) by extension 'python'
[0.466s] Level 1:colcon.colcon_core.package_identification:_identify(.) by extensions ['python_setup_py']
[0.466s] Level 1:colcon.colcon_core.package_identification:_identify(.) by extension 'python_setup_py'
[0.466s] Level 1:colcon.colcon_core.package_identification:_identify(build) by extensions ['ignore', 'ignore_ament_install']
[0.466s] Level 1:colcon.colcon_core.package_identification:_identify(build) by extension 'ignore'
[0.466s] Level 1:colcon.colcon_core.package_identification:_identify(build) ignored
[0.467s] Level 1:colcon.colcon_core.package_identification:_identify(install) by extensions ['ignore', 'ignore_ament_install']
[0.467s] Level 1:colcon.colcon_core.package_identification:_identify(install) by extension 'ignore'
[0.467s] Level 1:colcon.colcon_core.package_identification:_identify(install) ignored
[0.467s] Level 1:colcon.colcon_core.package_identification:_identify(log) by extensions ['ignore', 'ignore_ament_install']
[0.467s] Level 1:colcon.colcon_core.package_identification:_identify(log) by extension 'ignore'
[0.467s] Level 1:colcon.colcon_core.package_identification:_identify(log) ignored
[0.467s] Level 1:colcon.colcon_core.package_identification:_identify(src) by extensions ['ignore', 'ignore_ament_install']
[0.467s] Level 1:colcon.colcon_core.package_identification:_identify(src) by extension 'ignore'
[0.467s] Level 1:colcon.colcon_core.package_identification:_identify(src) by extension 'ignore_ament_install'
[0.468s] Level 1:colcon.colcon_core.package_identification:_identify(src) by extensions ['colcon_pkg']
[0.468s] Level 1:colcon.colcon_core.package_identification:_identify(src) by extension 'colcon_pkg'
[0.468s] Level 1:colcon.colcon_core.package_identification:_identify(src) by extensions ['colcon_meta']
[0.468s] Level 1:colcon.colcon_core.package_identification:_identify(src) by extension 'colcon_meta'
[0.468s] Level 1:colcon.colcon_core.package_identification:_identify(src) by extensions ['ros']
[0.468s] Level 1:colcon.colcon_core.package_identification:_identify(src) by extension 'ros'
[0.468s] Level 1:colcon.colcon_core.package_identification:_identify(src) by extensions ['cmake', 'python']
[0.468s] Level 1:colcon.colcon_core.package_identification:_identify(src) by extension 'cmake'
[0.468s] Level 1:colcon.colcon_core.package_identification:_identify(src) by extension 'python'
[0.468s] Level 1:colcon.colcon_core.package_identification:_identify(src) by extensions ['python_setup_py']
[0.468s] Level 1:colcon.colcon_core.package_identification:_identify(src) by extension 'python_setup_py'
[0.468s] Level 1:colcon.colcon_core.package_identification:_identify(src/base_pkg) by extensions ['ignore', 'ignore_ament_install']
[0.468s] Level 1:colcon.colcon_core.package_identification:_identify(src/base_pkg) by extension 'ignore'
[0.468s] Level 1:colcon.colcon_core.package_identification:_identify(src/base_pkg) by extension 'ignore_ament_install'
[0.469s] Level 1:colcon.colcon_core.package_identification:_identify(src/base_pkg) by extensions ['colcon_pkg']
[0.469s] Level 1:colcon.colcon_core.package_identification:_identify(src/base_pkg) by extension 'colcon_pkg'
[0.469s] Level 1:colcon.colcon_core.package_identification:_identify(src/base_pkg) by extensions ['colcon_meta']
[0.469s] Level 1:colcon.colcon_core.package_identification:_identify(src/base_pkg) by extension 'colcon_meta'
[0.469s] Level 1:colcon.colcon_core.package_identification:_identify(src/base_pkg) by extensions ['ros']
[0.469s] Level 1:colcon.colcon_core.package_identification:_identify(src/base_pkg) by extension 'ros'
[0.474s] DEBUG:colcon.colcon_core.package_identification:Package 'src/base_pkg' with type 'ros.ament_python' and name 'base_pkg'
[0.474s] Level 1:colcon.colcon_core.package_identification:_identify(src/livox_laser_simulation_ros2) by extensions ['ignore', 'ignore_ament_install']
[0.475s] Level 1:colcon.colcon_core.package_identification:_identify(src/livox_laser_simulation_ros2) by extension 'ignore'
[0.475s] Level 1:colcon.colcon_core.package_identification:_identify(src/livox_laser_simulation_ros2) by extension 'ignore_ament_install'
[0.475s] Level 1:colcon.colcon_core.package_identification:_identify(src/livox_laser_simulation_ros2) by extensions ['colcon_pkg']
[0.475s] Level 1:colcon.colcon_core.package_identification:_identify(src/livox_laser_simulation_ros2) by extension 'colcon_pkg'
[0.475s] Level 1:colcon.colcon_core.package_identification:_identify(src/livox_laser_simulation_ros2) by extensions ['colcon_meta']
[0.475s] Level 1:colcon.colcon_core.package_identification:_identify(src/livox_laser_simulation_ros2) by extension 'colcon_meta'
[0.475s] Level 1:colcon.colcon_core.package_identification:_identify(src/livox_laser_simulation_ros2) by extensions ['ros']
[0.475s] Level 1:colcon.colcon_core.package_identification:_identify(src/livox_laser_simulation_ros2) by extension 'ros'
[0.477s] DEBUG:colcon.colcon_core.package_identification:Package 'src/livox_laser_simulation_ros2' with type 'ros.ament_cmake' and name 'ros2_livox_simulation'
[0.477s] Level 1:colcon.colcon_core.package_identification:_identify(src/livox_to_pointcloud2) by extensions ['ignore', 'ignore_ament_install']
[0.477s] Level 1:colcon.colcon_core.package_identification:_identify(src/livox_to_pointcloud2) by extension 'ignore'
[0.477s] Level 1:colcon.colcon_core.package_identification:_identify(src/livox_to_pointcloud2) by extension 'ignore_ament_install'
[0.477s] Level 1:colcon.colcon_core.package_identification:_identify(src/livox_to_pointcloud2) by extensions ['colcon_pkg']
[0.477s] Level 1:colcon.colcon_core.package_identification:_identify(src/livox_to_pointcloud2) by extension 'colcon_pkg'
[0.478s] Level 1:colcon.colcon_core.package_identification:_identify(src/livox_to_pointcloud2) by extensions ['colcon_meta']
[0.478s] Level 1:colcon.colcon_core.package_identification:_identify(src/livox_to_pointcloud2) by extension 'colcon_meta'
[0.478s] Level 1:colcon.colcon_core.package_identification:_identify(src/livox_to_pointcloud2) by extensions ['ros']
[0.478s] Level 1:colcon.colcon_core.package_identification:_identify(src/livox_to_pointcloud2) by extension 'ros'
[0.479s] DEBUG:colcon.colcon_core.package_identification:Package 'src/livox_to_pointcloud2' with type 'ros.ament_cmake' and name 'livox_to_pointcloud2'
[0.479s] Level 1:colcon.colcon_core.package_identification:_identify(src/myrobot_description) by extensions ['ignore', 'ignore_ament_install']
[0.479s] Level 1:colcon.colcon_core.package_identification:_identify(src/myrobot_description) by extension 'ignore'
[0.479s] Level 1:colcon.colcon_core.package_identification:_identify(src/myrobot_description) by extension 'ignore_ament_install'
[0.479s] Level 1:colcon.colcon_core.package_identification:_identify(src/myrobot_description) by extensions ['colcon_pkg']
[0.479s] Level 1:colcon.colcon_core.package_identification:_identify(src/myrobot_description) by extension 'colcon_pkg'
[0.480s] Level 1:colcon.colcon_core.package_identification:_identify(src/myrobot_description) by extensions ['colcon_meta']
[0.480s] Level 1:colcon.colcon_core.package_identification:_identify(src/myrobot_description) by extension 'colcon_meta'
[0.480s] Level 1:colcon.colcon_core.package_identification:_identify(src/myrobot_description) by extensions ['ros']
[0.480s] Level 1:colcon.colcon_core.package_identification:_identify(src/myrobot_description) by extension 'ros'
[0.481s] DEBUG:colcon.colcon_core.package_identification:Package 'src/myrobot_description' with type 'ros.ament_cmake' and name 'myrobot_description'
[0.481s] Level 1:colcon.colcon_core.package_identification:_identify(src/pointcloud_to_laserscan) by extensions ['ignore', 'ignore_ament_install']
[0.481s] Level 1:colcon.colcon_core.package_identification:_identify(src/pointcloud_to_laserscan) by extension 'ignore'
[0.481s] Level 1:colcon.colcon_core.package_identification:_identify(src/pointcloud_to_laserscan) by extension 'ignore_ament_install'
[0.481s] Level 1:colcon.colcon_core.package_identification:_identify(src/pointcloud_to_laserscan) by extensions ['colcon_pkg']
[0.481s] Level 1:colcon.colcon_core.package_identification:_identify(src/pointcloud_to_laserscan) by extension 'colcon_pkg'
[0.481s] Level 1:colcon.colcon_core.package_identification:_identify(src/pointcloud_to_laserscan) by extensions ['colcon_meta']
[0.481s] Level 1:colcon.colcon_core.package_identification:_identify(src/pointcloud_to_laserscan) by extension 'colcon_meta'
[0.481s] Level 1:colcon.colcon_core.package_identification:_identify(src/pointcloud_to_laserscan) by extensions ['ros']
[0.482s] Level 1:colcon.colcon_core.package_identification:_identify(src/pointcloud_to_laserscan) by extension 'ros'
[0.483s] DEBUG:colcon.colcon_core.package_identification:Package 'src/pointcloud_to_laserscan' with type 'ros.ament_cmake' and name 'pointcloud_to_laserscan'
[0.483s] Level 1:colcon.colcon_core.package_identification:_identify(src/robot_bringup) by extensions ['ignore', 'ignore_ament_install']
[0.484s] Level 1:colcon.colcon_core.package_identification:_identify(src/robot_bringup) by extension 'ignore'
[0.484s] Level 1:colcon.colcon_core.package_identification:_identify(src/robot_bringup) by extension 'ignore_ament_install'
[0.484s] Level 1:colcon.colcon_core.package_identification:_identify(src/robot_bringup) by extensions ['colcon_pkg']
[0.484s] Level 1:colcon.colcon_core.package_identification:_identify(src/robot_bringup) by extension 'colcon_pkg'
[0.484s] Level 1:colcon.colcon_core.package_identification:_identify(src/robot_bringup) by extensions ['colcon_meta']
[0.484s] Level 1:colcon.colcon_core.package_identification:_identify(src/robot_bringup) by extension 'colcon_meta'
[0.484s] Level 1:colcon.colcon_core.package_identification:_identify(src/robot_bringup) by extensions ['ros']
[0.484s] Level 1:colcon.colcon_core.package_identification:_identify(src/robot_bringup) by extension 'ros'
[0.485s] DEBUG:colcon.colcon_core.package_identification:Package 'src/robot_bringup' with type 'ros.ament_cmake' and name 'robot_bringup'
[0.485s] Level 1:colcon.colcon_core.package_identification:_identify(src/transform_mid360) by extensions ['ignore', 'ignore_ament_install']
[0.485s] Level 1:colcon.colcon_core.package_identification:_identify(src/transform_mid360) by extension 'ignore'
[0.485s] Level 1:colcon.colcon_core.package_identification:_identify(src/transform_mid360) by extension 'ignore_ament_install'
[0.485s] Level 1:colcon.colcon_core.package_identification:_identify(src/transform_mid360) by extensions ['colcon_pkg']
[0.485s] Level 1:colcon.colcon_core.package_identification:_identify(src/transform_mid360) by extension 'colcon_pkg'
[0.485s] Level 1:colcon.colcon_core.package_identification:_identify(src/transform_mid360) by extensions ['colcon_meta']
[0.485s] Level 1:colcon.colcon_core.package_identification:_identify(src/transform_mid360) by extension 'colcon_meta'
[0.485s] Level 1:colcon.colcon_core.package_identification:_identify(src/transform_mid360) by extensions ['ros']
[0.485s] Level 1:colcon.colcon_core.package_identification:_identify(src/transform_mid360) by extension 'ros'
[0.486s] DEBUG:colcon.colcon_core.package_identification:Package 'src/transform_mid360' with type 'ros.ament_cmake' and name 'transform_mid360'
[0.486s] Level 1:colcon.colcon_core.package_discovery:discover_packages(recursive) using defaults
[0.486s] Level 1:colcon.colcon_core.package_discovery:discover_packages(ignore) discover
[0.486s] Level 1:colcon.colcon_core.package_discovery:discover_packages(ignore) using defaults
[0.486s] Level 1:colcon.colcon_core.package_discovery:discover_packages(path) discover
[0.486s] Level 1:colcon.colcon_core.package_discovery:discover_packages(path) using defaults
[0.516s] Level 1:colcon.colcon_core.package_discovery:discover_packages(prefix_path) check parameters
[0.516s] Level 1:colcon.colcon_core.package_discovery:discover_packages(prefix_path) discover
[0.521s] DEBUG:colcon.colcon_installed_package_information.package_discovery:Found 7 installed packages in /home/manoj/ros/robot_ws/install
[0.521s] DEBUG:colcon.colcon_installed_package_information.package_discovery:Found 2 installed packages in /home/manoj/ros/ws_livox/install
[0.524s] DEBUG:colcon.colcon_installed_package_information.package_discovery:Found 393 installed packages in /opt/ros/humble
[0.527s] Level 1:colcon.colcon_core.package_discovery:discover_packages(prefix_path) using defaults
[0.613s] Level 5:colcon.colcon_core.verb:set package 'base_pkg' build argument 'cmake_args' from command line to 'None'
[0.613s] Level 5:colcon.colcon_core.verb:set package 'base_pkg' build argument 'cmake_target' from command line to 'None'
[0.613s] Level 5:colcon.colcon_core.verb:set package 'base_pkg' build argument 'cmake_target_skip_unavailable' from command line to 'False'
[0.613s] Level 5:colcon.colcon_core.verb:set package 'base_pkg' build argument 'cmake_clean_cache' from command line to 'False'
[0.613s] Level 5:colcon.colcon_core.verb:set package 'base_pkg' build argument 'cmake_clean_first' from command line to 'False'
[0.613s] Level 5:colcon.colcon_core.verb:set package 'base_pkg' build argument 'cmake_force_configure' from command line to 'False'
[0.613s] Level 5:colcon.colcon_core.verb:set package 'base_pkg' build argument 'ament_cmake_args' from command line to 'None'
[0.613s] Level 5:colcon.colcon_core.verb:set package 'base_pkg' build argument 'catkin_cmake_args' from command line to 'None'
[0.613s] Level 5:colcon.colcon_core.verb:set package 'base_pkg' build argument 'catkin_skip_building_tests' from command line to 'False'
[0.613s] DEBUG:colcon.colcon_core.verb:Building package 'base_pkg' with the following arguments: {'ament_cmake_args': None, 'build_base': '/home/manoj/ros/robot_ws/build/base_pkg', 'catkin_cmake_args': None, 'catkin_skip_building_tests': False, 'cmake_args': None, 'cmake_clean_cache': False, 'cmake_clean_first': False, 'cmake_force_configure': False, 'cmake_target': None, 'cmake_target_skip_unavailable': False, 'install_base': '/home/manoj/ros/robot_ws/install/base_pkg', 'merge_install': False, 'path': '/home/manoj/ros/robot_ws/src/base_pkg', 'symlink_install': False, 'test_result_base': None}
[0.614s] Level 5:colcon.colcon_core.verb:set package 'livox_to_pointcloud2' build argument 'cmake_args' from command line to 'None'
[0.614s] Level 5:colcon.colcon_core.verb:set package 'livox_to_pointcloud2' build argument 'cmake_target' from command line to 'None'
[0.614s] Level 5:colcon.colcon_core.verb:set package 'livox_to_pointcloud2' build argument 'cmake_target_skip_unavailable' from command line to 'False'
[0.614s] Level 5:colcon.colcon_core.verb:set package 'livox_to_pointcloud2' build argument 'cmake_clean_cache' from command line to 'False'
[0.614s] Level 5:colcon.colcon_core.verb:set package 'livox_to_pointcloud2' build argument 'cmake_clean_first' from command line to 'False'
[0.614s] Level 5:colcon.colcon_core.verb:set package 'livox_to_pointcloud2' build argument 'cmake_force_configure' from command line to 'False'
[0.614s] Level 5:colcon.colcon_core.verb:set package 'livox_to_pointcloud2' build argument 'ament_cmake_args' from command line to 'None'
[0.614s] Level 5:colcon.colcon_core.verb:set package 'livox_to_pointcloud2' build argument 'catkin_cmake_args' from command line to 'None'
[0.614s] Level 5:colcon.colcon_core.verb:set package 'livox_to_pointcloud2' build argument 'catkin_skip_building_tests' from command line to 'False'
[0.614s] DEBUG:colcon.colcon_core.verb:Building package 'livox_to_pointcloud2' with the following arguments: {'ament_cmake_args': None, 'build_base': '/home/manoj/ros/robot_ws/build/livox_to_pointcloud2', 'catkin_cmake_args': None, 'catkin_skip_building_tests': False, 'cmake_args': None, 'cmake_clean_cache': False, 'cmake_clean_first': False, 'cmake_force_configure': False, 'cmake_target': None, 'cmake_target_skip_unavailable': False, 'install_base': '/home/manoj/ros/robot_ws/install/livox_to_pointcloud2', 'merge_install': False, 'path': '/home/manoj/ros/robot_ws/src/livox_to_pointcloud2', 'symlink_install': False, 'test_result_base': None}
[0.614s] Level 5:colcon.colcon_core.verb:set package 'myrobot_description' build argument 'cmake_args' from command line to 'None'
[0.614s] Level 5:colcon.colcon_core.verb:set package 'myrobot_description' build argument 'cmake_target' from command line to 'None'
[0.614s] Level 5:colcon.colcon_core.verb:set package 'myrobot_description' build argument 'cmake_target_skip_unavailable' from command line to 'False'
[0.615s] Level 5:colcon.colcon_core.verb:set package 'myrobot_description' build argument 'cmake_clean_cache' from command line to 'False'
[0.615s] Level 5:colcon.colcon_core.verb:set package 'myrobot_description' build argument 'cmake_clean_first' from command line to 'False'
[0.615s] Level 5:colcon.colcon_core.verb:set package 'myrobot_description' build argument 'cmake_force_configure' from command line to 'False'
[0.615s] Level 5:colcon.colcon_core.verb:set package 'myrobot_description' build argument 'ament_cmake_args' from command line to 'None'
[0.615s] Level 5:colcon.colcon_core.verb:set package 'myrobot_description' build argument 'catkin_cmake_args' from command line to 'None'
[0.615s] Level 5:colcon.colcon_core.verb:set package 'myrobot_description' build argument 'catkin_skip_building_tests' from command line to 'False'
[0.615s] DEBUG:colcon.colcon_core.verb:Building package 'myrobot_description' with the following arguments: {'ament_cmake_args': None, 'build_base': '/home/manoj/ros/robot_ws/build/myrobot_description', 'catkin_cmake_args': None, 'catkin_skip_building_tests': False, 'cmake_args': None, 'cmake_clean_cache': False, 'cmake_clean_first': False, 'cmake_force_configure': False, 'cmake_target': None, 'cmake_target_skip_unavailable': False, 'install_base': '/home/manoj/ros/robot_ws/install/myrobot_description', 'merge_install': False, 'path': '/home/manoj/ros/robot_ws/src/myrobot_description', 'symlink_install': False, 'test_result_base': None}
[0.615s] Level 5:colcon.colcon_core.verb:set package 'pointcloud_to_laserscan' build argument 'cmake_args' from command line to 'None'
[0.615s] Level 5:colcon.colcon_core.verb:set package 'pointcloud_to_laserscan' build argument 'cmake_target' from command line to 'None'
[0.615s] Level 5:colcon.colcon_core.verb:set package 'pointcloud_to_laserscan' build argument 'cmake_target_skip_unavailable' from command line to 'False'
[0.615s] Level 5:colcon.colcon_core.verb:set package 'pointcloud_to_laserscan' build argument 'cmake_clean_cache' from command line to 'False'
[0.615s] Level 5:colcon.colcon_core.verb:set package 'pointcloud_to_laserscan' build argument 'cmake_clean_first' from command line to 'False'
[0.615s] Level 5:colcon.colcon_core.verb:set package 'pointcloud_to_laserscan' build argument 'cmake_force_configure' from command line to 'False'
[0.615s] Level 5:colcon.colcon_core.verb:set package 'pointcloud_to_laserscan' build argument 'ament_cmake_args' from command line to 'None'
[0.615s] Level 5:colcon.colcon_core.verb:set package 'pointcloud_to_laserscan' build argument 'catkin_cmake_args' from command line to 'None'
[0.615s] Level 5:colcon.colcon_core.verb:set package 'pointcloud_to_laserscan' build argument 'catkin_skip_building_tests' from command line to 'False'
[0.616s] DEBUG:colcon.colcon_core.verb:Building package 'pointcloud_to_laserscan' with the following arguments: {'ament_cmake_args': None, 'build_base': '/home/manoj/ros/robot_ws/build/pointcloud_to_laserscan', 'catkin_cmake_args': None, 'catkin_skip_building_tests': False, 'cmake_args': None, 'cmake_clean_cache': False, 'cmake_clean_first': False, 'cmake_force_configure': False, 'cmake_target': None, 'cmake_target_skip_unavailable': False, 'install_base': '/home/manoj/ros/robot_ws/install/pointcloud_to_laserscan', 'merge_install': False, 'path': '/home/manoj/ros/robot_ws/src/pointcloud_to_laserscan', 'symlink_install': False, 'test_result_base': None}
[0.616s] Level 5:colcon.colcon_core.verb:set package 'ros2_livox_simulation' build argument 'cmake_args' from command line to 'None'
[0.616s] Level 5:colcon.colcon_core.verb:set package 'ros2_livox_simulation' build argument 'cmake_target' from command line to 'None'
[0.616s] Level 5:colcon.colcon_core.verb:set package 'ros2_livox_simulation' build argument 'cmake_target_skip_unavailable' from command line to 'False'
[0.616s] Level 5:colcon.colcon_core.verb:set package 'ros2_livox_simulation' build argument 'cmake_clean_cache' from command line to 'False'
[0.616s] Level 5:colcon.colcon_core.verb:set package 'ros2_livox_simulation' build argument 'cmake_clean_first' from command line to 'False'
[0.616s] Level 5:colcon.colcon_core.verb:set package 'ros2_livox_simulation' build argument 'cmake_force_configure' from command line to 'False'
[0.616s] Level 5:colcon.colcon_core.verb:set package 'ros2_livox_simulation' build argument 'ament_cmake_args' from command line to 'None'
[0.616s] Level 5:colcon.colcon_core.verb:set package 'ros2_livox_simulation' build argument 'catkin_cmake_args' from command line to 'None'
[0.616s] Level 5:colcon.colcon_core.verb:set package 'ros2_livox_simulation' build argument 'catkin_skip_building_tests' from command line to 'False'
[0.616s] DEBUG:colcon.colcon_core.verb:Building package 'ros2_livox_simulation' with the following arguments: {'ament_cmake_args': None, 'build_base': '/home/manoj/ros/robot_ws/build/ros2_livox_simulation', 'catkin_cmake_args': None, 'catkin_skip_building_tests': False, 'cmake_args': None, 'cmake_clean_cache': False, 'cmake_clean_first': False, 'cmake_force_configure': False, 'cmake_target': None, 'cmake_target_skip_unavailable': False, 'install_base': '/home/manoj/ros/robot_ws/install/ros2_livox_simulation', 'merge_install': False, 'path': '/home/manoj/ros/robot_ws/src/livox_laser_simulation_ros2', 'symlink_install': False, 'test_result_base': None}
[0.617s] Level 5:colcon.colcon_core.verb:set package 'transform_mid360' build argument 'cmake_args' from command line to 'None'
[0.617s] Level 5:colcon.colcon_core.verb:set package 'transform_mid360' build argument 'cmake_target' from command line to 'None'
[0.617s] Level 5:colcon.colcon_core.verb:set package 'transform_mid360' build argument 'cmake_target_skip_unavailable' from command line to 'False'
[0.617s] Level 5:colcon.colcon_core.verb:set package 'transform_mid360' build argument 'cmake_clean_cache' from command line to 'False'
[0.617s] Level 5:colcon.colcon_core.verb:set package 'transform_mid360' build argument 'cmake_clean_first' from command line to 'False'
[0.617s] Level 5:colcon.colcon_core.verb:set package 'transform_mid360' build argument 'cmake_force_configure' from command line to 'False'
[0.617s] Level 5:colcon.colcon_core.verb:set package 'transform_mid360' build argument 'ament_cmake_args' from command line to 'None'
[0.617s] Level 5:colcon.colcon_core.verb:set package 'transform_mid360' build argument 'catkin_cmake_args' from command line to 'None'
[0.617s] Level 5:colcon.colcon_core.verb:set package 'transform_mid360' build argument 'catkin_skip_building_tests' from command line to 'False'
[0.617s] DEBUG:colcon.colcon_core.verb:Building package 'transform_mid360' with the following arguments: {'ament_cmake_args': None, 'build_base': '/home/manoj/ros/robot_ws/build/transform_mid360', 'catkin_cmake_args': None, 'catkin_skip_building_tests': False, 'cmake_args': None, 'cmake_clean_cache': False, 'cmake_clean_first': False, 'cmake_force_configure': False, 'cmake_target': None, 'cmake_target_skip_unavailable': False, 'install_base': '/home/manoj/ros/robot_ws/install/transform_mid360', 'merge_install': False, 'path': '/home/manoj/ros/robot_ws/src/transform_mid360', 'symlink_install': False, 'test_result_base': None}
[0.618s] Level 5:colcon.colcon_core.verb:set package 'robot_bringup' build argument 'cmake_args' from command line to 'None'
[0.618s] Level 5:colcon.colcon_core.verb:set package 'robot_bringup' build argument 'cmake_target' from command line to 'None'
[0.618s] Level 5:colcon.colcon_core.verb:set package 'robot_bringup' build argument 'cmake_target_skip_unavailable' from command line to 'False'
[0.618s] Level 5:colcon.colcon_core.verb:set package 'robot_bringup' build argument 'cmake_clean_cache' from command line to 'False'
[0.618s] Level 5:colcon.colcon_core.verb:set package 'robot_bringup' build argument 'cmake_clean_first' from command line to 'False'
[0.618s] Level 5:colcon.colcon_core.verb:set package 'robot_bringup' build argument 'cmake_force_configure' from command line to 'False'
[0.618s] Level 5:colcon.colcon_core.verb:set package 'robot_bringup' build argument 'ament_cmake_args' from command line to 'None'
[0.618s] Level 5:colcon.colcon_core.verb:set package 'robot_bringup' build argument 'catkin_cmake_args' from command line to 'None'
[0.618s] Level 5:colcon.colcon_core.verb:set package 'robot_bringup' build argument 'catkin_skip_building_tests' from command line to 'False'
[0.618s] DEBUG:colcon.colcon_core.verb:Building package 'robot_bringup' with the following arguments: {'ament_cmake_args': None, 'build_base': '/home/manoj/ros/robot_ws/build/robot_bringup', 'catkin_cmake_args': None, 'catkin_skip_building_tests': False, 'cmake_args': None, 'cmake_clean_cache': False, 'cmake_clean_first': False, 'cmake_force_configure': False, 'cmake_target': None, 'cmake_target_skip_unavailable': False, 'install_base': '/home/manoj/ros/robot_ws/install/robot_bringup', 'merge_install': False, 'path': '/home/manoj/ros/robot_ws/src/robot_bringup', 'symlink_install': False, 'test_result_base': None}
[0.618s] INFO:colcon.colcon_core.executor:Executing jobs using 'parallel' executor
[0.619s] DEBUG:colcon.colcon_parallel_executor.executor.parallel:run_until_complete
[0.620s] INFO:colcon.colcon_ros.task.ament_cmake.build:Building ROS package in '/home/manoj/ros/robot_ws/src/livox_to_pointcloud2' with build type 'ament_cmake'
[0.620s] INFO:colcon.colcon_cmake.task.cmake.build:Building CMake package in '/home/manoj/ros/robot_ws/src/livox_to_pointcloud2'
[0.626s] INFO:colcon.colcon_core.plugin_system:Skipping extension 'colcon_core.shell.bat': Not used on non-Windows systems
[0.626s] INFO:colcon.colcon_core.shell:Skip shell extension 'powershell' for command environment: Not usable outside of PowerShell
[0.626s] DEBUG:colcon.colcon_core.shell:Skip shell extension 'dsv' for command environment
[0.632s] INFO:colcon.colcon_ros.task.ament_cmake.build:Building ROS package in '/home/manoj/ros/robot_ws/src/myrobot_description' with build type 'ament_cmake'
[0.633s] INFO:colcon.colcon_cmake.task.cmake.build:Building CMake package in '/home/manoj/ros/robot_ws/src/myrobot_description'
[0.633s] INFO:colcon.colcon_core.shell:Skip shell extension 'powershell' for command environment: Not usable outside of PowerShell
[0.634s] DEBUG:colcon.colcon_core.shell:Skip shell extension 'dsv' for command environment
[0.643s] INFO:colcon.colcon_ros.task.ament_cmake.build:Building ROS package in '/home/manoj/ros/robot_ws/src/pointcloud_to_laserscan' with build type 'ament_cmake'
[0.643s] INFO:colcon.colcon_cmake.task.cmake.build:Building CMake package in '/home/manoj/ros/robot_ws/src/pointcloud_to_laserscan'
[0.643s] INFO:colcon.colcon_core.shell:Skip shell extension 'powershell' for command environment: Not usable outside of PowerShell
[0.643s] DEBUG:colcon.colcon_core.shell:Skip shell extension 'dsv' for command environment
[0.650s] INFO:colcon.colcon_ros.task.ament_cmake.build:Building ROS package in '/home/manoj/ros/robot_ws/src/transform_mid360' with build type 'ament_cmake'
[0.650s] INFO:colcon.colcon_cmake.task.cmake.build:Building CMake package in '/home/manoj/ros/robot_ws/src/transform_mid360'
[0.650s] INFO:colcon.colcon_core.shell:Skip shell extension 'powershell' for command environment: Not usable outside of PowerShell
[0.650s] DEBUG:colcon.colcon_core.shell:Skip shell extension 'dsv' for command environment
[0.657s] INFO:colcon.colcon_ros.task.ament_python.build:Building ROS package in '/home/manoj/ros/robot_ws/src/base_pkg' with build type 'ament_python'
[0.657s] Level 1:colcon.colcon_core.shell:create_environment_hook('base_pkg', 'ament_prefix_path')
[0.658s] INFO:colcon.colcon_core.shell:Creating environment hook '/home/manoj/ros/robot_ws/install/base_pkg/share/base_pkg/hook/ament_prefix_path.ps1'
[0.660s] INFO:colcon.colcon_core.shell:Creating environment descriptor '/home/manoj/ros/robot_ws/install/base_pkg/share/base_pkg/hook/ament_prefix_path.dsv'
[0.661s] INFO:colcon.colcon_core.shell:Creating environment hook '/home/manoj/ros/robot_ws/install/base_pkg/share/base_pkg/hook/ament_prefix_path.sh'
[0.663s] INFO:colcon.colcon_core.shell:Skip shell extension 'powershell' for command environment: Not usable outside of PowerShell
[0.663s] DEBUG:colcon.colcon_core.shell:Skip shell extension 'dsv' for command environment
[0.672s] INFO:colcon.colcon_ros.task.ament_cmake.build:Building ROS package in '/home/manoj/ros/robot_ws/src/livox_laser_simulation_ros2' with build type 'ament_cmake'
[0.672s] INFO:colcon.colcon_cmake.task.cmake.build:Building CMake package in '/home/manoj/ros/robot_ws/src/livox_laser_simulation_ros2'
[0.673s] INFO:colcon.colcon_core.shell:Skip shell extension 'powershell' for command environment: Not usable outside of PowerShell
[0.673s] DEBUG:colcon.colcon_core.shell:Skip shell extension 'dsv' for command environment
[0.694s] DEBUG:colcon.colcon_core.event_handler.log_command:Invoking command in '/home/manoj/ros/robot_ws/build/livox_to_pointcloud2': CMAKE_PREFIX_PATH=/home/manoj/ros/robot_ws/install/robot_bringup:/home/manoj/ros/robot_ws/install/transform_mid360:/home/manoj/ros/robot_ws/install/ros2_livox_simulation:/home/manoj/ros/robot_ws/install/pointcloud_to_laserscan:/home/manoj/ros/robot_ws/install/myrobot_description:/home/manoj/ros/robot_ws/install/livox_to_pointcloud2:/home/manoj/ros/robot_ws/install/base_pkg:/opt/ros/humble:/home/manoj/ros/ws_livox/install/fast_lio:/home/manoj/ros/ws_livox/install/livox_ros_driver2 /usr/bin/cmake --build /home/manoj/ros/robot_ws/build/livox_to_pointcloud2 -- -j12 -l12
[0.700s] DEBUG:colcon.colcon_core.event_handler.log_command:Invoking command in '/home/manoj/ros/robot_ws/build/myrobot_description': CMAKE_PREFIX_PATH=/home/manoj/ros/robot_ws/install/robot_bringup:/home/manoj/ros/robot_ws/install/transform_mid360:/home/manoj/ros/robot_ws/install/ros2_livox_simulation:/home/manoj/ros/robot_ws/install/pointcloud_to_laserscan:/home/manoj/ros/robot_ws/install/myrobot_description:/home/manoj/ros/robot_ws/install/livox_to_pointcloud2:/home/manoj/ros/robot_ws/install/base_pkg:/opt/ros/humble:/home/manoj/ros/ws_livox/install/fast_lio:/home/manoj/ros/ws_livox/install/livox_ros_driver2 /usr/bin/cmake --build /home/manoj/ros/robot_ws/build/myrobot_description -- -j12 -l12
[0.705s] DEBUG:colcon.colcon_core.event_handler.log_command:Invoking command in '/home/manoj/ros/robot_ws/build/pointcloud_to_laserscan': CMAKE_PREFIX_PATH=/home/manoj/ros/robot_ws/install/robot_bringup:/home/manoj/ros/robot_ws/install/transform_mid360:/home/manoj/ros/robot_ws/install/ros2_livox_simulation:/home/manoj/ros/robot_ws/install/pointcloud_to_laserscan:/home/manoj/ros/robot_ws/install/myrobot_description:/home/manoj/ros/robot_ws/install/livox_to_pointcloud2:/home/manoj/ros/robot_ws/install/base_pkg:/opt/ros/humble:/home/manoj/ros/ws_livox/install/fast_lio:/home/manoj/ros/ws_livox/install/livox_ros_driver2 /usr/bin/cmake --build /home/manoj/ros/robot_ws/build/pointcloud_to_laserscan -- -j12 -l12
[0.711s] DEBUG:colcon.colcon_core.event_handler.log_command:Invoking command in '/home/manoj/ros/robot_ws/build/transform_mid360': CMAKE_PREFIX_PATH=/home/manoj/ros/robot_ws/install/robot_bringup:/home/manoj/ros/robot_ws/install/transform_mid360:/home/manoj/ros/robot_ws/install/ros2_livox_simulation:/home/manoj/ros/robot_ws/install/pointcloud_to_laserscan:/home/manoj/ros/robot_ws/install/myrobot_description:/home/manoj/ros/robot_ws/install/livox_to_pointcloud2:/home/manoj/ros/robot_ws/install/base_pkg:/opt/ros/humble:/home/manoj/ros/ws_livox/install/fast_lio:/home/manoj/ros/ws_livox/install/livox_ros_driver2 /usr/bin/cmake --build /home/manoj/ros/robot_ws/build/transform_mid360 -- -j12 -l12
[1.181s] INFO:colcon.colcon_core.task.python.build:Building Python package in '/home/manoj/ros/robot_ws/src/base_pkg'
[1.181s] INFO:colcon.colcon_core.shell:Skip shell extension 'powershell' for command environment: Not usable outside of PowerShell
[1.181s] DEBUG:colcon.colcon_core.shell:Skip shell extension 'dsv' for command environment
[1.196s] DEBUG:colcon.colcon_core.event_handler.log_command:Invoking command in '/home/manoj/ros/robot_ws/build/ros2_livox_simulation': CMAKE_PREFIX_PATH=/home/manoj/ros/robot_ws/install/robot_bringup:/home/manoj/ros/robot_ws/install/transform_mid360:/home/manoj/ros/robot_ws/install/ros2_livox_simulation:/home/manoj/ros/robot_ws/install/pointcloud_to_laserscan:/home/manoj/ros/robot_ws/install/myrobot_description:/home/manoj/ros/robot_ws/install/livox_to_pointcloud2:/home/manoj/ros/robot_ws/install/base_pkg:/opt/ros/humble:/home/manoj/ros/ws_livox/install/fast_lio:/home/manoj/ros/ws_livox/install/livox_ros_driver2 /usr/bin/cmake --build /home/manoj/ros/robot_ws/build/ros2_livox_simulation -- -j12 -l12
[1.200s] DEBUG:colcon.colcon_core.event_handler.log_command:Invoked command in '/home/manoj/ros/robot_ws/build/transform_mid360' returned '0': CMAKE_PREFIX_PATH=/home/manoj/ros/robot_ws/install/robot_bringup:/home/manoj/ros/robot_ws/install/transform_mid360:/home/manoj/ros/robot_ws/install/ros2_livox_simulation:/home/manoj/ros/robot_ws/install/pointcloud_to_laserscan:/home/manoj/ros/robot_ws/install/myrobot_description:/home/manoj/ros/robot_ws/install/livox_to_pointcloud2:/home/manoj/ros/robot_ws/install/base_pkg:/opt/ros/humble:/home/manoj/ros/ws_livox/install/fast_lio:/home/manoj/ros/ws_livox/install/livox_ros_driver2 /usr/bin/cmake --build /home/manoj/ros/robot_ws/build/transform_mid360 -- -j12 -l12
[1.201s] DEBUG:colcon.colcon_core.event_handler.log_command:Invoked command in '/home/manoj/ros/robot_ws/build/pointcloud_to_laserscan' returned '0': CMAKE_PREFIX_PATH=/home/manoj/ros/robot_ws/install/robot_bringup:/home/manoj/ros/robot_ws/install/transform_mid360:/home/manoj/ros/robot_ws/install/ros2_livox_simulation:/home/manoj/ros/robot_ws/install/pointcloud_to_laserscan:/home/manoj/ros/robot_ws/install/myrobot_description:/home/manoj/ros/robot_ws/install/livox_to_pointcloud2:/home/manoj/ros/robot_ws/install/base_pkg:/opt/ros/humble:/home/manoj/ros/ws_livox/install/fast_lio:/home/manoj/ros/ws_livox/install/livox_ros_driver2 /usr/bin/cmake --build /home/manoj/ros/robot_ws/build/pointcloud_to_laserscan -- -j12 -l12
[1.203s] DEBUG:colcon.colcon_core.event_handler.log_command:Invoked command in '/home/manoj/ros/robot_ws/build/myrobot_description' returned '0': CMAKE_PREFIX_PATH=/home/manoj/ros/robot_ws/install/robot_bringup:/home/manoj/ros/robot_ws/install/transform_mid360:/home/manoj/ros/robot_ws/install/ros2_livox_simulation:/home/manoj/ros/robot_ws/install/pointcloud_to_laserscan:/home/manoj/ros/robot_ws/install/myrobot_description:/home/manoj/ros/robot_ws/install/livox_to_pointcloud2:/home/manoj/ros/robot_ws/install/base_pkg:/opt/ros/humble:/home/manoj/ros/ws_livox/install/fast_lio:/home/manoj/ros/ws_livox/install/livox_ros_driver2 /usr/bin/cmake --build /home/manoj/ros/robot_ws/build/myrobot_description -- -j12 -l12
[1.245s] DEBUG:colcon.colcon_core.event_handler.log_command:Invoking command in '/home/manoj/ros/robot_ws/build/transform_mid360': CMAKE_PREFIX_PATH=/home/manoj/ros/robot_ws/install/robot_bringup:/home/manoj/ros/robot_ws/install/transform_mid360:/home/manoj/ros/robot_ws/install/ros2_livox_simulation:/home/manoj/ros/robot_ws/install/pointcloud_to_laserscan:/home/manoj/ros/robot_ws/install/myrobot_description:/home/manoj/ros/robot_ws/install/livox_to_pointcloud2:/home/manoj/ros/robot_ws/install/base_pkg:/opt/ros/humble:/home/manoj/ros/ws_livox/install/fast_lio:/home/manoj/ros/ws_livox/install/livox_ros_driver2 /usr/bin/cmake --install /home/manoj/ros/robot_ws/build/transform_mid360
[1.249s] DEBUG:colcon.colcon_core.event_handler.log_command:Invoking command in '/home/manoj/ros/robot_ws/build/myrobot_description': CMAKE_PREFIX_PATH=/home/manoj/ros/robot_ws/install/robot_bringup:/home/manoj/ros/robot_ws/install/transform_mid360:/home/manoj/ros/robot_ws/install/ros2_livox_simulation:/home/manoj/ros/robot_ws/install/pointcloud_to_laserscan:/home/manoj/ros/robot_ws/install/myrobot_description:/home/manoj/ros/robot_ws/install/livox_to_pointcloud2:/home/manoj/ros/robot_ws/install/base_pkg:/opt/ros/humble:/home/manoj/ros/ws_livox/install/fast_lio:/home/manoj/ros/ws_livox/install/livox_ros_driver2 /usr/bin/cmake --install /home/manoj/ros/robot_ws/build/myrobot_description
[1.257s] DEBUG:colcon.colcon_core.event_handler.log_command:Invoking command in '/home/manoj/ros/robot_ws/build/pointcloud_to_laserscan': CMAKE_PREFIX_PATH=/home/manoj/ros/robot_ws/install/robot_bringup:/home/manoj/ros/robot_ws/install/transform_mid360:/home/manoj/ros/robot_ws/install/ros2_livox_simulation:/home/manoj/ros/robot_ws/install/pointcloud_to_laserscan:/home/manoj/ros/robot_ws/install/myrobot_description:/home/manoj/ros/robot_ws/install/livox_to_pointcloud2:/home/manoj/ros/robot_ws/install/base_pkg:/opt/ros/humble:/home/manoj/ros/ws_livox/install/fast_lio:/home/manoj/ros/ws_livox/install/livox_ros_driver2 /usr/bin/cmake --install /home/manoj/ros/robot_ws/build/pointcloud_to_laserscan
[1.265s] Level 1:colcon.colcon_core.environment:create_environment_scripts_only(transform_mid360)
[1.268s] DEBUG:colcon.colcon_core.event_handler.log_command:Invoked command in '/home/manoj/ros/robot_ws/build/transform_mid360' returned '0': CMAKE_PREFIX_PATH=/home/manoj/ros/robot_ws/install/robot_bringup:/home/manoj/ros/robot_ws/install/transform_mid360:/home/manoj/ros/robot_ws/install/ros2_livox_simulation:/home/manoj/ros/robot_ws/install/pointcloud_to_laserscan:/home/manoj/ros/robot_ws/install/myrobot_description:/home/manoj/ros/robot_ws/install/livox_to_pointcloud2:/home/manoj/ros/robot_ws/install/base_pkg:/opt/ros/humble:/home/manoj/ros/ws_livox/install/fast_lio:/home/manoj/ros/ws_livox/install/livox_ros_driver2 /usr/bin/cmake --install /home/manoj/ros/robot_ws/build/transform_mid360
[1.280s] Level 1:colcon.colcon_core.environment:checking '/home/manoj/ros/robot_ws/install/transform_mid360' for CMake module files
[1.282s] Level 1:colcon.colcon_core.environment:checking '/home/manoj/ros/robot_ws/install/transform_mid360' for CMake config files
[1.282s] Level 1:colcon.colcon_core.shell:create_environment_hook('transform_mid360', 'cmake_prefix_path')
[1.282s] INFO:colcon.colcon_core.shell:Creating environment hook '/home/manoj/ros/robot_ws/install/transform_mid360/share/transform_mid360/hook/cmake_prefix_path.ps1'
[1.283s] INFO:colcon.colcon_core.shell:Creating environment descriptor '/home/manoj/ros/robot_ws/install/transform_mid360/share/transform_mid360/hook/cmake_prefix_path.dsv'
[1.284s] INFO:colcon.colcon_core.shell:Creating environment hook '/home/manoj/ros/robot_ws/install/transform_mid360/share/transform_mid360/hook/cmake_prefix_path.sh'
[1.285s] Level 1:colcon.colcon_core.environment:checking '/home/manoj/ros/robot_ws/install/transform_mid360/bin'
[1.285s] Level 1:colcon.colcon_core.environment:checking '/home/manoj/ros/robot_ws/install/transform_mid360/lib/pkgconfig/transform_mid360.pc'
[1.285s] Level 1:colcon.colcon_core.environment:checking '/home/manoj/ros/robot_ws/install/transform_mid360/lib/python3.10/site-packages'
[1.286s] Level 1:colcon.colcon_core.environment:checking '/home/manoj/ros/robot_ws/install/transform_mid360/bin'
[1.286s] INFO:colcon.colcon_core.shell:Creating package script '/home/manoj/ros/robot_ws/install/transform_mid360/share/transform_mid360/package.ps1'
[1.288s] INFO:colcon.colcon_core.shell:Creating package descriptor '/home/manoj/ros/robot_ws/install/transform_mid360/share/transform_mid360/package.dsv'
[1.290s] INFO:colcon.colcon_core.shell:Creating package script '/home/manoj/ros/robot_ws/install/transform_mid360/share/transform_mid360/package.sh'
[1.292s] INFO:colcon.colcon_core.shell:Creating package script '/home/manoj/ros/robot_ws/install/transform_mid360/share/transform_mid360/package.bash'
[1.294s] INFO:colcon.colcon_core.shell:Creating package script '/home/manoj/ros/robot_ws/install/transform_mid360/share/transform_mid360/package.zsh'
[1.296s] Level 1:colcon.colcon_core.environment:create_file_with_runtime_dependencies(/home/manoj/ros/robot_ws/install/transform_mid360/share/colcon-core/packages/transform_mid360)
[1.299s] Level 1:colcon.colcon_core.environment:create_environment_scripts_only(myrobot_description)
[1.299s] Level 1:colcon.colcon_core.environment:checking '/home/manoj/ros/robot_ws/install/myrobot_description' for CMake module files
[1.300s] DEBUG:colcon.colcon_core.event_handler.log_command:Invoked command in '/home/manoj/ros/robot_ws/build/myrobot_description' returned '0': CMAKE_PREFIX_PATH=/home/manoj/ros/robot_ws/install/robot_bringup:/home/manoj/ros/robot_ws/install/transform_mid360:/home/manoj/ros/robot_ws/install/ros2_livox_simulation:/home/manoj/ros/robot_ws/install/pointcloud_to_laserscan:/home/manoj/ros/robot_ws/install/myrobot_description:/home/manoj/ros/robot_ws/install/livox_to_pointcloud2:/home/manoj/ros/robot_ws/install/base_pkg:/opt/ros/humble:/home/manoj/ros/ws_livox/install/fast_lio:/home/manoj/ros/ws_livox/install/livox_ros_driver2 /usr/bin/cmake --install /home/manoj/ros/robot_ws/build/myrobot_description
[1.301s] Level 1:colcon.colcon_core.environment:checking '/home/manoj/ros/robot_ws/install/myrobot_description' for CMake config files
[1.302s] Level 1:colcon.colcon_core.shell:create_environment_hook('myrobot_description', 'cmake_prefix_path')
[1.303s] INFO:colcon.colcon_core.shell:Creating environment hook '/home/manoj/ros/robot_ws/install/myrobot_description/share/myrobot_description/hook/cmake_prefix_path.ps1'
[1.303s] INFO:colcon.colcon_core.shell:Creating environment descriptor '/home/manoj/ros/robot_ws/install/myrobot_description/share/myrobot_description/hook/cmake_prefix_path.dsv'
[1.304s] INFO:colcon.colcon_core.shell:Creating environment hook '/home/manoj/ros/robot_ws/install/myrobot_description/share/myrobot_description/hook/cmake_prefix_path.sh'
[1.305s] Level 1:colcon.colcon_core.environment:checking '/home/manoj/ros/robot_ws/install/myrobot_description/bin'
[1.305s] Level 1:colcon.colcon_core.environment:checking '/home/manoj/ros/robot_ws/install/myrobot_description/lib/pkgconfig/myrobot_description.pc'
[1.306s] Level 1:colcon.colcon_core.environment:checking '/home/manoj/ros/robot_ws/install/myrobot_description/lib/python3.10/site-packages'
[1.306s] Level 1:colcon.colcon_core.environment:checking '/home/manoj/ros/robot_ws/install/myrobot_description/bin'
[1.307s] INFO:colcon.colcon_core.shell:Creating package script '/home/manoj/ros/robot_ws/install/myrobot_description/share/myrobot_description/package.ps1'
[1.308s] INFO:colcon.colcon_core.shell:Creating package descriptor '/home/manoj/ros/robot_ws/install/myrobot_description/share/myrobot_description/package.dsv'
[1.308s] INFO:colcon.colcon_core.shell:Creating package script '/home/manoj/ros/robot_ws/install/myrobot_description/share/myrobot_description/package.sh'
[1.309s] INFO:colcon.colcon_core.shell:Creating package script '/home/manoj/ros/robot_ws/install/myrobot_description/share/myrobot_description/package.bash'
[1.310s] INFO:colcon.colcon_core.shell:Creating package script '/home/manoj/ros/robot_ws/install/myrobot_description/share/myrobot_description/package.zsh'
[1.310s] Level 1:colcon.colcon_core.environment:create_file_with_runtime_dependencies(/home/manoj/ros/robot_ws/install/myrobot_description/share/colcon-core/packages/myrobot_description)
[1.312s] Level 1:colcon.colcon_core.environment:create_environment_scripts_only(pointcloud_to_laserscan)
[1.313s] Level 1:colcon.colcon_core.environment:checking '/home/manoj/ros/robot_ws/install/pointcloud_to_laserscan' for CMake module files
[1.314s] DEBUG:colcon.colcon_core.event_handler.log_command:Invoked command in '/home/manoj/ros/robot_ws/build/pointcloud_to_laserscan' returned '0': CMAKE_PREFIX_PATH=/home/manoj/ros/robot_ws/install/robot_bringup:/home/manoj/ros/robot_ws/install/transform_mid360:/home/manoj/ros/robot_ws/install/ros2_livox_simulation:/home/manoj/ros/robot_ws/install/pointcloud_to_laserscan:/home/manoj/ros/robot_ws/install/myrobot_description:/home/manoj/ros/robot_ws/install/livox_to_pointcloud2:/home/manoj/ros/robot_ws/install/base_pkg:/opt/ros/humble:/home/manoj/ros/ws_livox/install/fast_lio:/home/manoj/ros/ws_livox/install/livox_ros_driver2 /usr/bin/cmake --install /home/manoj/ros/robot_ws/build/pointcloud_to_laserscan
[1.314s] Level 1:colcon.colcon_core.environment:checking '/home/manoj/ros/robot_ws/install/pointcloud_to_laserscan' for CMake config files
[1.315s] Level 1:colcon.colcon_core.shell:create_environment_hook('pointcloud_to_laserscan', 'cmake_prefix_path')
[1.315s] INFO:colcon.colcon_core.shell:Creating environment hook '/home/manoj/ros/robot_ws/install/pointcloud_to_laserscan/share/pointcloud_to_laserscan/hook/cmake_prefix_path.ps1'
[1.316s] INFO:colcon.colcon_core.shell:Creating environment descriptor '/home/manoj/ros/robot_ws/install/pointcloud_to_laserscan/share/pointcloud_to_laserscan/hook/cmake_prefix_path.dsv'
[1.316s] INFO:colcon.colcon_core.shell:Creating environment hook '/home/manoj/ros/robot_ws/install/pointcloud_to_laserscan/share/pointcloud_to_laserscan/hook/cmake_prefix_path.sh'
[1.317s] Level 1:colcon.colcon_core.environment:checking '/home/manoj/ros/robot_ws/install/pointcloud_to_laserscan/lib'
[1.317s] Level 1:colcon.colcon_core.shell:create_environment_hook('pointcloud_to_laserscan', 'ld_library_path_lib')
[1.318s] INFO:colcon.colcon_core.shell:Creating environment hook '/home/manoj/ros/robot_ws/install/pointcloud_to_laserscan/share/pointcloud_to_laserscan/hook/ld_library_path_lib.ps1'
[1.318s] INFO:colcon.colcon_core.shell:Creating environment descriptor '/home/manoj/ros/robot_ws/install/pointcloud_to_laserscan/share/pointcloud_to_laserscan/hook/ld_library_path_lib.dsv'
[1.319s] INFO:colcon.colcon_core.shell:Creating environment hook '/home/manoj/ros/robot_ws/install/pointcloud_to_laserscan/share/pointcloud_to_laserscan/hook/ld_library_path_lib.sh'
[1.319s] Level 1:colcon.colcon_core.environment:checking '/home/manoj/ros/robot_ws/install/pointcloud_to_laserscan/bin'
[1.319s] Level 1:colcon.colcon_core.environment:checking '/home/manoj/ros/robot_ws/install/pointcloud_to_laserscan/lib/pkgconfig/pointcloud_to_laserscan.pc'
[1.320s] Level 1:colcon.colcon_core.environment:checking '/home/manoj/ros/robot_ws/install/pointcloud_to_laserscan/lib/python3.10/site-packages'
[1.320s] Level 1:colcon.colcon_core.environment:checking '/home/manoj/ros/robot_ws/install/pointcloud_to_laserscan/bin'
[1.321s] INFO:colcon.colcon_core.shell:Creating package script '/home/manoj/ros/robot_ws/install/pointcloud_to_laserscan/share/pointcloud_to_laserscan/package.ps1'
[1.322s] INFO:colcon.colcon_core.shell:Creating package descriptor '/home/manoj/ros/robot_ws/install/pointcloud_to_laserscan/share/pointcloud_to_laserscan/package.dsv'
[1.322s] INFO:colcon.colcon_core.shell:Creating package script '/home/manoj/ros/robot_ws/install/pointcloud_to_laserscan/share/pointcloud_to_laserscan/package.sh'
[1.323s] INFO:colcon.colcon_core.shell:Creating package script '/home/manoj/ros/robot_ws/install/pointcloud_to_laserscan/share/pointcloud_to_laserscan/package.bash'
[1.323s] INFO:colcon.colcon_core.shell:Creating package script '/home/manoj/ros/robot_ws/install/pointcloud_to_laserscan/share/pointcloud_to_laserscan/package.zsh'
[1.324s] Level 1:colcon.colcon_core.environment:create_file_with_runtime_dependencies(/home/manoj/ros/robot_ws/install/pointcloud_to_laserscan/share/colcon-core/packages/pointcloud_to_laserscan)
[1.332s] Level 1:colcon.colcon_core.environment:create_environment_scripts_only(transform_mid360)
[1.333s] Level 1:colcon.colcon_core.environment:checking '/home/manoj/ros/robot_ws/install/transform_mid360' for CMake module files
[1.334s] Level 1:colcon.colcon_core.environment:checking '/home/manoj/ros/robot_ws/install/transform_mid360' for CMake config files
[1.334s] Level 1:colcon.colcon_core.shell:create_environment_hook('transform_mid360', 'cmake_prefix_path')
[1.335s] INFO:colcon.colcon_core.shell:Creating environment hook '/home/manoj/ros/robot_ws/install/transform_mid360/share/transform_mid360/hook/cmake_prefix_path.ps1'
[1.335s] INFO:colcon.colcon_core.shell:Creating environment descriptor '/home/manoj/ros/robot_ws/install/transform_mid360/share/transform_mid360/hook/cmake_prefix_path.dsv'
[1.336s] INFO:colcon.colcon_core.shell:Creating environment hook '/home/manoj/ros/robot_ws/install/transform_mid360/share/transform_mid360/hook/cmake_prefix_path.sh'
[1.337s] Level 1:colcon.colcon_core.environment:checking '/home/manoj/ros/robot_ws/install/transform_mid360/bin'
[1.337s] Level 1:colcon.colcon_core.environment:checking '/home/manoj/ros/robot_ws/install/transform_mid360/lib/pkgconfig/transform_mid360.pc'
[1.337s] Level 1:colcon.colcon_core.environment:checking '/home/manoj/ros/robot_ws/install/transform_mid360/lib/python3.10/site-packages'
[1.338s] Level 1:colcon.colcon_core.environment:checking '/home/manoj/ros/robot_ws/install/transform_mid360/bin'
[1.339s] INFO:colcon.colcon_core.shell:Creating package script '/home/manoj/ros/robot_ws/install/transform_mid360/share/transform_mid360/package.ps1'
[1.340s] INFO:colcon.colcon_core.shell:Creating package descriptor '/home/manoj/ros/robot_ws/install/transform_mid360/share/transform_mid360/package.dsv'
[1.340s] INFO:colcon.colcon_core.shell:Creating package script '/home/manoj/ros/robot_ws/install/transform_mid360/share/transform_mid360/package.sh'
[1.341s] INFO:colcon.colcon_core.shell:Creating package script '/home/manoj/ros/robot_ws/install/transform_mid360/share/transform_mid360/package.bash'
[1.342s] INFO:colcon.colcon_core.shell:Creating package script '/home/manoj/ros/robot_ws/install/transform_mid360/share/transform_mid360/package.zsh'
[1.342s] Level 1:colcon.colcon_core.environment:create_file_with_runtime_dependencies(/home/manoj/ros/robot_ws/install/transform_mid360/share/colcon-core/packages/transform_mid360)
[1.349s] Level 1:colcon.colcon_core.environment:create_environment_scripts_only(myrobot_description)
[1.349s] Level 1:colcon.colcon_core.environment:checking '/home/manoj/ros/robot_ws/install/myrobot_description' for CMake module files
[1.349s] Level 1:colcon.colcon_core.environment:checking '/home/manoj/ros/robot_ws/install/myrobot_description' for CMake config files
[1.350s] Level 1:colcon.colcon_core.shell:create_environment_hook('myrobot_description', 'cmake_prefix_path')
[1.350s] INFO:colcon.colcon_core.shell:Creating environment hook '/home/manoj/ros/robot_ws/install/myrobot_description/share/myrobot_description/hook/cmake_prefix_path.ps1'
[1.351s] INFO:colcon.colcon_core.shell:Creating environment descriptor '/home/manoj/ros/robot_ws/install/myrobot_description/share/myrobot_description/hook/cmake_prefix_path.dsv'
[1.351s] INFO:colcon.colcon_core.shell:Creating environment hook '/home/manoj/ros/robot_ws/install/myrobot_description/share/myrobot_description/hook/cmake_prefix_path.sh'
[1.352s] Level 1:colcon.colcon_core.environment:checking '/home/manoj/ros/robot_ws/install/myrobot_description/bin'
[1.352s] Level 1:colcon.colcon_core.environment:checking '/home/manoj/ros/robot_ws/install/myrobot_description/lib/pkgconfig/myrobot_description.pc'
[1.352s] Level 1:colcon.colcon_core.environment:checking '/home/manoj/ros/robot_ws/install/myrobot_description/lib/python3.10/site-packages'
[1.353s] Level 1:colcon.colcon_core.environment:checking '/home/manoj/ros/robot_ws/install/myrobot_description/bin'
[1.353s] INFO:colcon.colcon_core.shell:Creating package script '/home/manoj/ros/robot_ws/install/myrobot_description/share/myrobot_description/package.ps1'
[1.355s] INFO:colcon.colcon_core.shell:Creating package descriptor '/home/manoj/ros/robot_ws/install/myrobot_description/share/myrobot_description/package.dsv'
[1.355s] INFO:colcon.colcon_core.shell:Creating package script '/home/manoj/ros/robot_ws/install/myrobot_description/share/myrobot_description/package.sh'
[1.356s] INFO:colcon.colcon_core.shell:Creating package script '/home/manoj/ros/robot_ws/install/myrobot_description/share/myrobot_description/package.bash'
[1.357s] INFO:colcon.colcon_core.shell:Creating package script '/home/manoj/ros/robot_ws/install/myrobot_description/share/myrobot_description/package.zsh'
[1.357s] Level 1:colcon.colcon_core.environment:create_file_with_runtime_dependencies(/home/manoj/ros/robot_ws/install/myrobot_description/share/colcon-core/packages/myrobot_description)
[1.372s] DEBUG:colcon.colcon_core.event_handler.log_command:Invoked command in '/home/manoj/ros/robot_ws/build/ros2_livox_simulation' returned '0': CMAKE_PREFIX_PATH=/home/manoj/ros/robot_ws/install/robot_bringup:/home/manoj/ros/robot_ws/install/transform_mid360:/home/manoj/ros/robot_ws/install/ros2_livox_simulation:/home/manoj/ros/robot_ws/install/pointcloud_to_laserscan:/home/manoj/ros/robot_ws/install/myrobot_description:/home/manoj/ros/robot_ws/install/livox_to_pointcloud2:/home/manoj/ros/robot_ws/install/base_pkg:/opt/ros/humble:/home/manoj/ros/ws_livox/install/fast_lio:/home/manoj/ros/ws_livox/install/livox_ros_driver2 /usr/bin/cmake --build /home/manoj/ros/robot_ws/build/ros2_livox_simulation -- -j12 -l12
[1.381s] Level 1:colcon.colcon_core.environment:create_environment_scripts_only(pointcloud_to_laserscan)
[1.382s] Level 1:colcon.colcon_core.environment:checking '/home/manoj/ros/robot_ws/install/pointcloud_to_laserscan' for CMake module files
[1.383s] Level 1:colcon.colcon_core.environment:checking '/home/manoj/ros/robot_ws/install/pointcloud_to_laserscan' for CMake config files
[1.384s] Level 1:colcon.colcon_core.shell:create_environment_hook('pointcloud_to_laserscan', 'cmake_prefix_path')
[1.384s] INFO:colcon.colcon_core.shell:Creating environment hook '/home/manoj/ros/robot_ws/install/pointcloud_to_laserscan/share/pointcloud_to_laserscan/hook/cmake_prefix_path.ps1'
[1.385s] INFO:colcon.colcon_core.shell:Creating environment descriptor '/home/manoj/ros/robot_ws/install/pointcloud_to_laserscan/share/pointcloud_to_laserscan/hook/cmake_prefix_path.dsv'
[1.386s] INFO:colcon.colcon_core.shell:Creating environment hook '/home/manoj/ros/robot_ws/install/pointcloud_to_laserscan/share/pointcloud_to_laserscan/hook/cmake_prefix_path.sh'
[1.387s] Level 1:colcon.colcon_core.environment:checking '/home/manoj/ros/robot_ws/install/pointcloud_to_laserscan/lib'
[1.387s] Level 1:colcon.colcon_core.shell:create_environment_hook('pointcloud_to_laserscan', 'ld_library_path_lib')
[1.387s] INFO:colcon.colcon_core.shell:Creating environment hook '/home/manoj/ros/robot_ws/install/pointcloud_to_laserscan/share/pointcloud_to_laserscan/hook/ld_library_path_lib.ps1'
[1.388s] INFO:colcon.colcon_core.shell:Creating environment descriptor '/home/manoj/ros/robot_ws/install/pointcloud_to_laserscan/share/pointcloud_to_laserscan/hook/ld_library_path_lib.dsv'
[1.389s] INFO:colcon.colcon_core.shell:Creating environment hook '/home/manoj/ros/robot_ws/install/pointcloud_to_laserscan/share/pointcloud_to_laserscan/hook/ld_library_path_lib.sh'
[1.390s] Level 1:colcon.colcon_core.environment:checking '/home/manoj/ros/robot_ws/install/pointcloud_to_laserscan/bin'
[1.390s] Level 1:colcon.colcon_core.environment:checking '/home/manoj/ros/robot_ws/install/pointcloud_to_laserscan/lib/pkgconfig/pointcloud_to_laserscan.pc'
[1.391s] Level 1:colcon.colcon_core.environment:checking '/home/manoj/ros/robot_ws/install/pointcloud_to_laserscan/lib/python3.10/site-packages'
[1.391s] Level 1:colcon.colcon_core.environment:checking '/home/manoj/ros/robot_ws/install/pointcloud_to_laserscan/bin'
[1.392s] INFO:colcon.colcon_core.shell:Creating package script '/home/manoj/ros/robot_ws/install/pointcloud_to_laserscan/share/pointcloud_to_laserscan/package.ps1'
[1.393s] INFO:colcon.colcon_core.shell:Creating package descriptor '/home/manoj/ros/robot_ws/install/pointcloud_to_laserscan/share/pointcloud_to_laserscan/package.dsv'
[1.394s] INFO:colcon.colcon_core.shell:Creating package script '/home/manoj/ros/robot_ws/install/pointcloud_to_laserscan/share/pointcloud_to_laserscan/package.sh'
[1.395s] INFO:colcon.colcon_core.shell:Creating package script '/home/manoj/ros/robot_ws/install/pointcloud_to_laserscan/share/pointcloud_to_laserscan/package.bash'
[1.396s] INFO:colcon.colcon_core.shell:Creating package script '/home/manoj/ros/robot_ws/install/pointcloud_to_laserscan/share/pointcloud_to_laserscan/package.zsh'
[1.397s] Level 1:colcon.colcon_core.environment:create_file_with_runtime_dependencies(/home/manoj/ros/robot_ws/install/pointcloud_to_laserscan/share/colcon-core/packages/pointcloud_to_laserscan)
[1.413s] DEBUG:colcon.colcon_core.event_handler.log_command:Invoking command in '/home/manoj/ros/robot_ws/build/ros2_livox_simulation': CMAKE_PREFIX_PATH=/home/manoj/ros/robot_ws/install/robot_bringup:/home/manoj/ros/robot_ws/install/transform_mid360:/home/manoj/ros/robot_ws/install/ros2_livox_simulation:/home/manoj/ros/robot_ws/install/pointcloud_to_laserscan:/home/manoj/ros/robot_ws/install/myrobot_description:/home/manoj/ros/robot_ws/install/livox_to_pointcloud2:/home/manoj/ros/robot_ws/install/base_pkg:/opt/ros/humble:/home/manoj/ros/ws_livox/install/fast_lio:/home/manoj/ros/ws_livox/install/livox_ros_driver2 /usr/bin/cmake --install /home/manoj/ros/robot_ws/build/ros2_livox_simulation
[1.431s] Level 1:colcon.colcon_core.environment:create_environment_scripts_only(ros2_livox_simulation)
[1.432s] Level 1:colcon.colcon_core.environment:checking '/home/manoj/ros/robot_ws/install/ros2_livox_simulation' for CMake module files
[1.433s] DEBUG:colcon.colcon_core.event_handler.log_command:Invoked command in '/home/manoj/ros/robot_ws/build/ros2_livox_simulation' returned '0': CMAKE_PREFIX_PATH=/home/manoj/ros/robot_ws/install/robot_bringup:/home/manoj/ros/robot_ws/install/transform_mid360:/home/manoj/ros/robot_ws/install/ros2_livox_simulation:/home/manoj/ros/robot_ws/install/pointcloud_to_laserscan:/home/manoj/ros/robot_ws/install/myrobot_description:/home/manoj/ros/robot_ws/install/livox_to_pointcloud2:/home/manoj/ros/robot_ws/install/base_pkg:/opt/ros/humble:/home/manoj/ros/ws_livox/install/fast_lio:/home/manoj/ros/ws_livox/install/livox_ros_driver2 /usr/bin/cmake --install /home/manoj/ros/robot_ws/build/ros2_livox_simulation
[1.434s] Level 1:colcon.colcon_core.environment:checking '/home/manoj/ros/robot_ws/install/ros2_livox_simulation' for CMake config files
[1.435s] Level 1:colcon.colcon_core.shell:create_environment_hook('ros2_livox_simulation', 'cmake_prefix_path')
[1.435s] INFO:colcon.colcon_core.shell:Creating environment hook '/home/manoj/ros/robot_ws/install/ros2_livox_simulation/share/ros2_livox_simulation/hook/cmake_prefix_path.ps1'
[1.436s] INFO:colcon.colcon_core.shell:Creating environment descriptor '/home/manoj/ros/robot_ws/install/ros2_livox_simulation/share/ros2_livox_simulation/hook/cmake_prefix_path.dsv'
[1.437s] INFO:colcon.colcon_core.shell:Creating environment hook '/home/manoj/ros/robot_ws/install/ros2_livox_simulation/share/ros2_livox_simulation/hook/cmake_prefix_path.sh'
[1.438s] Level 1:colcon.colcon_core.environment:checking '/home/manoj/ros/robot_ws/install/ros2_livox_simulation/lib'
[1.438s] Level 1:colcon.colcon_core.shell:create_environment_hook('ros2_livox_simulation', 'ld_library_path_lib')
[1.438s] INFO:colcon.colcon_core.shell:Creating environment hook '/home/manoj/ros/robot_ws/install/ros2_livox_simulation/share/ros2_livox_simulation/hook/ld_library_path_lib.ps1'
[1.439s] INFO:colcon.colcon_core.shell:Creating environment descriptor '/home/manoj/ros/robot_ws/install/ros2_livox_simulation/share/ros2_livox_simulation/hook/ld_library_path_lib.dsv'
[1.440s] INFO:colcon.colcon_core.shell:Creating environment hook '/home/manoj/ros/robot_ws/install/ros2_livox_simulation/share/ros2_livox_simulation/hook/ld_library_path_lib.sh'
[1.441s] Level 1:colcon.colcon_core.environment:checking '/home/manoj/ros/robot_ws/install/ros2_livox_simulation/bin'
[1.441s] Level 1:colcon.colcon_core.environment:checking '/home/manoj/ros/robot_ws/install/ros2_livox_simulation/lib/pkgconfig/ros2_livox_simulation.pc'
[1.442s] Level 1:colcon.colcon_core.environment:checking '/home/manoj/ros/robot_ws/install/ros2_livox_simulation/lib/python3.10/site-packages'
[1.442s] Level 1:colcon.colcon_core.environment:checking '/home/manoj/ros/robot_ws/install/ros2_livox_simulation/bin'
[1.443s] INFO:colcon.colcon_core.shell:Creating package script '/home/manoj/ros/robot_ws/install/ros2_livox_simulation/share/ros2_livox_simulation/package.ps1'
[1.444s] INFO:colcon.colcon_core.shell:Creating package descriptor '/home/manoj/ros/robot_ws/install/ros2_livox_simulation/share/ros2_livox_simulation/package.dsv'
[1.445s] INFO:colcon.colcon_core.shell:Creating package script '/home/manoj/ros/robot_ws/install/ros2_livox_simulation/share/ros2_livox_simulation/package.sh'
[1.446s] INFO:colcon.colcon_core.shell:Creating package script '/home/manoj/ros/robot_ws/install/ros2_livox_simulation/share/ros2_livox_simulation/package.bash'
[1.446s] INFO:colcon.colcon_core.shell:Creating package script '/home/manoj/ros/robot_ws/install/ros2_livox_simulation/share/ros2_livox_simulation/package.zsh'
[1.447s] Level 1:colcon.colcon_core.environment:create_file_with_runtime_dependencies(/home/manoj/ros/robot_ws/install/ros2_livox_simulation/share/colcon-core/packages/ros2_livox_simulation)
[1.482s] Level 1:colcon.colcon_core.environment:create_environment_scripts_only(ros2_livox_simulation)
[1.483s] Level 1:colcon.colcon_core.environment:checking '/home/manoj/ros/robot_ws/install/ros2_livox_simulation' for CMake module files
[1.483s] Level 1:colcon.colcon_core.environment:checking '/home/manoj/ros/robot_ws/install/ros2_livox_simulation' for CMake config files
[1.484s] Level 1:colcon.colcon_core.shell:create_environment_hook('ros2_livox_simulation', 'cmake_prefix_path')
[1.484s] INFO:colcon.colcon_core.shell:Creating environment hook '/home/manoj/ros/robot_ws/install/ros2_livox_simulation/share/ros2_livox_simulation/hook/cmake_prefix_path.ps1'
[1.485s] INFO:colcon.colcon_core.shell:Creating environment descriptor '/home/manoj/ros/robot_ws/install/ros2_livox_simulation/share/ros2_livox_simulation/hook/cmake_prefix_path.dsv'
[1.486s] INFO:colcon.colcon_core.shell:Creating environment hook '/home/manoj/ros/robot_ws/install/ros2_livox_simulation/share/ros2_livox_simulation/hook/cmake_prefix_path.sh'
[1.486s] Level 1:colcon.colcon_core.environment:checking '/home/manoj/ros/robot_ws/install/ros2_livox_simulation/lib'
[1.487s] Level 1:colcon.colcon_core.shell:create_environment_hook('ros2_livox_simulation', 'ld_library_path_lib')
[1.487s] INFO:colcon.colcon_core.shell:Creating environment hook '/home/manoj/ros/robot_ws/install/ros2_livox_simulation/share/ros2_livox_simulation/hook/ld_library_path_lib.ps1'
[1.488s] INFO:colcon.colcon_core.shell:Creating environment descriptor '/home/manoj/ros/robot_ws/install/ros2_livox_simulation/share/ros2_livox_simulation/hook/ld_library_path_lib.dsv'
[1.488s] INFO:colcon.colcon_core.shell:Creating environment hook '/home/manoj/ros/robot_ws/install/ros2_livox_simulation/share/ros2_livox_simulation/hook/ld_library_path_lib.sh'
[1.489s] Level 1:colcon.colcon_core.environment:checking '/home/manoj/ros/robot_ws/install/ros2_livox_simulation/bin'
[1.489s] Level 1:colcon.colcon_core.environment:checking '/home/manoj/ros/robot_ws/install/ros2_livox_simulation/lib/pkgconfig/ros2_livox_simulation.pc'
[1.489s] Level 1:colcon.colcon_core.environment:checking '/home/manoj/ros/robot_ws/install/ros2_livox_simulation/lib/python3.10/site-packages'
[1.490s] Level 1:colcon.colcon_core.environment:checking '/home/manoj/ros/robot_ws/install/ros2_livox_simulation/bin'
[1.491s] INFO:colcon.colcon_core.shell:Creating package script '/home/manoj/ros/robot_ws/install/ros2_livox_simulation/share/ros2_livox_simulation/package.ps1'
[1.492s] INFO:colcon.colcon_core.shell:Creating package descriptor '/home/manoj/ros/robot_ws/install/ros2_livox_simulation/share/ros2_livox_simulation/package.dsv'
[1.493s] INFO:colcon.colcon_core.shell:Creating package script '/home/manoj/ros/robot_ws/install/ros2_livox_simulation/share/ros2_livox_simulation/package.sh'
[1.494s] INFO:colcon.colcon_core.shell:Creating package script '/home/manoj/ros/robot_ws/install/ros2_livox_simulation/share/ros2_livox_simulation/package.bash'
[1.494s] INFO:colcon.colcon_core.shell:Creating package script '/home/manoj/ros/robot_ws/install/ros2_livox_simulation/share/ros2_livox_simulation/package.zsh'
[1.495s] Level 1:colcon.colcon_core.environment:create_file_with_runtime_dependencies(/home/manoj/ros/robot_ws/install/ros2_livox_simulation/share/colcon-core/packages/ros2_livox_simulation)
[1.948s] DEBUG:colcon.colcon_core.event_handler.log_command:Invoking command in '/home/manoj/ros/robot_ws/src/base_pkg': PYTHONPATH=/home/manoj/ros/robot_ws/build/base_pkg/prefix_override:/usr/lib/python3/dist-packages/colcon_core/task/python/colcon_distutils_commands:/home/manoj/ros/robot_ws/install/base_pkg/lib/python3.10/site-packages:${PYTHONPATH} /usr/bin/python3 -W ignore:setup.py install is deprecated setup.py egg_info --egg-base ../../build/base_pkg build --build-base /home/manoj/ros/robot_ws/build/base_pkg/build install --record /home/manoj/ros/robot_ws/build/base_pkg/install.log --single-version-externally-managed install_data
[2.438s] Level 1:colcon.colcon_core.environment:checking '/home/manoj/ros/robot_ws/install/base_pkg' for CMake module files
[2.438s] DEBUG:colcon.colcon_core.event_handler.log_command:Invoked command in '/home/manoj/ros/robot_ws/src/base_pkg' returned '0': PYTHONPATH=/home/manoj/ros/robot_ws/build/base_pkg/prefix_override:/usr/lib/python3/dist-packages/colcon_core/task/python/colcon_distutils_commands:/home/manoj/ros/robot_ws/install/base_pkg/lib/python3.10/site-packages:${PYTHONPATH} /usr/bin/python3 -W ignore:setup.py install is deprecated setup.py egg_info --egg-base ../../build/base_pkg build --build-base /home/manoj/ros/robot_ws/build/base_pkg/build install --record /home/manoj/ros/robot_ws/build/base_pkg/install.log --single-version-externally-managed install_data
[2.439s] Level 1:colcon.colcon_core.environment:checking '/home/manoj/ros/robot_ws/install/base_pkg' for CMake config files
[2.439s] Level 1:colcon.colcon_core.environment:checking '/home/manoj/ros/robot_ws/install/base_pkg/lib'
[2.440s] Level 1:colcon.colcon_core.environment:checking '/home/manoj/ros/robot_ws/install/base_pkg/bin'
[2.440s] Level 1:colcon.colcon_core.environment:checking '/home/manoj/ros/robot_ws/install/base_pkg/lib/pkgconfig/base_pkg.pc'
[2.440s] Level 1:colcon.colcon_core.environment:checking '/home/manoj/ros/robot_ws/install/base_pkg/lib/python3.10/site-packages'
[2.440s] Level 1:colcon.colcon_core.shell:create_environment_hook('base_pkg', 'pythonpath')
[2.440s] INFO:colcon.colcon_core.shell:Creating environment hook '/home/manoj/ros/robot_ws/install/base_pkg/share/base_pkg/hook/pythonpath.ps1'
[2.441s] INFO:colcon.colcon_core.shell:Creating environment descriptor '/home/manoj/ros/robot_ws/install/base_pkg/share/base_pkg/hook/pythonpath.dsv'
[2.441s] INFO:colcon.colcon_core.shell:Creating environment hook '/home/manoj/ros/robot_ws/install/base_pkg/share/base_pkg/hook/pythonpath.sh'
[2.442s] Level 1:colcon.colcon_core.environment:checking '/home/manoj/ros/robot_ws/install/base_pkg/bin'
[2.442s] Level 1:colcon.colcon_core.environment:create_environment_scripts_only(base_pkg)
[2.442s] INFO:colcon.colcon_core.shell:Creating package script '/home/manoj/ros/robot_ws/install/base_pkg/share/base_pkg/package.ps1'
[2.443s] INFO:colcon.colcon_core.shell:Creating package descriptor '/home/manoj/ros/robot_ws/install/base_pkg/share/base_pkg/package.dsv'
[2.444s] INFO:colcon.colcon_core.shell:Creating package script '/home/manoj/ros/robot_ws/install/base_pkg/share/base_pkg/package.sh'
[2.444s] INFO:colcon.colcon_core.shell:Creating package script '/home/manoj/ros/robot_ws/install/base_pkg/share/base_pkg/package.bash'
[2.444s] INFO:colcon.colcon_core.shell:Creating package script '/home/manoj/ros/robot_ws/install/base_pkg/share/base_pkg/package.zsh'
[2.445s] Level 1:colcon.colcon_core.environment:create_file_with_runtime_dependencies(/home/manoj/ros/robot_ws/install/base_pkg/share/colcon-core/packages/base_pkg)
[13.547s] DEBUG:colcon.colcon_core.event_handler.log_command:Invoked command in '/home/manoj/ros/robot_ws/build/livox_to_pointcloud2' returned '0': CMAKE_PREFIX_PATH=/home/manoj/ros/robot_ws/install/robot_bringup:/home/manoj/ros/robot_ws/install/transform_mid360:/home/manoj/ros/robot_ws/install/ros2_livox_simulation:/home/manoj/ros/robot_ws/install/pointcloud_to_laserscan:/home/manoj/ros/robot_ws/install/myrobot_description:/home/manoj/ros/robot_ws/install/livox_to_pointcloud2:/home/manoj/ros/robot_ws/install/base_pkg:/opt/ros/humble:/home/manoj/ros/ws_livox/install/fast_lio:/home/manoj/ros/ws_livox/install/livox_ros_driver2 /usr/bin/cmake --build /home/manoj/ros/robot_ws/build/livox_to_pointcloud2 -- -j12 -l12
[13.586s] DEBUG:colcon.colcon_core.event_handler.log_command:Invoking command in '/home/manoj/ros/robot_ws/build/livox_to_pointcloud2': CMAKE_PREFIX_PATH=/home/manoj/ros/robot_ws/install/robot_bringup:/home/manoj/ros/robot_ws/install/transform_mid360:/home/manoj/ros/robot_ws/install/ros2_livox_simulation:/home/manoj/ros/robot_ws/install/pointcloud_to_laserscan:/home/manoj/ros/robot_ws/install/myrobot_description:/home/manoj/ros/robot_ws/install/livox_to_pointcloud2:/home/manoj/ros/robot_ws/install/base_pkg:/opt/ros/humble:/home/manoj/ros/ws_livox/install/fast_lio:/home/manoj/ros/ws_livox/install/livox_ros_driver2 /usr/bin/cmake --install /home/manoj/ros/robot_ws/build/livox_to_pointcloud2
[13.604s] Level 1:colcon.colcon_core.environment:create_environment_scripts_only(livox_to_pointcloud2)
[13.605s] Level 1:colcon.colcon_core.environment:checking '/home/manoj/ros/robot_ws/install/livox_to_pointcloud2' for CMake module files
[13.605s] DEBUG:colcon.colcon_core.event_handler.log_command:Invoked command in '/home/manoj/ros/robot_ws/build/livox_to_pointcloud2' returned '0': CMAKE_PREFIX_PATH=/home/manoj/ros/robot_ws/install/robot_bringup:/home/manoj/ros/robot_ws/install/transform_mid360:/home/manoj/ros/robot_ws/install/ros2_livox_simulation:/home/manoj/ros/robot_ws/install/pointcloud_to_laserscan:/home/manoj/ros/robot_ws/install/myrobot_description:/home/manoj/ros/robot_ws/install/livox_to_pointcloud2:/home/manoj/ros/robot_ws/install/base_pkg:/opt/ros/humble:/home/manoj/ros/ws_livox/install/fast_lio:/home/manoj/ros/ws_livox/install/livox_ros_driver2 /usr/bin/cmake --install /home/manoj/ros/robot_ws/build/livox_to_pointcloud2
[13.606s] Level 1:colcon.colcon_core.environment:checking '/home/manoj/ros/robot_ws/install/livox_to_pointcloud2' for CMake config files
[13.606s] Level 1:colcon.colcon_core.shell:create_environment_hook('livox_to_pointcloud2', 'cmake_prefix_path')
[13.607s] INFO:colcon.colcon_core.shell:Creating environment hook '/home/manoj/ros/robot_ws/install/livox_to_pointcloud2/share/livox_to_pointcloud2/hook/cmake_prefix_path.ps1'
[13.607s] INFO:colcon.colcon_core.shell:Creating environment descriptor '/home/manoj/ros/robot_ws/install/livox_to_pointcloud2/share/livox_to_pointcloud2/hook/cmake_prefix_path.dsv'
[13.608s] INFO:colcon.colcon_core.shell:Creating environment hook '/home/manoj/ros/robot_ws/install/livox_to_pointcloud2/share/livox_to_pointcloud2/hook/cmake_prefix_path.sh'
[13.608s] Level 1:colcon.colcon_core.environment:checking '/home/manoj/ros/robot_ws/install/livox_to_pointcloud2/lib'
[13.608s] Level 1:colcon.colcon_core.environment:checking '/home/manoj/ros/robot_ws/install/livox_to_pointcloud2/bin'
[13.608s] Level 1:colcon.colcon_core.environment:checking '/home/manoj/ros/robot_ws/install/livox_to_pointcloud2/lib/pkgconfig/livox_to_pointcloud2.pc'
[13.609s] Level 1:colcon.colcon_core.environment:checking '/home/manoj/ros/robot_ws/install/livox_to_pointcloud2/lib/python3.10/site-packages'
[13.609s] Level 1:colcon.colcon_core.environment:checking '/home/manoj/ros/robot_ws/install/livox_to_pointcloud2/bin'
[13.609s] INFO:colcon.colcon_core.shell:Creating package script '/home/manoj/ros/robot_ws/install/livox_to_pointcloud2/share/livox_to_pointcloud2/package.ps1'
[13.610s] INFO:colcon.colcon_core.shell:Creating package descriptor '/home/manoj/ros/robot_ws/install/livox_to_pointcloud2/share/livox_to_pointcloud2/package.dsv'
[13.610s] INFO:colcon.colcon_core.shell:Creating package script '/home/manoj/ros/robot_ws/install/livox_to_pointcloud2/share/livox_to_pointcloud2/package.sh'
[13.611s] INFO:colcon.colcon_core.shell:Creating package script '/home/manoj/ros/robot_ws/install/livox_to_pointcloud2/share/livox_to_pointcloud2/package.bash'
[13.611s] INFO:colcon.colcon_core.shell:Creating package script '/home/manoj/ros/robot_ws/install/livox_to_pointcloud2/share/livox_to_pointcloud2/package.zsh'
[13.611s] Level 1:colcon.colcon_core.environment:create_file_with_runtime_dependencies(/home/manoj/ros/robot_ws/install/livox_to_pointcloud2/share/colcon-core/packages/livox_to_pointcloud2)
[13.648s] Level 1:colcon.colcon_core.environment:create_environment_scripts_only(livox_to_pointcloud2)
[13.648s] Level 1:colcon.colcon_core.environment:checking '/home/manoj/ros/robot_ws/install/livox_to_pointcloud2' for CMake module files
[13.649s] Level 1:colcon.colcon_core.environment:checking '/home/manoj/ros/robot_ws/install/livox_to_pointcloud2' for CMake config files
[13.649s] Level 1:colcon.colcon_core.shell:create_environment_hook('livox_to_pointcloud2', 'cmake_prefix_path')
[13.650s] INFO:colcon.colcon_core.shell:Creating environment hook '/home/manoj/ros/robot_ws/install/livox_to_pointcloud2/share/livox_to_pointcloud2/hook/cmake_prefix_path.ps1'
[13.650s] INFO:colcon.colcon_core.shell:Creating environment descriptor '/home/manoj/ros/robot_ws/install/livox_to_pointcloud2/share/livox_to_pointcloud2/hook/cmake_prefix_path.dsv'
[13.651s] INFO:colcon.colcon_core.shell:Creating environment hook '/home/manoj/ros/robot_ws/install/livox_to_pointcloud2/share/livox_to_pointcloud2/hook/cmake_prefix_path.sh'
[13.651s] Level 1:colcon.colcon_core.environment:checking '/home/manoj/ros/robot_ws/install/livox_to_pointcloud2/lib'
[13.651s] Level 1:colcon.colcon_core.environment:checking '/home/manoj/ros/robot_ws/install/livox_to_pointcloud2/bin'
[13.652s] Level 1:colcon.colcon_core.environment:checking '/home/manoj/ros/robot_ws/install/livox_to_pointcloud2/lib/pkgconfig/livox_to_pointcloud2.pc'
[13.652s] Level 1:colcon.colcon_core.environment:checking '/home/manoj/ros/robot_ws/install/livox_to_pointcloud2/lib/python3.10/site-packages'
[13.652s] Level 1:colcon.colcon_core.environment:checking '/home/manoj/ros/robot_ws/install/livox_to_pointcloud2/bin'
[13.653s] INFO:colcon.colcon_core.shell:Creating package script '/home/manoj/ros/robot_ws/install/livox_to_pointcloud2/share/livox_to_pointcloud2/package.ps1'
[13.653s] INFO:colcon.colcon_core.shell:Creating package descriptor '/home/manoj/ros/robot_ws/install/livox_to_pointcloud2/share/livox_to_pointcloud2/package.dsv'
[13.654s] INFO:colcon.colcon_core.shell:Creating package script '/home/manoj/ros/robot_ws/install/livox_to_pointcloud2/share/livox_to_pointcloud2/package.sh'
[13.654s] INFO:colcon.colcon_core.shell:Creating package script '/home/manoj/ros/robot_ws/install/livox_to_pointcloud2/share/livox_to_pointcloud2/package.bash'
[13.655s] INFO:colcon.colcon_core.shell:Creating package script '/home/manoj/ros/robot_ws/install/livox_to_pointcloud2/share/livox_to_pointcloud2/package.zsh'
[13.655s] Level 1:colcon.colcon_core.environment:create_file_with_runtime_dependencies(/home/manoj/ros/robot_ws/install/livox_to_pointcloud2/share/colcon-core/packages/livox_to_pointcloud2)
[13.656s] INFO:colcon.colcon_ros.task.ament_cmake.build:Building ROS package in '/home/manoj/ros/robot_ws/src/robot_bringup' with build type 'ament_cmake'
[13.656s] INFO:colcon.colcon_cmake.task.cmake.build:Building CMake package in '/home/manoj/ros/robot_ws/src/robot_bringup'
[13.656s] INFO:colcon.colcon_core.shell:Skip shell extension 'powershell' for command environment: Not usable outside of PowerShell
[13.656s] DEBUG:colcon.colcon_core.shell:Skip shell extension 'dsv' for command environment
[13.676s] DEBUG:colcon.colcon_core.event_handler.log_command:Invoking command in '/home/manoj/ros/robot_ws/build/robot_bringup': CMAKE_PREFIX_PATH=/home/manoj/ros/robot_ws/install/transform_mid360:/home/manoj/ros/robot_ws/install/pointcloud_to_laserscan:/home/manoj/ros/robot_ws/install/myrobot_description:/home/manoj/ros/robot_ws/install/livox_to_pointcloud2:/home/manoj/ros/robot_ws/install/robot_bringup:/home/manoj/ros/robot_ws/install/ros2_livox_simulation:/home/manoj/ros/robot_ws/install/base_pkg:/opt/ros/humble:/home/manoj/ros/ws_livox/install/fast_lio:/home/manoj/ros/ws_livox/install/livox_ros_driver2 LD_LIBRARY_PATH=/home/manoj/ros/robot_ws/install/pointcloud_to_laserscan/lib:/home/manoj/ros/robot_ws/install/ros2_livox_simulation/lib:/home/manoj/ros/ws_livox/install/fast_lio/lib:/home/manoj/ros/ws_livox/install/livox_ros_driver2/lib:/usr/lib/x86_64-linux-gnu/gazebo-11/plugins:/opt/ros/humble/opt/rviz_ogre_vendor/lib:/opt/ros/humble/lib/x86_64-linux-gnu:/opt/ros/humble/lib:/home/manoj/ros/ws_livox/install/livox_ros_driver2/lib/:/home/manoj/ros/ws_livox/install/livox_ros_driver2/lib/ /usr/bin/cmake --build /home/manoj/ros/robot_ws/build/robot_bringup -- -j12 -l12
[14.022s] DEBUG:colcon.colcon_core.event_handler.log_command:Invoked command in '/home/manoj/ros/robot_ws/build/robot_bringup' returned '0': CMAKE_PREFIX_PATH=/home/manoj/ros/robot_ws/install/transform_mid360:/home/manoj/ros/robot_ws/install/pointcloud_to_laserscan:/home/manoj/ros/robot_ws/install/myrobot_description:/home/manoj/ros/robot_ws/install/livox_to_pointcloud2:/home/manoj/ros/robot_ws/install/robot_bringup:/home/manoj/ros/robot_ws/install/ros2_livox_simulation:/home/manoj/ros/robot_ws/install/base_pkg:/opt/ros/humble:/home/manoj/ros/ws_livox/install/fast_lio:/home/manoj/ros/ws_livox/install/livox_ros_driver2 LD_LIBRARY_PATH=/home/manoj/ros/robot_ws/install/pointcloud_to_laserscan/lib:/home/manoj/ros/robot_ws/install/ros2_livox_simulation/lib:/home/manoj/ros/ws_livox/install/fast_lio/lib:/home/manoj/ros/ws_livox/install/livox_ros_driver2/lib:/usr/lib/x86_64-linux-gnu/gazebo-11/plugins:/opt/ros/humble/opt/rviz_ogre_vendor/lib:/opt/ros/humble/lib/x86_64-linux-gnu:/opt/ros/humble/lib:/home/manoj/ros/ws_livox/install/livox_ros_driver2/lib/:/home/manoj/ros/ws_livox/install/livox_ros_driver2/lib/ /usr/bin/cmake --build /home/manoj/ros/robot_ws/build/robot_bringup -- -j12 -l12
[14.047s] DEBUG:colcon.colcon_core.event_handler.log_command:Invoking command in '/home/manoj/ros/robot_ws/build/robot_bringup': CMAKE_PREFIX_PATH=/home/manoj/ros/robot_ws/install/transform_mid360:/home/manoj/ros/robot_ws/install/pointcloud_to_laserscan:/home/manoj/ros/robot_ws/install/myrobot_description:/home/manoj/ros/robot_ws/install/livox_to_pointcloud2:/home/manoj/ros/robot_ws/install/robot_bringup:/home/manoj/ros/robot_ws/install/ros2_livox_simulation:/home/manoj/ros/robot_ws/install/base_pkg:/opt/ros/humble:/home/manoj/ros/ws_livox/install/fast_lio:/home/manoj/ros/ws_livox/install/livox_ros_driver2 LD_LIBRARY_PATH=/home/manoj/ros/robot_ws/install/pointcloud_to_laserscan/lib:/home/manoj/ros/robot_ws/install/ros2_livox_simulation/lib:/home/manoj/ros/ws_livox/install/fast_lio/lib:/home/manoj/ros/ws_livox/install/livox_ros_driver2/lib:/usr/lib/x86_64-linux-gnu/gazebo-11/plugins:/opt/ros/humble/opt/rviz_ogre_vendor/lib:/opt/ros/humble/lib/x86_64-linux-gnu:/opt/ros/humble/lib:/home/manoj/ros/ws_livox/install/livox_ros_driver2/lib/:/home/manoj/ros/ws_livox/install/livox_ros_driver2/lib/ /usr/bin/cmake --install /home/manoj/ros/robot_ws/build/robot_bringup
[14.061s] Level 1:colcon.colcon_core.environment:create_environment_scripts_only(robot_bringup)
[14.062s] Level 1:colcon.colcon_core.environment:checking '/home/manoj/ros/robot_ws/install/robot_bringup' for CMake module files
[14.062s] DEBUG:colcon.colcon_core.event_handler.log_command:Invoked command in '/home/manoj/ros/robot_ws/build/robot_bringup' returned '0': CMAKE_PREFIX_PATH=/home/manoj/ros/robot_ws/install/transform_mid360:/home/manoj/ros/robot_ws/install/pointcloud_to_laserscan:/home/manoj/ros/robot_ws/install/myrobot_description:/home/manoj/ros/robot_ws/install/livox_to_pointcloud2:/home/manoj/ros/robot_ws/install/robot_bringup:/home/manoj/ros/robot_ws/install/ros2_livox_simulation:/home/manoj/ros/robot_ws/install/base_pkg:/opt/ros/humble:/home/manoj/ros/ws_livox/install/fast_lio:/home/manoj/ros/ws_livox/install/livox_ros_driver2 LD_LIBRARY_PATH=/home/manoj/ros/robot_ws/install/pointcloud_to_laserscan/lib:/home/manoj/ros/robot_ws/install/ros2_livox_simulation/lib:/home/manoj/ros/ws_livox/install/fast_lio/lib:/home/manoj/ros/ws_livox/install/livox_ros_driver2/lib:/usr/lib/x86_64-linux-gnu/gazebo-11/plugins:/opt/ros/humble/opt/rviz_ogre_vendor/lib:/opt/ros/humble/lib/x86_64-linux-gnu:/opt/ros/humble/lib:/home/manoj/ros/ws_livox/install/livox_ros_driver2/lib/:/home/manoj/ros/ws_livox/install/livox_ros_driver2/lib/ /usr/bin/cmake --install /home/manoj/ros/robot_ws/build/robot_bringup
[14.063s] Level 1:colcon.colcon_core.environment:checking '/home/manoj/ros/robot_ws/install/robot_bringup' for CMake config files
[14.063s] Level 1:colcon.colcon_core.shell:create_environment_hook('robot_bringup', 'cmake_prefix_path')
[14.064s] INFO:colcon.colcon_core.shell:Creating environment hook '/home/manoj/ros/robot_ws/install/robot_bringup/share/robot_bringup/hook/cmake_prefix_path.ps1'
[14.064s] INFO:colcon.colcon_core.shell:Creating environment descriptor '/home/manoj/ros/robot_ws/install/robot_bringup/share/robot_bringup/hook/cmake_prefix_path.dsv'
[14.065s] INFO:colcon.colcon_core.shell:Creating environment hook '/home/manoj/ros/robot_ws/install/robot_bringup/share/robot_bringup/hook/cmake_prefix_path.sh'
[14.065s] Level 1:colcon.colcon_core.environment:checking '/home/manoj/ros/robot_ws/install/robot_bringup/bin'
[14.066s] Level 1:colcon.colcon_core.environment:checking '/home/manoj/ros/robot_ws/install/robot_bringup/lib/pkgconfig/robot_bringup.pc'
[14.066s] Level 1:colcon.colcon_core.environment:checking '/home/manoj/ros/robot_ws/install/robot_bringup/lib/python3.10/site-packages'
[14.066s] Level 1:colcon.colcon_core.environment:checking '/home/manoj/ros/robot_ws/install/robot_bringup/bin'
[14.067s] INFO:colcon.colcon_core.shell:Creating package script '/home/manoj/ros/robot_ws/install/robot_bringup/share/robot_bringup/package.ps1'
[14.067s] INFO:colcon.colcon_core.shell:Creating package descriptor '/home/manoj/ros/robot_ws/install/robot_bringup/share/robot_bringup/package.dsv'
[14.068s] INFO:colcon.colcon_core.shell:Creating package script '/home/manoj/ros/robot_ws/install/robot_bringup/share/robot_bringup/package.sh'
[14.068s] INFO:colcon.colcon_core.shell:Creating package script '/home/manoj/ros/robot_ws/install/robot_bringup/share/robot_bringup/package.bash'
[14.068s] INFO:colcon.colcon_core.shell:Creating package script '/home/manoj/ros/robot_ws/install/robot_bringup/share/robot_bringup/package.zsh'
[14.069s] Level 1:colcon.colcon_core.environment:create_file_with_runtime_dependencies(/home/manoj/ros/robot_ws/install/robot_bringup/share/colcon-core/packages/robot_bringup)
[14.092s] Level 1:colcon.colcon_core.environment:create_environment_scripts_only(robot_bringup)
[14.093s] Level 1:colcon.colcon_core.environment:checking '/home/manoj/ros/robot_ws/install/robot_bringup' for CMake module files
[14.093s] Level 1:colcon.colcon_core.environment:checking '/home/manoj/ros/robot_ws/install/robot_bringup' for CMake config files
[14.094s] Level 1:colcon.colcon_core.shell:create_environment_hook('robot_bringup', 'cmake_prefix_path')
[14.094s] INFO:colcon.colcon_core.shell:Creating environment hook '/home/manoj/ros/robot_ws/install/robot_bringup/share/robot_bringup/hook/cmake_prefix_path.ps1'
[14.094s] INFO:colcon.colcon_core.shell:Creating environment descriptor '/home/manoj/ros/robot_ws/install/robot_bringup/share/robot_bringup/hook/cmake_prefix_path.dsv'
[14.095s] INFO:colcon.colcon_core.shell:Creating environment hook '/home/manoj/ros/robot_ws/install/robot_bringup/share/robot_bringup/hook/cmake_prefix_path.sh'
[14.095s] Level 1:colcon.colcon_core.environment:checking '/home/manoj/ros/robot_ws/install/robot_bringup/bin'
[14.096s] Level 1:colcon.colcon_core.environment:checking '/home/manoj/ros/robot_ws/install/robot_bringup/lib/pkgconfig/robot_bringup.pc'
[14.096s] Level 1:colcon.colcon_core.environment:checking '/home/manoj/ros/robot_ws/install/robot_bringup/lib/python3.10/site-packages'
[14.096s] Level 1:colcon.colcon_core.environment:checking '/home/manoj/ros/robot_ws/install/robot_bringup/bin'
[14.097s] INFO:colcon.colcon_core.shell:Creating package script '/home/manoj/ros/robot_ws/install/robot_bringup/share/robot_bringup/package.ps1'
[14.097s] INFO:colcon.colcon_core.shell:Creating package descriptor '/home/manoj/ros/robot_ws/install/robot_bringup/share/robot_bringup/package.dsv'
[14.098s] INFO:colcon.colcon_core.shell:Creating package script '/home/manoj/ros/robot_ws/install/robot_bringup/share/robot_bringup/package.sh'
[14.098s] INFO:colcon.colcon_core.shell:Creating package script '/home/manoj/ros/robot_ws/install/robot_bringup/share/robot_bringup/package.bash'
[14.099s] INFO:colcon.colcon_core.shell:Creating package script '/home/manoj/ros/robot_ws/install/robot_bringup/share/robot_bringup/package.zsh'
[14.099s] Level 1:colcon.colcon_core.environment:create_file_with_runtime_dependencies(/home/manoj/ros/robot_ws/install/robot_bringup/share/colcon-core/packages/robot_bringup)
[14.100s] DEBUG:colcon.colcon_parallel_executor.executor.parallel:closing loop
[14.100s] DEBUG:colcon.colcon_parallel_executor.executor.parallel:loop closed
[14.100s] DEBUG:colcon.colcon_parallel_executor.executor.parallel:run_until_complete finished with '0'
[14.100s] DEBUG:colcon.colcon_core.event_reactor:joining thread
[14.110s] INFO:colcon.colcon_core.plugin_system:Skipping extension 'colcon_notification.desktop_notification.terminal_notifier': Not used on non-Darwin systems
[14.111s] INFO:colcon.colcon_core.plugin_system:Skipping extension 'colcon_notification.desktop_notification.win32': Not used on non-Windows systems
[14.111s] INFO:colcon.colcon_notification.desktop_notification:Sending desktop notification using 'notify2'
[14.125s] DEBUG:colcon.colcon_core.event_reactor:joined thread
[14.126s] INFO:colcon.colcon_core.shell:Creating prefix script '/home/manoj/ros/robot_ws/install/local_setup.ps1'
[14.127s] INFO:colcon.colcon_core.shell:Creating prefix util module '/home/manoj/ros/robot_ws/install/_local_setup_util_ps1.py'
[14.129s] INFO:colcon.colcon_core.shell:Creating prefix chain script '/home/manoj/ros/robot_ws/install/setup.ps1'
[14.132s] INFO:colcon.colcon_core.shell:Creating prefix script '/home/manoj/ros/robot_ws/install/local_setup.sh'
[14.133s] INFO:colcon.colcon_core.shell:Creating prefix util module '/home/manoj/ros/robot_ws/install/_local_setup_util_sh.py'
[14.133s] INFO:colcon.colcon_core.shell:Creating prefix chain script '/home/manoj/ros/robot_ws/install/setup.sh'
[14.135s] INFO:colcon.colcon_core.shell:Creating prefix script '/home/manoj/ros/robot_ws/install/local_setup.bash'
[14.136s] INFO:colcon.colcon_core.shell:Creating prefix chain script '/home/manoj/ros/robot_ws/install/setup.bash'
[14.138s] INFO:colcon.colcon_core.shell:Creating prefix script '/home/manoj/ros/robot_ws/install/local_setup.zsh'
[14.139s] INFO:colcon.colcon_core.shell:Creating prefix chain script '/home/manoj/ros/robot_ws/install/setup.zsh'
