[35m[1mConsolidate compiler generated dependencies of target nav2_sms_behavior__rosidl_generator_c[0m
[  2%] Built target nav2_sms_behavior__cpp
[ 11%] Built target nav2_sms_behavior__rosidl_generator_c
[ 11%] Built target ament_cmake_python_copy_nav2_sms_behavior
[35m[1mConsolidate compiler generated dependencies of target nav2_sms_behavior__rosidl_typesupport_introspection_cpp[0m
[35m[1mConsolidate compiler generated dependencies of target nav2_sms_behavior__rosidl_typesupport_cpp[0m
[35m[1mConsolidate compiler generated dependencies of target nav2_sms_behavior__rosidl_typesupport_fastrtps_cpp[0m
[35m[1mConsolidate compiler generated dependencies of target nav2_sms_behavior__rosidl_typesupport_c[0m
[35m[1mConsolidate compiler generated dependencies of target nav2_sms_behavior__rosidl_typesupport_fastrtps_c[0m
[35m[1mConsolidate compiler generated dependencies of target nav2_sms_behavior__rosidl_typesupport_introspection_c[0m
[ 20%] Built target nav2_sms_behavior__rosidl_typesupport_introspection_cpp
[ 29%] Built target nav2_sms_behavior__rosidl_typesupport_cpp
[ 38%] Built target nav2_sms_behavior__rosidl_typesupport_c
[ 47%] Built target nav2_sms_behavior__rosidl_typesupport_introspection_c
[ 55%] Built target nav2_sms_behavior__rosidl_typesupport_fastrtps_c
[ 64%] Built target nav2_sms_behavior__rosidl_typesupport_fastrtps_cpp
[35m[1mConsolidate compiler generated dependencies of target nav2_sms_behavior_plugin[0m
[ 64%] Built target nav2_sms_behavior
[ 67%] [32mBuilding CXX object CMakeFiles/nav2_sms_behavior_plugin.dir/src/send_sms.cpp.o[0m
[ 70%] [32mBuilding CXX object CMakeFiles/nav2_sms_behavior_plugin.dir/src/twilio.cpp.o[0m
[ 73%] [34m[1mGenerating Python code for ROS interfaces[0m
running egg_info
creating nav2_sms_behavior.egg-info
writing nav2_sms_behavior.egg-info/PKG-INFO
writing dependency_links to nav2_sms_behavior.egg-info/dependency_links.txt
writing top-level names to nav2_sms_behavior.egg-info/top_level.txt
writing manifest file 'nav2_sms_behavior.egg-info/SOURCES.txt'
reading manifest file 'nav2_sms_behavior.egg-info/SOURCES.txt'
writing manifest file 'nav2_sms_behavior.egg-info/SOURCES.txt'
[ 73%] Built target ament_cmake_python_build_nav2_sms_behavior_egg
[ 73%] Built target nav2_sms_behavior__py
[ 76%] [32mBuilding C object CMakeFiles/nav2_sms_behavior__rosidl_generator_py.dir/rosidl_generator_py/nav2_sms_behavior/action/_send_sms_s.c.o[0m
[ 79%] [32m[1mLinking C shared library rosidl_generator_py/nav2_sms_behavior/libnav2_sms_behavior__rosidl_generator_py.so[0m
[ 79%] Built target nav2_sms_behavior__rosidl_generator_py
[ 88%] [32mBuilding C object CMakeFiles/nav2_sms_behavior__rosidl_typesupport_c__pyext.dir/rosidl_generator_py/nav2_sms_behavior/_nav2_sms_behavior_s.ep.rosidl_typesupport_c.c.o[0m
[ 88%] [32mBuilding C object CMakeFiles/nav2_sms_behavior__rosidl_typesupport_fastrtps_c__pyext.dir/rosidl_generator_py/nav2_sms_behavior/_nav2_sms_behavior_s.ep.rosidl_typesupport_fastrtps_c.c.o[0m
[ 88%] [32mBuilding C object CMakeFiles/nav2_sms_behavior__rosidl_typesupport_introspection_c__pyext.dir/rosidl_generator_py/nav2_sms_behavior/_nav2_sms_behavior_s.ep.rosidl_typesupport_introspection_c.c.o[0m
[ 97%] [32m[1mLinking C shared library rosidl_generator_py/nav2_sms_behavior/nav2_sms_behavior_s__rosidl_typesupport_introspection_c.cpython-310-x86_64-linux-gnu.so[0m
[ 97%] [32m[1mLinking C shared library rosidl_generator_py/nav2_sms_behavior/nav2_sms_behavior_s__rosidl_typesupport_fastrtps_c.cpython-310-x86_64-linux-gnu.so[0m
[ 97%] [32m[1mLinking C shared library rosidl_generator_py/nav2_sms_behavior/nav2_sms_behavior_s__rosidl_typesupport_c.cpython-310-x86_64-linux-gnu.so[0m
[ 97%] Built target nav2_sms_behavior__rosidl_typesupport_introspection_c__pyext
[ 97%] Built target nav2_sms_behavior__rosidl_typesupport_c__pyext
[ 97%] Built target nav2_sms_behavior__rosidl_typesupport_fastrtps_c__pyext
