[0.074s] Invoking command in '/home/manoj/ros/robot_ws/build/myrobot_description': CMAKE_PREFIX_PATH=/opt/ros/humble /usr/bin/cmake --build /home/manoj/ros/robot_ws/build/myrobot_description -- -j12 -l12
[1.003s] Invoked command in '/home/manoj/ros/robot_ws/build/myrobot_description' returned '0': CMAKE_PREFIX_PATH=/opt/ros/humble /usr/bin/cmake --build /home/manoj/ros/robot_ws/build/myrobot_description -- -j12 -l12
[1.062s] Invoking command in '/home/manoj/ros/robot_ws/build/myrobot_description': CMAKE_PREFIX_PATH=/opt/ros/humble /usr/bin/cmake --install /home/manoj/ros/robot_ws/build/myrobot_description
[1.075s] -- Install configuration: ""
[1.075s] -- Up-to-date: /home/manoj/ros/robot_ws/install/myrobot_description/share/myrobot_description/meshes
[1.075s] -- Up-to-date: /home/manoj/ros/robot_ws/install/myrobot_description/share/myrobot_description/meshes/blue_tyre.stl
[1.075s] -- Up-to-date: /home/manoj/ros/robot_ws/install/myrobot_description/share/myrobot_description/meshes/base.stl
[1.076s] -- Up-to-date: /home/manoj/ros/robot_ws/install/myrobot_description/share/myrobot_description/meshes/mid_360.stl
[1.076s] -- Up-to-date: /home/manoj/ros/robot_ws/install/myrobot_description/share/myrobot_description/launch
[1.077s] -- Up-to-date: /home/manoj/ros/robot_ws/install/myrobot_description/share/myrobot_description/launch/launch_rviz.launch.py
[1.077s] -- Up-to-date: /home/manoj/ros/robot_ws/install/myrobot_description/share/myrobot_description/launch/rsp.launch.py
[1.080s] -- Up-to-date: /home/manoj/ros/robot_ws/install/myrobot_description/share/myrobot_description/launch/launch_gazebo.launch.py
[1.081s] -- Up-to-date: /home/manoj/ros/robot_ws/install/myrobot_description/share/myrobot_description/config
[1.085s] -- Up-to-date: /home/manoj/ros/robot_ws/install/myrobot_description/share/myrobot_description/config/robot_display.rviz
[1.086s] -- Up-to-date: /home/manoj/ros/robot_ws/install/myrobot_description/share/myrobot_description/config/mapper_params_online_async.yaml
[1.086s] -- Up-to-date: /home/manoj/ros/robot_ws/install/myrobot_description/share/myrobot_description/urdf
[1.086s] -- Up-to-date: /home/manoj/ros/robot_ws/install/myrobot_description/share/myrobot_description/urdf/myrobot.urdf.xacro
[1.086s] -- Up-to-date: /home/manoj/ros/robot_ws/install/myrobot_description/share/myrobot_description/urdf/properties.xacro
[1.086s] -- Up-to-date: /home/manoj/ros/robot_ws/install/myrobot_description/share/myrobot_description/urdf/imu.urdf.xacro
[1.086s] -- Up-to-date: /home/manoj/ros/robot_ws/install/myrobot_description/share/myrobot_description/urdf/laser.urdf.xacro
[1.087s] -- Up-to-date: /home/manoj/ros/robot_ws/install/myrobot_description/share/myrobot_description/urdf/gazebo_control.xacro
[1.087s] -- Up-to-date: /home/manoj/ros/robot_ws/install/myrobot_description/share/myrobot_description/urdf/robot.urdf
[1.087s] -- Up-to-date: /home/manoj/ros/robot_ws/install/myrobot_description/share/ament_index/resource_index/package_run_dependencies/myrobot_description
[1.088s] -- Up-to-date: /home/manoj/ros/robot_ws/install/myrobot_description/share/ament_index/resource_index/parent_prefix_path/myrobot_description
[1.088s] -- Up-to-date: /home/manoj/ros/robot_ws/install/myrobot_description/share/myrobot_description/environment/ament_prefix_path.sh
[1.088s] -- Up-to-date: /home/manoj/ros/robot_ws/install/myrobot_description/share/myrobot_description/environment/ament_prefix_path.dsv
[1.089s] -- Up-to-date: /home/manoj/ros/robot_ws/install/myrobot_description/share/myrobot_description/environment/path.sh
[1.090s] -- Up-to-date: /home/manoj/ros/robot_ws/install/myrobot_description/share/myrobot_description/environment/path.dsv
[1.091s] -- Up-to-date: /home/manoj/ros/robot_ws/install/myrobot_description/share/myrobot_description/local_setup.bash
[1.091s] -- Up-to-date: /home/manoj/ros/robot_ws/install/myrobot_description/share/myrobot_description/local_setup.sh
[1.091s] -- Up-to-date: /home/manoj/ros/robot_ws/install/myrobot_description/share/myrobot_description/local_setup.zsh
[1.091s] -- Up-to-date: /home/manoj/ros/robot_ws/install/myrobot_description/share/myrobot_description/local_setup.dsv
[1.091s] -- Installing: /home/manoj/ros/robot_ws/install/myrobot_description/share/myrobot_description/package.dsv
[1.092s] -- Up-to-date: /home/manoj/ros/robot_ws/install/myrobot_description/share/ament_index/resource_index/packages/myrobot_description
[1.092s] -- Up-to-date: /home/manoj/ros/robot_ws/install/myrobot_description/share/myrobot_description/cmake/myrobot_descriptionConfig.cmake
[1.092s] -- Up-to-date: /home/manoj/ros/robot_ws/install/myrobot_description/share/myrobot_description/cmake/myrobot_descriptionConfig-version.cmake
[1.092s] -- Up-to-date: /home/manoj/ros/robot_ws/install/myrobot_description/share/myrobot_description/package.xml
[1.096s] Invoked command in '/home/manoj/ros/robot_ws/build/myrobot_description' returned '0': CMAKE_PREFIX_PATH=/opt/ros/humble /usr/bin/cmake --install /home/manoj/ros/robot_ws/build/myrobot_description
