[0.907s] Invoking command in '/home/manoj/ros/robot_ws/src/base_pkg': PYTHONPATH=/home/manoj/ros/robot_ws/build/base_pkg/prefix_override:/usr/lib/python3/dist-packages/colcon_core/task/python/colcon_distutils_commands:/home/manoj/ros/robot_ws/install/base_pkg/lib/python3.10/site-packages:${PYTHONPATH} /usr/bin/python3 -W ignore:setup.py install is deprecated setup.py egg_info --egg-base ../../build/base_pkg build --build-base /home/manoj/ros/robot_ws/build/base_pkg/build install --record /home/manoj/ros/robot_ws/build/base_pkg/install.log --single-version-externally-managed install_data
[1.269s] running egg_info
[1.269s] writing ../../build/base_pkg/base_pkg.egg-info/PKG-INFO
[1.269s] writing dependency_links to ../../build/base_pkg/base_pkg.egg-info/dependency_links.txt
[1.269s] writing entry points to ../../build/base_pkg/base_pkg.egg-info/entry_points.txt
[1.269s] writing requirements to ../../build/base_pkg/base_pkg.egg-info/requires.txt
[1.270s] writing top-level names to ../../build/base_pkg/base_pkg.egg-info/top_level.txt
[1.271s] reading manifest file '../../build/base_pkg/base_pkg.egg-info/SOURCES.txt'
[1.272s] writing manifest file '../../build/base_pkg/base_pkg.egg-info/SOURCES.txt'
[1.272s] running build
[1.273s] running build_py
[1.273s] running install
[1.274s] running install_lib
[1.275s] running install_data
[1.275s] running install_egg_info
[1.277s] removing '/home/manoj/ros/robot_ws/install/base_pkg/lib/python3.10/site-packages/base_pkg-1.0.0-py3.10.egg-info' (and everything under it)
[1.277s] Copying ../../build/base_pkg/base_pkg.egg-info to /home/manoj/ros/robot_ws/install/base_pkg/lib/python3.10/site-packages/base_pkg-1.0.0-py3.10.egg-info
[1.278s] running install_scripts
[1.296s] Installing cmd_node script to /home/manoj/ros/robot_ws/install/base_pkg/lib/base_pkg
[1.297s] Installing joy_node script to /home/manoj/ros/robot_ws/install/base_pkg/lib/base_pkg
[1.297s] writing list of installed files to '/home/manoj/ros/robot_ws/build/base_pkg/install.log'
[1.318s] Invoked command in '/home/manoj/ros/robot_ws/src/base_pkg' returned '0': PYTHONPATH=/home/manoj/ros/robot_ws/build/base_pkg/prefix_override:/usr/lib/python3/dist-packages/colcon_core/task/python/colcon_distutils_commands:/home/manoj/ros/robot_ws/install/base_pkg/lib/python3.10/site-packages:${PYTHONPATH} /usr/bin/python3 -W ignore:setup.py install is deprecated setup.py egg_info --egg-base ../../build/base_pkg build --build-base /home/manoj/ros/robot_ws/build/base_pkg/build install --record /home/manoj/ros/robot_ws/build/base_pkg/install.log --single-version-externally-managed install_data
