[0.012s] Invoking command in '/home/manoj/ros/robot_ws/build/robot_bringup': CMAKE_PREFIX_PATH=/home/manoj/ros/robot_ws/install/transform_mid360:/home/manoj/ros/robot_ws/install/pointcloud_to_laserscan:/home/manoj/ros/robot_ws/install/myrobot_description:/home/manoj/ros/robot_ws/install/livox_to_pointcloud2:/home/manoj/ros/robot_ws/install/ros2_livox_simulation:/home/manoj/ros/robot_ws/install/base_pkg:/opt/ros/humble:/home/manoj/ros/ws_livox/install/fast_lio:/home/manoj/ros/ws_livox/install/livox_ros_driver2 LD_LIBRARY_PATH=/home/manoj/ros/robot_ws/install/pointcloud_to_laserscan/lib:/home/manoj/ros/robot_ws/install/ros2_livox_simulation/lib:/home/manoj/ros/ws_livox/install/fast_lio/lib:/home/manoj/ros/ws_livox/install/livox_ros_driver2/lib:/usr/lib/x86_64-linux-gnu/gazebo-11/plugins:/opt/ros/humble/opt/rviz_ogre_vendor/lib:/opt/ros/humble/lib/x86_64-linux-gnu:/opt/ros/humble/lib:/home/manoj/ros/ws_livox/install/livox_ros_driver2/lib/:/home/manoj/ros/ws_livox/install/livox_ros_driver2/lib/ /usr/bin/cmake --build /home/manoj/ros/robot_ws/build/robot_bringup -- -j12 -l12
[0.029s] -- Found ament_cmake: 1.3.10 (/opt/ros/humble/share/ament_cmake/cmake)
[0.166s] -- Found rclpy: 3.3.14 (/opt/ros/humble/share/rclpy/cmake)
[0.246s] -- Configuring done
[0.249s] -- Generating done
[0.250s] -- Build files have been written to: /home/manoj/ros/robot_ws/build/robot_bringup
[0.273s] Invoked command in '/home/manoj/ros/robot_ws/build/robot_bringup' returned '0': CMAKE_PREFIX_PATH=/home/manoj/ros/robot_ws/install/transform_mid360:/home/manoj/ros/robot_ws/install/pointcloud_to_laserscan:/home/manoj/ros/robot_ws/install/myrobot_description:/home/manoj/ros/robot_ws/install/livox_to_pointcloud2:/home/manoj/ros/robot_ws/install/ros2_livox_simulation:/home/manoj/ros/robot_ws/install/base_pkg:/opt/ros/humble:/home/manoj/ros/ws_livox/install/fast_lio:/home/manoj/ros/ws_livox/install/livox_ros_driver2 LD_LIBRARY_PATH=/home/manoj/ros/robot_ws/install/pointcloud_to_laserscan/lib:/home/manoj/ros/robot_ws/install/ros2_livox_simulation/lib:/home/manoj/ros/ws_livox/install/fast_lio/lib:/home/manoj/ros/ws_livox/install/livox_ros_driver2/lib:/usr/lib/x86_64-linux-gnu/gazebo-11/plugins:/opt/ros/humble/opt/rviz_ogre_vendor/lib:/opt/ros/humble/lib/x86_64-linux-gnu:/opt/ros/humble/lib:/home/manoj/ros/ws_livox/install/livox_ros_driver2/lib/:/home/manoj/ros/ws_livox/install/livox_ros_driver2/lib/ /usr/bin/cmake --build /home/manoj/ros/robot_ws/build/robot_bringup -- -j12 -l12
[0.308s] Invoking command in '/home/manoj/ros/robot_ws/build/robot_bringup': CMAKE_PREFIX_PATH=/home/manoj/ros/robot_ws/install/transform_mid360:/home/manoj/ros/robot_ws/install/pointcloud_to_laserscan:/home/manoj/ros/robot_ws/install/myrobot_description:/home/manoj/ros/robot_ws/install/livox_to_pointcloud2:/home/manoj/ros/robot_ws/install/ros2_livox_simulation:/home/manoj/ros/robot_ws/install/base_pkg:/opt/ros/humble:/home/manoj/ros/ws_livox/install/fast_lio:/home/manoj/ros/ws_livox/install/livox_ros_driver2 LD_LIBRARY_PATH=/home/manoj/ros/robot_ws/install/pointcloud_to_laserscan/lib:/home/manoj/ros/robot_ws/install/ros2_livox_simulation/lib:/home/manoj/ros/ws_livox/install/fast_lio/lib:/home/manoj/ros/ws_livox/install/livox_ros_driver2/lib:/usr/lib/x86_64-linux-gnu/gazebo-11/plugins:/opt/ros/humble/opt/rviz_ogre_vendor/lib:/opt/ros/humble/lib/x86_64-linux-gnu:/opt/ros/humble/lib:/home/manoj/ros/ws_livox/install/livox_ros_driver2/lib/:/home/manoj/ros/ws_livox/install/livox_ros_driver2/lib/ /usr/bin/cmake --install /home/manoj/ros/robot_ws/build/robot_bringup
[0.314s] -- Install configuration: ""
[0.314s] -- Up-to-date: /home/manoj/ros/robot_ws/install/robot_bringup/share/robot_bringup/launch
[0.314s] -- Up-to-date: /home/manoj/ros/robot_ws/install/robot_bringup/share/robot_bringup/launch/navigation.launch.py
[0.314s] -- Up-to-date: /home/manoj/ros/robot_ws/install/robot_bringup/share/robot_bringup/launch/sim_navigation.launch.py
[0.315s] -- Up-to-date: /home/manoj/ros/robot_ws/install/robot_bringup/share/robot_bringup/launch/sim_mapping.launch.py
[0.315s] -- Up-to-date: /home/manoj/ros/robot_ws/install/robot_bringup/share/robot_bringup/launch/bringup.launch.py
[0.315s] [31mCMake Error at cmake_install.cmake:46 (file):
[0.315s]   file INSTALL cannot find
[0.315s]   "/home/manoj/ros/robot_ws/src/robot_bringup/DIRECTORY": No such file or
[0.315s]   directory.
[0.315s] 
[0.315s] [0m
[0.315s] Invoked command in '/home/manoj/ros/robot_ws/build/robot_bringup' returned '1': CMAKE_PREFIX_PATH=/home/manoj/ros/robot_ws/install/transform_mid360:/home/manoj/ros/robot_ws/install/pointcloud_to_laserscan:/home/manoj/ros/robot_ws/install/myrobot_description:/home/manoj/ros/robot_ws/install/livox_to_pointcloud2:/home/manoj/ros/robot_ws/install/ros2_livox_simulation:/home/manoj/ros/robot_ws/install/base_pkg:/opt/ros/humble:/home/manoj/ros/ws_livox/install/fast_lio:/home/manoj/ros/ws_livox/install/livox_ros_driver2 LD_LIBRARY_PATH=/home/manoj/ros/robot_ws/install/pointcloud_to_laserscan/lib:/home/manoj/ros/robot_ws/install/ros2_livox_simulation/lib:/home/manoj/ros/ws_livox/install/fast_lio/lib:/home/manoj/ros/ws_livox/install/livox_ros_driver2/lib:/usr/lib/x86_64-linux-gnu/gazebo-11/plugins:/opt/ros/humble/opt/rviz_ogre_vendor/lib:/opt/ros/humble/lib/x86_64-linux-gnu:/opt/ros/humble/lib:/home/manoj/ros/ws_livox/install/livox_ros_driver2/lib/:/home/manoj/ros/ws_livox/install/livox_ros_driver2/lib/ /usr/bin/cmake --install /home/manoj/ros/robot_ws/build/robot_bringup
