[1.290s] Invoking command in '/home/manoj/ros/robot_ws/src/base_pkg': PYTHONPATH=/home/manoj/ros/robot_ws/build/base_pkg/prefix_override:/usr/lib/python3/dist-packages/colcon_core/task/python/colcon_distutils_commands:/home/manoj/ros/robot_ws/install/base_pkg/lib/python3.10/site-packages:${PYTHONPATH} /usr/bin/python3 -W ignore:setup.py install is deprecated setup.py egg_info --egg-base ../../build/base_pkg build --build-base /home/manoj/ros/robot_ws/build/base_pkg/build install --record /home/manoj/ros/robot_ws/build/base_pkg/install.log --single-version-externally-managed install_data
[1.707s] running egg_info
[1.707s] writing ../../build/base_pkg/base_pkg.egg-info/PKG-INFO
[1.708s] writing dependency_links to ../../build/base_pkg/base_pkg.egg-info/dependency_links.txt
[1.708s] writing entry points to ../../build/base_pkg/base_pkg.egg-info/entry_points.txt
[1.708s] writing requirements to ../../build/base_pkg/base_pkg.egg-info/requires.txt
[1.709s] writing top-level names to ../../build/base_pkg/base_pkg.egg-info/top_level.txt
[1.711s] reading manifest file '../../build/base_pkg/base_pkg.egg-info/SOURCES.txt'
[1.712s] writing manifest file '../../build/base_pkg/base_pkg.egg-info/SOURCES.txt'
[1.713s] running build
[1.713s] running build_py
[1.714s] running install
[1.714s] running install_lib
[1.716s] running install_data
[1.717s] running install_egg_info
[1.719s] removing '/home/manoj/ros/robot_ws/install/base_pkg/lib/python3.10/site-packages/base_pkg-1.0.0-py3.10.egg-info' (and everything under it)
[1.719s] Copying ../../build/base_pkg/base_pkg.egg-info to /home/manoj/ros/robot_ws/install/base_pkg/lib/python3.10/site-packages/base_pkg-1.0.0-py3.10.egg-info
[1.721s] running install_scripts
[1.746s] Installing cmd_node script to /home/manoj/ros/robot_ws/install/base_pkg/lib/base_pkg
[1.746s] Installing joy_node script to /home/manoj/ros/robot_ws/install/base_pkg/lib/base_pkg
[1.747s] writing list of installed files to '/home/manoj/ros/robot_ws/build/base_pkg/install.log'
[1.781s] Invoked command in '/home/manoj/ros/robot_ws/src/base_pkg' returned '0': PYTHONPATH=/home/manoj/ros/robot_ws/build/base_pkg/prefix_override:/usr/lib/python3/dist-packages/colcon_core/task/python/colcon_distutils_commands:/home/manoj/ros/robot_ws/install/base_pkg/lib/python3.10/site-packages:${PYTHONPATH} /usr/bin/python3 -W ignore:setup.py install is deprecated setup.py egg_info --egg-base ../../build/base_pkg build --build-base /home/manoj/ros/robot_ws/build/base_pkg/build install --record /home/manoj/ros/robot_ws/build/base_pkg/install.log --single-version-externally-managed install_data
