[0.559s] Invoking command in '/home/manoj/ros/robot_ws/build/nav2_gradient_costmap_plugin': CMAKE_PREFIX_PATH=/home/manoj/ros/robot_ws/install/nav2_gps_waypoint_follower_demo:/home/manoj/ros/robot_ws/install/base_pkg:/opt/ros/humble:${CMAKE_PREFIX_PATH} /usr/bin/cmake --build /home/manoj/ros/robot_ws/build/nav2_gradient_costmap_plugin -- -j12 -l12
[0.626s] [100%] Built target nav2_gradient_costmap_plugin_core
[0.686s] Invoked command in '/home/manoj/ros/robot_ws/build/nav2_gradient_costmap_plugin' returned '0': CMAKE_PREFIX_PATH=/home/manoj/ros/robot_ws/install/nav2_gps_waypoint_follower_demo:/home/manoj/ros/robot_ws/install/base_pkg:/opt/ros/humble:${CMAKE_PREFIX_PATH} /usr/bin/cmake --build /home/manoj/ros/robot_ws/build/nav2_gradient_costmap_plugin -- -j12 -l12
[0.731s] Invoking command in '/home/manoj/ros/robot_ws/build/nav2_gradient_costmap_plugin': CMAKE_PREFIX_PATH=/home/manoj/ros/robot_ws/install/nav2_gps_waypoint_follower_demo:/home/manoj/ros/robot_ws/install/base_pkg:/opt/ros/humble:${CMAKE_PREFIX_PATH} /usr/bin/cmake --install /home/manoj/ros/robot_ws/build/nav2_gradient_costmap_plugin
[0.762s] -- Install configuration: ""
[0.763s] -- Up-to-date: /home/manoj/ros/robot_ws/install/nav2_gradient_costmap_plugin/lib/libnav2_gradient_costmap_plugin_core.so
[0.763s] -- Up-to-date: /home/manoj/ros/robot_ws/install/nav2_gradient_costmap_plugin/share/nav2_gradient_costmap_plugin/gradient_layer.xml
[0.763s] -- Up-to-date: /home/manoj/ros/robot_ws/install/nav2_gradient_costmap_plugin/share/ament_index/resource_index/package_run_dependencies/nav2_gradient_costmap_plugin
[0.763s] -- Up-to-date: /home/manoj/ros/robot_ws/install/nav2_gradient_costmap_plugin/share/ament_index/resource_index/parent_prefix_path/nav2_gradient_costmap_plugin
[0.764s] -- Up-to-date: /home/manoj/ros/robot_ws/install/nav2_gradient_costmap_plugin/share/nav2_gradient_costmap_plugin/environment/ament_prefix_path.sh
[0.764s] -- Up-to-date: /home/manoj/ros/robot_ws/install/nav2_gradient_costmap_plugin/share/nav2_gradient_costmap_plugin/environment/ament_prefix_path.dsv
[0.764s] -- Up-to-date: /home/manoj/ros/robot_ws/install/nav2_gradient_costmap_plugin/share/nav2_gradient_costmap_plugin/environment/path.sh
[0.764s] -- Up-to-date: /home/manoj/ros/robot_ws/install/nav2_gradient_costmap_plugin/share/nav2_gradient_costmap_plugin/environment/path.dsv
[0.764s] -- Up-to-date: /home/manoj/ros/robot_ws/install/nav2_gradient_costmap_plugin/share/nav2_gradient_costmap_plugin/local_setup.bash
[0.764s] -- Up-to-date: /home/manoj/ros/robot_ws/install/nav2_gradient_costmap_plugin/share/nav2_gradient_costmap_plugin/local_setup.sh
[0.764s] -- Up-to-date: /home/manoj/ros/robot_ws/install/nav2_gradient_costmap_plugin/share/nav2_gradient_costmap_plugin/local_setup.zsh
[0.765s] -- Up-to-date: /home/manoj/ros/robot_ws/install/nav2_gradient_costmap_plugin/share/nav2_gradient_costmap_plugin/local_setup.dsv
[0.765s] -- Installing: /home/manoj/ros/robot_ws/install/nav2_gradient_costmap_plugin/share/nav2_gradient_costmap_plugin/package.dsv
[0.765s] -- Up-to-date: /home/manoj/ros/robot_ws/install/nav2_gradient_costmap_plugin/share/ament_index/resource_index/packages/nav2_gradient_costmap_plugin
[0.765s] -- Up-to-date: /home/manoj/ros/robot_ws/install/nav2_gradient_costmap_plugin/share/ament_index/resource_index/nav2_costmap_2d__pluginlib__plugin/nav2_gradient_costmap_plugin
[0.765s] -- Up-to-date: /home/manoj/ros/robot_ws/install/nav2_gradient_costmap_plugin/share/nav2_gradient_costmap_plugin/cmake/nav2_gradient_costmap_pluginConfig.cmake
[0.765s] -- Up-to-date: /home/manoj/ros/robot_ws/install/nav2_gradient_costmap_plugin/share/nav2_gradient_costmap_plugin/cmake/nav2_gradient_costmap_pluginConfig-version.cmake
[0.765s] -- Up-to-date: /home/manoj/ros/robot_ws/install/nav2_gradient_costmap_plugin/share/nav2_gradient_costmap_plugin/package.xml
[0.776s] Invoked command in '/home/manoj/ros/robot_ws/build/nav2_gradient_costmap_plugin' returned '0': CMAKE_PREFIX_PATH=/home/manoj/ros/robot_ws/install/nav2_gps_waypoint_follower_demo:/home/manoj/ros/robot_ws/install/base_pkg:/opt/ros/humble:${CMAKE_PREFIX_PATH} /usr/bin/cmake --install /home/manoj/ros/robot_ws/build/nav2_gradient_costmap_plugin
