[1.896s] Invoking command in '/home/manoj/ros/robot_ws/src/navigation2_tutorials/nav2_gps_waypoint_follower_demo': PYTHONPATH=/home/manoj/ros/robot_ws/build/nav2_gps_waypoint_follower_demo/prefix_override:/usr/lib/python3/dist-packages/colcon_core/task/python/colcon_distutils_commands:/home/manoj/ros/robot_ws/install/nav2_gps_waypoint_follower_demo/lib/python3.10/site-packages:${PYTHONPATH} /usr/bin/python3 -W ignore:setup.py install is deprecated setup.py egg_info --egg-base ../../../build/nav2_gps_waypoint_follower_demo build --build-base /home/manoj/ros/robot_ws/build/nav2_gps_waypoint_follower_demo/build install --record /home/manoj/ros/robot_ws/build/nav2_gps_waypoint_follower_demo/install.log --single-version-externally-managed install_data
[2.557s] running egg_info
[2.558s] creating ../../../build/nav2_gps_waypoint_follower_demo/nav2_gps_waypoint_follower_demo.egg-info
[2.558s] writing ../../../build/nav2_gps_waypoint_follower_demo/nav2_gps_waypoint_follower_demo.egg-info/PKG-INFO
[2.558s] writing dependency_links to ../../../build/nav2_gps_waypoint_follower_demo/nav2_gps_waypoint_follower_demo.egg-info/dependency_links.txt
[2.559s] writing entry points to ../../../build/nav2_gps_waypoint_follower_demo/nav2_gps_waypoint_follower_demo.egg-info/entry_points.txt
[2.559s] writing requirements to ../../../build/nav2_gps_waypoint_follower_demo/nav2_gps_waypoint_follower_demo.egg-info/requires.txt
[2.559s] writing top-level names to ../../../build/nav2_gps_waypoint_follower_demo/nav2_gps_waypoint_follower_demo.egg-info/top_level.txt
[2.560s] writing manifest file '../../../build/nav2_gps_waypoint_follower_demo/nav2_gps_waypoint_follower_demo.egg-info/SOURCES.txt'
[2.564s] reading manifest file '../../../build/nav2_gps_waypoint_follower_demo/nav2_gps_waypoint_follower_demo.egg-info/SOURCES.txt'
[2.565s] writing manifest file '../../../build/nav2_gps_waypoint_follower_demo/nav2_gps_waypoint_follower_demo.egg-info/SOURCES.txt'
[2.565s] running build
[2.565s] running build_py
[2.566s] creating /home/manoj/ros/robot_ws/build/nav2_gps_waypoint_follower_demo/build
[2.566s] creating /home/manoj/ros/robot_ws/build/nav2_gps_waypoint_follower_demo/build/lib
[2.566s] creating /home/manoj/ros/robot_ws/build/nav2_gps_waypoint_follower_demo/build/lib/nav2_gps_waypoint_follower_demo
[2.566s] copying nav2_gps_waypoint_follower_demo/gps_waypoint_logger.py -> /home/manoj/ros/robot_ws/build/nav2_gps_waypoint_follower_demo/build/lib/nav2_gps_waypoint_follower_demo
[2.566s] copying nav2_gps_waypoint_follower_demo/__init__.py -> /home/manoj/ros/robot_ws/build/nav2_gps_waypoint_follower_demo/build/lib/nav2_gps_waypoint_follower_demo
[2.567s] copying nav2_gps_waypoint_follower_demo/interactive_waypoint_follower.py -> /home/manoj/ros/robot_ws/build/nav2_gps_waypoint_follower_demo/build/lib/nav2_gps_waypoint_follower_demo
[2.567s] copying nav2_gps_waypoint_follower_demo/logged_waypoint_follower.py -> /home/manoj/ros/robot_ws/build/nav2_gps_waypoint_follower_demo/build/lib/nav2_gps_waypoint_follower_demo
[2.567s] creating /home/manoj/ros/robot_ws/build/nav2_gps_waypoint_follower_demo/build/lib/nav2_gps_waypoint_follower_demo/utils
[2.567s] copying nav2_gps_waypoint_follower_demo/utils/gps_utils.py -> /home/manoj/ros/robot_ws/build/nav2_gps_waypoint_follower_demo/build/lib/nav2_gps_waypoint_follower_demo/utils
[2.567s] copying nav2_gps_waypoint_follower_demo/utils/__init__.py -> /home/manoj/ros/robot_ws/build/nav2_gps_waypoint_follower_demo/build/lib/nav2_gps_waypoint_follower_demo/utils
[2.568s] running install
[2.568s] running install_lib
[2.570s] creating /home/manoj/ros/robot_ws/install/nav2_gps_waypoint_follower_demo/lib/python3.10/site-packages/nav2_gps_waypoint_follower_demo
[2.571s] copying /home/manoj/ros/robot_ws/build/nav2_gps_waypoint_follower_demo/build/lib/nav2_gps_waypoint_follower_demo/gps_waypoint_logger.py -> /home/manoj/ros/robot_ws/install/nav2_gps_waypoint_follower_demo/lib/python3.10/site-packages/nav2_gps_waypoint_follower_demo
[2.571s] creating /home/manoj/ros/robot_ws/install/nav2_gps_waypoint_follower_demo/lib/python3.10/site-packages/nav2_gps_waypoint_follower_demo/utils
[2.571s] copying /home/manoj/ros/robot_ws/build/nav2_gps_waypoint_follower_demo/build/lib/nav2_gps_waypoint_follower_demo/utils/gps_utils.py -> /home/manoj/ros/robot_ws/install/nav2_gps_waypoint_follower_demo/lib/python3.10/site-packages/nav2_gps_waypoint_follower_demo/utils
[2.572s] copying /home/manoj/ros/robot_ws/build/nav2_gps_waypoint_follower_demo/build/lib/nav2_gps_waypoint_follower_demo/utils/__init__.py -> /home/manoj/ros/robot_ws/install/nav2_gps_waypoint_follower_demo/lib/python3.10/site-packages/nav2_gps_waypoint_follower_demo/utils
[2.572s] copying /home/manoj/ros/robot_ws/build/nav2_gps_waypoint_follower_demo/build/lib/nav2_gps_waypoint_follower_demo/__init__.py -> /home/manoj/ros/robot_ws/install/nav2_gps_waypoint_follower_demo/lib/python3.10/site-packages/nav2_gps_waypoint_follower_demo
[2.572s] copying /home/manoj/ros/robot_ws/build/nav2_gps_waypoint_follower_demo/build/lib/nav2_gps_waypoint_follower_demo/interactive_waypoint_follower.py -> /home/manoj/ros/robot_ws/install/nav2_gps_waypoint_follower_demo/lib/python3.10/site-packages/nav2_gps_waypoint_follower_demo
[2.572s] copying /home/manoj/ros/robot_ws/build/nav2_gps_waypoint_follower_demo/build/lib/nav2_gps_waypoint_follower_demo/logged_waypoint_follower.py -> /home/manoj/ros/robot_ws/install/nav2_gps_waypoint_follower_demo/lib/python3.10/site-packages/nav2_gps_waypoint_follower_demo
[2.573s] byte-compiling /home/manoj/ros/robot_ws/install/nav2_gps_waypoint_follower_demo/lib/python3.10/site-packages/nav2_gps_waypoint_follower_demo/gps_waypoint_logger.py to gps_waypoint_logger.cpython-310.pyc
[2.574s] byte-compiling /home/manoj/ros/robot_ws/install/nav2_gps_waypoint_follower_demo/lib/python3.10/site-packages/nav2_gps_waypoint_follower_demo/utils/gps_utils.py to gps_utils.cpython-310.pyc
[2.575s] byte-compiling /home/manoj/ros/robot_ws/install/nav2_gps_waypoint_follower_demo/lib/python3.10/site-packages/nav2_gps_waypoint_follower_demo/utils/__init__.py to __init__.cpython-310.pyc
[2.575s] byte-compiling /home/manoj/ros/robot_ws/install/nav2_gps_waypoint_follower_demo/lib/python3.10/site-packages/nav2_gps_waypoint_follower_demo/__init__.py to __init__.cpython-310.pyc
[2.576s] byte-compiling /home/manoj/ros/robot_ws/install/nav2_gps_waypoint_follower_demo/lib/python3.10/site-packages/nav2_gps_waypoint_follower_demo/interactive_waypoint_follower.py to interactive_waypoint_follower.cpython-310.pyc
[2.576s] byte-compiling /home/manoj/ros/robot_ws/install/nav2_gps_waypoint_follower_demo/lib/python3.10/site-packages/nav2_gps_waypoint_follower_demo/logged_waypoint_follower.py to logged_waypoint_follower.cpython-310.pyc
[2.577s] running install_data
[2.579s] creating /home/manoj/ros/robot_ws/install/nav2_gps_waypoint_follower_demo/share/ament_index
[2.579s] creating /home/manoj/ros/robot_ws/install/nav2_gps_waypoint_follower_demo/share/ament_index/resource_index
[2.579s] creating /home/manoj/ros/robot_ws/install/nav2_gps_waypoint_follower_demo/share/ament_index/resource_index/packages
[2.580s] copying resource/nav2_gps_waypoint_follower_demo -> /home/manoj/ros/robot_ws/install/nav2_gps_waypoint_follower_demo/share/ament_index/resource_index/packages
[2.580s] copying package.xml -> /home/manoj/ros/robot_ws/install/nav2_gps_waypoint_follower_demo/share/nav2_gps_waypoint_follower_demo
[2.580s] creating /home/manoj/ros/robot_ws/install/nav2_gps_waypoint_follower_demo/share/nav2_gps_waypoint_follower_demo/launch
[2.580s] copying launch/mapviz.launch.py -> /home/manoj/ros/robot_ws/install/nav2_gps_waypoint_follower_demo/share/nav2_gps_waypoint_follower_demo/launch
[2.580s] copying launch/gazebo_gps_world.launch.py -> /home/manoj/ros/robot_ws/install/nav2_gps_waypoint_follower_demo/share/nav2_gps_waypoint_follower_demo/launch
[2.580s] copying launch/dual_ekf_navsat.launch.py -> /home/manoj/ros/robot_ws/install/nav2_gps_waypoint_follower_demo/share/nav2_gps_waypoint_follower_demo/launch
[2.581s] copying launch/gps_waypoint_follower.launch.py -> /home/manoj/ros/robot_ws/install/nav2_gps_waypoint_follower_demo/share/nav2_gps_waypoint_follower_demo/launch
[2.581s] creating /home/manoj/ros/robot_ws/install/nav2_gps_waypoint_follower_demo/share/nav2_gps_waypoint_follower_demo/config
[2.581s] copying config/nav2_no_map_params.yaml -> /home/manoj/ros/robot_ws/install/nav2_gps_waypoint_follower_demo/share/nav2_gps_waypoint_follower_demo/config
[2.581s] copying config/dual_ekf_navsat_params.yaml -> /home/manoj/ros/robot_ws/install/nav2_gps_waypoint_follower_demo/share/nav2_gps_waypoint_follower_demo/config
[2.581s] copying config/gps_wpf_demo.mvc -> /home/manoj/ros/robot_ws/install/nav2_gps_waypoint_follower_demo/share/nav2_gps_waypoint_follower_demo/config
[2.582s] copying config/demo_waypoints.yaml -> /home/manoj/ros/robot_ws/install/nav2_gps_waypoint_follower_demo/share/nav2_gps_waypoint_follower_demo/config
[2.582s] creating /home/manoj/ros/robot_ws/install/nav2_gps_waypoint_follower_demo/share/nav2_gps_waypoint_follower_demo/urdf
[2.582s] copying urdf/turtlebot3_waffle_gps.urdf -> /home/manoj/ros/robot_ws/install/nav2_gps_waypoint_follower_demo/share/nav2_gps_waypoint_follower_demo/urdf
[2.582s] creating /home/manoj/ros/robot_ws/install/nav2_gps_waypoint_follower_demo/share/nav2_gps_waypoint_follower_demo/worlds
[2.582s] copying worlds/sonoma_raceway.world -> /home/manoj/ros/robot_ws/install/nav2_gps_waypoint_follower_demo/share/nav2_gps_waypoint_follower_demo/worlds
[2.582s] creating /home/manoj/ros/robot_ws/install/nav2_gps_waypoint_follower_demo/share/nav2_gps_waypoint_follower_demo/models
[2.582s] creating /home/manoj/ros/robot_ws/install/nav2_gps_waypoint_follower_demo/share/nav2_gps_waypoint_follower_demo/models/turtlebot_waffle_gps
[2.582s] copying models/turtlebot_waffle_gps/model.config -> /home/manoj/ros/robot_ws/install/nav2_gps_waypoint_follower_demo/share/nav2_gps_waypoint_follower_demo/models/turtlebot_waffle_gps
[2.583s] copying models/turtlebot_waffle_gps/model.sdf -> /home/manoj/ros/robot_ws/install/nav2_gps_waypoint_follower_demo/share/nav2_gps_waypoint_follower_demo/models/turtlebot_waffle_gps
[2.583s] running install_egg_info
[2.585s] Copying ../../../build/nav2_gps_waypoint_follower_demo/nav2_gps_waypoint_follower_demo.egg-info to /home/manoj/ros/robot_ws/install/nav2_gps_waypoint_follower_demo/lib/python3.10/site-packages/nav2_gps_waypoint_follower_demo-0.0.1-py3.10.egg-info
[2.586s] running install_scripts
[2.627s] Installing gps_waypoint_logger script to /home/manoj/ros/robot_ws/install/nav2_gps_waypoint_follower_demo/lib/nav2_gps_waypoint_follower_demo
[2.628s] Installing interactive_waypoint_follower script to /home/manoj/ros/robot_ws/install/nav2_gps_waypoint_follower_demo/lib/nav2_gps_waypoint_follower_demo
[2.628s] Installing logged_waypoint_follower script to /home/manoj/ros/robot_ws/install/nav2_gps_waypoint_follower_demo/lib/nav2_gps_waypoint_follower_demo
[2.628s] writing list of installed files to '/home/manoj/ros/robot_ws/build/nav2_gps_waypoint_follower_demo/install.log'
[2.689s] Invoked command in '/home/manoj/ros/robot_ws/src/navigation2_tutorials/nav2_gps_waypoint_follower_demo' returned '0': PYTHONPATH=/home/manoj/ros/robot_ws/build/nav2_gps_waypoint_follower_demo/prefix_override:/usr/lib/python3/dist-packages/colcon_core/task/python/colcon_distutils_commands:/home/manoj/ros/robot_ws/install/nav2_gps_waypoint_follower_demo/lib/python3.10/site-packages:${PYTHONPATH} /usr/bin/python3 -W ignore:setup.py install is deprecated setup.py egg_info --egg-base ../../../build/nav2_gps_waypoint_follower_demo build --build-base /home/manoj/ros/robot_ws/build/nav2_gps_waypoint_follower_demo/build install --record /home/manoj/ros/robot_ws/build/nav2_gps_waypoint_follower_demo/install.log --single-version-externally-managed install_data
