running egg_info
writing ../../build/base_pkg/base_pkg.egg-info/PKG-INFO
writing dependency_links to ../../build/base_pkg/base_pkg.egg-info/dependency_links.txt
writing entry points to ../../build/base_pkg/base_pkg.egg-info/entry_points.txt
writing requirements to ../../build/base_pkg/base_pkg.egg-info/requires.txt
writing top-level names to ../../build/base_pkg/base_pkg.egg-info/top_level.txt
reading manifest file '../../build/base_pkg/base_pkg.egg-info/SOURCES.txt'
writing manifest file '../../build/base_pkg/base_pkg.egg-info/SOURCES.txt'
running build
running build_py
running install
running install_lib
running install_data
running install_egg_info
removing '/home/manoj/ros/robot_ws/install/base_pkg/lib/python3.10/site-packages/base_pkg-1.0.0-py3.10.egg-info' (and everything under it)
Copying ../../build/base_pkg/base_pkg.egg-info to /home/manoj/ros/robot_ws/install/base_pkg/lib/python3.10/site-packages/base_pkg-1.0.0-py3.10.egg-info
running install_scripts
Installing cmd_node script to /home/manoj/ros/robot_ws/install/base_pkg/lib/base_pkg
Installing joy_node script to /home/manoj/ros/robot_ws/install/base_pkg/lib/base_pkg
writing list of installed files to '/home/manoj/ros/robot_ws/build/base_pkg/install.log'
