[2.057s] Invoking command in '/home/manoj/ros/robot_ws/src/base_pkg': PYTHONPATH=/home/manoj/ros/robot_ws/build/base_pkg/prefix_override:/usr/lib/python3/dist-packages/colcon_core/task/python/colcon_distutils_commands:/home/manoj/ros/robot_ws/install/base_pkg/lib/python3.10/site-packages:${PYTHONPATH} /usr/bin/python3 -W ignore:setup.py install is deprecated setup.py egg_info --egg-base ../../build/base_pkg build --build-base /home/manoj/ros/robot_ws/build/base_pkg/build install --record /home/manoj/ros/robot_ws/build/base_pkg/install.log --single-version-externally-managed install_data
[2.603s] running egg_info
[2.604s] writing ../../build/base_pkg/base_pkg.egg-info/PKG-INFO
[2.604s] writing dependency_links to ../../build/base_pkg/base_pkg.egg-info/dependency_links.txt
[2.604s] writing entry points to ../../build/base_pkg/base_pkg.egg-info/entry_points.txt
[2.604s] writing requirements to ../../build/base_pkg/base_pkg.egg-info/requires.txt
[2.604s] writing top-level names to ../../build/base_pkg/base_pkg.egg-info/top_level.txt
[2.608s] reading manifest file '../../build/base_pkg/base_pkg.egg-info/SOURCES.txt'
[2.612s] writing manifest file '../../build/base_pkg/base_pkg.egg-info/SOURCES.txt'
[2.613s] running build
[2.613s] running build_py
[2.615s] running install
[2.615s] running install_lib
[2.619s] running install_data
[2.620s] running install_egg_info
[2.623s] removing '/home/manoj/ros/robot_ws/install/base_pkg/lib/python3.10/site-packages/base_pkg-1.0.0-py3.10.egg-info' (and everything under it)
[2.624s] Copying ../../build/base_pkg/base_pkg.egg-info to /home/manoj/ros/robot_ws/install/base_pkg/lib/python3.10/site-packages/base_pkg-1.0.0-py3.10.egg-info
[2.625s] running install_scripts
[2.664s] Installing cmd_node script to /home/manoj/ros/robot_ws/install/base_pkg/lib/base_pkg
[2.664s] Installing joy_node script to /home/manoj/ros/robot_ws/install/base_pkg/lib/base_pkg
[2.665s] writing list of installed files to '/home/manoj/ros/robot_ws/build/base_pkg/install.log'
[2.731s] Invoked command in '/home/manoj/ros/robot_ws/src/base_pkg' returned '0': PYTHONPATH=/home/manoj/ros/robot_ws/build/base_pkg/prefix_override:/usr/lib/python3/dist-packages/colcon_core/task/python/colcon_distutils_commands:/home/manoj/ros/robot_ws/install/base_pkg/lib/python3.10/site-packages:${PYTHONPATH} /usr/bin/python3 -W ignore:setup.py install is deprecated setup.py egg_info --egg-base ../../build/base_pkg build --build-base /home/manoj/ros/robot_ws/build/base_pkg/build install --record /home/manoj/ros/robot_ws/build/base_pkg/install.log --single-version-externally-managed install_data
