[0.039s] Invoking command in '/home/manoj/ros/robot_ws/build/transform_mid360': CMAKE_PREFIX_PATH=/home/manoj/ros/robot_ws/install/robot_bringup:/home/manoj/ros/robot_ws/install/transform_mid360:/home/manoj/ros/robot_ws/install/ros2_livox_simulation:/home/manoj/ros/robot_ws/install/pointcloud_to_laserscan:/home/manoj/ros/robot_ws/install/myrobot_description:/home/manoj/ros/robot_ws/install/livox_to_pointcloud2:/home/manoj/ros/robot_ws/install/base_pkg:/opt/ros/humble:/home/manoj/ros/ws_livox/install/fast_lio:/home/manoj/ros/ws_livox/install/livox_ros_driver2 /usr/bin/cmake --build /home/manoj/ros/robot_ws/build/transform_mid360 -- -j12 -l12
[0.468s] Invoked command in '/home/manoj/ros/robot_ws/build/transform_mid360' returned '0': CMAKE_PREFIX_PATH=/home/manoj/ros/robot_ws/install/robot_bringup:/home/manoj/ros/robot_ws/install/transform_mid360:/home/manoj/ros/robot_ws/install/ros2_livox_simulation:/home/manoj/ros/robot_ws/install/pointcloud_to_laserscan:/home/manoj/ros/robot_ws/install/myrobot_description:/home/manoj/ros/robot_ws/install/livox_to_pointcloud2:/home/manoj/ros/robot_ws/install/base_pkg:/opt/ros/humble:/home/manoj/ros/ws_livox/install/fast_lio:/home/manoj/ros/ws_livox/install/livox_ros_driver2 /usr/bin/cmake --build /home/manoj/ros/robot_ws/build/transform_mid360 -- -j12 -l12
[0.505s] Invoking command in '/home/manoj/ros/robot_ws/build/transform_mid360': CMAKE_PREFIX_PATH=/home/manoj/ros/robot_ws/install/robot_bringup:/home/manoj/ros/robot_ws/install/transform_mid360:/home/manoj/ros/robot_ws/install/ros2_livox_simulation:/home/manoj/ros/robot_ws/install/pointcloud_to_laserscan:/home/manoj/ros/robot_ws/install/myrobot_description:/home/manoj/ros/robot_ws/install/livox_to_pointcloud2:/home/manoj/ros/robot_ws/install/base_pkg:/opt/ros/humble:/home/manoj/ros/ws_livox/install/fast_lio:/home/manoj/ros/ws_livox/install/livox_ros_driver2 /usr/bin/cmake --install /home/manoj/ros/robot_ws/build/transform_mid360
[0.520s] -- Install configuration: ""
[0.521s] -- Up-to-date: /home/manoj/ros/robot_ws/install/transform_mid360/share/transform_mid360/launch
[0.521s] -- Up-to-date: /home/manoj/ros/robot_ws/install/transform_mid360/share/transform_mid360/launch/tf_setup_mid360_launch.py
[0.521s] -- Up-to-date: /home/manoj/ros/robot_ws/install/transform_mid360/share/ament_index/resource_index/package_run_dependencies/transform_mid360
[0.521s] -- Up-to-date: /home/manoj/ros/robot_ws/install/transform_mid360/share/ament_index/resource_index/parent_prefix_path/transform_mid360
[0.521s] -- Up-to-date: /home/manoj/ros/robot_ws/install/transform_mid360/share/transform_mid360/environment/ament_prefix_path.sh
[0.521s] -- Up-to-date: /home/manoj/ros/robot_ws/install/transform_mid360/share/transform_mid360/environment/ament_prefix_path.dsv
[0.521s] -- Up-to-date: /home/manoj/ros/robot_ws/install/transform_mid360/share/transform_mid360/environment/path.sh
[0.521s] -- Up-to-date: /home/manoj/ros/robot_ws/install/transform_mid360/share/transform_mid360/environment/path.dsv
[0.521s] -- Up-to-date: /home/manoj/ros/robot_ws/install/transform_mid360/share/transform_mid360/local_setup.bash
[0.521s] -- Up-to-date: /home/manoj/ros/robot_ws/install/transform_mid360/share/transform_mid360/local_setup.sh
[0.521s] -- Up-to-date: /home/manoj/ros/robot_ws/install/transform_mid360/share/transform_mid360/local_setup.zsh
[0.521s] -- Up-to-date: /home/manoj/ros/robot_ws/install/transform_mid360/share/transform_mid360/local_setup.dsv
[0.522s] -- Installing: /home/manoj/ros/robot_ws/install/transform_mid360/share/transform_mid360/package.dsv
[0.522s] -- Up-to-date: /home/manoj/ros/robot_ws/install/transform_mid360/share/ament_index/resource_index/packages/transform_mid360
[0.522s] -- Up-to-date: /home/manoj/ros/robot_ws/install/transform_mid360/share/transform_mid360/cmake/transform_mid360Config.cmake
[0.522s] -- Up-to-date: /home/manoj/ros/robot_ws/install/transform_mid360/share/transform_mid360/cmake/transform_mid360Config-version.cmake
[0.522s] -- Up-to-date: /home/manoj/ros/robot_ws/install/transform_mid360/share/transform_mid360/package.xml
[0.539s] Invoked command in '/home/manoj/ros/robot_ws/build/transform_mid360' returned '0': CMAKE_PREFIX_PATH=/home/manoj/ros/robot_ws/install/robot_bringup:/home/manoj/ros/robot_ws/install/transform_mid360:/home/manoj/ros/robot_ws/install/ros2_livox_simulation:/home/manoj/ros/robot_ws/install/pointcloud_to_laserscan:/home/manoj/ros/robot_ws/install/myrobot_description:/home/manoj/ros/robot_ws/install/livox_to_pointcloud2:/home/manoj/ros/robot_ws/install/base_pkg:/opt/ros/humble:/home/manoj/ros/ws_livox/install/fast_lio:/home/manoj/ros/ws_livox/install/livox_ros_driver2 /usr/bin/cmake --install /home/manoj/ros/robot_ws/build/transform_mid360
