[0.209s] DEBUG:colcon:Command line arguments: ['/usr/bin/colcon', 'build']
[0.209s] DEBUG:colcon:Parsed command line arguments: Namespace(log_base=None, log_level=None, verb_name='build', build_base='build', install_base='install', merge_install=False, symlink_install=False, test_result_base=None, continue_on_error=False, executor='parallel', parallel_workers=12, event_handlers=None, ignore_user_meta=False, metas=['./colcon.meta'], base_paths=['.'], packages_ignore=None, packages_ignore_regex=None, paths=None, packages_up_to=None, packages_up_to_regex=None, packages_above=None, packages_above_and_dependencies=None, packages_above_depth=None, packages_select_by_dep=None, packages_skip_by_dep=None, packages_skip_up_to=None, packages_select_build_failed=False, packages_skip_build_finished=False, packages_select_test_failures=False, packages_skip_test_passed=False, packages_select=None, packages_skip=None, packages_select_regex=None, packages_skip_regex=None, packages_start=None, packages_end=None, allow_overriding=[], cmake_args=None, cmake_target=None, cmake_target_skip_unavailable=False, cmake_clean_cache=False, cmake_clean_first=False, cmake_force_configure=False, ament_cmake_args=None, catkin_cmake_args=None, catkin_skip_building_tests=False, verb_parser=<colcon_defaults.argument_parser.defaults.DefaultArgumentsDecorator object at 0x794082e09e40>, verb_extension=<colcon_core.verb.build.BuildVerb object at 0x794082e099c0>, main=<bound method BuildVerb.main of <colcon_core.verb.build.BuildVerb object at 0x794082e099c0>>)
[0.551s] Level 1:colcon.colcon_core.package_discovery:discover_packages(colcon_meta) check parameters
[0.551s] Level 1:colcon.colcon_core.package_discovery:discover_packages(recursive) check parameters
[0.551s] Level 1:colcon.colcon_core.package_discovery:discover_packages(ignore) check parameters
[0.551s] Level 1:colcon.colcon_core.package_discovery:discover_packages(path) check parameters
[0.551s] Level 1:colcon.colcon_core.package_discovery:discover_packages(colcon_meta) discover
[0.551s] Level 1:colcon.colcon_core.package_discovery:discover_packages(recursive) discover
[0.551s] INFO:colcon.colcon_core.package_discovery:Crawling recursively for packages in '/home/manoj/ros/robot_ws'
[0.551s] Level 1:colcon.colcon_core.package_identification:_identify(.) by extensions ['ignore', 'ignore_ament_install']
[0.552s] Level 1:colcon.colcon_core.package_identification:_identify(.) by extension 'ignore'
[0.552s] Level 1:colcon.colcon_core.package_identification:_identify(.) by extension 'ignore_ament_install'
[0.552s] Level 1:colcon.colcon_core.package_identification:_identify(.) by extensions ['colcon_pkg']
[0.552s] Level 1:colcon.colcon_core.package_identification:_identify(.) by extension 'colcon_pkg'
[0.552s] Level 1:colcon.colcon_core.package_identification:_identify(.) by extensions ['colcon_meta']
[0.552s] Level 1:colcon.colcon_core.package_identification:_identify(.) by extension 'colcon_meta'
[0.552s] Level 1:colcon.colcon_core.package_identification:_identify(.) by extensions ['ros']
[0.552s] Level 1:colcon.colcon_core.package_identification:_identify(.) by extension 'ros'
[0.576s] Level 1:colcon.colcon_core.package_identification:_identify(.) by extensions ['cmake', 'python']
[0.576s] Level 1:colcon.colcon_core.package_identification:_identify(.) by extension 'cmake'
[0.576s] Level 1:colcon.colcon_core.package_identification:_identify(.) by extension 'python'
[0.576s] Level 1:colcon.colcon_core.package_identification:_identify(.) by extensions ['python_setup_py']
[0.576s] Level 1:colcon.colcon_core.package_identification:_identify(.) by extension 'python_setup_py'
[0.576s] Level 1:colcon.colcon_core.package_identification:_identify(build) by extensions ['ignore', 'ignore_ament_install']
[0.577s] Level 1:colcon.colcon_core.package_identification:_identify(build) by extension 'ignore'
[0.577s] Level 1:colcon.colcon_core.package_identification:_identify(build) ignored
[0.577s] Level 1:colcon.colcon_core.package_identification:_identify(install) by extensions ['ignore', 'ignore_ament_install']
[0.577s] Level 1:colcon.colcon_core.package_identification:_identify(install) by extension 'ignore'
[0.577s] Level 1:colcon.colcon_core.package_identification:_identify(install) ignored
[0.578s] Level 1:colcon.colcon_core.package_identification:_identify(log) by extensions ['ignore', 'ignore_ament_install']
[0.578s] Level 1:colcon.colcon_core.package_identification:_identify(log) by extension 'ignore'
[0.578s] Level 1:colcon.colcon_core.package_identification:_identify(log) ignored
[0.578s] Level 1:colcon.colcon_core.package_identification:_identify(src) by extensions ['ignore', 'ignore_ament_install']
[0.578s] Level 1:colcon.colcon_core.package_identification:_identify(src) by extension 'ignore'
[0.578s] Level 1:colcon.colcon_core.package_identification:_identify(src) by extension 'ignore_ament_install'
[0.579s] Level 1:colcon.colcon_core.package_identification:_identify(src) by extensions ['colcon_pkg']
[0.579s] Level 1:colcon.colcon_core.package_identification:_identify(src) by extension 'colcon_pkg'
[0.579s] Level 1:colcon.colcon_core.package_identification:_identify(src) by extensions ['colcon_meta']
[0.579s] Level 1:colcon.colcon_core.package_identification:_identify(src) by extension 'colcon_meta'
[0.579s] Level 1:colcon.colcon_core.package_identification:_identify(src) by extensions ['ros']
[0.579s] Level 1:colcon.colcon_core.package_identification:_identify(src) by extension 'ros'
[0.579s] Level 1:colcon.colcon_core.package_identification:_identify(src) by extensions ['cmake', 'python']
[0.579s] Level 1:colcon.colcon_core.package_identification:_identify(src) by extension 'cmake'
[0.579s] Level 1:colcon.colcon_core.package_identification:_identify(src) by extension 'python'
[0.579s] Level 1:colcon.colcon_core.package_identification:_identify(src) by extensions ['python_setup_py']
[0.579s] Level 1:colcon.colcon_core.package_identification:_identify(src) by extension 'python_setup_py'
[0.580s] Level 1:colcon.colcon_core.package_identification:_identify(src/base_pkg) by extensions ['ignore', 'ignore_ament_install']
[0.580s] Level 1:colcon.colcon_core.package_identification:_identify(src/base_pkg) by extension 'ignore'
[0.580s] Level 1:colcon.colcon_core.package_identification:_identify(src/base_pkg) by extension 'ignore_ament_install'
[0.580s] Level 1:colcon.colcon_core.package_identification:_identify(src/base_pkg) by extensions ['colcon_pkg']
[0.580s] Level 1:colcon.colcon_core.package_identification:_identify(src/base_pkg) by extension 'colcon_pkg'
[0.580s] Level 1:colcon.colcon_core.package_identification:_identify(src/base_pkg) by extensions ['colcon_meta']
[0.580s] Level 1:colcon.colcon_core.package_identification:_identify(src/base_pkg) by extension 'colcon_meta'
[0.580s] Level 1:colcon.colcon_core.package_identification:_identify(src/base_pkg) by extensions ['ros']
[0.580s] Level 1:colcon.colcon_core.package_identification:_identify(src/base_pkg) by extension 'ros'
[0.584s] DEBUG:colcon.colcon_core.package_identification:Package 'src/base_pkg' with type 'ros.ament_python' and name 'base_pkg'
[0.584s] Level 1:colcon.colcon_core.package_identification:_identify(src/livox_laser_simulation_ros2) by extensions ['ignore', 'ignore_ament_install']
[0.584s] Level 1:colcon.colcon_core.package_identification:_identify(src/livox_laser_simulation_ros2) by extension 'ignore'
[0.585s] Level 1:colcon.colcon_core.package_identification:_identify(src/livox_laser_simulation_ros2) by extension 'ignore_ament_install'
[0.585s] Level 1:colcon.colcon_core.package_identification:_identify(src/livox_laser_simulation_ros2) by extensions ['colcon_pkg']
[0.585s] Level 1:colcon.colcon_core.package_identification:_identify(src/livox_laser_simulation_ros2) by extension 'colcon_pkg'
[0.585s] Level 1:colcon.colcon_core.package_identification:_identify(src/livox_laser_simulation_ros2) by extensions ['colcon_meta']
[0.585s] Level 1:colcon.colcon_core.package_identification:_identify(src/livox_laser_simulation_ros2) by extension 'colcon_meta'
[0.585s] Level 1:colcon.colcon_core.package_identification:_identify(src/livox_laser_simulation_ros2) by extensions ['ros']
[0.585s] Level 1:colcon.colcon_core.package_identification:_identify(src/livox_laser_simulation_ros2) by extension 'ros'
[0.590s] DEBUG:colcon.colcon_core.package_identification:Package 'src/livox_laser_simulation_ros2' with type 'ros.ament_cmake' and name 'ros2_livox_simulation'
[0.590s] Level 1:colcon.colcon_core.package_identification:_identify(src/livox_to_pointcloud2) by extensions ['ignore', 'ignore_ament_install']
[0.590s] Level 1:colcon.colcon_core.package_identification:_identify(src/livox_to_pointcloud2) by extension 'ignore'
[0.590s] Level 1:colcon.colcon_core.package_identification:_identify(src/livox_to_pointcloud2) by extension 'ignore_ament_install'
[0.590s] Level 1:colcon.colcon_core.package_identification:_identify(src/livox_to_pointcloud2) by extensions ['colcon_pkg']
[0.590s] Level 1:colcon.colcon_core.package_identification:_identify(src/livox_to_pointcloud2) by extension 'colcon_pkg'
[0.591s] Level 1:colcon.colcon_core.package_identification:_identify(src/livox_to_pointcloud2) by extensions ['colcon_meta']
[0.591s] Level 1:colcon.colcon_core.package_identification:_identify(src/livox_to_pointcloud2) by extension 'colcon_meta'
[0.591s] Level 1:colcon.colcon_core.package_identification:_identify(src/livox_to_pointcloud2) by extensions ['ros']
[0.591s] Level 1:colcon.colcon_core.package_identification:_identify(src/livox_to_pointcloud2) by extension 'ros'
[0.592s] DEBUG:colcon.colcon_core.package_identification:Package 'src/livox_to_pointcloud2' with type 'ros.ament_cmake' and name 'livox_to_pointcloud2'
[0.593s] Level 1:colcon.colcon_core.package_identification:_identify(src/myrobot_description) by extensions ['ignore', 'ignore_ament_install']
[0.593s] Level 1:colcon.colcon_core.package_identification:_identify(src/myrobot_description) by extension 'ignore'
[0.593s] Level 1:colcon.colcon_core.package_identification:_identify(src/myrobot_description) by extension 'ignore_ament_install'
[0.594s] Level 1:colcon.colcon_core.package_identification:_identify(src/myrobot_description) by extensions ['colcon_pkg']
[0.594s] Level 1:colcon.colcon_core.package_identification:_identify(src/myrobot_description) by extension 'colcon_pkg'
[0.594s] Level 1:colcon.colcon_core.package_identification:_identify(src/myrobot_description) by extensions ['colcon_meta']
[0.594s] Level 1:colcon.colcon_core.package_identification:_identify(src/myrobot_description) by extension 'colcon_meta'
[0.594s] Level 1:colcon.colcon_core.package_identification:_identify(src/myrobot_description) by extensions ['ros']
[0.594s] Level 1:colcon.colcon_core.package_identification:_identify(src/myrobot_description) by extension 'ros'
[0.598s] DEBUG:colcon.colcon_core.package_identification:Package 'src/myrobot_description' with type 'ros.ament_cmake' and name 'myrobot_description'
[0.598s] Level 1:colcon.colcon_core.package_identification:_identify(src/pointcloud_to_laserscan) by extensions ['ignore', 'ignore_ament_install']
[0.598s] Level 1:colcon.colcon_core.package_identification:_identify(src/pointcloud_to_laserscan) by extension 'ignore'
[0.598s] Level 1:colcon.colcon_core.package_identification:_identify(src/pointcloud_to_laserscan) by extension 'ignore_ament_install'
[0.598s] Level 1:colcon.colcon_core.package_identification:_identify(src/pointcloud_to_laserscan) by extensions ['colcon_pkg']
[0.598s] Level 1:colcon.colcon_core.package_identification:_identify(src/pointcloud_to_laserscan) by extension 'colcon_pkg'
[0.599s] Level 1:colcon.colcon_core.package_identification:_identify(src/pointcloud_to_laserscan) by extensions ['colcon_meta']
[0.599s] Level 1:colcon.colcon_core.package_identification:_identify(src/pointcloud_to_laserscan) by extension 'colcon_meta'
[0.599s] Level 1:colcon.colcon_core.package_identification:_identify(src/pointcloud_to_laserscan) by extensions ['ros']
[0.599s] Level 1:colcon.colcon_core.package_identification:_identify(src/pointcloud_to_laserscan) by extension 'ros'
[0.601s] DEBUG:colcon.colcon_core.package_identification:Package 'src/pointcloud_to_laserscan' with type 'ros.ament_cmake' and name 'pointcloud_to_laserscan'
[0.601s] Level 1:colcon.colcon_core.package_identification:_identify(src/robot_bringup) by extensions ['ignore', 'ignore_ament_install']
[0.601s] Level 1:colcon.colcon_core.package_identification:_identify(src/robot_bringup) by extension 'ignore'
[0.601s] Level 1:colcon.colcon_core.package_identification:_identify(src/robot_bringup) by extension 'ignore_ament_install'
[0.601s] Level 1:colcon.colcon_core.package_identification:_identify(src/robot_bringup) by extensions ['colcon_pkg']
[0.602s] Level 1:colcon.colcon_core.package_identification:_identify(src/robot_bringup) by extension 'colcon_pkg'
[0.602s] Level 1:colcon.colcon_core.package_identification:_identify(src/robot_bringup) by extensions ['colcon_meta']
[0.602s] Level 1:colcon.colcon_core.package_identification:_identify(src/robot_bringup) by extension 'colcon_meta'
[0.602s] Level 1:colcon.colcon_core.package_identification:_identify(src/robot_bringup) by extensions ['ros']
[0.602s] Level 1:colcon.colcon_core.package_identification:_identify(src/robot_bringup) by extension 'ros'
[0.603s] DEBUG:colcon.colcon_core.package_identification:Package 'src/robot_bringup' with type 'ros.ament_cmake' and name 'robot_bringup'
[0.603s] Level 1:colcon.colcon_core.package_identification:_identify(src/transform_mid360) by extensions ['ignore', 'ignore_ament_install']
[0.603s] Level 1:colcon.colcon_core.package_identification:_identify(src/transform_mid360) by extension 'ignore'
[0.604s] Level 1:colcon.colcon_core.package_identification:_identify(src/transform_mid360) by extension 'ignore_ament_install'
[0.604s] Level 1:colcon.colcon_core.package_identification:_identify(src/transform_mid360) by extensions ['colcon_pkg']
[0.604s] Level 1:colcon.colcon_core.package_identification:_identify(src/transform_mid360) by extension 'colcon_pkg'
[0.604s] Level 1:colcon.colcon_core.package_identification:_identify(src/transform_mid360) by extensions ['colcon_meta']
[0.604s] Level 1:colcon.colcon_core.package_identification:_identify(src/transform_mid360) by extension 'colcon_meta'
[0.604s] Level 1:colcon.colcon_core.package_identification:_identify(src/transform_mid360) by extensions ['ros']
[0.604s] Level 1:colcon.colcon_core.package_identification:_identify(src/transform_mid360) by extension 'ros'
[0.607s] DEBUG:colcon.colcon_core.package_identification:Package 'src/transform_mid360' with type 'ros.ament_cmake' and name 'transform_mid360'
[0.607s] Level 1:colcon.colcon_core.package_discovery:discover_packages(recursive) using defaults
[0.608s] Level 1:colcon.colcon_core.package_discovery:discover_packages(ignore) discover
[0.608s] Level 1:colcon.colcon_core.package_discovery:discover_packages(ignore) using defaults
[0.608s] Level 1:colcon.colcon_core.package_discovery:discover_packages(path) discover
[0.608s] Level 1:colcon.colcon_core.package_discovery:discover_packages(path) using defaults
[0.646s] Level 1:colcon.colcon_core.package_discovery:discover_packages(prefix_path) check parameters
[0.647s] Level 1:colcon.colcon_core.package_discovery:discover_packages(prefix_path) discover
[0.648s] WARNING:colcon.colcon_ros.prefix_path.ament:The path '/home/manoj/ros/robot_ws/install/sam_bot_description' in the environment variable AMENT_PREFIX_PATH doesn't exist
[0.648s] WARNING:colcon.colcon_ros.prefix_path.ament:The path '/home/manoj/ros/robot_ws/install/nav2_gradient_costmap_plugin' in the environment variable AMENT_PREFIX_PATH doesn't exist
[0.649s] WARNING:colcon.colcon_ros.prefix_path.ament:The path '/home/manoj/ros/robot_ws/install/nav2_gps_waypoint_follower_demo' in the environment variable AMENT_PREFIX_PATH doesn't exist
[0.649s] WARNING:colcon.colcon_ros.prefix_path.ament:The path '/home/manoj/ros/robot_ws/install/nav2_costmap_filters_demo' in the environment variable AMENT_PREFIX_PATH doesn't exist
[0.649s] WARNING:colcon.colcon_ros.prefix_path.catkin:The path '/home/manoj/ros/robot_ws/install/sam_bot_description' in the environment variable CMAKE_PREFIX_PATH doesn't exist
[0.649s] WARNING:colcon.colcon_ros.prefix_path.catkin:The path '/home/manoj/ros/robot_ws/install/nav2_gradient_costmap_plugin' in the environment variable CMAKE_PREFIX_PATH doesn't exist
[0.649s] WARNING:colcon.colcon_ros.prefix_path.catkin:The path '/home/manoj/ros/robot_ws/install/nav2_costmap_filters_demo' in the environment variable CMAKE_PREFIX_PATH doesn't exist
[0.653s] DEBUG:colcon.colcon_installed_package_information.package_discovery:Found 7 installed packages in /home/manoj/ros/robot_ws/install
[0.656s] DEBUG:colcon.colcon_installed_package_information.package_discovery:Found 393 installed packages in /opt/ros/humble
[0.659s] Level 1:colcon.colcon_core.package_discovery:discover_packages(prefix_path) using defaults
[0.770s] Level 5:colcon.colcon_core.verb:set package 'base_pkg' build argument 'cmake_args' from command line to 'None'
[0.770s] Level 5:colcon.colcon_core.verb:set package 'base_pkg' build argument 'cmake_target' from command line to 'None'
[0.770s] Level 5:colcon.colcon_core.verb:set package 'base_pkg' build argument 'cmake_target_skip_unavailable' from command line to 'False'
[0.770s] Level 5:colcon.colcon_core.verb:set package 'base_pkg' build argument 'cmake_clean_cache' from command line to 'False'
[0.770s] Level 5:colcon.colcon_core.verb:set package 'base_pkg' build argument 'cmake_clean_first' from command line to 'False'
[0.770s] Level 5:colcon.colcon_core.verb:set package 'base_pkg' build argument 'cmake_force_configure' from command line to 'False'
[0.770s] Level 5:colcon.colcon_core.verb:set package 'base_pkg' build argument 'ament_cmake_args' from command line to 'None'
[0.770s] Level 5:colcon.colcon_core.verb:set package 'base_pkg' build argument 'catkin_cmake_args' from command line to 'None'
[0.770s] Level 5:colcon.colcon_core.verb:set package 'base_pkg' build argument 'catkin_skip_building_tests' from command line to 'False'
[0.770s] DEBUG:colcon.colcon_core.verb:Building package 'base_pkg' with the following arguments: {'ament_cmake_args': None, 'build_base': '/home/manoj/ros/robot_ws/build/base_pkg', 'catkin_cmake_args': None, 'catkin_skip_building_tests': False, 'cmake_args': None, 'cmake_clean_cache': False, 'cmake_clean_first': False, 'cmake_force_configure': False, 'cmake_target': None, 'cmake_target_skip_unavailable': False, 'install_base': '/home/manoj/ros/robot_ws/install/base_pkg', 'merge_install': False, 'path': '/home/manoj/ros/robot_ws/src/base_pkg', 'symlink_install': False, 'test_result_base': None}
[0.771s] Level 5:colcon.colcon_core.verb:set package 'livox_to_pointcloud2' build argument 'cmake_args' from command line to 'None'
[0.771s] Level 5:colcon.colcon_core.verb:set package 'livox_to_pointcloud2' build argument 'cmake_target' from command line to 'None'
[0.771s] Level 5:colcon.colcon_core.verb:set package 'livox_to_pointcloud2' build argument 'cmake_target_skip_unavailable' from command line to 'False'
[0.771s] Level 5:colcon.colcon_core.verb:set package 'livox_to_pointcloud2' build argument 'cmake_clean_cache' from command line to 'False'
[0.771s] Level 5:colcon.colcon_core.verb:set package 'livox_to_pointcloud2' build argument 'cmake_clean_first' from command line to 'False'
[0.771s] Level 5:colcon.colcon_core.verb:set package 'livox_to_pointcloud2' build argument 'cmake_force_configure' from command line to 'False'
[0.771s] Level 5:colcon.colcon_core.verb:set package 'livox_to_pointcloud2' build argument 'ament_cmake_args' from command line to 'None'
[0.771s] Level 5:colcon.colcon_core.verb:set package 'livox_to_pointcloud2' build argument 'catkin_cmake_args' from command line to 'None'
[0.771s] Level 5:colcon.colcon_core.verb:set package 'livox_to_pointcloud2' build argument 'catkin_skip_building_tests' from command line to 'False'
[0.771s] DEBUG:colcon.colcon_core.verb:Building package 'livox_to_pointcloud2' with the following arguments: {'ament_cmake_args': None, 'build_base': '/home/manoj/ros/robot_ws/build/livox_to_pointcloud2', 'catkin_cmake_args': None, 'catkin_skip_building_tests': False, 'cmake_args': None, 'cmake_clean_cache': False, 'cmake_clean_first': False, 'cmake_force_configure': False, 'cmake_target': None, 'cmake_target_skip_unavailable': False, 'install_base': '/home/manoj/ros/robot_ws/install/livox_to_pointcloud2', 'merge_install': False, 'path': '/home/manoj/ros/robot_ws/src/livox_to_pointcloud2', 'symlink_install': False, 'test_result_base': None}
[0.771s] Level 5:colcon.colcon_core.verb:set package 'myrobot_description' build argument 'cmake_args' from command line to 'None'
[0.772s] Level 5:colcon.colcon_core.verb:set package 'myrobot_description' build argument 'cmake_target' from command line to 'None'
[0.772s] Level 5:colcon.colcon_core.verb:set package 'myrobot_description' build argument 'cmake_target_skip_unavailable' from command line to 'False'
[0.772s] Level 5:colcon.colcon_core.verb:set package 'myrobot_description' build argument 'cmake_clean_cache' from command line to 'False'
[0.772s] Level 5:colcon.colcon_core.verb:set package 'myrobot_description' build argument 'cmake_clean_first' from command line to 'False'
[0.772s] Level 5:colcon.colcon_core.verb:set package 'myrobot_description' build argument 'cmake_force_configure' from command line to 'False'
[0.772s] Level 5:colcon.colcon_core.verb:set package 'myrobot_description' build argument 'ament_cmake_args' from command line to 'None'
[0.772s] Level 5:colcon.colcon_core.verb:set package 'myrobot_description' build argument 'catkin_cmake_args' from command line to 'None'
[0.772s] Level 5:colcon.colcon_core.verb:set package 'myrobot_description' build argument 'catkin_skip_building_tests' from command line to 'False'
[0.772s] DEBUG:colcon.colcon_core.verb:Building package 'myrobot_description' with the following arguments: {'ament_cmake_args': None, 'build_base': '/home/manoj/ros/robot_ws/build/myrobot_description', 'catkin_cmake_args': None, 'catkin_skip_building_tests': False, 'cmake_args': None, 'cmake_clean_cache': False, 'cmake_clean_first': False, 'cmake_force_configure': False, 'cmake_target': None, 'cmake_target_skip_unavailable': False, 'install_base': '/home/manoj/ros/robot_ws/install/myrobot_description', 'merge_install': False, 'path': '/home/manoj/ros/robot_ws/src/myrobot_description', 'symlink_install': False, 'test_result_base': None}
[0.772s] Level 5:colcon.colcon_core.verb:set package 'pointcloud_to_laserscan' build argument 'cmake_args' from command line to 'None'
[0.772s] Level 5:colcon.colcon_core.verb:set package 'pointcloud_to_laserscan' build argument 'cmake_target' from command line to 'None'
[0.772s] Level 5:colcon.colcon_core.verb:set package 'pointcloud_to_laserscan' build argument 'cmake_target_skip_unavailable' from command line to 'False'
[0.772s] Level 5:colcon.colcon_core.verb:set package 'pointcloud_to_laserscan' build argument 'cmake_clean_cache' from command line to 'False'
[0.772s] Level 5:colcon.colcon_core.verb:set package 'pointcloud_to_laserscan' build argument 'cmake_clean_first' from command line to 'False'
[0.772s] Level 5:colcon.colcon_core.verb:set package 'pointcloud_to_laserscan' build argument 'cmake_force_configure' from command line to 'False'
[0.773s] Level 5:colcon.colcon_core.verb:set package 'pointcloud_to_laserscan' build argument 'ament_cmake_args' from command line to 'None'
[0.773s] Level 5:colcon.colcon_core.verb:set package 'pointcloud_to_laserscan' build argument 'catkin_cmake_args' from command line to 'None'
[0.773s] Level 5:colcon.colcon_core.verb:set package 'pointcloud_to_laserscan' build argument 'catkin_skip_building_tests' from command line to 'False'
[0.773s] DEBUG:colcon.colcon_core.verb:Building package 'pointcloud_to_laserscan' with the following arguments: {'ament_cmake_args': None, 'build_base': '/home/manoj/ros/robot_ws/build/pointcloud_to_laserscan', 'catkin_cmake_args': None, 'catkin_skip_building_tests': False, 'cmake_args': None, 'cmake_clean_cache': False, 'cmake_clean_first': False, 'cmake_force_configure': False, 'cmake_target': None, 'cmake_target_skip_unavailable': False, 'install_base': '/home/manoj/ros/robot_ws/install/pointcloud_to_laserscan', 'merge_install': False, 'path': '/home/manoj/ros/robot_ws/src/pointcloud_to_laserscan', 'symlink_install': False, 'test_result_base': None}
[0.773s] Level 5:colcon.colcon_core.verb:set package 'ros2_livox_simulation' build argument 'cmake_args' from command line to 'None'
[0.773s] Level 5:colcon.colcon_core.verb:set package 'ros2_livox_simulation' build argument 'cmake_target' from command line to 'None'
[0.773s] Level 5:colcon.colcon_core.verb:set package 'ros2_livox_simulation' build argument 'cmake_target_skip_unavailable' from command line to 'False'
[0.773s] Level 5:colcon.colcon_core.verb:set package 'ros2_livox_simulation' build argument 'cmake_clean_cache' from command line to 'False'
[0.773s] Level 5:colcon.colcon_core.verb:set package 'ros2_livox_simulation' build argument 'cmake_clean_first' from command line to 'False'
[0.773s] Level 5:colcon.colcon_core.verb:set package 'ros2_livox_simulation' build argument 'cmake_force_configure' from command line to 'False'
[0.773s] Level 5:colcon.colcon_core.verb:set package 'ros2_livox_simulation' build argument 'ament_cmake_args' from command line to 'None'
[0.773s] Level 5:colcon.colcon_core.verb:set package 'ros2_livox_simulation' build argument 'catkin_cmake_args' from command line to 'None'
[0.773s] Level 5:colcon.colcon_core.verb:set package 'ros2_livox_simulation' build argument 'catkin_skip_building_tests' from command line to 'False'
[0.773s] DEBUG:colcon.colcon_core.verb:Building package 'ros2_livox_simulation' with the following arguments: {'ament_cmake_args': None, 'build_base': '/home/manoj/ros/robot_ws/build/ros2_livox_simulation', 'catkin_cmake_args': None, 'catkin_skip_building_tests': False, 'cmake_args': None, 'cmake_clean_cache': False, 'cmake_clean_first': False, 'cmake_force_configure': False, 'cmake_target': None, 'cmake_target_skip_unavailable': False, 'install_base': '/home/manoj/ros/robot_ws/install/ros2_livox_simulation', 'merge_install': False, 'path': '/home/manoj/ros/robot_ws/src/livox_laser_simulation_ros2', 'symlink_install': False, 'test_result_base': None}
[0.774s] Level 5:colcon.colcon_core.verb:set package 'transform_mid360' build argument 'cmake_args' from command line to 'None'
[0.774s] Level 5:colcon.colcon_core.verb:set package 'transform_mid360' build argument 'cmake_target' from command line to 'None'
[0.774s] Level 5:colcon.colcon_core.verb:set package 'transform_mid360' build argument 'cmake_target_skip_unavailable' from command line to 'False'
[0.774s] Level 5:colcon.colcon_core.verb:set package 'transform_mid360' build argument 'cmake_clean_cache' from command line to 'False'
[0.774s] Level 5:colcon.colcon_core.verb:set package 'transform_mid360' build argument 'cmake_clean_first' from command line to 'False'
[0.774s] Level 5:colcon.colcon_core.verb:set package 'transform_mid360' build argument 'cmake_force_configure' from command line to 'False'
[0.774s] Level 5:colcon.colcon_core.verb:set package 'transform_mid360' build argument 'ament_cmake_args' from command line to 'None'
[0.774s] Level 5:colcon.colcon_core.verb:set package 'transform_mid360' build argument 'catkin_cmake_args' from command line to 'None'
[0.774s] Level 5:colcon.colcon_core.verb:set package 'transform_mid360' build argument 'catkin_skip_building_tests' from command line to 'False'
[0.774s] DEBUG:colcon.colcon_core.verb:Building package 'transform_mid360' with the following arguments: {'ament_cmake_args': None, 'build_base': '/home/manoj/ros/robot_ws/build/transform_mid360', 'catkin_cmake_args': None, 'catkin_skip_building_tests': False, 'cmake_args': None, 'cmake_clean_cache': False, 'cmake_clean_first': False, 'cmake_force_configure': False, 'cmake_target': None, 'cmake_target_skip_unavailable': False, 'install_base': '/home/manoj/ros/robot_ws/install/transform_mid360', 'merge_install': False, 'path': '/home/manoj/ros/robot_ws/src/transform_mid360', 'symlink_install': False, 'test_result_base': None}
[0.775s] Level 5:colcon.colcon_core.verb:set package 'robot_bringup' build argument 'cmake_args' from command line to 'None'
[0.775s] Level 5:colcon.colcon_core.verb:set package 'robot_bringup' build argument 'cmake_target' from command line to 'None'
[0.775s] Level 5:colcon.colcon_core.verb:set package 'robot_bringup' build argument 'cmake_target_skip_unavailable' from command line to 'False'
[0.775s] Level 5:colcon.colcon_core.verb:set package 'robot_bringup' build argument 'cmake_clean_cache' from command line to 'False'
[0.775s] Level 5:colcon.colcon_core.verb:set package 'robot_bringup' build argument 'cmake_clean_first' from command line to 'False'
[0.775s] Level 5:colcon.colcon_core.verb:set package 'robot_bringup' build argument 'cmake_force_configure' from command line to 'False'
[0.775s] Level 5:colcon.colcon_core.verb:set package 'robot_bringup' build argument 'ament_cmake_args' from command line to 'None'
[0.775s] Level 5:colcon.colcon_core.verb:set package 'robot_bringup' build argument 'catkin_cmake_args' from command line to 'None'
[0.775s] Level 5:colcon.colcon_core.verb:set package 'robot_bringup' build argument 'catkin_skip_building_tests' from command line to 'False'
[0.775s] DEBUG:colcon.colcon_core.verb:Building package 'robot_bringup' with the following arguments: {'ament_cmake_args': None, 'build_base': '/home/manoj/ros/robot_ws/build/robot_bringup', 'catkin_cmake_args': None, 'catkin_skip_building_tests': False, 'cmake_args': None, 'cmake_clean_cache': False, 'cmake_clean_first': False, 'cmake_force_configure': False, 'cmake_target': None, 'cmake_target_skip_unavailable': False, 'install_base': '/home/manoj/ros/robot_ws/install/robot_bringup', 'merge_install': False, 'path': '/home/manoj/ros/robot_ws/src/robot_bringup', 'symlink_install': False, 'test_result_base': None}
[0.775s] INFO:colcon.colcon_core.executor:Executing jobs using 'parallel' executor
[0.777s] DEBUG:colcon.colcon_parallel_executor.executor.parallel:run_until_complete
[0.777s] INFO:colcon.colcon_ros.task.ament_cmake.build:Building ROS package in '/home/manoj/ros/robot_ws/src/livox_to_pointcloud2' with build type 'ament_cmake'
[0.778s] INFO:colcon.colcon_cmake.task.cmake.build:Building CMake package in '/home/manoj/ros/robot_ws/src/livox_to_pointcloud2'
[0.784s] INFO:colcon.colcon_core.plugin_system:Skipping extension 'colcon_core.shell.bat': Not used on non-Windows systems
[0.784s] INFO:colcon.colcon_core.shell:Skip shell extension 'powershell' for command environment: Not usable outside of PowerShell
[0.784s] DEBUG:colcon.colcon_core.shell:Skip shell extension 'dsv' for command environment
[0.794s] INFO:colcon.colcon_ros.task.ament_cmake.build:Building ROS package in '/home/manoj/ros/robot_ws/src/myrobot_description' with build type 'ament_cmake'
[0.795s] INFO:colcon.colcon_cmake.task.cmake.build:Building CMake package in '/home/manoj/ros/robot_ws/src/myrobot_description'
[0.796s] INFO:colcon.colcon_core.shell:Skip shell extension 'powershell' for command environment: Not usable outside of PowerShell
[0.796s] DEBUG:colcon.colcon_core.shell:Skip shell extension 'dsv' for command environment
[0.808s] INFO:colcon.colcon_ros.task.ament_cmake.build:Building ROS package in '/home/manoj/ros/robot_ws/src/pointcloud_to_laserscan' with build type 'ament_cmake'
[0.808s] INFO:colcon.colcon_cmake.task.cmake.build:Building CMake package in '/home/manoj/ros/robot_ws/src/pointcloud_to_laserscan'
[0.809s] INFO:colcon.colcon_core.shell:Skip shell extension 'powershell' for command environment: Not usable outside of PowerShell
[0.809s] DEBUG:colcon.colcon_core.shell:Skip shell extension 'dsv' for command environment
[0.822s] INFO:colcon.colcon_ros.task.ament_cmake.build:Building ROS package in '/home/manoj/ros/robot_ws/src/transform_mid360' with build type 'ament_cmake'
[0.823s] INFO:colcon.colcon_cmake.task.cmake.build:Building CMake package in '/home/manoj/ros/robot_ws/src/transform_mid360'
[0.824s] INFO:colcon.colcon_core.shell:Skip shell extension 'powershell' for command environment: Not usable outside of PowerShell
[0.824s] DEBUG:colcon.colcon_core.shell:Skip shell extension 'dsv' for command environment
[0.831s] INFO:colcon.colcon_ros.task.ament_python.build:Building ROS package in '/home/manoj/ros/robot_ws/src/base_pkg' with build type 'ament_python'
[0.831s] Level 1:colcon.colcon_core.shell:create_environment_hook('base_pkg', 'ament_prefix_path')
[0.832s] INFO:colcon.colcon_core.shell:Creating environment hook '/home/manoj/ros/robot_ws/install/base_pkg/share/base_pkg/hook/ament_prefix_path.ps1'
[0.834s] INFO:colcon.colcon_core.shell:Creating environment descriptor '/home/manoj/ros/robot_ws/install/base_pkg/share/base_pkg/hook/ament_prefix_path.dsv'
[0.835s] INFO:colcon.colcon_core.shell:Creating environment hook '/home/manoj/ros/robot_ws/install/base_pkg/share/base_pkg/hook/ament_prefix_path.sh'
[0.837s] INFO:colcon.colcon_core.shell:Skip shell extension 'powershell' for command environment: Not usable outside of PowerShell
[0.837s] DEBUG:colcon.colcon_core.shell:Skip shell extension 'dsv' for command environment
[0.850s] INFO:colcon.colcon_ros.task.ament_cmake.build:Building ROS package in '/home/manoj/ros/robot_ws/src/livox_laser_simulation_ros2' with build type 'ament_cmake'
[0.850s] INFO:colcon.colcon_cmake.task.cmake.build:Building CMake package in '/home/manoj/ros/robot_ws/src/livox_laser_simulation_ros2'
[0.852s] INFO:colcon.colcon_core.shell:Skip shell extension 'powershell' for command environment: Not usable outside of PowerShell
[0.852s] DEBUG:colcon.colcon_core.shell:Skip shell extension 'dsv' for command environment
[0.884s] DEBUG:colcon.colcon_core.event_handler.log_command:Invoking command in '/home/manoj/ros/robot_ws/build/livox_to_pointcloud2': CMAKE_PREFIX_PATH=${CMAKE_PREFIX_PATH}:/home/manoj/ros/robot_ws/install/nav2_gps_waypoint_follower_demo:/home/manoj/ros/robot_ws/install/base_pkg:/opt/ros/humble /usr/bin/cmake --build /home/manoj/ros/robot_ws/build/livox_to_pointcloud2 -- -j12 -l12
[0.892s] DEBUG:colcon.colcon_core.event_handler.log_command:Invoking command in '/home/manoj/ros/robot_ws/build/myrobot_description': CMAKE_PREFIX_PATH=${CMAKE_PREFIX_PATH}:/home/manoj/ros/robot_ws/install/nav2_gps_waypoint_follower_demo:/home/manoj/ros/robot_ws/install/base_pkg:/opt/ros/humble /usr/bin/cmake --build /home/manoj/ros/robot_ws/build/myrobot_description -- -j12 -l12
[0.902s] DEBUG:colcon.colcon_core.event_handler.log_command:Invoking command in '/home/manoj/ros/robot_ws/build/pointcloud_to_laserscan': CMAKE_PREFIX_PATH=${CMAKE_PREFIX_PATH}:/home/manoj/ros/robot_ws/install/nav2_gps_waypoint_follower_demo:/home/manoj/ros/robot_ws/install/base_pkg:/opt/ros/humble /usr/bin/cmake --build /home/manoj/ros/robot_ws/build/pointcloud_to_laserscan -- -j12 -l12
[0.910s] DEBUG:colcon.colcon_core.event_handler.log_command:Invoking command in '/home/manoj/ros/robot_ws/build/transform_mid360': CMAKE_PREFIX_PATH=${CMAKE_PREFIX_PATH}:/home/manoj/ros/robot_ws/install/nav2_gps_waypoint_follower_demo:/home/manoj/ros/robot_ws/install/base_pkg:/opt/ros/humble /usr/bin/cmake --build /home/manoj/ros/robot_ws/build/transform_mid360 -- -j12 -l12
[1.666s] INFO:colcon.colcon_core.task.python.build:Building Python package in '/home/manoj/ros/robot_ws/src/base_pkg'
[1.666s] INFO:colcon.colcon_core.shell:Skip shell extension 'powershell' for command environment: Not usable outside of PowerShell
[1.666s] DEBUG:colcon.colcon_core.shell:Skip shell extension 'dsv' for command environment
[1.682s] DEBUG:colcon.colcon_core.event_handler.log_command:Invoking command in '/home/manoj/ros/robot_ws/build/ros2_livox_simulation': CMAKE_PREFIX_PATH=${CMAKE_PREFIX_PATH}:/home/manoj/ros/robot_ws/install/nav2_gps_waypoint_follower_demo:/home/manoj/ros/robot_ws/install/base_pkg:/opt/ros/humble /usr/bin/cmake --build /home/manoj/ros/robot_ws/build/ros2_livox_simulation -- -j12 -l12
[1.689s] DEBUG:colcon.colcon_core.event_handler.log_command:Invoked command in '/home/manoj/ros/robot_ws/build/myrobot_description' returned '0': CMAKE_PREFIX_PATH=${CMAKE_PREFIX_PATH}:/home/manoj/ros/robot_ws/install/nav2_gps_waypoint_follower_demo:/home/manoj/ros/robot_ws/install/base_pkg:/opt/ros/humble /usr/bin/cmake --build /home/manoj/ros/robot_ws/build/myrobot_description -- -j12 -l12
[1.693s] DEBUG:colcon.colcon_core.event_handler.log_command:Invoked command in '/home/manoj/ros/robot_ws/build/transform_mid360' returned '0': CMAKE_PREFIX_PATH=${CMAKE_PREFIX_PATH}:/home/manoj/ros/robot_ws/install/nav2_gps_waypoint_follower_demo:/home/manoj/ros/robot_ws/install/base_pkg:/opt/ros/humble /usr/bin/cmake --build /home/manoj/ros/robot_ws/build/transform_mid360 -- -j12 -l12
[1.698s] DEBUG:colcon.colcon_core.event_handler.log_command:Invoked command in '/home/manoj/ros/robot_ws/build/livox_to_pointcloud2' returned '0': CMAKE_PREFIX_PATH=${CMAKE_PREFIX_PATH}:/home/manoj/ros/robot_ws/install/nav2_gps_waypoint_follower_demo:/home/manoj/ros/robot_ws/install/base_pkg:/opt/ros/humble /usr/bin/cmake --build /home/manoj/ros/robot_ws/build/livox_to_pointcloud2 -- -j12 -l12
[1.701s] DEBUG:colcon.colcon_core.event_handler.log_command:Invoked command in '/home/manoj/ros/robot_ws/build/pointcloud_to_laserscan' returned '0': CMAKE_PREFIX_PATH=${CMAKE_PREFIX_PATH}:/home/manoj/ros/robot_ws/install/nav2_gps_waypoint_follower_demo:/home/manoj/ros/robot_ws/install/base_pkg:/opt/ros/humble /usr/bin/cmake --build /home/manoj/ros/robot_ws/build/pointcloud_to_laserscan -- -j12 -l12
[1.772s] DEBUG:colcon.colcon_core.event_handler.log_command:Invoking command in '/home/manoj/ros/robot_ws/build/myrobot_description': CMAKE_PREFIX_PATH=${CMAKE_PREFIX_PATH}:/home/manoj/ros/robot_ws/install/nav2_gps_waypoint_follower_demo:/home/manoj/ros/robot_ws/install/base_pkg:/opt/ros/humble /usr/bin/cmake --install /home/manoj/ros/robot_ws/build/myrobot_description
[1.784s] DEBUG:colcon.colcon_core.event_handler.log_command:Invoking command in '/home/manoj/ros/robot_ws/build/transform_mid360': CMAKE_PREFIX_PATH=${CMAKE_PREFIX_PATH}:/home/manoj/ros/robot_ws/install/nav2_gps_waypoint_follower_demo:/home/manoj/ros/robot_ws/install/base_pkg:/opt/ros/humble /usr/bin/cmake --install /home/manoj/ros/robot_ws/build/transform_mid360
[1.787s] DEBUG:colcon.colcon_core.event_handler.log_command:Invoking command in '/home/manoj/ros/robot_ws/build/livox_to_pointcloud2': CMAKE_PREFIX_PATH=${CMAKE_PREFIX_PATH}:/home/manoj/ros/robot_ws/install/nav2_gps_waypoint_follower_demo:/home/manoj/ros/robot_ws/install/base_pkg:/opt/ros/humble /usr/bin/cmake --install /home/manoj/ros/robot_ws/build/livox_to_pointcloud2
[1.800s] DEBUG:colcon.colcon_core.event_handler.log_command:Invoking command in '/home/manoj/ros/robot_ws/build/pointcloud_to_laserscan': CMAKE_PREFIX_PATH=${CMAKE_PREFIX_PATH}:/home/manoj/ros/robot_ws/install/nav2_gps_waypoint_follower_demo:/home/manoj/ros/robot_ws/install/base_pkg:/opt/ros/humble /usr/bin/cmake --install /home/manoj/ros/robot_ws/build/pointcloud_to_laserscan
[1.804s] Level 1:colcon.colcon_core.environment:create_environment_scripts_only(myrobot_description)
[1.824s] DEBUG:colcon.colcon_core.event_handler.log_command:Invoked command in '/home/manoj/ros/robot_ws/build/myrobot_description' returned '0': CMAKE_PREFIX_PATH=${CMAKE_PREFIX_PATH}:/home/manoj/ros/robot_ws/install/nav2_gps_waypoint_follower_demo:/home/manoj/ros/robot_ws/install/base_pkg:/opt/ros/humble /usr/bin/cmake --install /home/manoj/ros/robot_ws/build/myrobot_description
[1.829s] Level 1:colcon.colcon_core.environment:checking '/home/manoj/ros/robot_ws/install/myrobot_description' for CMake module files
[1.834s] Level 1:colcon.colcon_core.environment:checking '/home/manoj/ros/robot_ws/install/myrobot_description' for CMake config files
[1.842s] Level 1:colcon.colcon_core.shell:create_environment_hook('myrobot_description', 'cmake_prefix_path')
[1.843s] INFO:colcon.colcon_core.shell:Creating environment hook '/home/manoj/ros/robot_ws/install/myrobot_description/share/myrobot_description/hook/cmake_prefix_path.ps1'
[1.844s] INFO:colcon.colcon_core.shell:Creating environment descriptor '/home/manoj/ros/robot_ws/install/myrobot_description/share/myrobot_description/hook/cmake_prefix_path.dsv'
[1.845s] INFO:colcon.colcon_core.shell:Creating environment hook '/home/manoj/ros/robot_ws/install/myrobot_description/share/myrobot_description/hook/cmake_prefix_path.sh'
[1.847s] Level 1:colcon.colcon_core.environment:checking '/home/manoj/ros/robot_ws/install/myrobot_description/bin'
[1.848s] Level 1:colcon.colcon_core.environment:checking '/home/manoj/ros/robot_ws/install/myrobot_description/lib/pkgconfig/myrobot_description.pc'
[1.848s] Level 1:colcon.colcon_core.environment:checking '/home/manoj/ros/robot_ws/install/myrobot_description/lib/python3.10/site-packages'
[1.849s] Level 1:colcon.colcon_core.environment:checking '/home/manoj/ros/robot_ws/install/myrobot_description/bin'
[1.849s] INFO:colcon.colcon_core.shell:Creating package script '/home/manoj/ros/robot_ws/install/myrobot_description/share/myrobot_description/package.ps1'
[1.852s] INFO:colcon.colcon_core.shell:Creating package descriptor '/home/manoj/ros/robot_ws/install/myrobot_description/share/myrobot_description/package.dsv'
[1.855s] INFO:colcon.colcon_core.shell:Creating package script '/home/manoj/ros/robot_ws/install/myrobot_description/share/myrobot_description/package.sh'
[1.856s] INFO:colcon.colcon_core.shell:Creating package script '/home/manoj/ros/robot_ws/install/myrobot_description/share/myrobot_description/package.bash'
[1.858s] INFO:colcon.colcon_core.shell:Creating package script '/home/manoj/ros/robot_ws/install/myrobot_description/share/myrobot_description/package.zsh'
[1.859s] Level 1:colcon.colcon_core.environment:create_file_with_runtime_dependencies(/home/manoj/ros/robot_ws/install/myrobot_description/share/colcon-core/packages/myrobot_description)
[1.862s] Level 1:colcon.colcon_core.environment:create_environment_scripts_only(transform_mid360)
[1.862s] Level 1:colcon.colcon_core.environment:checking '/home/manoj/ros/robot_ws/install/transform_mid360' for CMake module files
[1.863s] DEBUG:colcon.colcon_core.event_handler.log_command:Invoked command in '/home/manoj/ros/robot_ws/build/transform_mid360' returned '0': CMAKE_PREFIX_PATH=${CMAKE_PREFIX_PATH}:/home/manoj/ros/robot_ws/install/nav2_gps_waypoint_follower_demo:/home/manoj/ros/robot_ws/install/base_pkg:/opt/ros/humble /usr/bin/cmake --install /home/manoj/ros/robot_ws/build/transform_mid360
[1.864s] Level 1:colcon.colcon_core.environment:checking '/home/manoj/ros/robot_ws/install/transform_mid360' for CMake config files
[1.864s] Level 1:colcon.colcon_core.shell:create_environment_hook('transform_mid360', 'cmake_prefix_path')
[1.865s] INFO:colcon.colcon_core.shell:Creating environment hook '/home/manoj/ros/robot_ws/install/transform_mid360/share/transform_mid360/hook/cmake_prefix_path.ps1'
[1.866s] INFO:colcon.colcon_core.shell:Creating environment descriptor '/home/manoj/ros/robot_ws/install/transform_mid360/share/transform_mid360/hook/cmake_prefix_path.dsv'
[1.867s] INFO:colcon.colcon_core.shell:Creating environment hook '/home/manoj/ros/robot_ws/install/transform_mid360/share/transform_mid360/hook/cmake_prefix_path.sh'
[1.871s] Level 1:colcon.colcon_core.environment:checking '/home/manoj/ros/robot_ws/install/transform_mid360/bin'
[1.871s] Level 1:colcon.colcon_core.environment:checking '/home/manoj/ros/robot_ws/install/transform_mid360/lib/pkgconfig/transform_mid360.pc'
[1.872s] Level 1:colcon.colcon_core.environment:checking '/home/manoj/ros/robot_ws/install/transform_mid360/lib/python3.10/site-packages'
[1.873s] Level 1:colcon.colcon_core.environment:checking '/home/manoj/ros/robot_ws/install/transform_mid360/bin'
[1.874s] INFO:colcon.colcon_core.shell:Creating package script '/home/manoj/ros/robot_ws/install/transform_mid360/share/transform_mid360/package.ps1'
[1.875s] INFO:colcon.colcon_core.shell:Creating package descriptor '/home/manoj/ros/robot_ws/install/transform_mid360/share/transform_mid360/package.dsv'
[1.877s] INFO:colcon.colcon_core.shell:Creating package script '/home/manoj/ros/robot_ws/install/transform_mid360/share/transform_mid360/package.sh'
[1.878s] INFO:colcon.colcon_core.shell:Creating package script '/home/manoj/ros/robot_ws/install/transform_mid360/share/transform_mid360/package.bash'
[1.878s] INFO:colcon.colcon_core.shell:Creating package script '/home/manoj/ros/robot_ws/install/transform_mid360/share/transform_mid360/package.zsh'
[1.879s] Level 1:colcon.colcon_core.environment:create_file_with_runtime_dependencies(/home/manoj/ros/robot_ws/install/transform_mid360/share/colcon-core/packages/transform_mid360)
[1.882s] Level 1:colcon.colcon_core.environment:create_environment_scripts_only(pointcloud_to_laserscan)
[1.882s] Level 1:colcon.colcon_core.environment:checking '/home/manoj/ros/robot_ws/install/pointcloud_to_laserscan' for CMake module files
[1.883s] DEBUG:colcon.colcon_core.event_handler.log_command:Invoked command in '/home/manoj/ros/robot_ws/build/pointcloud_to_laserscan' returned '0': CMAKE_PREFIX_PATH=${CMAKE_PREFIX_PATH}:/home/manoj/ros/robot_ws/install/nav2_gps_waypoint_follower_demo:/home/manoj/ros/robot_ws/install/base_pkg:/opt/ros/humble /usr/bin/cmake --install /home/manoj/ros/robot_ws/build/pointcloud_to_laserscan
[1.884s] Level 1:colcon.colcon_core.environment:checking '/home/manoj/ros/robot_ws/install/pointcloud_to_laserscan' for CMake config files
[1.885s] Level 1:colcon.colcon_core.shell:create_environment_hook('pointcloud_to_laserscan', 'cmake_prefix_path')
[1.888s] INFO:colcon.colcon_core.shell:Creating environment hook '/home/manoj/ros/robot_ws/install/pointcloud_to_laserscan/share/pointcloud_to_laserscan/hook/cmake_prefix_path.ps1'
[1.889s] INFO:colcon.colcon_core.shell:Creating environment descriptor '/home/manoj/ros/robot_ws/install/pointcloud_to_laserscan/share/pointcloud_to_laserscan/hook/cmake_prefix_path.dsv'
[1.890s] INFO:colcon.colcon_core.shell:Creating environment hook '/home/manoj/ros/robot_ws/install/pointcloud_to_laserscan/share/pointcloud_to_laserscan/hook/cmake_prefix_path.sh'
[1.891s] Level 1:colcon.colcon_core.environment:checking '/home/manoj/ros/robot_ws/install/pointcloud_to_laserscan/lib'
[1.892s] Level 1:colcon.colcon_core.shell:create_environment_hook('pointcloud_to_laserscan', 'ld_library_path_lib')
[1.892s] INFO:colcon.colcon_core.shell:Creating environment hook '/home/manoj/ros/robot_ws/install/pointcloud_to_laserscan/share/pointcloud_to_laserscan/hook/ld_library_path_lib.ps1'
[1.893s] INFO:colcon.colcon_core.shell:Creating environment descriptor '/home/manoj/ros/robot_ws/install/pointcloud_to_laserscan/share/pointcloud_to_laserscan/hook/ld_library_path_lib.dsv'
[1.893s] INFO:colcon.colcon_core.shell:Creating environment hook '/home/manoj/ros/robot_ws/install/pointcloud_to_laserscan/share/pointcloud_to_laserscan/hook/ld_library_path_lib.sh'
[1.894s] Level 1:colcon.colcon_core.environment:checking '/home/manoj/ros/robot_ws/install/pointcloud_to_laserscan/bin'
[1.894s] Level 1:colcon.colcon_core.environment:checking '/home/manoj/ros/robot_ws/install/pointcloud_to_laserscan/lib/pkgconfig/pointcloud_to_laserscan.pc'
[1.894s] Level 1:colcon.colcon_core.environment:checking '/home/manoj/ros/robot_ws/install/pointcloud_to_laserscan/lib/python3.10/site-packages'
[1.895s] Level 1:colcon.colcon_core.environment:checking '/home/manoj/ros/robot_ws/install/pointcloud_to_laserscan/bin'
[1.896s] INFO:colcon.colcon_core.shell:Creating package script '/home/manoj/ros/robot_ws/install/pointcloud_to_laserscan/share/pointcloud_to_laserscan/package.ps1'
[1.898s] INFO:colcon.colcon_core.shell:Creating package descriptor '/home/manoj/ros/robot_ws/install/pointcloud_to_laserscan/share/pointcloud_to_laserscan/package.dsv'
[1.899s] INFO:colcon.colcon_core.shell:Creating package script '/home/manoj/ros/robot_ws/install/pointcloud_to_laserscan/share/pointcloud_to_laserscan/package.sh'
[1.900s] INFO:colcon.colcon_core.shell:Creating package script '/home/manoj/ros/robot_ws/install/pointcloud_to_laserscan/share/pointcloud_to_laserscan/package.bash'
[1.902s] INFO:colcon.colcon_core.shell:Creating package script '/home/manoj/ros/robot_ws/install/pointcloud_to_laserscan/share/pointcloud_to_laserscan/package.zsh'
[1.905s] Level 1:colcon.colcon_core.environment:create_file_with_runtime_dependencies(/home/manoj/ros/robot_ws/install/pointcloud_to_laserscan/share/colcon-core/packages/pointcloud_to_laserscan)
[1.907s] Level 1:colcon.colcon_core.environment:create_environment_scripts_only(livox_to_pointcloud2)
[1.908s] Level 1:colcon.colcon_core.environment:checking '/home/manoj/ros/robot_ws/install/livox_to_pointcloud2' for CMake module files
[1.909s] DEBUG:colcon.colcon_core.event_handler.log_command:Invoked command in '/home/manoj/ros/robot_ws/build/livox_to_pointcloud2' returned '0': CMAKE_PREFIX_PATH=${CMAKE_PREFIX_PATH}:/home/manoj/ros/robot_ws/install/nav2_gps_waypoint_follower_demo:/home/manoj/ros/robot_ws/install/base_pkg:/opt/ros/humble /usr/bin/cmake --install /home/manoj/ros/robot_ws/build/livox_to_pointcloud2
[1.910s] Level 1:colcon.colcon_core.environment:checking '/home/manoj/ros/robot_ws/install/livox_to_pointcloud2' for CMake config files
[1.911s] Level 1:colcon.colcon_core.shell:create_environment_hook('livox_to_pointcloud2', 'cmake_prefix_path')
[1.911s] INFO:colcon.colcon_core.shell:Creating environment hook '/home/manoj/ros/robot_ws/install/livox_to_pointcloud2/share/livox_to_pointcloud2/hook/cmake_prefix_path.ps1'
[1.912s] INFO:colcon.colcon_core.shell:Creating environment descriptor '/home/manoj/ros/robot_ws/install/livox_to_pointcloud2/share/livox_to_pointcloud2/hook/cmake_prefix_path.dsv'
[1.914s] INFO:colcon.colcon_core.shell:Creating environment hook '/home/manoj/ros/robot_ws/install/livox_to_pointcloud2/share/livox_to_pointcloud2/hook/cmake_prefix_path.sh'
[1.915s] Level 1:colcon.colcon_core.environment:checking '/home/manoj/ros/robot_ws/install/livox_to_pointcloud2/lib'
[1.915s] Level 1:colcon.colcon_core.environment:checking '/home/manoj/ros/robot_ws/install/livox_to_pointcloud2/bin'
[1.915s] Level 1:colcon.colcon_core.environment:checking '/home/manoj/ros/robot_ws/install/livox_to_pointcloud2/lib/pkgconfig/livox_to_pointcloud2.pc'
[1.916s] Level 1:colcon.colcon_core.environment:checking '/home/manoj/ros/robot_ws/install/livox_to_pointcloud2/lib/python3.10/site-packages'
[1.917s] Level 1:colcon.colcon_core.environment:checking '/home/manoj/ros/robot_ws/install/livox_to_pointcloud2/bin'
[1.918s] INFO:colcon.colcon_core.shell:Creating package script '/home/manoj/ros/robot_ws/install/livox_to_pointcloud2/share/livox_to_pointcloud2/package.ps1'
[1.922s] INFO:colcon.colcon_core.shell:Creating package descriptor '/home/manoj/ros/robot_ws/install/livox_to_pointcloud2/share/livox_to_pointcloud2/package.dsv'
[1.923s] INFO:colcon.colcon_core.shell:Creating package script '/home/manoj/ros/robot_ws/install/livox_to_pointcloud2/share/livox_to_pointcloud2/package.sh'
[1.925s] INFO:colcon.colcon_core.shell:Creating package script '/home/manoj/ros/robot_ws/install/livox_to_pointcloud2/share/livox_to_pointcloud2/package.bash'
[1.926s] INFO:colcon.colcon_core.shell:Creating package script '/home/manoj/ros/robot_ws/install/livox_to_pointcloud2/share/livox_to_pointcloud2/package.zsh'
[1.926s] Level 1:colcon.colcon_core.environment:create_file_with_runtime_dependencies(/home/manoj/ros/robot_ws/install/livox_to_pointcloud2/share/colcon-core/packages/livox_to_pointcloud2)
[1.932s] Level 1:colcon.colcon_core.environment:create_environment_scripts_only(myrobot_description)
[1.935s] Level 1:colcon.colcon_core.environment:checking '/home/manoj/ros/robot_ws/install/myrobot_description' for CMake module files
[1.937s] Level 1:colcon.colcon_core.environment:checking '/home/manoj/ros/robot_ws/install/myrobot_description' for CMake config files
[1.938s] Level 1:colcon.colcon_core.shell:create_environment_hook('myrobot_description', 'cmake_prefix_path')
[1.939s] INFO:colcon.colcon_core.shell:Creating environment hook '/home/manoj/ros/robot_ws/install/myrobot_description/share/myrobot_description/hook/cmake_prefix_path.ps1'
[1.940s] INFO:colcon.colcon_core.shell:Creating environment descriptor '/home/manoj/ros/robot_ws/install/myrobot_description/share/myrobot_description/hook/cmake_prefix_path.dsv'
[1.941s] INFO:colcon.colcon_core.shell:Creating environment hook '/home/manoj/ros/robot_ws/install/myrobot_description/share/myrobot_description/hook/cmake_prefix_path.sh'
[1.943s] Level 1:colcon.colcon_core.environment:checking '/home/manoj/ros/robot_ws/install/myrobot_description/bin'
[1.943s] Level 1:colcon.colcon_core.environment:checking '/home/manoj/ros/robot_ws/install/myrobot_description/lib/pkgconfig/myrobot_description.pc'
[1.943s] Level 1:colcon.colcon_core.environment:checking '/home/manoj/ros/robot_ws/install/myrobot_description/lib/python3.10/site-packages'
[1.944s] Level 1:colcon.colcon_core.environment:checking '/home/manoj/ros/robot_ws/install/myrobot_description/bin'
[1.945s] INFO:colcon.colcon_core.shell:Creating package script '/home/manoj/ros/robot_ws/install/myrobot_description/share/myrobot_description/package.ps1'
[1.946s] INFO:colcon.colcon_core.shell:Creating package descriptor '/home/manoj/ros/robot_ws/install/myrobot_description/share/myrobot_description/package.dsv'
[1.947s] INFO:colcon.colcon_core.shell:Creating package script '/home/manoj/ros/robot_ws/install/myrobot_description/share/myrobot_description/package.sh'
[1.950s] INFO:colcon.colcon_core.shell:Creating package script '/home/manoj/ros/robot_ws/install/myrobot_description/share/myrobot_description/package.bash'
[1.952s] INFO:colcon.colcon_core.shell:Creating package script '/home/manoj/ros/robot_ws/install/myrobot_description/share/myrobot_description/package.zsh'
[1.953s] Level 1:colcon.colcon_core.environment:create_file_with_runtime_dependencies(/home/manoj/ros/robot_ws/install/myrobot_description/share/colcon-core/packages/myrobot_description)
[1.955s] Level 1:colcon.colcon_core.environment:create_environment_scripts_only(transform_mid360)
[1.956s] Level 1:colcon.colcon_core.environment:checking '/home/manoj/ros/robot_ws/install/transform_mid360' for CMake module files
[1.957s] Level 1:colcon.colcon_core.environment:checking '/home/manoj/ros/robot_ws/install/transform_mid360' for CMake config files
[1.958s] Level 1:colcon.colcon_core.shell:create_environment_hook('transform_mid360', 'cmake_prefix_path')
[1.958s] INFO:colcon.colcon_core.shell:Creating environment hook '/home/manoj/ros/robot_ws/install/transform_mid360/share/transform_mid360/hook/cmake_prefix_path.ps1'
[1.959s] INFO:colcon.colcon_core.shell:Creating environment descriptor '/home/manoj/ros/robot_ws/install/transform_mid360/share/transform_mid360/hook/cmake_prefix_path.dsv'
[1.960s] INFO:colcon.colcon_core.shell:Creating environment hook '/home/manoj/ros/robot_ws/install/transform_mid360/share/transform_mid360/hook/cmake_prefix_path.sh'
[1.961s] Level 1:colcon.colcon_core.environment:checking '/home/manoj/ros/robot_ws/install/transform_mid360/bin'
[1.961s] Level 1:colcon.colcon_core.environment:checking '/home/manoj/ros/robot_ws/install/transform_mid360/lib/pkgconfig/transform_mid360.pc'
[1.962s] Level 1:colcon.colcon_core.environment:checking '/home/manoj/ros/robot_ws/install/transform_mid360/lib/python3.10/site-packages'
[1.963s] Level 1:colcon.colcon_core.environment:checking '/home/manoj/ros/robot_ws/install/transform_mid360/bin'
[1.963s] INFO:colcon.colcon_core.shell:Creating package script '/home/manoj/ros/robot_ws/install/transform_mid360/share/transform_mid360/package.ps1'
[1.965s] INFO:colcon.colcon_core.shell:Creating package descriptor '/home/manoj/ros/robot_ws/install/transform_mid360/share/transform_mid360/package.dsv'
[1.967s] INFO:colcon.colcon_core.shell:Creating package script '/home/manoj/ros/robot_ws/install/transform_mid360/share/transform_mid360/package.sh'
[1.970s] INFO:colcon.colcon_core.shell:Creating package script '/home/manoj/ros/robot_ws/install/transform_mid360/share/transform_mid360/package.bash'
[1.971s] INFO:colcon.colcon_core.shell:Creating package script '/home/manoj/ros/robot_ws/install/transform_mid360/share/transform_mid360/package.zsh'
[1.973s] Level 1:colcon.colcon_core.environment:create_file_with_runtime_dependencies(/home/manoj/ros/robot_ws/install/transform_mid360/share/colcon-core/packages/transform_mid360)
[1.981s] DEBUG:colcon.colcon_core.event_handler.log_command:Invoked command in '/home/manoj/ros/robot_ws/build/ros2_livox_simulation' returned '0': CMAKE_PREFIX_PATH=${CMAKE_PREFIX_PATH}:/home/manoj/ros/robot_ws/install/nav2_gps_waypoint_follower_demo:/home/manoj/ros/robot_ws/install/base_pkg:/opt/ros/humble /usr/bin/cmake --build /home/manoj/ros/robot_ws/build/ros2_livox_simulation -- -j12 -l12
[1.998s] Level 1:colcon.colcon_core.environment:create_environment_scripts_only(pointcloud_to_laserscan)
[1.999s] Level 1:colcon.colcon_core.environment:checking '/home/manoj/ros/robot_ws/install/pointcloud_to_laserscan' for CMake module files
[2.001s] Level 1:colcon.colcon_core.environment:checking '/home/manoj/ros/robot_ws/install/pointcloud_to_laserscan' for CMake config files
[2.001s] Level 1:colcon.colcon_core.shell:create_environment_hook('pointcloud_to_laserscan', 'cmake_prefix_path')
[2.002s] INFO:colcon.colcon_core.shell:Creating environment hook '/home/manoj/ros/robot_ws/install/pointcloud_to_laserscan/share/pointcloud_to_laserscan/hook/cmake_prefix_path.ps1'
[2.003s] INFO:colcon.colcon_core.shell:Creating environment descriptor '/home/manoj/ros/robot_ws/install/pointcloud_to_laserscan/share/pointcloud_to_laserscan/hook/cmake_prefix_path.dsv'
[2.004s] INFO:colcon.colcon_core.shell:Creating environment hook '/home/manoj/ros/robot_ws/install/pointcloud_to_laserscan/share/pointcloud_to_laserscan/hook/cmake_prefix_path.sh'
[2.005s] Level 1:colcon.colcon_core.environment:checking '/home/manoj/ros/robot_ws/install/pointcloud_to_laserscan/lib'
[2.006s] Level 1:colcon.colcon_core.shell:create_environment_hook('pointcloud_to_laserscan', 'ld_library_path_lib')
[2.007s] INFO:colcon.colcon_core.shell:Creating environment hook '/home/manoj/ros/robot_ws/install/pointcloud_to_laserscan/share/pointcloud_to_laserscan/hook/ld_library_path_lib.ps1'
[2.009s] INFO:colcon.colcon_core.shell:Creating environment descriptor '/home/manoj/ros/robot_ws/install/pointcloud_to_laserscan/share/pointcloud_to_laserscan/hook/ld_library_path_lib.dsv'
[2.010s] INFO:colcon.colcon_core.shell:Creating environment hook '/home/manoj/ros/robot_ws/install/pointcloud_to_laserscan/share/pointcloud_to_laserscan/hook/ld_library_path_lib.sh'
[2.011s] Level 1:colcon.colcon_core.environment:checking '/home/manoj/ros/robot_ws/install/pointcloud_to_laserscan/bin'
[2.012s] Level 1:colcon.colcon_core.environment:checking '/home/manoj/ros/robot_ws/install/pointcloud_to_laserscan/lib/pkgconfig/pointcloud_to_laserscan.pc'
[2.013s] Level 1:colcon.colcon_core.environment:checking '/home/manoj/ros/robot_ws/install/pointcloud_to_laserscan/lib/python3.10/site-packages'
[2.013s] Level 1:colcon.colcon_core.environment:checking '/home/manoj/ros/robot_ws/install/pointcloud_to_laserscan/bin'
[2.014s] INFO:colcon.colcon_core.shell:Creating package script '/home/manoj/ros/robot_ws/install/pointcloud_to_laserscan/share/pointcloud_to_laserscan/package.ps1'
[2.016s] INFO:colcon.colcon_core.shell:Creating package descriptor '/home/manoj/ros/robot_ws/install/pointcloud_to_laserscan/share/pointcloud_to_laserscan/package.dsv'
[2.017s] INFO:colcon.colcon_core.shell:Creating package script '/home/manoj/ros/robot_ws/install/pointcloud_to_laserscan/share/pointcloud_to_laserscan/package.sh'
[2.018s] INFO:colcon.colcon_core.shell:Creating package script '/home/manoj/ros/robot_ws/install/pointcloud_to_laserscan/share/pointcloud_to_laserscan/package.bash'
[2.018s] INFO:colcon.colcon_core.shell:Creating package script '/home/manoj/ros/robot_ws/install/pointcloud_to_laserscan/share/pointcloud_to_laserscan/package.zsh'
[2.019s] Level 1:colcon.colcon_core.environment:create_file_with_runtime_dependencies(/home/manoj/ros/robot_ws/install/pointcloud_to_laserscan/share/colcon-core/packages/pointcloud_to_laserscan)
[2.022s] Level 1:colcon.colcon_core.environment:create_environment_scripts_only(livox_to_pointcloud2)
[2.022s] Level 1:colcon.colcon_core.environment:checking '/home/manoj/ros/robot_ws/install/livox_to_pointcloud2' for CMake module files
[2.023s] Level 1:colcon.colcon_core.environment:checking '/home/manoj/ros/robot_ws/install/livox_to_pointcloud2' for CMake config files
[2.023s] Level 1:colcon.colcon_core.shell:create_environment_hook('livox_to_pointcloud2', 'cmake_prefix_path')
[2.024s] INFO:colcon.colcon_core.shell:Creating environment hook '/home/manoj/ros/robot_ws/install/livox_to_pointcloud2/share/livox_to_pointcloud2/hook/cmake_prefix_path.ps1'
[2.025s] INFO:colcon.colcon_core.shell:Creating environment descriptor '/home/manoj/ros/robot_ws/install/livox_to_pointcloud2/share/livox_to_pointcloud2/hook/cmake_prefix_path.dsv'
[2.025s] INFO:colcon.colcon_core.shell:Creating environment hook '/home/manoj/ros/robot_ws/install/livox_to_pointcloud2/share/livox_to_pointcloud2/hook/cmake_prefix_path.sh'
[2.027s] Level 1:colcon.colcon_core.environment:checking '/home/manoj/ros/robot_ws/install/livox_to_pointcloud2/lib'
[2.027s] Level 1:colcon.colcon_core.environment:checking '/home/manoj/ros/robot_ws/install/livox_to_pointcloud2/bin'
[2.027s] Level 1:colcon.colcon_core.environment:checking '/home/manoj/ros/robot_ws/install/livox_to_pointcloud2/lib/pkgconfig/livox_to_pointcloud2.pc'
[2.028s] Level 1:colcon.colcon_core.environment:checking '/home/manoj/ros/robot_ws/install/livox_to_pointcloud2/lib/python3.10/site-packages'
[2.029s] Level 1:colcon.colcon_core.environment:checking '/home/manoj/ros/robot_ws/install/livox_to_pointcloud2/bin'
[2.029s] INFO:colcon.colcon_core.shell:Creating package script '/home/manoj/ros/robot_ws/install/livox_to_pointcloud2/share/livox_to_pointcloud2/package.ps1'
[2.032s] INFO:colcon.colcon_core.shell:Creating package descriptor '/home/manoj/ros/robot_ws/install/livox_to_pointcloud2/share/livox_to_pointcloud2/package.dsv'
[2.033s] INFO:colcon.colcon_core.shell:Creating package script '/home/manoj/ros/robot_ws/install/livox_to_pointcloud2/share/livox_to_pointcloud2/package.sh'
[2.034s] INFO:colcon.colcon_core.shell:Creating package script '/home/manoj/ros/robot_ws/install/livox_to_pointcloud2/share/livox_to_pointcloud2/package.bash'
[2.036s] INFO:colcon.colcon_core.shell:Creating package script '/home/manoj/ros/robot_ws/install/livox_to_pointcloud2/share/livox_to_pointcloud2/package.zsh'
[2.036s] Level 1:colcon.colcon_core.environment:create_file_with_runtime_dependencies(/home/manoj/ros/robot_ws/install/livox_to_pointcloud2/share/colcon-core/packages/livox_to_pointcloud2)
[2.037s] INFO:colcon.colcon_ros.task.ament_cmake.build:Building ROS package in '/home/manoj/ros/robot_ws/src/robot_bringup' with build type 'ament_cmake'
[2.038s] INFO:colcon.colcon_cmake.task.cmake.build:Building CMake package in '/home/manoj/ros/robot_ws/src/robot_bringup'
[2.039s] INFO:colcon.colcon_core.shell:Skip shell extension 'powershell' for command environment: Not usable outside of PowerShell
[2.039s] DEBUG:colcon.colcon_core.shell:Skip shell extension 'dsv' for command environment
[2.054s] DEBUG:colcon.colcon_core.event_handler.log_command:Invoking command in '/home/manoj/ros/robot_ws/build/ros2_livox_simulation': CMAKE_PREFIX_PATH=${CMAKE_PREFIX_PATH}:/home/manoj/ros/robot_ws/install/nav2_gps_waypoint_follower_demo:/home/manoj/ros/robot_ws/install/base_pkg:/opt/ros/humble /usr/bin/cmake --install /home/manoj/ros/robot_ws/build/ros2_livox_simulation
[2.066s] DEBUG:colcon.colcon_core.event_handler.log_command:Invoking command in '/home/manoj/ros/robot_ws/build/robot_bringup': CMAKE_PREFIX_PATH=/home/manoj/ros/robot_ws/install/transform_mid360:/home/manoj/ros/robot_ws/install/pointcloud_to_laserscan:/home/manoj/ros/robot_ws/install/myrobot_description:/home/manoj/ros/robot_ws/install/livox_to_pointcloud2:/home/manoj/ros/robot_ws/install/robot_bringup:/home/manoj/ros/robot_ws/install/sam_bot_description:/home/manoj/ros/robot_ws/install/ros2_livox_simulation:/home/manoj/ros/robot_ws/install/nav2_gradient_costmap_plugin:/home/manoj/ros/robot_ws/install/nav2_costmap_filters_demo:/home/manoj/ros/robot_ws/install/nav2_gps_waypoint_follower_demo:/home/manoj/ros/robot_ws/install/base_pkg:/opt/ros/humble LD_LIBRARY_PATH=/home/manoj/ros/robot_ws/install/pointcloud_to_laserscan/lib:/home/manoj/ros/robot_ws/install/ros2_livox_simulation/lib:/home/manoj/ros/robot_ws/install/nav2_gradient_costmap_plugin/lib:/usr/lib/x86_64-linux-gnu/gazebo-11/plugins:/opt/ros/humble/opt/rviz_ogre_vendor/lib:/opt/ros/humble/lib/x86_64-linux-gnu:/opt/ros/humble/lib:/home/manoj/ros/ws_livox/install/livox_ros_driver2/lib/:/home/manoj/ros/ws_livox/install/livox_ros_driver2/lib/ /usr/bin/cmake --build /home/manoj/ros/robot_ws/build/robot_bringup -- -j12 -l12
[2.079s] Level 1:colcon.colcon_core.environment:create_environment_scripts_only(ros2_livox_simulation)
[2.079s] Level 1:colcon.colcon_core.environment:checking '/home/manoj/ros/robot_ws/install/ros2_livox_simulation' for CMake module files
[2.083s] Level 1:colcon.colcon_core.environment:checking '/home/manoj/ros/robot_ws/install/ros2_livox_simulation' for CMake config files
[2.085s] DEBUG:colcon.colcon_core.event_handler.log_command:Invoked command in '/home/manoj/ros/robot_ws/build/ros2_livox_simulation' returned '0': CMAKE_PREFIX_PATH=${CMAKE_PREFIX_PATH}:/home/manoj/ros/robot_ws/install/nav2_gps_waypoint_follower_demo:/home/manoj/ros/robot_ws/install/base_pkg:/opt/ros/humble /usr/bin/cmake --install /home/manoj/ros/robot_ws/build/ros2_livox_simulation
[2.086s] Level 1:colcon.colcon_core.shell:create_environment_hook('ros2_livox_simulation', 'cmake_prefix_path')
[2.086s] INFO:colcon.colcon_core.shell:Creating environment hook '/home/manoj/ros/robot_ws/install/ros2_livox_simulation/share/ros2_livox_simulation/hook/cmake_prefix_path.ps1'
[2.087s] INFO:colcon.colcon_core.shell:Creating environment descriptor '/home/manoj/ros/robot_ws/install/ros2_livox_simulation/share/ros2_livox_simulation/hook/cmake_prefix_path.dsv'
[2.088s] INFO:colcon.colcon_core.shell:Creating environment hook '/home/manoj/ros/robot_ws/install/ros2_livox_simulation/share/ros2_livox_simulation/hook/cmake_prefix_path.sh'
[2.092s] Level 1:colcon.colcon_core.environment:checking '/home/manoj/ros/robot_ws/install/ros2_livox_simulation/lib'
[2.093s] Level 1:colcon.colcon_core.shell:create_environment_hook('ros2_livox_simulation', 'ld_library_path_lib')
[2.093s] INFO:colcon.colcon_core.shell:Creating environment hook '/home/manoj/ros/robot_ws/install/ros2_livox_simulation/share/ros2_livox_simulation/hook/ld_library_path_lib.ps1'
[2.095s] INFO:colcon.colcon_core.shell:Creating environment descriptor '/home/manoj/ros/robot_ws/install/ros2_livox_simulation/share/ros2_livox_simulation/hook/ld_library_path_lib.dsv'
[2.096s] INFO:colcon.colcon_core.shell:Creating environment hook '/home/manoj/ros/robot_ws/install/ros2_livox_simulation/share/ros2_livox_simulation/hook/ld_library_path_lib.sh'
[2.098s] Level 1:colcon.colcon_core.environment:checking '/home/manoj/ros/robot_ws/install/ros2_livox_simulation/bin'
[2.098s] Level 1:colcon.colcon_core.environment:checking '/home/manoj/ros/robot_ws/install/ros2_livox_simulation/lib/pkgconfig/ros2_livox_simulation.pc'
[2.098s] Level 1:colcon.colcon_core.environment:checking '/home/manoj/ros/robot_ws/install/ros2_livox_simulation/lib/python3.10/site-packages'
[2.099s] Level 1:colcon.colcon_core.environment:checking '/home/manoj/ros/robot_ws/install/ros2_livox_simulation/bin'
[2.102s] INFO:colcon.colcon_core.shell:Creating package script '/home/manoj/ros/robot_ws/install/ros2_livox_simulation/share/ros2_livox_simulation/package.ps1'
[2.103s] INFO:colcon.colcon_core.shell:Creating package descriptor '/home/manoj/ros/robot_ws/install/ros2_livox_simulation/share/ros2_livox_simulation/package.dsv'
[2.105s] INFO:colcon.colcon_core.shell:Creating package script '/home/manoj/ros/robot_ws/install/ros2_livox_simulation/share/ros2_livox_simulation/package.sh'
[2.107s] INFO:colcon.colcon_core.shell:Creating package script '/home/manoj/ros/robot_ws/install/ros2_livox_simulation/share/ros2_livox_simulation/package.bash'
[2.108s] INFO:colcon.colcon_core.shell:Creating package script '/home/manoj/ros/robot_ws/install/ros2_livox_simulation/share/ros2_livox_simulation/package.zsh'
[2.109s] Level 1:colcon.colcon_core.environment:create_file_with_runtime_dependencies(/home/manoj/ros/robot_ws/install/ros2_livox_simulation/share/colcon-core/packages/ros2_livox_simulation)
[2.149s] DEBUG:colcon.colcon_core.event_handler.log_command:Invoked command in '/home/manoj/ros/robot_ws/build/robot_bringup' returned '0': CMAKE_PREFIX_PATH=/home/manoj/ros/robot_ws/install/transform_mid360:/home/manoj/ros/robot_ws/install/pointcloud_to_laserscan:/home/manoj/ros/robot_ws/install/myrobot_description:/home/manoj/ros/robot_ws/install/livox_to_pointcloud2:/home/manoj/ros/robot_ws/install/robot_bringup:/home/manoj/ros/robot_ws/install/sam_bot_description:/home/manoj/ros/robot_ws/install/ros2_livox_simulation:/home/manoj/ros/robot_ws/install/nav2_gradient_costmap_plugin:/home/manoj/ros/robot_ws/install/nav2_costmap_filters_demo:/home/manoj/ros/robot_ws/install/nav2_gps_waypoint_follower_demo:/home/manoj/ros/robot_ws/install/base_pkg:/opt/ros/humble LD_LIBRARY_PATH=/home/manoj/ros/robot_ws/install/pointcloud_to_laserscan/lib:/home/manoj/ros/robot_ws/install/ros2_livox_simulation/lib:/home/manoj/ros/robot_ws/install/nav2_gradient_costmap_plugin/lib:/usr/lib/x86_64-linux-gnu/gazebo-11/plugins:/opt/ros/humble/opt/rviz_ogre_vendor/lib:/opt/ros/humble/lib/x86_64-linux-gnu:/opt/ros/humble/lib:/home/manoj/ros/ws_livox/install/livox_ros_driver2/lib/:/home/manoj/ros/ws_livox/install/livox_ros_driver2/lib/ /usr/bin/cmake --build /home/manoj/ros/robot_ws/build/robot_bringup -- -j12 -l12
[2.177s] Level 1:colcon.colcon_core.environment:create_environment_scripts_only(ros2_livox_simulation)
[2.178s] Level 1:colcon.colcon_core.environment:checking '/home/manoj/ros/robot_ws/install/ros2_livox_simulation' for CMake module files
[2.178s] Level 1:colcon.colcon_core.environment:checking '/home/manoj/ros/robot_ws/install/ros2_livox_simulation' for CMake config files
[2.179s] Level 1:colcon.colcon_core.shell:create_environment_hook('ros2_livox_simulation', 'cmake_prefix_path')
[2.180s] INFO:colcon.colcon_core.shell:Creating environment hook '/home/manoj/ros/robot_ws/install/ros2_livox_simulation/share/ros2_livox_simulation/hook/cmake_prefix_path.ps1'
[2.180s] INFO:colcon.colcon_core.shell:Creating environment descriptor '/home/manoj/ros/robot_ws/install/ros2_livox_simulation/share/ros2_livox_simulation/hook/cmake_prefix_path.dsv'
[2.181s] INFO:colcon.colcon_core.shell:Creating environment hook '/home/manoj/ros/robot_ws/install/ros2_livox_simulation/share/ros2_livox_simulation/hook/cmake_prefix_path.sh'
[2.182s] Level 1:colcon.colcon_core.environment:checking '/home/manoj/ros/robot_ws/install/ros2_livox_simulation/lib'
[2.182s] Level 1:colcon.colcon_core.shell:create_environment_hook('ros2_livox_simulation', 'ld_library_path_lib')
[2.182s] INFO:colcon.colcon_core.shell:Creating environment hook '/home/manoj/ros/robot_ws/install/ros2_livox_simulation/share/ros2_livox_simulation/hook/ld_library_path_lib.ps1'
[2.183s] INFO:colcon.colcon_core.shell:Creating environment descriptor '/home/manoj/ros/robot_ws/install/ros2_livox_simulation/share/ros2_livox_simulation/hook/ld_library_path_lib.dsv'
[2.183s] INFO:colcon.colcon_core.shell:Creating environment hook '/home/manoj/ros/robot_ws/install/ros2_livox_simulation/share/ros2_livox_simulation/hook/ld_library_path_lib.sh'
[2.184s] Level 1:colcon.colcon_core.environment:checking '/home/manoj/ros/robot_ws/install/ros2_livox_simulation/bin'
[2.184s] Level 1:colcon.colcon_core.environment:checking '/home/manoj/ros/robot_ws/install/ros2_livox_simulation/lib/pkgconfig/ros2_livox_simulation.pc'
[2.184s] Level 1:colcon.colcon_core.environment:checking '/home/manoj/ros/robot_ws/install/ros2_livox_simulation/lib/python3.10/site-packages'
[2.185s] Level 1:colcon.colcon_core.environment:checking '/home/manoj/ros/robot_ws/install/ros2_livox_simulation/bin'
[2.186s] INFO:colcon.colcon_core.shell:Creating package script '/home/manoj/ros/robot_ws/install/ros2_livox_simulation/share/ros2_livox_simulation/package.ps1'
[2.188s] INFO:colcon.colcon_core.shell:Creating package descriptor '/home/manoj/ros/robot_ws/install/ros2_livox_simulation/share/ros2_livox_simulation/package.dsv'
[2.193s] INFO:colcon.colcon_core.shell:Creating package script '/home/manoj/ros/robot_ws/install/ros2_livox_simulation/share/ros2_livox_simulation/package.sh'
[2.195s] INFO:colcon.colcon_core.shell:Creating package script '/home/manoj/ros/robot_ws/install/ros2_livox_simulation/share/ros2_livox_simulation/package.bash'
[2.196s] INFO:colcon.colcon_core.shell:Creating package script '/home/manoj/ros/robot_ws/install/ros2_livox_simulation/share/ros2_livox_simulation/package.zsh'
[2.198s] Level 1:colcon.colcon_core.environment:create_file_with_runtime_dependencies(/home/manoj/ros/robot_ws/install/ros2_livox_simulation/share/colcon-core/packages/ros2_livox_simulation)
[2.204s] DEBUG:colcon.colcon_core.event_handler.log_command:Invoking command in '/home/manoj/ros/robot_ws/build/robot_bringup': CMAKE_PREFIX_PATH=/home/manoj/ros/robot_ws/install/transform_mid360:/home/manoj/ros/robot_ws/install/pointcloud_to_laserscan:/home/manoj/ros/robot_ws/install/myrobot_description:/home/manoj/ros/robot_ws/install/livox_to_pointcloud2:/home/manoj/ros/robot_ws/install/robot_bringup:/home/manoj/ros/robot_ws/install/sam_bot_description:/home/manoj/ros/robot_ws/install/ros2_livox_simulation:/home/manoj/ros/robot_ws/install/nav2_gradient_costmap_plugin:/home/manoj/ros/robot_ws/install/nav2_costmap_filters_demo:/home/manoj/ros/robot_ws/install/nav2_gps_waypoint_follower_demo:/home/manoj/ros/robot_ws/install/base_pkg:/opt/ros/humble LD_LIBRARY_PATH=/home/manoj/ros/robot_ws/install/pointcloud_to_laserscan/lib:/home/manoj/ros/robot_ws/install/ros2_livox_simulation/lib:/home/manoj/ros/robot_ws/install/nav2_gradient_costmap_plugin/lib:/usr/lib/x86_64-linux-gnu/gazebo-11/plugins:/opt/ros/humble/opt/rviz_ogre_vendor/lib:/opt/ros/humble/lib/x86_64-linux-gnu:/opt/ros/humble/lib:/home/manoj/ros/ws_livox/install/livox_ros_driver2/lib/:/home/manoj/ros/ws_livox/install/livox_ros_driver2/lib/ /usr/bin/cmake --install /home/manoj/ros/robot_ws/build/robot_bringup
[2.230s] Level 1:colcon.colcon_core.environment:create_environment_scripts_only(robot_bringup)
[2.231s] Level 1:colcon.colcon_core.environment:checking '/home/manoj/ros/robot_ws/install/robot_bringup' for CMake module files
[2.233s] Level 1:colcon.colcon_core.environment:checking '/home/manoj/ros/robot_ws/install/robot_bringup' for CMake config files
[2.235s] DEBUG:colcon.colcon_core.event_handler.log_command:Invoked command in '/home/manoj/ros/robot_ws/build/robot_bringup' returned '0': CMAKE_PREFIX_PATH=/home/manoj/ros/robot_ws/install/transform_mid360:/home/manoj/ros/robot_ws/install/pointcloud_to_laserscan:/home/manoj/ros/robot_ws/install/myrobot_description:/home/manoj/ros/robot_ws/install/livox_to_pointcloud2:/home/manoj/ros/robot_ws/install/robot_bringup:/home/manoj/ros/robot_ws/install/sam_bot_description:/home/manoj/ros/robot_ws/install/ros2_livox_simulation:/home/manoj/ros/robot_ws/install/nav2_gradient_costmap_plugin:/home/manoj/ros/robot_ws/install/nav2_costmap_filters_demo:/home/manoj/ros/robot_ws/install/nav2_gps_waypoint_follower_demo:/home/manoj/ros/robot_ws/install/base_pkg:/opt/ros/humble LD_LIBRARY_PATH=/home/manoj/ros/robot_ws/install/pointcloud_to_laserscan/lib:/home/manoj/ros/robot_ws/install/ros2_livox_simulation/lib:/home/manoj/ros/robot_ws/install/nav2_gradient_costmap_plugin/lib:/usr/lib/x86_64-linux-gnu/gazebo-11/plugins:/opt/ros/humble/opt/rviz_ogre_vendor/lib:/opt/ros/humble/lib/x86_64-linux-gnu:/opt/ros/humble/lib:/home/manoj/ros/ws_livox/install/livox_ros_driver2/lib/:/home/manoj/ros/ws_livox/install/livox_ros_driver2/lib/ /usr/bin/cmake --install /home/manoj/ros/robot_ws/build/robot_bringup
[2.235s] Level 1:colcon.colcon_core.shell:create_environment_hook('robot_bringup', 'cmake_prefix_path')
[2.236s] INFO:colcon.colcon_core.shell:Creating environment hook '/home/manoj/ros/robot_ws/install/robot_bringup/share/robot_bringup/hook/cmake_prefix_path.ps1'
[2.239s] INFO:colcon.colcon_core.shell:Creating environment descriptor '/home/manoj/ros/robot_ws/install/robot_bringup/share/robot_bringup/hook/cmake_prefix_path.dsv'
[2.240s] INFO:colcon.colcon_core.shell:Creating environment hook '/home/manoj/ros/robot_ws/install/robot_bringup/share/robot_bringup/hook/cmake_prefix_path.sh'
[2.241s] Level 1:colcon.colcon_core.environment:checking '/home/manoj/ros/robot_ws/install/robot_bringup/bin'
[2.242s] Level 1:colcon.colcon_core.environment:checking '/home/manoj/ros/robot_ws/install/robot_bringup/lib/pkgconfig/robot_bringup.pc'
[2.242s] Level 1:colcon.colcon_core.environment:checking '/home/manoj/ros/robot_ws/install/robot_bringup/lib/python3.10/site-packages'
[2.242s] Level 1:colcon.colcon_core.environment:checking '/home/manoj/ros/robot_ws/install/robot_bringup/bin'
[2.243s] INFO:colcon.colcon_core.shell:Creating package script '/home/manoj/ros/robot_ws/install/robot_bringup/share/robot_bringup/package.ps1'
[2.244s] INFO:colcon.colcon_core.shell:Creating package descriptor '/home/manoj/ros/robot_ws/install/robot_bringup/share/robot_bringup/package.dsv'
[2.245s] INFO:colcon.colcon_core.shell:Creating package script '/home/manoj/ros/robot_ws/install/robot_bringup/share/robot_bringup/package.sh'
[2.245s] INFO:colcon.colcon_core.shell:Creating package script '/home/manoj/ros/robot_ws/install/robot_bringup/share/robot_bringup/package.bash'
[2.246s] INFO:colcon.colcon_core.shell:Creating package script '/home/manoj/ros/robot_ws/install/robot_bringup/share/robot_bringup/package.zsh'
[2.247s] Level 1:colcon.colcon_core.environment:create_file_with_runtime_dependencies(/home/manoj/ros/robot_ws/install/robot_bringup/share/colcon-core/packages/robot_bringup)
[2.292s] Level 1:colcon.colcon_core.environment:create_environment_scripts_only(robot_bringup)
[2.293s] Level 1:colcon.colcon_core.environment:checking '/home/manoj/ros/robot_ws/install/robot_bringup' for CMake module files
[2.294s] Level 1:colcon.colcon_core.environment:checking '/home/manoj/ros/robot_ws/install/robot_bringup' for CMake config files
[2.295s] Level 1:colcon.colcon_core.shell:create_environment_hook('robot_bringup', 'cmake_prefix_path')
[2.296s] INFO:colcon.colcon_core.shell:Creating environment hook '/home/manoj/ros/robot_ws/install/robot_bringup/share/robot_bringup/hook/cmake_prefix_path.ps1'
[2.297s] INFO:colcon.colcon_core.shell:Creating environment descriptor '/home/manoj/ros/robot_ws/install/robot_bringup/share/robot_bringup/hook/cmake_prefix_path.dsv'
[2.298s] INFO:colcon.colcon_core.shell:Creating environment hook '/home/manoj/ros/robot_ws/install/robot_bringup/share/robot_bringup/hook/cmake_prefix_path.sh'
[2.300s] Level 1:colcon.colcon_core.environment:checking '/home/manoj/ros/robot_ws/install/robot_bringup/bin'
[2.301s] Level 1:colcon.colcon_core.environment:checking '/home/manoj/ros/robot_ws/install/robot_bringup/lib/pkgconfig/robot_bringup.pc'
[2.301s] Level 1:colcon.colcon_core.environment:checking '/home/manoj/ros/robot_ws/install/robot_bringup/lib/python3.10/site-packages'
[2.302s] Level 1:colcon.colcon_core.environment:checking '/home/manoj/ros/robot_ws/install/robot_bringup/bin'
[2.303s] INFO:colcon.colcon_core.shell:Creating package script '/home/manoj/ros/robot_ws/install/robot_bringup/share/robot_bringup/package.ps1'
[2.306s] INFO:colcon.colcon_core.shell:Creating package descriptor '/home/manoj/ros/robot_ws/install/robot_bringup/share/robot_bringup/package.dsv'
[2.308s] INFO:colcon.colcon_core.shell:Creating package script '/home/manoj/ros/robot_ws/install/robot_bringup/share/robot_bringup/package.sh'
[2.310s] INFO:colcon.colcon_core.shell:Creating package script '/home/manoj/ros/robot_ws/install/robot_bringup/share/robot_bringup/package.bash'
[2.311s] INFO:colcon.colcon_core.shell:Creating package script '/home/manoj/ros/robot_ws/install/robot_bringup/share/robot_bringup/package.zsh'
[2.312s] Level 1:colcon.colcon_core.environment:create_file_with_runtime_dependencies(/home/manoj/ros/robot_ws/install/robot_bringup/share/colcon-core/packages/robot_bringup)
[2.864s] DEBUG:colcon.colcon_core.event_handler.log_command:Invoking command in '/home/manoj/ros/robot_ws/src/base_pkg': PYTHONPATH=/home/manoj/ros/robot_ws/build/base_pkg/prefix_override:/usr/lib/python3/dist-packages/colcon_core/task/python/colcon_distutils_commands:/home/manoj/ros/robot_ws/install/base_pkg/lib/python3.10/site-packages:${PYTHONPATH} /usr/bin/python3 -W ignore:setup.py install is deprecated setup.py egg_info --egg-base ../../build/base_pkg build --build-base /home/manoj/ros/robot_ws/build/base_pkg/build install --record /home/manoj/ros/robot_ws/build/base_pkg/install.log --single-version-externally-managed install_data
[3.588s] Level 1:colcon.colcon_core.environment:checking '/home/manoj/ros/robot_ws/install/base_pkg' for CMake module files
[3.589s] DEBUG:colcon.colcon_core.event_handler.log_command:Invoked command in '/home/manoj/ros/robot_ws/src/base_pkg' returned '0': PYTHONPATH=/home/manoj/ros/robot_ws/build/base_pkg/prefix_override:/usr/lib/python3/dist-packages/colcon_core/task/python/colcon_distutils_commands:/home/manoj/ros/robot_ws/install/base_pkg/lib/python3.10/site-packages:${PYTHONPATH} /usr/bin/python3 -W ignore:setup.py install is deprecated setup.py egg_info --egg-base ../../build/base_pkg build --build-base /home/manoj/ros/robot_ws/build/base_pkg/build install --record /home/manoj/ros/robot_ws/build/base_pkg/install.log --single-version-externally-managed install_data
[3.589s] Level 1:colcon.colcon_core.environment:checking '/home/manoj/ros/robot_ws/install/base_pkg' for CMake config files
[3.590s] Level 1:colcon.colcon_core.environment:checking '/home/manoj/ros/robot_ws/install/base_pkg/lib'
[3.590s] Level 1:colcon.colcon_core.environment:checking '/home/manoj/ros/robot_ws/install/base_pkg/bin'
[3.590s] Level 1:colcon.colcon_core.environment:checking '/home/manoj/ros/robot_ws/install/base_pkg/lib/pkgconfig/base_pkg.pc'
[3.591s] Level 1:colcon.colcon_core.environment:checking '/home/manoj/ros/robot_ws/install/base_pkg/lib/python3.10/site-packages'
[3.591s] Level 1:colcon.colcon_core.shell:create_environment_hook('base_pkg', 'pythonpath')
[3.591s] INFO:colcon.colcon_core.shell:Creating environment hook '/home/manoj/ros/robot_ws/install/base_pkg/share/base_pkg/hook/pythonpath.ps1'
[3.591s] INFO:colcon.colcon_core.shell:Creating environment descriptor '/home/manoj/ros/robot_ws/install/base_pkg/share/base_pkg/hook/pythonpath.dsv'
[3.592s] INFO:colcon.colcon_core.shell:Creating environment hook '/home/manoj/ros/robot_ws/install/base_pkg/share/base_pkg/hook/pythonpath.sh'
[3.592s] Level 1:colcon.colcon_core.environment:checking '/home/manoj/ros/robot_ws/install/base_pkg/bin'
[3.593s] Level 1:colcon.colcon_core.environment:create_environment_scripts_only(base_pkg)
[3.593s] INFO:colcon.colcon_core.shell:Creating package script '/home/manoj/ros/robot_ws/install/base_pkg/share/base_pkg/package.ps1'
[3.594s] INFO:colcon.colcon_core.shell:Creating package descriptor '/home/manoj/ros/robot_ws/install/base_pkg/share/base_pkg/package.dsv'
[3.595s] INFO:colcon.colcon_core.shell:Creating package script '/home/manoj/ros/robot_ws/install/base_pkg/share/base_pkg/package.sh'
[3.596s] INFO:colcon.colcon_core.shell:Creating package script '/home/manoj/ros/robot_ws/install/base_pkg/share/base_pkg/package.bash'
[3.598s] INFO:colcon.colcon_core.shell:Creating package script '/home/manoj/ros/robot_ws/install/base_pkg/share/base_pkg/package.zsh'
[3.600s] Level 1:colcon.colcon_core.environment:create_file_with_runtime_dependencies(/home/manoj/ros/robot_ws/install/base_pkg/share/colcon-core/packages/base_pkg)
[3.600s] DEBUG:colcon.colcon_parallel_executor.executor.parallel:closing loop
[3.601s] DEBUG:colcon.colcon_parallel_executor.executor.parallel:loop closed
[3.601s] DEBUG:colcon.colcon_parallel_executor.executor.parallel:run_until_complete finished with '0'
[3.601s] DEBUG:colcon.colcon_core.event_reactor:joining thread
[3.611s] INFO:colcon.colcon_core.plugin_system:Skipping extension 'colcon_notification.desktop_notification.terminal_notifier': Not used on non-Darwin systems
[3.611s] INFO:colcon.colcon_core.plugin_system:Skipping extension 'colcon_notification.desktop_notification.win32': Not used on non-Windows systems
[3.611s] INFO:colcon.colcon_notification.desktop_notification:Sending desktop notification using 'notify2'
[3.634s] DEBUG:colcon.colcon_core.event_reactor:joined thread
[3.635s] INFO:colcon.colcon_core.shell:Creating prefix script '/home/manoj/ros/robot_ws/install/local_setup.ps1'
[3.636s] INFO:colcon.colcon_core.shell:Creating prefix util module '/home/manoj/ros/robot_ws/install/_local_setup_util_ps1.py'
[3.639s] INFO:colcon.colcon_core.shell:Creating prefix chain script '/home/manoj/ros/robot_ws/install/setup.ps1'
[3.641s] INFO:colcon.colcon_core.shell:Creating prefix script '/home/manoj/ros/robot_ws/install/local_setup.sh'
[3.642s] INFO:colcon.colcon_core.shell:Creating prefix util module '/home/manoj/ros/robot_ws/install/_local_setup_util_sh.py'
[3.643s] INFO:colcon.colcon_core.shell:Creating prefix chain script '/home/manoj/ros/robot_ws/install/setup.sh'
[3.648s] INFO:colcon.colcon_core.shell:Creating prefix script '/home/manoj/ros/robot_ws/install/local_setup.bash'
[3.649s] INFO:colcon.colcon_core.shell:Creating prefix chain script '/home/manoj/ros/robot_ws/install/setup.bash'
[3.651s] INFO:colcon.colcon_core.shell:Creating prefix script '/home/manoj/ros/robot_ws/install/local_setup.zsh'
[3.652s] INFO:colcon.colcon_core.shell:Creating prefix chain script '/home/manoj/ros/robot_ws/install/setup.zsh'
