[0.062s] Invoking command in '/home/manoj/ros/robot_ws/build/pointcloud_to_laserscan': CMAKE_PREFIX_PATH=/home/manoj/ros/robot_ws/install/nav2_gps_waypoint_follower_demo:/home/manoj/ros/robot_ws/install/base_pkg:/opt/ros/humble:${CMAKE_PREFIX_PATH} /usr/bin/cmake --build /home/manoj/ros/robot_ws/build/pointcloud_to_laserscan -- -j12 -l12
[0.611s] [ 20%] Built target pointcloud_to_laserscan_node
[0.611s] [ 40%] Built target dummy_pointcloud_publisher
[0.611s] [ 60%] Built target laserscan_to_pointcloud
[0.611s] [ 80%] Built target laserscan_to_pointcloud_node
[0.612s] [100%] Built target pointcloud_to_laserscan
[0.618s] Invoked command in '/home/manoj/ros/robot_ws/build/pointcloud_to_laserscan' returned '0': CMAKE_PREFIX_PATH=/home/manoj/ros/robot_ws/install/nav2_gps_waypoint_follower_demo:/home/manoj/ros/robot_ws/install/base_pkg:/opt/ros/humble:${CMAKE_PREFIX_PATH} /usr/bin/cmake --build /home/manoj/ros/robot_ws/build/pointcloud_to_laserscan -- -j12 -l12
[0.731s] Invoking command in '/home/manoj/ros/robot_ws/build/pointcloud_to_laserscan': CMAKE_PREFIX_PATH=/home/manoj/ros/robot_ws/install/nav2_gps_waypoint_follower_demo:/home/manoj/ros/robot_ws/install/base_pkg:/opt/ros/humble:${CMAKE_PREFIX_PATH} /usr/bin/cmake --install /home/manoj/ros/robot_ws/build/pointcloud_to_laserscan
[0.743s] -- Install configuration: ""
[0.743s] -- Up-to-date: /home/manoj/ros/robot_ws/install/pointcloud_to_laserscan/lib/pointcloud_to_laserscan/laserscan_to_pointcloud_node
[0.744s] -- Up-to-date: /home/manoj/ros/robot_ws/install/pointcloud_to_laserscan/lib/pointcloud_to_laserscan/pointcloud_to_laserscan_node
[0.744s] -- Up-to-date: /home/manoj/ros/robot_ws/install/pointcloud_to_laserscan/lib/liblaserscan_to_pointcloud.so
[0.744s] -- Up-to-date: /home/manoj/ros/robot_ws/install/pointcloud_to_laserscan/lib/libpointcloud_to_laserscan.so
[0.745s] -- Up-to-date: /home/manoj/ros/robot_ws/install/pointcloud_to_laserscan/lib/pointcloud_to_laserscan/dummy_pointcloud_publisher
[0.745s] -- Up-to-date: /home/manoj/ros/robot_ws/install/pointcloud_to_laserscan/include/pointcloud_to_laserscan/include
[0.745s] -- Up-to-date: /home/manoj/ros/robot_ws/install/pointcloud_to_laserscan/include/pointcloud_to_laserscan/include/pointcloud_to_laserscan
[0.745s] -- Up-to-date: /home/manoj/ros/robot_ws/install/pointcloud_to_laserscan/include/pointcloud_to_laserscan/include/pointcloud_to_laserscan/visibility_control.h
[0.746s] -- Up-to-date: /home/manoj/ros/robot_ws/install/pointcloud_to_laserscan/include/pointcloud_to_laserscan/include/pointcloud_to_laserscan/laserscan_to_pointcloud_node.hpp
[0.746s] -- Up-to-date: /home/manoj/ros/robot_ws/install/pointcloud_to_laserscan/include/pointcloud_to_laserscan/include/pointcloud_to_laserscan/pointcloud_to_laserscan_node.hpp
[0.748s] -- Up-to-date: /home/manoj/ros/robot_ws/install/pointcloud_to_laserscan/share/pointcloud_to_laserscan/launch
[0.748s] -- Up-to-date: /home/manoj/ros/robot_ws/install/pointcloud_to_laserscan/share/pointcloud_to_laserscan/launch/sample_pointcloud_to_laserscan_launch.py
[0.748s] -- Up-to-date: /home/manoj/ros/robot_ws/install/pointcloud_to_laserscan/share/pointcloud_to_laserscan/launch/sample_laserscan_to_pointcloud_launch.py
[0.748s] -- Up-to-date: /home/manoj/ros/robot_ws/install/pointcloud_to_laserscan/share/pointcloud_to_laserscan/launch/pointcloud_to_laserscan_node.launch.py
[0.748s] -- Up-to-date: /home/manoj/ros/robot_ws/install/pointcloud_to_laserscan/share/ament_index/resource_index/package_run_dependencies/pointcloud_to_laserscan
[0.749s] -- Up-to-date: /home/manoj/ros/robot_ws/install/pointcloud_to_laserscan/share/ament_index/resource_index/parent_prefix_path/pointcloud_to_laserscan
[0.749s] -- Up-to-date: /home/manoj/ros/robot_ws/install/pointcloud_to_laserscan/share/pointcloud_to_laserscan/environment/ament_prefix_path.sh
[0.749s] -- Up-to-date: /home/manoj/ros/robot_ws/install/pointcloud_to_laserscan/share/pointcloud_to_laserscan/environment/ament_prefix_path.dsv
[0.749s] -- Up-to-date: /home/manoj/ros/robot_ws/install/pointcloud_to_laserscan/share/pointcloud_to_laserscan/environment/path.sh
[0.749s] -- Up-to-date: /home/manoj/ros/robot_ws/install/pointcloud_to_laserscan/share/pointcloud_to_laserscan/environment/path.dsv
[0.749s] -- Up-to-date: /home/manoj/ros/robot_ws/install/pointcloud_to_laserscan/share/pointcloud_to_laserscan/local_setup.bash
[0.749s] -- Up-to-date: /home/manoj/ros/robot_ws/install/pointcloud_to_laserscan/share/pointcloud_to_laserscan/local_setup.sh
[0.750s] -- Up-to-date: /home/manoj/ros/robot_ws/install/pointcloud_to_laserscan/share/pointcloud_to_laserscan/local_setup.zsh
[0.750s] -- Up-to-date: /home/manoj/ros/robot_ws/install/pointcloud_to_laserscan/share/pointcloud_to_laserscan/local_setup.dsv
[0.751s] -- Installing: /home/manoj/ros/robot_ws/install/pointcloud_to_laserscan/share/pointcloud_to_laserscan/package.dsv
[0.751s] -- Up-to-date: /home/manoj/ros/robot_ws/install/pointcloud_to_laserscan/share/ament_index/resource_index/packages/pointcloud_to_laserscan
[0.751s] -- Up-to-date: /home/manoj/ros/robot_ws/install/pointcloud_to_laserscan/share/ament_index/resource_index/rclcpp_components/pointcloud_to_laserscan
[0.751s] -- Up-to-date: /home/manoj/ros/robot_ws/install/pointcloud_to_laserscan/share/pointcloud_to_laserscan/cmake/ament_cmake_export_dependencies-extras.cmake
[0.753s] -- Up-to-date: /home/manoj/ros/robot_ws/install/pointcloud_to_laserscan/share/pointcloud_to_laserscan/cmake/pointcloud_to_laserscanConfig.cmake
[0.753s] -- Up-to-date: /home/manoj/ros/robot_ws/install/pointcloud_to_laserscan/share/pointcloud_to_laserscan/cmake/pointcloud_to_laserscanConfig-version.cmake
[0.753s] -- Up-to-date: /home/manoj/ros/robot_ws/install/pointcloud_to_laserscan/share/pointcloud_to_laserscan/package.xml
[0.781s] Invoked command in '/home/manoj/ros/robot_ws/build/pointcloud_to_laserscan' returned '0': CMAKE_PREFIX_PATH=/home/manoj/ros/robot_ws/install/nav2_gps_waypoint_follower_demo:/home/manoj/ros/robot_ws/install/base_pkg:/opt/ros/humble:${CMAKE_PREFIX_PATH} /usr/bin/cmake --install /home/manoj/ros/robot_ws/build/pointcloud_to_laserscan
