[0.828s] Invoking command in '/home/manoj/ros/robot_ws/build/ros2_livox_simulation': CMAKE_PREFIX_PATH=${CMAKE_PREFIX_PATH}:/home/manoj/ros/robot_ws/install/nav2_gps_waypoint_follower_demo:/home/manoj/ros/robot_ws/install/base_pkg:/opt/ros/humble /usr/bin/cmake --build /home/manoj/ros/robot_ws/build/ros2_livox_simulation -- -j12 -l12
[1.027s] [100%] Built target ros2_livox
[1.127s] Invoked command in '/home/manoj/ros/robot_ws/build/ros2_livox_simulation' returned '0': CMAKE_PREFIX_PATH=${CMAKE_PREFIX_PATH}:/home/manoj/ros/robot_ws/install/nav2_gps_waypoint_follower_demo:/home/manoj/ros/robot_ws/install/base_pkg:/opt/ros/humble /usr/bin/cmake --build /home/manoj/ros/robot_ws/build/ros2_livox_simulation -- -j12 -l12
[1.201s] Invoking command in '/home/manoj/ros/robot_ws/build/ros2_livox_simulation': CMAKE_PREFIX_PATH=${CMAKE_PREFIX_PATH}:/home/manoj/ros/robot_ws/install/nav2_gps_waypoint_follower_demo:/home/manoj/ros/robot_ws/install/base_pkg:/opt/ros/humble /usr/bin/cmake --install /home/manoj/ros/robot_ws/build/ros2_livox_simulation
[1.218s] -- Install configuration: ""
[1.218s] -- Up-to-date: /home/manoj/ros/robot_ws/install/ros2_livox_simulation/include
[1.219s] -- Up-to-date: /home/manoj/ros/robot_ws/install/ros2_livox_simulation/include/ros2_livox
[1.219s] -- Up-to-date: /home/manoj/ros/robot_ws/install/ros2_livox_simulation/include/ros2_livox/livox_ode_multiray_shape.h
[1.219s] -- Up-to-date: /home/manoj/ros/robot_ws/install/ros2_livox_simulation/include/ros2_livox/livox_points_plugin.h
[1.219s] -- Up-to-date: /home/manoj/ros/robot_ws/install/ros2_livox_simulation/include/ros2_livox/csv_reader.hpp
[1.220s] -- Up-to-date: /home/manoj/ros/robot_ws/install/ros2_livox_simulation/lib/libros2_livox.so
[1.220s] -- Up-to-date: /home/manoj/ros/robot_ws/install/ros2_livox_simulation/share/ros2_livox_simulation/environment/library_path.sh
[1.220s] -- Up-to-date: /home/manoj/ros/robot_ws/install/ros2_livox_simulation/share/ros2_livox_simulation/environment/library_path.dsv
[1.220s] -- Up-to-date: /home/manoj/ros/robot_ws/install/ros2_livox_simulation/share/ros2_livox_simulation/scan_mode/mid40.csv
[1.221s] -- Up-to-date: /home/manoj/ros/robot_ws/install/ros2_livox_simulation/share/ros2_livox_simulation/scan_mode/mid70.csv
[1.221s] -- Up-to-date: /home/manoj/ros/robot_ws/install/ros2_livox_simulation/share/ros2_livox_simulation/scan_mode/mid360.csv
[1.221s] -- Up-to-date: /home/manoj/ros/robot_ws/install/ros2_livox_simulation/share/ros2_livox_simulation/scan_mode/tele.csv
[1.221s] -- Up-to-date: /home/manoj/ros/robot_ws/install/ros2_livox_simulation/share/ros2_livox_simulation/scan_mode/horizon.csv
[1.222s] -- Up-to-date: /home/manoj/ros/robot_ws/install/ros2_livox_simulation/share/ros2_livox_simulation/scan_mode/HAP.csv
[1.222s] -- Up-to-date: /home/manoj/ros/robot_ws/install/ros2_livox_simulation/share/ros2_livox_simulation/scan_mode/avia.csv
[1.222s] -- Up-to-date: /home/manoj/ros/robot_ws/install/ros2_livox_simulation/share/ros2_livox_simulation/urdf/mid40.xacro
[1.222s] -- Up-to-date: /home/manoj/ros/robot_ws/install/ros2_livox_simulation/share/ros2_livox_simulation/urdf/mid70.xacro
[1.222s] -- Up-to-date: /home/manoj/ros/robot_ws/install/ros2_livox_simulation/share/ros2_livox_simulation/urdf/mid360.xacro
[1.222s] -- Up-to-date: /home/manoj/ros/robot_ws/install/ros2_livox_simulation/share/ros2_livox_simulation/urdf/tele.xacro
[1.223s] -- Up-to-date: /home/manoj/ros/robot_ws/install/ros2_livox_simulation/share/ros2_livox_simulation/urdf/horizon.xacro
[1.223s] -- Up-to-date: /home/manoj/ros/robot_ws/install/ros2_livox_simulation/share/ros2_livox_simulation/urdf/HAP.xacro
[1.223s] -- Up-to-date: /home/manoj/ros/robot_ws/install/ros2_livox_simulation/share/ros2_livox_simulation/urdf/avia.xacro
[1.223s] -- Up-to-date: /home/manoj/ros/robot_ws/install/ros2_livox_simulation/share/ament_index/resource_index/package_run_dependencies/ros2_livox_simulation
[1.223s] -- Up-to-date: /home/manoj/ros/robot_ws/install/ros2_livox_simulation/share/ament_index/resource_index/parent_prefix_path/ros2_livox_simulation
[1.223s] -- Up-to-date: /home/manoj/ros/robot_ws/install/ros2_livox_simulation/share/ros2_livox_simulation/environment/ament_prefix_path.sh
[1.224s] -- Up-to-date: /home/manoj/ros/robot_ws/install/ros2_livox_simulation/share/ros2_livox_simulation/environment/ament_prefix_path.dsv
[1.224s] -- Up-to-date: /home/manoj/ros/robot_ws/install/ros2_livox_simulation/share/ros2_livox_simulation/environment/path.sh
[1.225s] -- Up-to-date: /home/manoj/ros/robot_ws/install/ros2_livox_simulation/share/ros2_livox_simulation/environment/path.dsv
[1.226s] -- Up-to-date: /home/manoj/ros/robot_ws/install/ros2_livox_simulation/share/ros2_livox_simulation/local_setup.bash
[1.228s] -- Up-to-date: /home/manoj/ros/robot_ws/install/ros2_livox_simulation/share/ros2_livox_simulation/local_setup.sh
[1.229s] -- Up-to-date: /home/manoj/ros/robot_ws/install/ros2_livox_simulation/share/ros2_livox_simulation/local_setup.zsh
[1.230s] -- Up-to-date: /home/manoj/ros/robot_ws/install/ros2_livox_simulation/share/ros2_livox_simulation/local_setup.dsv
[1.230s] -- Installing: /home/manoj/ros/robot_ws/install/ros2_livox_simulation/share/ros2_livox_simulation/package.dsv
[1.231s] -- Up-to-date: /home/manoj/ros/robot_ws/install/ros2_livox_simulation/share/ament_index/resource_index/packages/ros2_livox_simulation
[1.231s] -- Up-to-date: /home/manoj/ros/robot_ws/install/ros2_livox_simulation/share/ros2_livox_simulation/cmake/ament_cmake_export_libraries-extras.cmake
[1.231s] -- Up-to-date: /home/manoj/ros/robot_ws/install/ros2_livox_simulation/share/ros2_livox_simulation/cmake/ros2_livox_simulationConfig.cmake
[1.231s] -- Up-to-date: /home/manoj/ros/robot_ws/install/ros2_livox_simulation/share/ros2_livox_simulation/cmake/ros2_livox_simulationConfig-version.cmake
[1.232s] -- Up-to-date: /home/manoj/ros/robot_ws/install/ros2_livox_simulation/share/ros2_livox_simulation/package.xml
[1.232s] Invoked command in '/home/manoj/ros/robot_ws/build/ros2_livox_simulation' returned '0': CMAKE_PREFIX_PATH=${CMAKE_PREFIX_PATH}:/home/manoj/ros/robot_ws/install/nav2_gps_waypoint_follower_demo:/home/manoj/ros/robot_ws/install/base_pkg:/opt/ros/humble /usr/bin/cmake --install /home/manoj/ros/robot_ws/build/ros2_livox_simulation
