[ 50%] Built target livox_to_pointcloud2_node
[100%] Built target pointcloud2_to_livox_node
-- Install configuration: ""
-- Up-to-date: /home/manoj/ros/robot_ws/install/livox_to_pointcloud2/include
-- Up-to-date: /home/manoj/ros/robot_ws/install/livox_to_pointcloud2/include/pointcloud2_to_livox.hpp
-- Up-to-date: /home/manoj/ros/robot_ws/install/livox_to_pointcloud2/include/livox_to_pointcloud2.hpp
-- Up-to-date: /home/manoj/ros/robot_ws/install/livox_to_pointcloud2/lib/livox_to_pointcloud2/livox_to_pointcloud2_node
-- Up-to-date: /home/manoj/ros/robot_ws/install/livox_to_pointcloud2/lib/livox_to_pointcloud2/pointcloud2_to_livox_node
-- Up-to-date: /home/manoj/ros/robot_ws/install/livox_to_pointcloud2/share/livox_to_pointcloud2/launch
-- Up-to-date: /home/manoj/ros/robot_ws/install/livox_to_pointcloud2/share/livox_to_pointcloud2/launch/livox_to_pointcloud2.launch.yml
-- Up-to-date: /home/manoj/ros/robot_ws/install/livox_to_pointcloud2/share/livox_to_pointcloud2/launch/pointcloud2_to_livox.launch.py
-- Up-to-date: /home/manoj/ros/robot_ws/install/livox_to_pointcloud2/share/livox_to_pointcloud2/launch/livox_to_pointcloud2.launch.py
-- Up-to-date: /home/manoj/ros/robot_ws/install/livox_to_pointcloud2/share/ament_index/resource_index/package_run_dependencies/livox_to_pointcloud2
-- Up-to-date: /home/manoj/ros/robot_ws/install/livox_to_pointcloud2/share/ament_index/resource_index/parent_prefix_path/livox_to_pointcloud2
-- Up-to-date: /home/manoj/ros/robot_ws/install/livox_to_pointcloud2/share/livox_to_pointcloud2/environment/ament_prefix_path.sh
-- Up-to-date: /home/manoj/ros/robot_ws/install/livox_to_pointcloud2/share/livox_to_pointcloud2/environment/ament_prefix_path.dsv
-- Up-to-date: /home/manoj/ros/robot_ws/install/livox_to_pointcloud2/share/livox_to_pointcloud2/environment/path.sh
-- Up-to-date: /home/manoj/ros/robot_ws/install/livox_to_pointcloud2/share/livox_to_pointcloud2/environment/path.dsv
-- Up-to-date: /home/manoj/ros/robot_ws/install/livox_to_pointcloud2/share/livox_to_pointcloud2/local_setup.bash
-- Up-to-date: /home/manoj/ros/robot_ws/install/livox_to_pointcloud2/share/livox_to_pointcloud2/local_setup.sh
-- Up-to-date: /home/manoj/ros/robot_ws/install/livox_to_pointcloud2/share/livox_to_pointcloud2/local_setup.zsh
-- Up-to-date: /home/manoj/ros/robot_ws/install/livox_to_pointcloud2/share/livox_to_pointcloud2/local_setup.dsv
-- Installing: /home/manoj/ros/robot_ws/install/livox_to_pointcloud2/share/livox_to_pointcloud2/package.dsv
-- Up-to-date: /home/manoj/ros/robot_ws/install/livox_to_pointcloud2/share/ament_index/resource_index/packages/livox_to_pointcloud2
-- Up-to-date: /home/manoj/ros/robot_ws/install/livox_to_pointcloud2/share/livox_to_pointcloud2/cmake/ament_cmake_export_dependencies-extras.cmake
-- Up-to-date: /home/manoj/ros/robot_ws/install/livox_to_pointcloud2/share/livox_to_pointcloud2/cmake/ament_cmake_export_include_directories-extras.cmake
-- Up-to-date: /home/manoj/ros/robot_ws/install/livox_to_pointcloud2/share/livox_to_pointcloud2/cmake/livox_to_pointcloud2Config.cmake
-- Up-to-date: /home/manoj/ros/robot_ws/install/livox_to_pointcloud2/share/livox_to_pointcloud2/cmake/livox_to_pointcloud2Config-version.cmake
-- Up-to-date: /home/manoj/ros/robot_ws/install/livox_to_pointcloud2/share/livox_to_pointcloud2/package.xml
