[0.050s] Invoking command in '/home/manoj/ros/robot_ws/build/livox_to_pointcloud2': CMAKE_PREFIX_PATH=/opt/ros/humble /usr/bin/cmake --build /home/manoj/ros/robot_ws/build/livox_to_pointcloud2 -- -j12 -l12
[0.698s] [ 50%] Built target livox_to_pointcloud2_node
[0.698s] [100%] Built target pointcloud2_to_livox_node
[0.715s] Invoked command in '/home/manoj/ros/robot_ws/build/livox_to_pointcloud2' returned '0': CMAKE_PREFIX_PATH=/opt/ros/humble /usr/bin/cmake --build /home/manoj/ros/robot_ws/build/livox_to_pointcloud2 -- -j12 -l12
[0.783s] Invoking command in '/home/manoj/ros/robot_ws/build/livox_to_pointcloud2': CMAKE_PREFIX_PATH=/opt/ros/humble /usr/bin/cmake --install /home/manoj/ros/robot_ws/build/livox_to_pointcloud2
[0.811s] -- Install configuration: ""
[0.811s] -- Up-to-date: /home/manoj/ros/robot_ws/install/livox_to_pointcloud2/include
[0.811s] -- Up-to-date: /home/manoj/ros/robot_ws/install/livox_to_pointcloud2/include/pointcloud2_to_livox.hpp
[0.811s] -- Up-to-date: /home/manoj/ros/robot_ws/install/livox_to_pointcloud2/include/livox_to_pointcloud2.hpp
[0.812s] -- Up-to-date: /home/manoj/ros/robot_ws/install/livox_to_pointcloud2/lib/livox_to_pointcloud2/livox_to_pointcloud2_node
[0.812s] -- Up-to-date: /home/manoj/ros/robot_ws/install/livox_to_pointcloud2/lib/livox_to_pointcloud2/pointcloud2_to_livox_node
[0.812s] -- Up-to-date: /home/manoj/ros/robot_ws/install/livox_to_pointcloud2/share/livox_to_pointcloud2/launch
[0.812s] -- Up-to-date: /home/manoj/ros/robot_ws/install/livox_to_pointcloud2/share/livox_to_pointcloud2/launch/livox_to_pointcloud2.launch.yml
[0.812s] -- Up-to-date: /home/manoj/ros/robot_ws/install/livox_to_pointcloud2/share/livox_to_pointcloud2/launch/pointcloud2_to_livox.launch.py
[0.812s] -- Up-to-date: /home/manoj/ros/robot_ws/install/livox_to_pointcloud2/share/livox_to_pointcloud2/launch/livox_to_pointcloud2.launch.py
[0.813s] -- Up-to-date: /home/manoj/ros/robot_ws/install/livox_to_pointcloud2/share/ament_index/resource_index/package_run_dependencies/livox_to_pointcloud2
[0.813s] -- Up-to-date: /home/manoj/ros/robot_ws/install/livox_to_pointcloud2/share/ament_index/resource_index/parent_prefix_path/livox_to_pointcloud2
[0.813s] -- Up-to-date: /home/manoj/ros/robot_ws/install/livox_to_pointcloud2/share/livox_to_pointcloud2/environment/ament_prefix_path.sh
[0.813s] -- Up-to-date: /home/manoj/ros/robot_ws/install/livox_to_pointcloud2/share/livox_to_pointcloud2/environment/ament_prefix_path.dsv
[0.814s] -- Up-to-date: /home/manoj/ros/robot_ws/install/livox_to_pointcloud2/share/livox_to_pointcloud2/environment/path.sh
[0.815s] -- Up-to-date: /home/manoj/ros/robot_ws/install/livox_to_pointcloud2/share/livox_to_pointcloud2/environment/path.dsv
[0.815s] -- Up-to-date: /home/manoj/ros/robot_ws/install/livox_to_pointcloud2/share/livox_to_pointcloud2/local_setup.bash
[0.815s] -- Up-to-date: /home/manoj/ros/robot_ws/install/livox_to_pointcloud2/share/livox_to_pointcloud2/local_setup.sh
[0.815s] -- Up-to-date: /home/manoj/ros/robot_ws/install/livox_to_pointcloud2/share/livox_to_pointcloud2/local_setup.zsh
[0.816s] -- Up-to-date: /home/manoj/ros/robot_ws/install/livox_to_pointcloud2/share/livox_to_pointcloud2/local_setup.dsv
[0.816s] -- Installing: /home/manoj/ros/robot_ws/install/livox_to_pointcloud2/share/livox_to_pointcloud2/package.dsv
[0.816s] -- Up-to-date: /home/manoj/ros/robot_ws/install/livox_to_pointcloud2/share/ament_index/resource_index/packages/livox_to_pointcloud2
[0.816s] -- Up-to-date: /home/manoj/ros/robot_ws/install/livox_to_pointcloud2/share/livox_to_pointcloud2/cmake/ament_cmake_export_dependencies-extras.cmake
[0.816s] -- Up-to-date: /home/manoj/ros/robot_ws/install/livox_to_pointcloud2/share/livox_to_pointcloud2/cmake/ament_cmake_export_include_directories-extras.cmake
[0.817s] -- Up-to-date: /home/manoj/ros/robot_ws/install/livox_to_pointcloud2/share/livox_to_pointcloud2/cmake/livox_to_pointcloud2Config.cmake
[0.817s] -- Up-to-date: /home/manoj/ros/robot_ws/install/livox_to_pointcloud2/share/livox_to_pointcloud2/cmake/livox_to_pointcloud2Config-version.cmake
[0.817s] -- Up-to-date: /home/manoj/ros/robot_ws/install/livox_to_pointcloud2/share/livox_to_pointcloud2/package.xml
[0.854s] Invoked command in '/home/manoj/ros/robot_ws/build/livox_to_pointcloud2' returned '0': CMAKE_PREFIX_PATH=/opt/ros/humble /usr/bin/cmake --install /home/manoj/ros/robot_ws/build/livox_to_pointcloud2
