[0.033s] Invoking command in '/home/manoj/ros/robot_ws/build/sam_bot_description': CMAKE_PREFIX_PATH=/opt/ros/humble /usr/bin/cmake /home/manoj/ros/robot_ws/src/navigation2_tutorials/sam_bot_description -DCMAKE_INSTALL_PREFIX=/home/manoj/ros/robot_ws/install/sam_bot_description
[0.145s] -- The C compiler identification is GNU 11.4.0
[0.246s] -- The CXX compiler identification is GNU 11.4.0
[0.256s] -- Detecting C compiler ABI info
[0.374s] -- Detecting C compiler ABI info - done
[0.392s] -- Check for working C compiler: /usr/bin/cc - skipped
[0.392s] -- Detecting C compile features
[0.393s] -- Detecting C compile features - done
[0.400s] -- Detecting CXX compiler ABI info
[0.535s] -- Detecting CXX compiler ABI info - done
[0.554s] -- Check for working CXX compiler: /usr/bin/c++ - skipped
[0.554s] -- Detecting CXX compile features
[0.556s] -- Detecting CXX compile features - done
[0.559s] -- Found ament_cmake: 1.3.10 (/opt/ros/humble/share/ament_cmake/cmake)
[0.825s] -- Found Python3: /usr/bin/python3 (found version "3.10.12") found components: Interpreter 
[0.961s] -- Found xacro: 2.0.8 (/opt/ros/humble/share/xacro/cmake)
[0.964s] -- Found ament_lint_auto: 0.12.11 (/opt/ros/humble/share/ament_lint_auto/cmake)
[1.098s] -- Added test 'copyright' to check source files copyright and LICENSE
[1.102s] -- Added test 'flake8' to check Python code syntax and style conventions
[1.103s] -- Added test 'lint_cmake' to check CMake code style
[1.104s] -- Added test 'pep257' to check Python code against some of the docstring style conventions in PEP 257
[1.106s] -- Added test 'xmllint' to check XML markup files
[1.108s] -- Configuring done
[1.112s] -- Generating done
[1.114s] -- Build files have been written to: /home/manoj/ros/robot_ws/build/sam_bot_description
[1.122s] Invoked command in '/home/manoj/ros/robot_ws/build/sam_bot_description' returned '0': CMAKE_PREFIX_PATH=/opt/ros/humble /usr/bin/cmake /home/manoj/ros/robot_ws/src/navigation2_tutorials/sam_bot_description -DCMAKE_INSTALL_PREFIX=/home/manoj/ros/robot_ws/install/sam_bot_description
[1.124s] Invoking command in '/home/manoj/ros/robot_ws/build/sam_bot_description': CMAKE_PREFIX_PATH=/opt/ros/humble /usr/bin/cmake --build /home/manoj/ros/robot_ws/build/sam_bot_description -- -j12 -l12
[1.181s] Invoked command in '/home/manoj/ros/robot_ws/build/sam_bot_description' returned '0': CMAKE_PREFIX_PATH=/opt/ros/humble /usr/bin/cmake --build /home/manoj/ros/robot_ws/build/sam_bot_description -- -j12 -l12
[1.209s] Invoking command in '/home/manoj/ros/robot_ws/build/sam_bot_description': CMAKE_PREFIX_PATH=/opt/ros/humble /usr/bin/cmake --install /home/manoj/ros/robot_ws/build/sam_bot_description
[1.221s] -- Install configuration: ""
[1.221s] -- Installing: /home/manoj/ros/robot_ws/install/sam_bot_description/share/sam_bot_description/src
[1.221s] -- Installing: /home/manoj/ros/robot_ws/install/sam_bot_description/share/sam_bot_description/src/description
[1.222s] -- Installing: /home/manoj/ros/robot_ws/install/sam_bot_description/share/sam_bot_description/src/description/sam_bot_description.sdf
[1.222s] -- Installing: /home/manoj/ros/robot_ws/install/sam_bot_description/share/sam_bot_description/src/description/sam_bot_description.urdf
[1.222s] -- Installing: /home/manoj/ros/robot_ws/install/sam_bot_description/share/sam_bot_description/launch
[1.222s] -- Installing: /home/manoj/ros/robot_ws/install/sam_bot_description/share/sam_bot_description/launch/display.launch.py
[1.222s] -- Installing: /home/manoj/ros/robot_ws/install/sam_bot_description/share/sam_bot_description/rviz
[1.223s] -- Installing: /home/manoj/ros/robot_ws/install/sam_bot_description/share/sam_bot_description/rviz/config.rviz
[1.223s] -- Installing: /home/manoj/ros/robot_ws/install/sam_bot_description/share/sam_bot_description/config
[1.223s] -- Installing: /home/manoj/ros/robot_ws/install/sam_bot_description/share/sam_bot_description/config/bridge_config.yaml
[1.223s] -- Installing: /home/manoj/ros/robot_ws/install/sam_bot_description/share/sam_bot_description/config/ekf.yaml
[1.223s] -- Installing: /home/manoj/ros/robot_ws/install/sam_bot_description/share/sam_bot_description/config/nav2_params.yaml
[1.223s] -- Installing: /home/manoj/ros/robot_ws/install/sam_bot_description/share/sam_bot_description/world
[1.224s] -- Installing: /home/manoj/ros/robot_ws/install/sam_bot_description/share/sam_bot_description/world/my_world.sdf
[1.224s] -- Installing: /home/manoj/ros/robot_ws/install/sam_bot_description/share/ament_index/resource_index/package_run_dependencies/sam_bot_description
[1.224s] -- Installing: /home/manoj/ros/robot_ws/install/sam_bot_description/share/ament_index/resource_index/parent_prefix_path/sam_bot_description
[1.224s] -- Installing: /home/manoj/ros/robot_ws/install/sam_bot_description/share/sam_bot_description/environment/ament_prefix_path.sh
[1.224s] -- Installing: /home/manoj/ros/robot_ws/install/sam_bot_description/share/sam_bot_description/environment/ament_prefix_path.dsv
[1.224s] -- Installing: /home/manoj/ros/robot_ws/install/sam_bot_description/share/sam_bot_description/environment/path.sh
[1.225s] -- Installing: /home/manoj/ros/robot_ws/install/sam_bot_description/share/sam_bot_description/environment/path.dsv
[1.225s] -- Installing: /home/manoj/ros/robot_ws/install/sam_bot_description/share/sam_bot_description/local_setup.bash
[1.225s] -- Installing: /home/manoj/ros/robot_ws/install/sam_bot_description/share/sam_bot_description/local_setup.sh
[1.225s] -- Installing: /home/manoj/ros/robot_ws/install/sam_bot_description/share/sam_bot_description/local_setup.zsh
[1.225s] -- Installing: /home/manoj/ros/robot_ws/install/sam_bot_description/share/sam_bot_description/local_setup.dsv
[1.226s] -- Installing: /home/manoj/ros/robot_ws/install/sam_bot_description/share/sam_bot_description/package.dsv
[1.226s] -- Installing: /home/manoj/ros/robot_ws/install/sam_bot_description/share/ament_index/resource_index/packages/sam_bot_description
[1.226s] -- Installing: /home/manoj/ros/robot_ws/install/sam_bot_description/share/sam_bot_description/cmake/sam_bot_descriptionConfig.cmake
[1.226s] -- Installing: /home/manoj/ros/robot_ws/install/sam_bot_description/share/sam_bot_description/cmake/sam_bot_descriptionConfig-version.cmake
[1.226s] -- Installing: /home/manoj/ros/robot_ws/install/sam_bot_description/share/sam_bot_description/package.xml
[1.230s] Invoked command in '/home/manoj/ros/robot_ws/build/sam_bot_description' returned '0': CMAKE_PREFIX_PATH=/opt/ros/humble /usr/bin/cmake --install /home/manoj/ros/robot_ws/build/sam_bot_description
