-- The C compiler identification is GNU 11.4.0
-- The CXX compiler identification is GNU 11.4.0
-- Detecting C compiler ABI info
-- Detecting C compiler ABI info - done
-- Check for working C compiler: /usr/bin/cc - skipped
-- Detecting C compile features
-- Detecting C compile features - done
-- Detecting CXX compiler ABI info
-- Detecting CXX compiler ABI info - done
-- Check for working CXX compiler: /usr/bin/c++ - skipped
-- Detecting CXX compile features
-- Detecting CXX compile features - done
-- Found ament_cmake: 1.3.10 (/opt/ros/humble/share/ament_cmake/cmake)
-- Found Python3: /usr/bin/python3 (found version "3.10.12") found components: Interpreter 
-- Found laser_geometry: 2.4.0 (/opt/ros/humble/share/laser_geometry/cmake)
-- Found rosidl_generator_c: 3.1.5 (/opt/ros/humble/share/rosidl_generator_c/cmake)
-- Found rosidl_adapter: 3.1.5 (/opt/ros/humble/share/rosidl_adapter/cmake)
-- Found rosidl_generator_cpp: 3.1.5 (/opt/ros/humble/share/rosidl_generator_cpp/cmake)
-- Using all available rosidl_typesupport_c: rosidl_typesupport_fastrtps_c;rosidl_typesupport_introspection_c
-- Using all available rosidl_typesupport_cpp: rosidl_typesupport_fastrtps_cpp;rosidl_typesupport_introspection_cpp
-- Found rmw_implementation_cmake: 6.1.2 (/opt/ros/humble/share/rmw_implementation_cmake/cmake)
-- Found rmw_fastrtps_cpp: 6.2.7 (/opt/ros/humble/share/rmw_fastrtps_cpp/cmake)
-- Found OpenSSL: /usr/lib/x86_64-linux-gnu/libcrypto.so (found version "3.0.2")  
-- Found FastRTPS: /opt/ros/humble/include  
-- Using RMW implementation 'rmw_fastrtps_cpp' as default
-- Looking for pthread.h
-- Looking for pthread.h - found
-- Performing Test CMAKE_HAVE_LIBC_PTHREAD
-- Performing Test CMAKE_HAVE_LIBC_PTHREAD - Success
-- Found Threads: TRUE  
-- Found message_filters: 4.3.5 (/opt/ros/humble/share/message_filters/cmake)
-- Found rclcpp_components: 16.0.10 (/opt/ros/humble/share/rclcpp_components/cmake)
-- Found tf2_ros: 0.25.9 (/opt/ros/humble/share/tf2_ros/cmake)
-- Found tf2_sensor_msgs: 0.25.9 (/opt/ros/humble/share/tf2_sensor_msgs/cmake)
-- Found Eigen3: TRUE (found version "3.4.0") 
-- Found ament_lint_auto: 0.12.11 (/opt/ros/humble/share/ament_lint_auto/cmake)
-- Added test 'cppcheck' to perform static code analysis on C / C++ code
-- Configured cppcheck include dirs: $<BUILD_INTERFACE:/home/manoj/ros/robot_ws/src/pointcloud_to_laserscan/include>
-- Configured cppcheck exclude dirs and/or files: 
-- Added test 'cpplint' to check C / C++ code against the Google style
-- Configured cpplint exclude dirs and/or files: 
-- Added test 'flake8' to check Python code syntax and style conventions
-- Added test 'lint_cmake' to check CMake code style
-- Added test 'pep257' to check Python code against some of the docstring style conventions in PEP 257
-- Added test 'uncrustify' to check C / C++ code style
-- Configured uncrustify additional arguments: 
-- Added test 'xmllint' to check XML markup files
-- Configuring done
-- Generating done
-- Build files have been written to: /home/manoj/ros/robot_ws/build/pointcloud_to_laserscan
[ 50%] [32mBuilding CXX object CMakeFiles/dummy_pointcloud_publisher.dir/src/dummy_pointcloud_publisher.cpp.o[0m
[ 50%] [32mBuilding CXX object CMakeFiles/laserscan_to_pointcloud.dir/src/laserscan_to_pointcloud_node.cpp.o[0m
[ 50%] [32mBuilding CXX object CMakeFiles/pointcloud_to_laserscan.dir/src/pointcloud_to_laserscan_node.cpp.o[0m
[ 50%] [32mBuilding CXX object CMakeFiles/laserscan_to_pointcloud_node.dir/rclcpp_components/node_main_laserscan_to_pointcloud_node.cpp.o[0m
[ 50%] [32mBuilding CXX object CMakeFiles/pointcloud_to_laserscan_node.dir/rclcpp_components/node_main_pointcloud_to_laserscan_node.cpp.o[0m
[ 60%] [32m[1mLinking CXX executable laserscan_to_pointcloud_node[0m
[ 70%] [32m[1mLinking CXX executable pointcloud_to_laserscan_node[0m
[ 70%] Built target laserscan_to_pointcloud_node
[ 70%] Built target pointcloud_to_laserscan_node
[ 80%] [32m[1mLinking CXX executable dummy_pointcloud_publisher[0m
[ 80%] Built target dummy_pointcloud_publisher
[ 90%] [32m[1mLinking CXX shared library libpointcloud_to_laserscan.so[0m
[100%] [32m[1mLinking CXX shared library liblaserscan_to_pointcloud.so[0m
[100%] Built target laserscan_to_pointcloud
[100%] Built target pointcloud_to_laserscan
-- Install configuration: ""
-- Installing: /home/manoj/ros/robot_ws/install/pointcloud_to_laserscan/lib/pointcloud_to_laserscan/laserscan_to_pointcloud_node
-- Set runtime path of "/home/manoj/ros/robot_ws/install/pointcloud_to_laserscan/lib/pointcloud_to_laserscan/laserscan_to_pointcloud_node" to ""
-- Installing: /home/manoj/ros/robot_ws/install/pointcloud_to_laserscan/lib/pointcloud_to_laserscan/pointcloud_to_laserscan_node
-- Set runtime path of "/home/manoj/ros/robot_ws/install/pointcloud_to_laserscan/lib/pointcloud_to_laserscan/pointcloud_to_laserscan_node" to ""
-- Installing: /home/manoj/ros/robot_ws/install/pointcloud_to_laserscan/lib/liblaserscan_to_pointcloud.so
-- Set runtime path of "/home/manoj/ros/robot_ws/install/pointcloud_to_laserscan/lib/liblaserscan_to_pointcloud.so" to ""
-- Installing: /home/manoj/ros/robot_ws/install/pointcloud_to_laserscan/lib/libpointcloud_to_laserscan.so
-- Set runtime path of "/home/manoj/ros/robot_ws/install/pointcloud_to_laserscan/lib/libpointcloud_to_laserscan.so" to ""
-- Installing: /home/manoj/ros/robot_ws/install/pointcloud_to_laserscan/lib/pointcloud_to_laserscan/dummy_pointcloud_publisher
-- Set runtime path of "/home/manoj/ros/robot_ws/install/pointcloud_to_laserscan/lib/pointcloud_to_laserscan/dummy_pointcloud_publisher" to ""
-- Installing: /home/manoj/ros/robot_ws/install/pointcloud_to_laserscan/include/pointcloud_to_laserscan/include
-- Installing: /home/manoj/ros/robot_ws/install/pointcloud_to_laserscan/include/pointcloud_to_laserscan/include/pointcloud_to_laserscan
-- Installing: /home/manoj/ros/robot_ws/install/pointcloud_to_laserscan/include/pointcloud_to_laserscan/include/pointcloud_to_laserscan/visibility_control.h
-- Installing: /home/manoj/ros/robot_ws/install/pointcloud_to_laserscan/include/pointcloud_to_laserscan/include/pointcloud_to_laserscan/laserscan_to_pointcloud_node.hpp
-- Installing: /home/manoj/ros/robot_ws/install/pointcloud_to_laserscan/include/pointcloud_to_laserscan/include/pointcloud_to_laserscan/pointcloud_to_laserscan_node.hpp
-- Installing: /home/manoj/ros/robot_ws/install/pointcloud_to_laserscan/share/pointcloud_to_laserscan/launch
-- Installing: /home/manoj/ros/robot_ws/install/pointcloud_to_laserscan/share/pointcloud_to_laserscan/launch/sample_pointcloud_to_laserscan_launch.py
-- Installing: /home/manoj/ros/robot_ws/install/pointcloud_to_laserscan/share/pointcloud_to_laserscan/launch/sample_laserscan_to_pointcloud_launch.py
-- Installing: /home/manoj/ros/robot_ws/install/pointcloud_to_laserscan/share/pointcloud_to_laserscan/launch/pointcloud_to_laserscan_node.launch.py
-- Installing: /home/manoj/ros/robot_ws/install/pointcloud_to_laserscan/share/ament_index/resource_index/package_run_dependencies/pointcloud_to_laserscan
-- Installing: /home/manoj/ros/robot_ws/install/pointcloud_to_laserscan/share/ament_index/resource_index/parent_prefix_path/pointcloud_to_laserscan
-- Installing: /home/manoj/ros/robot_ws/install/pointcloud_to_laserscan/share/pointcloud_to_laserscan/environment/ament_prefix_path.sh
-- Installing: /home/manoj/ros/robot_ws/install/pointcloud_to_laserscan/share/pointcloud_to_laserscan/environment/ament_prefix_path.dsv
-- Installing: /home/manoj/ros/robot_ws/install/pointcloud_to_laserscan/share/pointcloud_to_laserscan/environment/path.sh
-- Installing: /home/manoj/ros/robot_ws/install/pointcloud_to_laserscan/share/pointcloud_to_laserscan/environment/path.dsv
-- Installing: /home/manoj/ros/robot_ws/install/pointcloud_to_laserscan/share/pointcloud_to_laserscan/local_setup.bash
-- Installing: /home/manoj/ros/robot_ws/install/pointcloud_to_laserscan/share/pointcloud_to_laserscan/local_setup.sh
-- Installing: /home/manoj/ros/robot_ws/install/pointcloud_to_laserscan/share/pointcloud_to_laserscan/local_setup.zsh
-- Installing: /home/manoj/ros/robot_ws/install/pointcloud_to_laserscan/share/pointcloud_to_laserscan/local_setup.dsv
-- Installing: /home/manoj/ros/robot_ws/install/pointcloud_to_laserscan/share/pointcloud_to_laserscan/package.dsv
-- Installing: /home/manoj/ros/robot_ws/install/pointcloud_to_laserscan/share/ament_index/resource_index/packages/pointcloud_to_laserscan
-- Installing: /home/manoj/ros/robot_ws/install/pointcloud_to_laserscan/share/ament_index/resource_index/rclcpp_components/pointcloud_to_laserscan
-- Installing: /home/manoj/ros/robot_ws/install/pointcloud_to_laserscan/share/pointcloud_to_laserscan/cmake/ament_cmake_export_dependencies-extras.cmake
-- Installing: /home/manoj/ros/robot_ws/install/pointcloud_to_laserscan/share/pointcloud_to_laserscan/cmake/pointcloud_to_laserscanConfig.cmake
-- Installing: /home/manoj/ros/robot_ws/install/pointcloud_to_laserscan/share/pointcloud_to_laserscan/cmake/pointcloud_to_laserscanConfig-version.cmake
-- Installing: /home/manoj/ros/robot_ws/install/pointcloud_to_laserscan/share/pointcloud_to_laserscan/package.xml
