[0.019s] Invoking command in '/home/manoj/ros/robot_ws/build/robot_bringup': AMENT_PREFIX_PATH=/home/manoj/ros/robot_ws/install/transform_mid360:/home/manoj/ros/robot_ws/install/pointcloud_to_laserscan:/home/manoj/ros/robot_ws/install/myrobot_description:/home/manoj/ros/robot_ws/install/livox_to_pointcloud2:${AMENT_PREFIX_PATH} CMAKE_PREFIX_PATH=/home/manoj/ros/robot_ws/install/transform_mid360:/home/manoj/ros/robot_ws/install/pointcloud_to_laserscan:/home/manoj/ros/robot_ws/install/myrobot_description:/home/manoj/ros/robot_ws/install/livox_to_pointcloud2:/opt/ros/humble LD_LIBRARY_PATH=/home/manoj/ros/robot_ws/install/pointcloud_to_laserscan/lib:${LD_LIBRARY_PATH} /usr/bin/cmake --build /home/manoj/ros/robot_ws/build/robot_bringup -- -j12 -l12
[0.092s] Invoked command in '/home/manoj/ros/robot_ws/build/robot_bringup' returned '0': AMENT_PREFIX_PATH=/home/manoj/ros/robot_ws/install/transform_mid360:/home/manoj/ros/robot_ws/install/pointcloud_to_laserscan:/home/manoj/ros/robot_ws/install/myrobot_description:/home/manoj/ros/robot_ws/install/livox_to_pointcloud2:${AMENT_PREFIX_PATH} CMAKE_PREFIX_PATH=/home/manoj/ros/robot_ws/install/transform_mid360:/home/manoj/ros/robot_ws/install/pointcloud_to_laserscan:/home/manoj/ros/robot_ws/install/myrobot_description:/home/manoj/ros/robot_ws/install/livox_to_pointcloud2:/opt/ros/humble LD_LIBRARY_PATH=/home/manoj/ros/robot_ws/install/pointcloud_to_laserscan/lib:${LD_LIBRARY_PATH} /usr/bin/cmake --build /home/manoj/ros/robot_ws/build/robot_bringup -- -j12 -l12
[0.149s] Invoking command in '/home/manoj/ros/robot_ws/build/robot_bringup': AMENT_PREFIX_PATH=/home/manoj/ros/robot_ws/install/transform_mid360:/home/manoj/ros/robot_ws/install/pointcloud_to_laserscan:/home/manoj/ros/robot_ws/install/myrobot_description:/home/manoj/ros/robot_ws/install/livox_to_pointcloud2:${AMENT_PREFIX_PATH} CMAKE_PREFIX_PATH=/home/manoj/ros/robot_ws/install/transform_mid360:/home/manoj/ros/robot_ws/install/pointcloud_to_laserscan:/home/manoj/ros/robot_ws/install/myrobot_description:/home/manoj/ros/robot_ws/install/livox_to_pointcloud2:/opt/ros/humble LD_LIBRARY_PATH=/home/manoj/ros/robot_ws/install/pointcloud_to_laserscan/lib:${LD_LIBRARY_PATH} /usr/bin/cmake --install /home/manoj/ros/robot_ws/build/robot_bringup
[0.161s] -- Install configuration: ""
[0.161s] -- Up-to-date: /home/manoj/ros/robot_ws/install/robot_bringup/share/robot_bringup/launch
[0.162s] -- Up-to-date: /home/manoj/ros/robot_ws/install/robot_bringup/share/robot_bringup/launch/navigation.launch.py
[0.162s] -- Up-to-date: /home/manoj/ros/robot_ws/install/robot_bringup/share/robot_bringup/launch/sim_navigation.launch.py
[0.162s] -- Up-to-date: /home/manoj/ros/robot_ws/install/robot_bringup/share/robot_bringup/launch/sim_mapping.launch.py
[0.162s] -- Up-to-date: /home/manoj/ros/robot_ws/install/robot_bringup/share/robot_bringup/launch/bringup.launch.py
[0.162s] -- Up-to-date: /home/manoj/ros/robot_ws/install/robot_bringup/share/robot_bringup/worlds
[0.163s] -- Up-to-date: /home/manoj/ros/robot_ws/install/robot_bringup/share/robot_bringup/worlds/sim_test_world.world
[0.163s] -- Up-to-date: /home/manoj/ros/robot_ws/install/robot_bringup/share/robot_bringup/params
[0.163s] -- Up-to-date: /home/manoj/ros/robot_ws/install/robot_bringup/share/robot_bringup/params/nav2_params.yaml
[0.164s] -- Up-to-date: /home/manoj/ros/robot_ws/install/robot_bringup/share/robot_bringup/params/sim_nav2_params.yaml
[0.164s] -- Up-to-date: /home/manoj/ros/robot_ws/install/robot_bringup/share/robot_bringup/rviz
[0.164s] -- Up-to-date: /home/manoj/ros/robot_ws/install/robot_bringup/share/robot_bringup/rviz/robot_disp.rviz
[0.164s] -- Up-to-date: /home/manoj/ros/robot_ws/install/robot_bringup/share/robot_bringup/rviz/mapping.rviz
[0.164s] -- Up-to-date: /home/manoj/ros/robot_ws/install/robot_bringup/share/ament_index/resource_index/package_run_dependencies/robot_bringup
[0.164s] -- Up-to-date: /home/manoj/ros/robot_ws/install/robot_bringup/share/ament_index/resource_index/parent_prefix_path/robot_bringup
[0.165s] -- Up-to-date: /home/manoj/ros/robot_ws/install/robot_bringup/share/robot_bringup/environment/ament_prefix_path.sh
[0.165s] -- Up-to-date: /home/manoj/ros/robot_ws/install/robot_bringup/share/robot_bringup/environment/ament_prefix_path.dsv
[0.165s] -- Up-to-date: /home/manoj/ros/robot_ws/install/robot_bringup/share/robot_bringup/environment/path.sh
[0.165s] -- Up-to-date: /home/manoj/ros/robot_ws/install/robot_bringup/share/robot_bringup/environment/path.dsv
[0.165s] -- Up-to-date: /home/manoj/ros/robot_ws/install/robot_bringup/share/robot_bringup/local_setup.bash
[0.165s] -- Up-to-date: /home/manoj/ros/robot_ws/install/robot_bringup/share/robot_bringup/local_setup.sh
[0.166s] -- Up-to-date: /home/manoj/ros/robot_ws/install/robot_bringup/share/robot_bringup/local_setup.zsh
[0.167s] -- Up-to-date: /home/manoj/ros/robot_ws/install/robot_bringup/share/robot_bringup/local_setup.dsv
[0.167s] -- Installing: /home/manoj/ros/robot_ws/install/robot_bringup/share/robot_bringup/package.dsv
[0.167s] -- Up-to-date: /home/manoj/ros/robot_ws/install/robot_bringup/share/ament_index/resource_index/packages/robot_bringup
[0.167s] -- Up-to-date: /home/manoj/ros/robot_ws/install/robot_bringup/share/robot_bringup/cmake/robot_bringupConfig.cmake
[0.167s] -- Up-to-date: /home/manoj/ros/robot_ws/install/robot_bringup/share/robot_bringup/cmake/robot_bringupConfig-version.cmake
[0.167s] -- Up-to-date: /home/manoj/ros/robot_ws/install/robot_bringup/share/robot_bringup/package.xml
[0.169s] Invoked command in '/home/manoj/ros/robot_ws/build/robot_bringup' returned '0': AMENT_PREFIX_PATH=/home/manoj/ros/robot_ws/install/transform_mid360:/home/manoj/ros/robot_ws/install/pointcloud_to_laserscan:/home/manoj/ros/robot_ws/install/myrobot_description:/home/manoj/ros/robot_ws/install/livox_to_pointcloud2:${AMENT_PREFIX_PATH} CMAKE_PREFIX_PATH=/home/manoj/ros/robot_ws/install/transform_mid360:/home/manoj/ros/robot_ws/install/pointcloud_to_laserscan:/home/manoj/ros/robot_ws/install/myrobot_description:/home/manoj/ros/robot_ws/install/livox_to_pointcloud2:/opt/ros/humble LD_LIBRARY_PATH=/home/manoj/ros/robot_ws/install/pointcloud_to_laserscan/lib:${LD_LIBRARY_PATH} /usr/bin/cmake --install /home/manoj/ros/robot_ws/build/robot_bringup
