[0.076s] Invoking command in '/home/manoj/ros/robot_ws/build/transform_mid360': CMAKE_PREFIX_PATH=${CMAKE_PREFIX_PATH}:/home/manoj/ros/robot_ws/install/nav2_gps_waypoint_follower_demo:/home/manoj/ros/robot_ws/install/base_pkg:/opt/ros/humble /usr/bin/cmake --build /home/manoj/ros/robot_ws/build/transform_mid360 -- -j12 -l12
[0.887s] Invoked command in '/home/manoj/ros/robot_ws/build/transform_mid360' returned '0': CMAKE_PREFIX_PATH=${CMAKE_PREFIX_PATH}:/home/manoj/ros/robot_ws/install/nav2_gps_waypoint_follower_demo:/home/manoj/ros/robot_ws/install/base_pkg:/opt/ros/humble /usr/bin/cmake --build /home/manoj/ros/robot_ws/build/transform_mid360 -- -j12 -l12
[0.959s] Invoking command in '/home/manoj/ros/robot_ws/build/transform_mid360': CMAKE_PREFIX_PATH=${CMAKE_PREFIX_PATH}:/home/manoj/ros/robot_ws/install/nav2_gps_waypoint_follower_demo:/home/manoj/ros/robot_ws/install/base_pkg:/opt/ros/humble /usr/bin/cmake --install /home/manoj/ros/robot_ws/build/transform_mid360
[1.000s] -- Install configuration: ""
[1.001s] -- Up-to-date: /home/manoj/ros/robot_ws/install/transform_mid360/share/transform_mid360/launch
[1.001s] -- Up-to-date: /home/manoj/ros/robot_ws/install/transform_mid360/share/transform_mid360/launch/tf_setup_mid360_launch.py
[1.001s] -- Up-to-date: /home/manoj/ros/robot_ws/install/transform_mid360/share/ament_index/resource_index/package_run_dependencies/transform_mid360
[1.001s] -- Up-to-date: /home/manoj/ros/robot_ws/install/transform_mid360/share/ament_index/resource_index/parent_prefix_path/transform_mid360
[1.001s] -- Up-to-date: /home/manoj/ros/robot_ws/install/transform_mid360/share/transform_mid360/environment/ament_prefix_path.sh
[1.002s] -- Up-to-date: /home/manoj/ros/robot_ws/install/transform_mid360/share/transform_mid360/environment/ament_prefix_path.dsv
[1.002s] -- Up-to-date: /home/manoj/ros/robot_ws/install/transform_mid360/share/transform_mid360/environment/path.sh
[1.002s] -- Up-to-date: /home/manoj/ros/robot_ws/install/transform_mid360/share/transform_mid360/environment/path.dsv
[1.002s] -- Up-to-date: /home/manoj/ros/robot_ws/install/transform_mid360/share/transform_mid360/local_setup.bash
[1.003s] -- Up-to-date: /home/manoj/ros/robot_ws/install/transform_mid360/share/transform_mid360/local_setup.sh
[1.003s] -- Up-to-date: /home/manoj/ros/robot_ws/install/transform_mid360/share/transform_mid360/local_setup.zsh
[1.003s] -- Up-to-date: /home/manoj/ros/robot_ws/install/transform_mid360/share/transform_mid360/local_setup.dsv
[1.003s] -- Installing: /home/manoj/ros/robot_ws/install/transform_mid360/share/transform_mid360/package.dsv
[1.003s] -- Up-to-date: /home/manoj/ros/robot_ws/install/transform_mid360/share/ament_index/resource_index/packages/transform_mid360
[1.003s] -- Up-to-date: /home/manoj/ros/robot_ws/install/transform_mid360/share/transform_mid360/cmake/transform_mid360Config.cmake
[1.004s] -- Up-to-date: /home/manoj/ros/robot_ws/install/transform_mid360/share/transform_mid360/cmake/transform_mid360Config-version.cmake
[1.004s] -- Up-to-date: /home/manoj/ros/robot_ws/install/transform_mid360/share/transform_mid360/package.xml
[1.047s] Invoked command in '/home/manoj/ros/robot_ws/build/transform_mid360' returned '0': CMAKE_PREFIX_PATH=${CMAKE_PREFIX_PATH}:/home/manoj/ros/robot_ws/install/nav2_gps_waypoint_follower_demo:/home/manoj/ros/robot_ws/install/base_pkg:/opt/ros/humble /usr/bin/cmake --install /home/manoj/ros/robot_ws/build/transform_mid360
