-- Install configuration: ""
-- Up-to-date: /home/manoj/ros/robot_ws/install/robot_bringup/share/robot_bringup/launch
-- Up-to-date: /home/manoj/ros/robot_ws/install/robot_bringup/share/robot_bringup/launch/navigation.launch.py
-- Up-to-date: /home/manoj/ros/robot_ws/install/robot_bringup/share/robot_bringup/launch/sim_navigation.launch.py
-- Up-to-date: /home/manoj/ros/robot_ws/install/robot_bringup/share/robot_bringup/launch/sim_mapping.launch.py
-- Up-to-date: /home/manoj/ros/robot_ws/install/robot_bringup/share/robot_bringup/launch/bringup.launch.py
-- Up-to-date: /home/manoj/ros/robot_ws/install/robot_bringup/share/robot_bringup/worlds
-- Up-to-date: /home/manoj/ros/robot_ws/install/robot_bringup/share/robot_bringup/worlds/sim_test_world.world
-- Up-to-date: /home/manoj/ros/robot_ws/install/robot_bringup/share/robot_bringup/params
-- Up-to-date: /home/manoj/ros/robot_ws/install/robot_bringup/share/robot_bringup/params/nav2_params.yaml
-- Installing: /home/manoj/ros/robot_ws/install/robot_bringup/share/robot_bringup/params/sim_nav2_params.yaml
-- Up-to-date: /home/manoj/ros/robot_ws/install/robot_bringup/share/robot_bringup/rviz
-- Up-to-date: /home/manoj/ros/robot_ws/install/robot_bringup/share/robot_bringup/rviz/robot_disp.rviz
-- Up-to-date: /home/manoj/ros/robot_ws/install/robot_bringup/share/robot_bringup/rviz/mapping.rviz
-- Up-to-date: /home/manoj/ros/robot_ws/install/robot_bringup/share/ament_index/resource_index/package_run_dependencies/robot_bringup
-- Up-to-date: /home/manoj/ros/robot_ws/install/robot_bringup/share/ament_index/resource_index/parent_prefix_path/robot_bringup
-- Up-to-date: /home/manoj/ros/robot_ws/install/robot_bringup/share/robot_bringup/environment/ament_prefix_path.sh
-- Up-to-date: /home/manoj/ros/robot_ws/install/robot_bringup/share/robot_bringup/environment/ament_prefix_path.dsv
-- Up-to-date: /home/manoj/ros/robot_ws/install/robot_bringup/share/robot_bringup/environment/path.sh
-- Up-to-date: /home/manoj/ros/robot_ws/install/robot_bringup/share/robot_bringup/environment/path.dsv
-- Up-to-date: /home/manoj/ros/robot_ws/install/robot_bringup/share/robot_bringup/local_setup.bash
-- Up-to-date: /home/manoj/ros/robot_ws/install/robot_bringup/share/robot_bringup/local_setup.sh
-- Up-to-date: /home/manoj/ros/robot_ws/install/robot_bringup/share/robot_bringup/local_setup.zsh
-- Up-to-date: /home/manoj/ros/robot_ws/install/robot_bringup/share/robot_bringup/local_setup.dsv
-- Installing: /home/manoj/ros/robot_ws/install/robot_bringup/share/robot_bringup/package.dsv
-- Up-to-date: /home/manoj/ros/robot_ws/install/robot_bringup/share/ament_index/resource_index/packages/robot_bringup
-- Up-to-date: /home/manoj/ros/robot_ws/install/robot_bringup/share/robot_bringup/cmake/robot_bringupConfig.cmake
-- Up-to-date: /home/manoj/ros/robot_ws/install/robot_bringup/share/robot_bringup/cmake/robot_bringupConfig-version.cmake
-- Up-to-date: /home/manoj/ros/robot_ws/install/robot_bringup/share/robot_bringup/package.xml
