-- The C compiler identification is GNU 11.4.0
-- The CXX compiler identification is GNU 11.4.0
-- Detecting C compiler ABI info
-- Detecting C compiler ABI info - done
-- Check for working C compiler: /usr/bin/cc - skipped
-- Detecting C compile features
-- Detecting C compile features - done
-- Detecting CXX compiler ABI info
-- Detecting CXX compiler ABI info - done
-- Check for working CXX compiler: /usr/bin/c++ - skipped
-- Detecting CXX compile features
-- Detecting CXX compile features - done
-- Found ament_cmake: 1.3.10 (/opt/ros/humble/share/ament_cmake/cmake)
-- Found Python3: /usr/bin/python3 (found version "3.10.12") found components: Interpreter 
-- Found rclpy: 3.3.14 (/opt/ros/humble/share/rclpy/cmake)
-- Configuring done
-- Generating done
-- Build files have been written to: /home/manoj/ros/robot_ws/build/robot_bringup
-- Install configuration: ""
-- Installing: /home/manoj/ros/robot_ws/install/robot_bringup/share/robot_bringup/launch
-- Installing: /home/manoj/ros/robot_ws/install/robot_bringup/share/robot_bringup/launch/navigation.launch.py
-- Installing: /home/manoj/ros/robot_ws/install/robot_bringup/share/robot_bringup/launch/sim_navigation.launch.py
-- Installing: /home/manoj/ros/robot_ws/install/robot_bringup/share/robot_bringup/launch/sim_mapping.launch.py
-- Installing: /home/manoj/ros/robot_ws/install/robot_bringup/share/robot_bringup/launch/bringup.launch.py
[31mCMake Error at cmake_install.cmake:46 (file):
  file INSTALL cannot find
  "/home/manoj/ros/robot_ws/src/robot_bringup/DIRECTORY": No such file or
  directory.

[0m
