[0.010s] Invoking command in '/home/manoj/ros/robot_ws/build/robot_bringup': AMENT_PREFIX_PATH=/home/manoj/ros/robot_ws/install/pointcloud_to_laserscan:/home/manoj/ros/robot_ws/install/livox_to_pointcloud2:${AMENT_PREFIX_PATH} CMAKE_PREFIX_PATH=/home/manoj/ros/robot_ws/install/transform_mid360:/home/manoj/ros/robot_ws/install/pointcloud_to_laserscan:/home/manoj/ros/robot_ws/install/myrobot_description:/home/manoj/ros/robot_ws/install/livox_to_pointcloud2:/home/manoj/ros/robot_ws/install/base_pkg:/opt/ros/humble:/home/manoj/ros/ws_livox/install/fast_lio:/home/manoj/ros/ws_livox/install/livox_ros_driver2 LD_LIBRARY_PATH=/home/manoj/ros/robot_ws/install/pointcloud_to_laserscan/lib:${LD_LIBRARY_PATH} /usr/bin/cmake /home/manoj/ros/robot_ws/src/robot_bringup -DCMAKE_INSTALL_PREFIX=/home/manoj/ros/robot_ws/install/robot_bringup
[0.048s] -- The C compiler identification is GNU 11.4.0
[0.102s] -- The CXX compiler identification is GNU 11.4.0
[0.112s] -- Detecting C compiler ABI info
[0.176s] -- Detecting C compiler ABI info - done
[0.182s] -- Check for working C compiler: /usr/bin/cc - skipped
[0.182s] -- Detecting C compile features
[0.183s] -- Detecting C compile features - done
[0.185s] -- Detecting CXX compiler ABI info
[0.245s] -- Detecting CXX compiler ABI info - done
[0.254s] -- Check for working CXX compiler: /usr/bin/c++ - skipped
[0.255s] -- Detecting CXX compile features
[0.255s] -- Detecting CXX compile features - done
[0.258s] -- Found ament_cmake: 1.3.10 (/opt/ros/humble/share/ament_cmake/cmake)
[0.448s] -- Found Python3: /usr/bin/python3 (found version "3.10.12") found components: Interpreter 
[0.565s] -- Found rclpy: 3.3.14 (/opt/ros/humble/share/rclpy/cmake)
[0.630s] -- Configuring done
[0.633s] -- Generating done
[0.634s] -- Build files have been written to: /home/manoj/ros/robot_ws/build/robot_bringup
[0.638s] Invoked command in '/home/manoj/ros/robot_ws/build/robot_bringup' returned '0': AMENT_PREFIX_PATH=/home/manoj/ros/robot_ws/install/pointcloud_to_laserscan:/home/manoj/ros/robot_ws/install/livox_to_pointcloud2:${AMENT_PREFIX_PATH} CMAKE_PREFIX_PATH=/home/manoj/ros/robot_ws/install/transform_mid360:/home/manoj/ros/robot_ws/install/pointcloud_to_laserscan:/home/manoj/ros/robot_ws/install/myrobot_description:/home/manoj/ros/robot_ws/install/livox_to_pointcloud2:/home/manoj/ros/robot_ws/install/base_pkg:/opt/ros/humble:/home/manoj/ros/ws_livox/install/fast_lio:/home/manoj/ros/ws_livox/install/livox_ros_driver2 LD_LIBRARY_PATH=/home/manoj/ros/robot_ws/install/pointcloud_to_laserscan/lib:${LD_LIBRARY_PATH} /usr/bin/cmake /home/manoj/ros/robot_ws/src/robot_bringup -DCMAKE_INSTALL_PREFIX=/home/manoj/ros/robot_ws/install/robot_bringup
[0.641s] Invoking command in '/home/manoj/ros/robot_ws/build/robot_bringup': AMENT_PREFIX_PATH=/home/manoj/ros/robot_ws/install/pointcloud_to_laserscan:/home/manoj/ros/robot_ws/install/livox_to_pointcloud2:${AMENT_PREFIX_PATH} CMAKE_PREFIX_PATH=/home/manoj/ros/robot_ws/install/transform_mid360:/home/manoj/ros/robot_ws/install/pointcloud_to_laserscan:/home/manoj/ros/robot_ws/install/myrobot_description:/home/manoj/ros/robot_ws/install/livox_to_pointcloud2:/home/manoj/ros/robot_ws/install/base_pkg:/opt/ros/humble:/home/manoj/ros/ws_livox/install/fast_lio:/home/manoj/ros/ws_livox/install/livox_ros_driver2 LD_LIBRARY_PATH=/home/manoj/ros/robot_ws/install/pointcloud_to_laserscan/lib:${LD_LIBRARY_PATH} /usr/bin/cmake --build /home/manoj/ros/robot_ws/build/robot_bringup -- -j12 -l12
[0.682s] Invoked command in '/home/manoj/ros/robot_ws/build/robot_bringup' returned '0': AMENT_PREFIX_PATH=/home/manoj/ros/robot_ws/install/pointcloud_to_laserscan:/home/manoj/ros/robot_ws/install/livox_to_pointcloud2:${AMENT_PREFIX_PATH} CMAKE_PREFIX_PATH=/home/manoj/ros/robot_ws/install/transform_mid360:/home/manoj/ros/robot_ws/install/pointcloud_to_laserscan:/home/manoj/ros/robot_ws/install/myrobot_description:/home/manoj/ros/robot_ws/install/livox_to_pointcloud2:/home/manoj/ros/robot_ws/install/base_pkg:/opt/ros/humble:/home/manoj/ros/ws_livox/install/fast_lio:/home/manoj/ros/ws_livox/install/livox_ros_driver2 LD_LIBRARY_PATH=/home/manoj/ros/robot_ws/install/pointcloud_to_laserscan/lib:${LD_LIBRARY_PATH} /usr/bin/cmake --build /home/manoj/ros/robot_ws/build/robot_bringup -- -j12 -l12
[0.717s] Invoking command in '/home/manoj/ros/robot_ws/build/robot_bringup': AMENT_PREFIX_PATH=/home/manoj/ros/robot_ws/install/pointcloud_to_laserscan:/home/manoj/ros/robot_ws/install/livox_to_pointcloud2:${AMENT_PREFIX_PATH} CMAKE_PREFIX_PATH=/home/manoj/ros/robot_ws/install/transform_mid360:/home/manoj/ros/robot_ws/install/pointcloud_to_laserscan:/home/manoj/ros/robot_ws/install/myrobot_description:/home/manoj/ros/robot_ws/install/livox_to_pointcloud2:/home/manoj/ros/robot_ws/install/base_pkg:/opt/ros/humble:/home/manoj/ros/ws_livox/install/fast_lio:/home/manoj/ros/ws_livox/install/livox_ros_driver2 LD_LIBRARY_PATH=/home/manoj/ros/robot_ws/install/pointcloud_to_laserscan/lib:${LD_LIBRARY_PATH} /usr/bin/cmake --install /home/manoj/ros/robot_ws/build/robot_bringup
[0.725s] -- Install configuration: ""
[0.725s] -- Installing: /home/manoj/ros/robot_ws/install/robot_bringup/share/robot_bringup/launch
[0.725s] -- Installing: /home/manoj/ros/robot_ws/install/robot_bringup/share/robot_bringup/launch/navigation.launch.py
[0.726s] -- Installing: /home/manoj/ros/robot_ws/install/robot_bringup/share/robot_bringup/launch/sim_navigation.launch.py
[0.726s] -- Installing: /home/manoj/ros/robot_ws/install/robot_bringup/share/robot_bringup/launch/sim_mapping.launch.py
[0.726s] -- Installing: /home/manoj/ros/robot_ws/install/robot_bringup/share/robot_bringup/launch/bringup.launch.py
[0.727s] [31mCMake Error at cmake_install.cmake:46 (file):
[0.727s]   file INSTALL cannot find
[0.727s]   "/home/manoj/ros/robot_ws/src/robot_bringup/DIRECTORY": No such file or
[0.727s]   directory.
[0.727s] 
[0.727s] [0m
[0.728s] Invoked command in '/home/manoj/ros/robot_ws/build/robot_bringup' returned '1': AMENT_PREFIX_PATH=/home/manoj/ros/robot_ws/install/pointcloud_to_laserscan:/home/manoj/ros/robot_ws/install/livox_to_pointcloud2:${AMENT_PREFIX_PATH} CMAKE_PREFIX_PATH=/home/manoj/ros/robot_ws/install/transform_mid360:/home/manoj/ros/robot_ws/install/pointcloud_to_laserscan:/home/manoj/ros/robot_ws/install/myrobot_description:/home/manoj/ros/robot_ws/install/livox_to_pointcloud2:/home/manoj/ros/robot_ws/install/base_pkg:/opt/ros/humble:/home/manoj/ros/ws_livox/install/fast_lio:/home/manoj/ros/ws_livox/install/livox_ros_driver2 LD_LIBRARY_PATH=/home/manoj/ros/robot_ws/install/pointcloud_to_laserscan/lib:${LD_LIBRARY_PATH} /usr/bin/cmake --install /home/manoj/ros/robot_ws/build/robot_bringup
