[0.087s] Invoking command in '/home/manoj/ros/robot_ws/build/transform_mid360': CMAKE_PREFIX_PATH=${CMAKE_PREFIX_PATH}:/home/manoj/ros/robot_ws/install/nav2_gps_waypoint_follower_demo:/home/manoj/ros/robot_ws/install/base_pkg:/opt/ros/humble /usr/bin/cmake --build /home/manoj/ros/robot_ws/build/transform_mid360 -- -j12 -l12
[0.869s] Invoked command in '/home/manoj/ros/robot_ws/build/transform_mid360' returned '0': CMAKE_PREFIX_PATH=${CMAKE_PREFIX_PATH}:/home/manoj/ros/robot_ws/install/nav2_gps_waypoint_follower_demo:/home/manoj/ros/robot_ws/install/base_pkg:/opt/ros/humble /usr/bin/cmake --build /home/manoj/ros/robot_ws/build/transform_mid360 -- -j12 -l12
[0.960s] Invoking command in '/home/manoj/ros/robot_ws/build/transform_mid360': CMAKE_PREFIX_PATH=${CMAKE_PREFIX_PATH}:/home/manoj/ros/robot_ws/install/nav2_gps_waypoint_follower_demo:/home/manoj/ros/robot_ws/install/base_pkg:/opt/ros/humble /usr/bin/cmake --install /home/manoj/ros/robot_ws/build/transform_mid360
[0.995s] -- Install configuration: ""
[0.996s] -- Up-to-date: /home/manoj/ros/robot_ws/install/transform_mid360/share/transform_mid360/launch
[0.996s] -- Up-to-date: /home/manoj/ros/robot_ws/install/transform_mid360/share/transform_mid360/launch/tf_setup_mid360_launch.py
[0.996s] -- Up-to-date: /home/manoj/ros/robot_ws/install/transform_mid360/share/ament_index/resource_index/package_run_dependencies/transform_mid360
[0.996s] -- Up-to-date: /home/manoj/ros/robot_ws/install/transform_mid360/share/ament_index/resource_index/parent_prefix_path/transform_mid360
[0.997s] -- Up-to-date: /home/manoj/ros/robot_ws/install/transform_mid360/share/transform_mid360/environment/ament_prefix_path.sh
[0.997s] -- Up-to-date: /home/manoj/ros/robot_ws/install/transform_mid360/share/transform_mid360/environment/ament_prefix_path.dsv
[0.998s] -- Up-to-date: /home/manoj/ros/robot_ws/install/transform_mid360/share/transform_mid360/environment/path.sh
[0.998s] -- Up-to-date: /home/manoj/ros/robot_ws/install/transform_mid360/share/transform_mid360/environment/path.dsv
[0.999s] -- Up-to-date: /home/manoj/ros/robot_ws/install/transform_mid360/share/transform_mid360/local_setup.bash
[0.999s] -- Up-to-date: /home/manoj/ros/robot_ws/install/transform_mid360/share/transform_mid360/local_setup.sh
[0.999s] -- Up-to-date: /home/manoj/ros/robot_ws/install/transform_mid360/share/transform_mid360/local_setup.zsh
[1.000s] -- Up-to-date: /home/manoj/ros/robot_ws/install/transform_mid360/share/transform_mid360/local_setup.dsv
[1.000s] -- Installing: /home/manoj/ros/robot_ws/install/transform_mid360/share/transform_mid360/package.dsv
[1.000s] -- Up-to-date: /home/manoj/ros/robot_ws/install/transform_mid360/share/ament_index/resource_index/packages/transform_mid360
[1.000s] -- Up-to-date: /home/manoj/ros/robot_ws/install/transform_mid360/share/transform_mid360/cmake/transform_mid360Config.cmake
[1.000s] -- Up-to-date: /home/manoj/ros/robot_ws/install/transform_mid360/share/transform_mid360/cmake/transform_mid360Config-version.cmake
[1.000s] -- Up-to-date: /home/manoj/ros/robot_ws/install/transform_mid360/share/transform_mid360/package.xml
[1.041s] Invoked command in '/home/manoj/ros/robot_ws/build/transform_mid360' returned '0': CMAKE_PREFIX_PATH=${CMAKE_PREFIX_PATH}:/home/manoj/ros/robot_ws/install/nav2_gps_waypoint_follower_demo:/home/manoj/ros/robot_ws/install/base_pkg:/opt/ros/humble /usr/bin/cmake --install /home/manoj/ros/robot_ws/build/transform_mid360
