[0.064s] Invoking command in '/home/manoj/ros/robot_ws/build/myrobot_description': CMAKE_PREFIX_PATH=/home/manoj/ros/robot_ws/install/nav2_gps_waypoint_follower_demo:/home/manoj/ros/robot_ws/install/base_pkg:/opt/ros/humble:${CMAKE_PREFIX_PATH} /usr/bin/cmake --build /home/manoj/ros/robot_ws/build/myrobot_description -- -j12 -l12
[0.610s] Invoked command in '/home/manoj/ros/robot_ws/build/myrobot_description' returned '0': CMAKE_PREFIX_PATH=/home/manoj/ros/robot_ws/install/nav2_gps_waypoint_follower_demo:/home/manoj/ros/robot_ws/install/base_pkg:/opt/ros/humble:${CMAKE_PREFIX_PATH} /usr/bin/cmake --build /home/manoj/ros/robot_ws/build/myrobot_description -- -j12 -l12
[0.657s] Invoking command in '/home/manoj/ros/robot_ws/build/myrobot_description': CMAKE_PREFIX_PATH=/home/manoj/ros/robot_ws/install/nav2_gps_waypoint_follower_demo:/home/manoj/ros/robot_ws/install/base_pkg:/opt/ros/humble:${CMAKE_PREFIX_PATH} /usr/bin/cmake --install /home/manoj/ros/robot_ws/build/myrobot_description
[0.671s] -- Install configuration: ""
[0.671s] -- Up-to-date: /home/manoj/ros/robot_ws/install/myrobot_description/share/myrobot_description/meshes
[0.671s] -- Up-to-date: /home/manoj/ros/robot_ws/install/myrobot_description/share/myrobot_description/meshes/blue_tyre.stl
[0.672s] -- Up-to-date: /home/manoj/ros/robot_ws/install/myrobot_description/share/myrobot_description/meshes/base.stl
[0.672s] -- Up-to-date: /home/manoj/ros/robot_ws/install/myrobot_description/share/myrobot_description/meshes/mid_360.stl
[0.672s] -- Up-to-date: /home/manoj/ros/robot_ws/install/myrobot_description/share/myrobot_description/launch
[0.673s] -- Up-to-date: /home/manoj/ros/robot_ws/install/myrobot_description/share/myrobot_description/launch/launch_rviz.launch.py
[0.673s] -- Up-to-date: /home/manoj/ros/robot_ws/install/myrobot_description/share/myrobot_description/launch/rsp.launch.py
[0.673s] -- Up-to-date: /home/manoj/ros/robot_ws/install/myrobot_description/share/myrobot_description/launch/launch_gazebo.launch.py
[0.673s] -- Up-to-date: /home/manoj/ros/robot_ws/install/myrobot_description/share/myrobot_description/config
[0.673s] -- Up-to-date: /home/manoj/ros/robot_ws/install/myrobot_description/share/myrobot_description/config/robot_display.rviz
[0.673s] -- Up-to-date: /home/manoj/ros/robot_ws/install/myrobot_description/share/myrobot_description/config/mapper_params_online_async.yaml
[0.674s] -- Up-to-date: /home/manoj/ros/robot_ws/install/myrobot_description/share/myrobot_description/urdf
[0.674s] -- Up-to-date: /home/manoj/ros/robot_ws/install/myrobot_description/share/myrobot_description/urdf/myrobot.urdf.xacro
[0.674s] -- Up-to-date: /home/manoj/ros/robot_ws/install/myrobot_description/share/myrobot_description/urdf/properties.xacro
[0.674s] -- Up-to-date: /home/manoj/ros/robot_ws/install/myrobot_description/share/myrobot_description/urdf/imu.urdf.xacro
[0.674s] -- Up-to-date: /home/manoj/ros/robot_ws/install/myrobot_description/share/myrobot_description/urdf/laser.urdf.xacro
[0.675s] -- Up-to-date: /home/manoj/ros/robot_ws/install/myrobot_description/share/myrobot_description/urdf/gazebo_control.xacro
[0.676s] -- Up-to-date: /home/manoj/ros/robot_ws/install/myrobot_description/share/myrobot_description/urdf/robot.urdf
[0.676s] -- Up-to-date: /home/manoj/ros/robot_ws/install/myrobot_description/share/ament_index/resource_index/package_run_dependencies/myrobot_description
[0.676s] -- Up-to-date: /home/manoj/ros/robot_ws/install/myrobot_description/share/ament_index/resource_index/parent_prefix_path/myrobot_description
[0.676s] -- Up-to-date: /home/manoj/ros/robot_ws/install/myrobot_description/share/myrobot_description/environment/ament_prefix_path.sh
[0.676s] -- Up-to-date: /home/manoj/ros/robot_ws/install/myrobot_description/share/myrobot_description/environment/ament_prefix_path.dsv
[0.676s] -- Up-to-date: /home/manoj/ros/robot_ws/install/myrobot_description/share/myrobot_description/environment/path.sh
[0.676s] -- Up-to-date: /home/manoj/ros/robot_ws/install/myrobot_description/share/myrobot_description/environment/path.dsv
[0.676s] -- Up-to-date: /home/manoj/ros/robot_ws/install/myrobot_description/share/myrobot_description/local_setup.bash
[0.676s] -- Up-to-date: /home/manoj/ros/robot_ws/install/myrobot_description/share/myrobot_description/local_setup.sh
[0.676s] -- Up-to-date: /home/manoj/ros/robot_ws/install/myrobot_description/share/myrobot_description/local_setup.zsh
[0.676s] -- Up-to-date: /home/manoj/ros/robot_ws/install/myrobot_description/share/myrobot_description/local_setup.dsv
[0.676s] -- Installing: /home/manoj/ros/robot_ws/install/myrobot_description/share/myrobot_description/package.dsv
[0.676s] -- Up-to-date: /home/manoj/ros/robot_ws/install/myrobot_description/share/ament_index/resource_index/packages/myrobot_description
[0.676s] -- Up-to-date: /home/manoj/ros/robot_ws/install/myrobot_description/share/myrobot_description/cmake/myrobot_descriptionConfig.cmake
[0.677s] -- Up-to-date: /home/manoj/ros/robot_ws/install/myrobot_description/share/myrobot_description/cmake/myrobot_descriptionConfig-version.cmake
[0.677s] -- Up-to-date: /home/manoj/ros/robot_ws/install/myrobot_description/share/myrobot_description/package.xml
[0.683s] Invoked command in '/home/manoj/ros/robot_ws/build/myrobot_description' returned '0': CMAKE_PREFIX_PATH=/home/manoj/ros/robot_ws/install/nav2_gps_waypoint_follower_demo:/home/manoj/ros/robot_ws/install/base_pkg:/opt/ros/humble:${CMAKE_PREFIX_PATH} /usr/bin/cmake --install /home/manoj/ros/robot_ws/build/myrobot_description
