[0.320s] Invoking command in '/home/manoj/ros/robot_ws/build/nav2_costmap_filters_demo': CMAKE_PREFIX_PATH=/home/manoj/ros/robot_ws/install/nav2_gps_waypoint_follower_demo:/home/manoj/ros/robot_ws/install/base_pkg:/opt/ros/humble:${CMAKE_PREFIX_PATH} /usr/bin/cmake --build /home/manoj/ros/robot_ws/build/nav2_costmap_filters_demo -- -j12 -l12
[0.590s] Invoked command in '/home/manoj/ros/robot_ws/build/nav2_costmap_filters_demo' returned '0': CMAKE_PREFIX_PATH=/home/manoj/ros/robot_ws/install/nav2_gps_waypoint_follower_demo:/home/manoj/ros/robot_ws/install/base_pkg:/opt/ros/humble:${CMAKE_PREFIX_PATH} /usr/bin/cmake --build /home/manoj/ros/robot_ws/build/nav2_costmap_filters_demo -- -j12 -l12
[0.642s] Invoking command in '/home/manoj/ros/robot_ws/build/nav2_costmap_filters_demo': CMAKE_PREFIX_PATH=/home/manoj/ros/robot_ws/install/nav2_gps_waypoint_follower_demo:/home/manoj/ros/robot_ws/install/base_pkg:/opt/ros/humble:${CMAKE_PREFIX_PATH} /usr/bin/cmake --install /home/manoj/ros/robot_ws/build/nav2_costmap_filters_demo
[0.655s] -- Install configuration: ""
[0.655s] -- Up-to-date: /home/manoj/ros/robot_ws/install/nav2_costmap_filters_demo/share/nav2_costmap_filters_demo/launch
[0.656s] -- Up-to-date: /home/manoj/ros/robot_ws/install/nav2_costmap_filters_demo/share/nav2_costmap_filters_demo/launch/costmap_filter_info.launch.py
[0.656s] -- Up-to-date: /home/manoj/ros/robot_ws/install/nav2_costmap_filters_demo/share/nav2_costmap_filters_demo/maps
[0.656s] -- Up-to-date: /home/manoj/ros/robot_ws/install/nav2_costmap_filters_demo/share/nav2_costmap_filters_demo/maps/keepout_mask.yaml
[0.656s] -- Up-to-date: /home/manoj/ros/robot_ws/install/nav2_costmap_filters_demo/share/nav2_costmap_filters_demo/maps/keepout_mask.pgm
[0.656s] -- Up-to-date: /home/manoj/ros/robot_ws/install/nav2_costmap_filters_demo/share/nav2_costmap_filters_demo/maps/speed_mask.yaml
[0.656s] -- Up-to-date: /home/manoj/ros/robot_ws/install/nav2_costmap_filters_demo/share/nav2_costmap_filters_demo/maps/speed_mask.pgm
[0.656s] -- Up-to-date: /home/manoj/ros/robot_ws/install/nav2_costmap_filters_demo/share/nav2_costmap_filters_demo/params
[0.656s] -- Up-to-date: /home/manoj/ros/robot_ws/install/nav2_costmap_filters_demo/share/nav2_costmap_filters_demo/params/speed_params.yaml
[0.656s] -- Up-to-date: /home/manoj/ros/robot_ws/install/nav2_costmap_filters_demo/share/nav2_costmap_filters_demo/params/keepout_params.yaml
[0.656s] -- Up-to-date: /home/manoj/ros/robot_ws/install/nav2_costmap_filters_demo/share/ament_index/resource_index/package_run_dependencies/nav2_costmap_filters_demo
[0.657s] -- Up-to-date: /home/manoj/ros/robot_ws/install/nav2_costmap_filters_demo/share/ament_index/resource_index/parent_prefix_path/nav2_costmap_filters_demo
[0.657s] -- Up-to-date: /home/manoj/ros/robot_ws/install/nav2_costmap_filters_demo/share/nav2_costmap_filters_demo/environment/ament_prefix_path.sh
[0.657s] -- Up-to-date: /home/manoj/ros/robot_ws/install/nav2_costmap_filters_demo/share/nav2_costmap_filters_demo/environment/ament_prefix_path.dsv
[0.657s] -- Up-to-date: /home/manoj/ros/robot_ws/install/nav2_costmap_filters_demo/share/nav2_costmap_filters_demo/environment/path.sh
[0.657s] -- Up-to-date: /home/manoj/ros/robot_ws/install/nav2_costmap_filters_demo/share/nav2_costmap_filters_demo/environment/path.dsv
[0.657s] -- Up-to-date: /home/manoj/ros/robot_ws/install/nav2_costmap_filters_demo/share/nav2_costmap_filters_demo/local_setup.bash
[0.657s] -- Up-to-date: /home/manoj/ros/robot_ws/install/nav2_costmap_filters_demo/share/nav2_costmap_filters_demo/local_setup.sh
[0.657s] -- Up-to-date: /home/manoj/ros/robot_ws/install/nav2_costmap_filters_demo/share/nav2_costmap_filters_demo/local_setup.zsh
[0.657s] -- Up-to-date: /home/manoj/ros/robot_ws/install/nav2_costmap_filters_demo/share/nav2_costmap_filters_demo/local_setup.dsv
[0.658s] -- Up-to-date: /home/manoj/ros/robot_ws/install/nav2_costmap_filters_demo/share/nav2_costmap_filters_demo/package.dsv
[0.658s] -- Up-to-date: /home/manoj/ros/robot_ws/install/nav2_costmap_filters_demo/share/ament_index/resource_index/packages/nav2_costmap_filters_demo
[0.658s] -- Up-to-date: /home/manoj/ros/robot_ws/install/nav2_costmap_filters_demo/share/nav2_costmap_filters_demo/cmake/nav2_costmap_filters_demoConfig.cmake
[0.659s] -- Up-to-date: /home/manoj/ros/robot_ws/install/nav2_costmap_filters_demo/share/nav2_costmap_filters_demo/cmake/nav2_costmap_filters_demoConfig-version.cmake
[0.659s] -- Up-to-date: /home/manoj/ros/robot_ws/install/nav2_costmap_filters_demo/share/nav2_costmap_filters_demo/package.xml
[0.682s] Invoked command in '/home/manoj/ros/robot_ws/build/nav2_costmap_filters_demo' returned '0': CMAKE_PREFIX_PATH=/home/manoj/ros/robot_ws/install/nav2_gps_waypoint_follower_demo:/home/manoj/ros/robot_ws/install/base_pkg:/opt/ros/humble:${CMAKE_PREFIX_PATH} /usr/bin/cmake --install /home/manoj/ros/robot_ws/build/nav2_costmap_filters_demo
