/home/manoj/ros/robot_ws/install/base_pkg/lib/python3.10/site-packages/base_pkg/0cmd_node_converter.py
/home/manoj/ros/robot_ws/install/base_pkg/lib/python3.10/site-packages/base_pkg/odom_node.py
/home/manoj/ros/robot_ws/install/base_pkg/lib/python3.10/site-packages/base_pkg/imu_node.py
/home/manoj/ros/robot_ws/install/base_pkg/lib/python3.10/site-packages/base_pkg/odom_subscriber.py
/home/manoj/ros/robot_ws/install/base_pkg/lib/python3.10/site-packages/base_pkg/cmd_node.py
/home/manoj/ros/robot_ws/install/base_pkg/lib/python3.10/site-packages/base_pkg/relay_node.py
/home/manoj/ros/robot_ws/install/base_pkg/lib/python3.10/site-packages/base_pkg/crc8.py
/home/manoj/ros/robot_ws/install/base_pkg/lib/python3.10/site-packages/base_pkg/cmd_subscriber.py
/home/manoj/ros/robot_ws/install/base_pkg/lib/python3.10/site-packages/base_pkg/imu_subscriber.py
/home/manoj/ros/robot_ws/install/base_pkg/lib/python3.10/site-packages/base_pkg/__init__.py
/home/manoj/ros/robot_ws/install/base_pkg/lib/python3.10/site-packages/base_pkg/joy_node.py
/home/manoj/ros/robot_ws/install/base_pkg/lib/python3.10/site-packages/base_pkg/odom_cmd_serial.py
/home/manoj/ros/robot_ws/install/base_pkg/lib/python3.10/site-packages/base_pkg/0cmd_node_nav.py
/home/manoj/ros/robot_ws/install/base_pkg/lib/python3.10/site-packages/base_pkg/__pycache__/0cmd_node_converter.cpython-310.pyc
/home/manoj/ros/robot_ws/install/base_pkg/lib/python3.10/site-packages/base_pkg/__pycache__/odom_node.cpython-310.pyc
/home/manoj/ros/robot_ws/install/base_pkg/lib/python3.10/site-packages/base_pkg/__pycache__/imu_node.cpython-310.pyc
/home/manoj/ros/robot_ws/install/base_pkg/lib/python3.10/site-packages/base_pkg/__pycache__/odom_subscriber.cpython-310.pyc
/home/manoj/ros/robot_ws/install/base_pkg/lib/python3.10/site-packages/base_pkg/__pycache__/cmd_node.cpython-310.pyc
/home/manoj/ros/robot_ws/install/base_pkg/lib/python3.10/site-packages/base_pkg/__pycache__/relay_node.cpython-310.pyc
/home/manoj/ros/robot_ws/install/base_pkg/lib/python3.10/site-packages/base_pkg/__pycache__/crc8.cpython-310.pyc
/home/manoj/ros/robot_ws/install/base_pkg/lib/python3.10/site-packages/base_pkg/__pycache__/cmd_subscriber.cpython-310.pyc
/home/manoj/ros/robot_ws/install/base_pkg/lib/python3.10/site-packages/base_pkg/__pycache__/imu_subscriber.cpython-310.pyc
/home/manoj/ros/robot_ws/install/base_pkg/lib/python3.10/site-packages/base_pkg/__pycache__/__init__.cpython-310.pyc
/home/manoj/ros/robot_ws/install/base_pkg/lib/python3.10/site-packages/base_pkg/__pycache__/joy_node.cpython-310.pyc
/home/manoj/ros/robot_ws/install/base_pkg/lib/python3.10/site-packages/base_pkg/__pycache__/odom_cmd_serial.cpython-310.pyc
/home/manoj/ros/robot_ws/install/base_pkg/lib/python3.10/site-packages/base_pkg/__pycache__/0cmd_node_nav.cpython-310.pyc
/home/manoj/ros/robot_ws/install/base_pkg/share/ament_index/resource_index/packages/base_pkg
/home/manoj/ros/robot_ws/install/base_pkg/share/base_pkg/package.xml
/home/manoj/ros/robot_ws/install/base_pkg/share/base_pkg/launch/base.launch.py
/home/manoj/ros/robot_ws/install/base_pkg/share/base_pkg/launch/joy_cmd.launch.py
/home/manoj/ros/robot_ws/install/base_pkg/lib/python3.10/site-packages/base_pkg-1.0.0-py3.10.egg-info/SOURCES.txt
/home/manoj/ros/robot_ws/install/base_pkg/lib/python3.10/site-packages/base_pkg-1.0.0-py3.10.egg-info/PKG-INFO
/home/manoj/ros/robot_ws/install/base_pkg/lib/python3.10/site-packages/base_pkg-1.0.0-py3.10.egg-info/top_level.txt
/home/manoj/ros/robot_ws/install/base_pkg/lib/python3.10/site-packages/base_pkg-1.0.0-py3.10.egg-info/zip-safe
/home/manoj/ros/robot_ws/install/base_pkg/lib/python3.10/site-packages/base_pkg-1.0.0-py3.10.egg-info/entry_points.txt
/home/manoj/ros/robot_ws/install/base_pkg/lib/python3.10/site-packages/base_pkg-1.0.0-py3.10.egg-info/requires.txt
/home/manoj/ros/robot_ws/install/base_pkg/lib/python3.10/site-packages/base_pkg-1.0.0-py3.10.egg-info/dependency_links.txt
/home/manoj/ros/robot_ws/install/base_pkg/lib/base_pkg/cmd_node
/home/manoj/ros/robot_ws/install/base_pkg/lib/base_pkg/joy_node
