[0.025s] Invoking command in '/home/manoj/ros/robot_ws/build/robot_bringup': CMAKE_PREFIX_PATH=/home/manoj/ros/robot_ws/install/transform_mid360:/home/manoj/ros/robot_ws/install/pointcloud_to_laserscan:/home/manoj/ros/robot_ws/install/myrobot_description:/home/manoj/ros/robot_ws/install/livox_to_pointcloud2:/home/manoj/ros/robot_ws/install/robot_bringup:/home/manoj/ros/robot_ws/install/sam_bot_description:/home/manoj/ros/robot_ws/install/ros2_livox_simulation:/home/manoj/ros/robot_ws/install/nav2_gradient_costmap_plugin:/home/manoj/ros/robot_ws/install/nav2_costmap_filters_demo:/home/manoj/ros/robot_ws/install/nav2_gps_waypoint_follower_demo:/home/manoj/ros/robot_ws/install/base_pkg:/opt/ros/humble LD_LIBRARY_PATH=/home/manoj/ros/robot_ws/install/pointcloud_to_laserscan/lib:/home/manoj/ros/robot_ws/install/ros2_livox_simulation/lib:/home/manoj/ros/robot_ws/install/nav2_gradient_costmap_plugin/lib:/usr/lib/x86_64-linux-gnu/gazebo-11/plugins:/opt/ros/humble/opt/rviz_ogre_vendor/lib:/opt/ros/humble/lib/x86_64-linux-gnu:/opt/ros/humble/lib:/home/manoj/ros/ws_livox/install/livox_ros_driver2/lib/:/home/manoj/ros/ws_livox/install/livox_ros_driver2/lib/ /usr/bin/cmake --build /home/manoj/ros/robot_ws/build/robot_bringup -- -j12 -l12
[0.109s] Invoked command in '/home/manoj/ros/robot_ws/build/robot_bringup' returned '0': CMAKE_PREFIX_PATH=/home/manoj/ros/robot_ws/install/transform_mid360:/home/manoj/ros/robot_ws/install/pointcloud_to_laserscan:/home/manoj/ros/robot_ws/install/myrobot_description:/home/manoj/ros/robot_ws/install/livox_to_pointcloud2:/home/manoj/ros/robot_ws/install/robot_bringup:/home/manoj/ros/robot_ws/install/sam_bot_description:/home/manoj/ros/robot_ws/install/ros2_livox_simulation:/home/manoj/ros/robot_ws/install/nav2_gradient_costmap_plugin:/home/manoj/ros/robot_ws/install/nav2_costmap_filters_demo:/home/manoj/ros/robot_ws/install/nav2_gps_waypoint_follower_demo:/home/manoj/ros/robot_ws/install/base_pkg:/opt/ros/humble LD_LIBRARY_PATH=/home/manoj/ros/robot_ws/install/pointcloud_to_laserscan/lib:/home/manoj/ros/robot_ws/install/ros2_livox_simulation/lib:/home/manoj/ros/robot_ws/install/nav2_gradient_costmap_plugin/lib:/usr/lib/x86_64-linux-gnu/gazebo-11/plugins:/opt/ros/humble/opt/rviz_ogre_vendor/lib:/opt/ros/humble/lib/x86_64-linux-gnu:/opt/ros/humble/lib:/home/manoj/ros/ws_livox/install/livox_ros_driver2/lib/:/home/manoj/ros/ws_livox/install/livox_ros_driver2/lib/ /usr/bin/cmake --build /home/manoj/ros/robot_ws/build/robot_bringup -- -j12 -l12
[0.164s] Invoking command in '/home/manoj/ros/robot_ws/build/robot_bringup': CMAKE_PREFIX_PATH=/home/manoj/ros/robot_ws/install/transform_mid360:/home/manoj/ros/robot_ws/install/pointcloud_to_laserscan:/home/manoj/ros/robot_ws/install/myrobot_description:/home/manoj/ros/robot_ws/install/livox_to_pointcloud2:/home/manoj/ros/robot_ws/install/robot_bringup:/home/manoj/ros/robot_ws/install/sam_bot_description:/home/manoj/ros/robot_ws/install/ros2_livox_simulation:/home/manoj/ros/robot_ws/install/nav2_gradient_costmap_plugin:/home/manoj/ros/robot_ws/install/nav2_costmap_filters_demo:/home/manoj/ros/robot_ws/install/nav2_gps_waypoint_follower_demo:/home/manoj/ros/robot_ws/install/base_pkg:/opt/ros/humble LD_LIBRARY_PATH=/home/manoj/ros/robot_ws/install/pointcloud_to_laserscan/lib:/home/manoj/ros/robot_ws/install/ros2_livox_simulation/lib:/home/manoj/ros/robot_ws/install/nav2_gradient_costmap_plugin/lib:/usr/lib/x86_64-linux-gnu/gazebo-11/plugins:/opt/ros/humble/opt/rviz_ogre_vendor/lib:/opt/ros/humble/lib/x86_64-linux-gnu:/opt/ros/humble/lib:/home/manoj/ros/ws_livox/install/livox_ros_driver2/lib/:/home/manoj/ros/ws_livox/install/livox_ros_driver2/lib/ /usr/bin/cmake --install /home/manoj/ros/robot_ws/build/robot_bringup
[0.181s] -- Install configuration: ""
[0.182s] -- Up-to-date: /home/manoj/ros/robot_ws/install/robot_bringup/share/robot_bringup/launch
[0.184s] -- Up-to-date: /home/manoj/ros/robot_ws/install/robot_bringup/share/robot_bringup/launch/navigation.launch.py
[0.185s] -- Up-to-date: /home/manoj/ros/robot_ws/install/robot_bringup/share/robot_bringup/launch/sim_navigation.launch.py
[0.186s] -- Up-to-date: /home/manoj/ros/robot_ws/install/robot_bringup/share/robot_bringup/launch/sim_mapping.launch.py
[0.186s] -- Up-to-date: /home/manoj/ros/robot_ws/install/robot_bringup/share/robot_bringup/launch/bringup.launch.py
[0.186s] -- Up-to-date: /home/manoj/ros/robot_ws/install/robot_bringup/share/robot_bringup/worlds
[0.187s] -- Up-to-date: /home/manoj/ros/robot_ws/install/robot_bringup/share/robot_bringup/worlds/sim_test_world.world
[0.187s] -- Up-to-date: /home/manoj/ros/robot_ws/install/robot_bringup/share/robot_bringup/params
[0.187s] -- Up-to-date: /home/manoj/ros/robot_ws/install/robot_bringup/share/robot_bringup/params/nav2_params.yaml
[0.187s] -- Up-to-date: /home/manoj/ros/robot_ws/install/robot_bringup/share/robot_bringup/params/sim_nav2_params.yaml
[0.187s] -- Up-to-date: /home/manoj/ros/robot_ws/install/robot_bringup/share/robot_bringup/rviz
[0.187s] -- Up-to-date: /home/manoj/ros/robot_ws/install/robot_bringup/share/robot_bringup/rviz/robot_disp.rviz
[0.187s] -- Up-to-date: /home/manoj/ros/robot_ws/install/robot_bringup/share/robot_bringup/rviz/mapping.rviz
[0.188s] -- Up-to-date: /home/manoj/ros/robot_ws/install/robot_bringup/share/ament_index/resource_index/package_run_dependencies/robot_bringup
[0.188s] -- Up-to-date: /home/manoj/ros/robot_ws/install/robot_bringup/share/ament_index/resource_index/parent_prefix_path/robot_bringup
[0.190s] -- Up-to-date: /home/manoj/ros/robot_ws/install/robot_bringup/share/robot_bringup/environment/ament_prefix_path.sh
[0.191s] -- Up-to-date: /home/manoj/ros/robot_ws/install/robot_bringup/share/robot_bringup/environment/ament_prefix_path.dsv
[0.191s] -- Up-to-date: /home/manoj/ros/robot_ws/install/robot_bringup/share/robot_bringup/environment/path.sh
[0.191s] -- Up-to-date: /home/manoj/ros/robot_ws/install/robot_bringup/share/robot_bringup/environment/path.dsv
[0.192s] -- Up-to-date: /home/manoj/ros/robot_ws/install/robot_bringup/share/robot_bringup/local_setup.bash
[0.192s] -- Up-to-date: /home/manoj/ros/robot_ws/install/robot_bringup/share/robot_bringup/local_setup.sh
[0.192s] -- Up-to-date: /home/manoj/ros/robot_ws/install/robot_bringup/share/robot_bringup/local_setup.zsh
[0.193s] -- Up-to-date: /home/manoj/ros/robot_ws/install/robot_bringup/share/robot_bringup/local_setup.dsv
[0.193s] -- Installing: /home/manoj/ros/robot_ws/install/robot_bringup/share/robot_bringup/package.dsv
[0.193s] -- Up-to-date: /home/manoj/ros/robot_ws/install/robot_bringup/share/ament_index/resource_index/packages/robot_bringup
[0.193s] -- Up-to-date: /home/manoj/ros/robot_ws/install/robot_bringup/share/robot_bringup/cmake/robot_bringupConfig.cmake
[0.194s] -- Up-to-date: /home/manoj/ros/robot_ws/install/robot_bringup/share/robot_bringup/cmake/robot_bringupConfig-version.cmake
[0.194s] -- Up-to-date: /home/manoj/ros/robot_ws/install/robot_bringup/share/robot_bringup/package.xml
[0.194s] Invoked command in '/home/manoj/ros/robot_ws/build/robot_bringup' returned '0': CMAKE_PREFIX_PATH=/home/manoj/ros/robot_ws/install/transform_mid360:/home/manoj/ros/robot_ws/install/pointcloud_to_laserscan:/home/manoj/ros/robot_ws/install/myrobot_description:/home/manoj/ros/robot_ws/install/livox_to_pointcloud2:/home/manoj/ros/robot_ws/install/robot_bringup:/home/manoj/ros/robot_ws/install/sam_bot_description:/home/manoj/ros/robot_ws/install/ros2_livox_simulation:/home/manoj/ros/robot_ws/install/nav2_gradient_costmap_plugin:/home/manoj/ros/robot_ws/install/nav2_costmap_filters_demo:/home/manoj/ros/robot_ws/install/nav2_gps_waypoint_follower_demo:/home/manoj/ros/robot_ws/install/base_pkg:/opt/ros/humble LD_LIBRARY_PATH=/home/manoj/ros/robot_ws/install/pointcloud_to_laserscan/lib:/home/manoj/ros/robot_ws/install/ros2_livox_simulation/lib:/home/manoj/ros/robot_ws/install/nav2_gradient_costmap_plugin/lib:/usr/lib/x86_64-linux-gnu/gazebo-11/plugins:/opt/ros/humble/opt/rviz_ogre_vendor/lib:/opt/ros/humble/lib/x86_64-linux-gnu:/opt/ros/humble/lib:/home/manoj/ros/ws_livox/install/livox_ros_driver2/lib/:/home/manoj/ros/ws_livox/install/livox_ros_driver2/lib/ /usr/bin/cmake --install /home/manoj/ros/robot_ws/build/robot_bringup
