[0.072s] Invoking command in '/home/manoj/ros/robot_ws/build/myrobot_description': CMAKE_PREFIX_PATH=${CMAKE_PREFIX_PATH}:/home/manoj/ros/robot_ws/install/nav2_gps_waypoint_follower_demo:/home/manoj/ros/robot_ws/install/base_pkg:/opt/ros/humble /usr/bin/cmake --build /home/manoj/ros/robot_ws/build/myrobot_description -- -j12 -l12
[0.900s] Invoked command in '/home/manoj/ros/robot_ws/build/myrobot_description' returned '0': CMAKE_PREFIX_PATH=${CMAKE_PREFIX_PATH}:/home/manoj/ros/robot_ws/install/nav2_gps_waypoint_follower_demo:/home/manoj/ros/robot_ws/install/base_pkg:/opt/ros/humble /usr/bin/cmake --build /home/manoj/ros/robot_ws/build/myrobot_description -- -j12 -l12
[0.966s] Invoking command in '/home/manoj/ros/robot_ws/build/myrobot_description': CMAKE_PREFIX_PATH=${CMAKE_PREFIX_PATH}:/home/manoj/ros/robot_ws/install/nav2_gps_waypoint_follower_demo:/home/manoj/ros/robot_ws/install/base_pkg:/opt/ros/humble /usr/bin/cmake --install /home/manoj/ros/robot_ws/build/myrobot_description
[0.986s] -- Install configuration: ""
[0.986s] -- Up-to-date: /home/manoj/ros/robot_ws/install/myrobot_description/share/myrobot_description/meshes
[0.986s] -- Up-to-date: /home/manoj/ros/robot_ws/install/myrobot_description/share/myrobot_description/meshes/blue_tyre.stl
[0.986s] -- Up-to-date: /home/manoj/ros/robot_ws/install/myrobot_description/share/myrobot_description/meshes/base.stl
[0.987s] -- Up-to-date: /home/manoj/ros/robot_ws/install/myrobot_description/share/myrobot_description/meshes/mid_360.stl
[0.987s] -- Up-to-date: /home/manoj/ros/robot_ws/install/myrobot_description/share/myrobot_description/launch
[0.992s] -- Up-to-date: /home/manoj/ros/robot_ws/install/myrobot_description/share/myrobot_description/launch/launch_rviz.launch.py
[0.994s] -- Up-to-date: /home/manoj/ros/robot_ws/install/myrobot_description/share/myrobot_description/launch/rsp.launch.py
[0.996s] -- Up-to-date: /home/manoj/ros/robot_ws/install/myrobot_description/share/myrobot_description/launch/launch_gazebo.launch.py
[0.996s] -- Up-to-date: /home/manoj/ros/robot_ws/install/myrobot_description/share/myrobot_description/config
[0.997s] -- Up-to-date: /home/manoj/ros/robot_ws/install/myrobot_description/share/myrobot_description/config/robot_display.rviz
[0.997s] -- Up-to-date: /home/manoj/ros/robot_ws/install/myrobot_description/share/myrobot_description/config/mapper_params_online_async.yaml
[0.998s] -- Up-to-date: /home/manoj/ros/robot_ws/install/myrobot_description/share/myrobot_description/urdf
[0.998s] -- Up-to-date: /home/manoj/ros/robot_ws/install/myrobot_description/share/myrobot_description/urdf/myrobot.urdf.xacro
[0.998s] -- Up-to-date: /home/manoj/ros/robot_ws/install/myrobot_description/share/myrobot_description/urdf/properties.xacro
[0.998s] -- Up-to-date: /home/manoj/ros/robot_ws/install/myrobot_description/share/myrobot_description/urdf/imu.urdf.xacro
[0.998s] -- Up-to-date: /home/manoj/ros/robot_ws/install/myrobot_description/share/myrobot_description/urdf/laser.urdf.xacro
[0.999s] -- Up-to-date: /home/manoj/ros/robot_ws/install/myrobot_description/share/myrobot_description/urdf/gazebo_control.xacro
[0.999s] -- Up-to-date: /home/manoj/ros/robot_ws/install/myrobot_description/share/myrobot_description/urdf/robot.urdf
[1.000s] -- Up-to-date: /home/manoj/ros/robot_ws/install/myrobot_description/share/ament_index/resource_index/package_run_dependencies/myrobot_description
[1.002s] -- Up-to-date: /home/manoj/ros/robot_ws/install/myrobot_description/share/ament_index/resource_index/parent_prefix_path/myrobot_description
[1.004s] -- Up-to-date: /home/manoj/ros/robot_ws/install/myrobot_description/share/myrobot_description/environment/ament_prefix_path.sh
[1.004s] -- Up-to-date: /home/manoj/ros/robot_ws/install/myrobot_description/share/myrobot_description/environment/ament_prefix_path.dsv
[1.004s] -- Up-to-date: /home/manoj/ros/robot_ws/install/myrobot_description/share/myrobot_description/environment/path.sh
[1.004s] -- Up-to-date: /home/manoj/ros/robot_ws/install/myrobot_description/share/myrobot_description/environment/path.dsv
[1.005s] -- Up-to-date: /home/manoj/ros/robot_ws/install/myrobot_description/share/myrobot_description/local_setup.bash
[1.007s] -- Up-to-date: /home/manoj/ros/robot_ws/install/myrobot_description/share/myrobot_description/local_setup.sh
[1.009s] -- Up-to-date: /home/manoj/ros/robot_ws/install/myrobot_description/share/myrobot_description/local_setup.zsh
[1.010s] -- Up-to-date: /home/manoj/ros/robot_ws/install/myrobot_description/share/myrobot_description/local_setup.dsv
[1.010s] -- Installing: /home/manoj/ros/robot_ws/install/myrobot_description/share/myrobot_description/package.dsv
[1.010s] -- Up-to-date: /home/manoj/ros/robot_ws/install/myrobot_description/share/ament_index/resource_index/packages/myrobot_description
[1.011s] -- Up-to-date: /home/manoj/ros/robot_ws/install/myrobot_description/share/myrobot_description/cmake/myrobot_descriptionConfig.cmake
[1.012s] -- Up-to-date: /home/manoj/ros/robot_ws/install/myrobot_description/share/myrobot_description/cmake/myrobot_descriptionConfig-version.cmake
[1.013s] -- Up-to-date: /home/manoj/ros/robot_ws/install/myrobot_description/share/myrobot_description/package.xml
[1.020s] Invoked command in '/home/manoj/ros/robot_ws/build/myrobot_description' returned '0': CMAKE_PREFIX_PATH=${CMAKE_PREFIX_PATH}:/home/manoj/ros/robot_ws/install/nav2_gps_waypoint_follower_demo:/home/manoj/ros/robot_ws/install/base_pkg:/opt/ros/humble /usr/bin/cmake --install /home/manoj/ros/robot_ws/build/myrobot_description
