-- Install configuration: ""
-- Up-to-date: /home/manoj/ros/robot_ws/install/myrobot_description/share/myrobot_description/meshes
-- Up-to-date: /home/manoj/ros/robot_ws/install/myrobot_description/share/myrobot_description/meshes/blue_tyre.stl
-- Up-to-date: /home/manoj/ros/robot_ws/install/myrobot_description/share/myrobot_description/meshes/base.stl
-- Up-to-date: /home/manoj/ros/robot_ws/install/myrobot_description/share/myrobot_description/meshes/mid_360.stl
-- Up-to-date: /home/manoj/ros/robot_ws/install/myrobot_description/share/myrobot_description/launch
-- Up-to-date: /home/manoj/ros/robot_ws/install/myrobot_description/share/myrobot_description/launch/launch_rviz.launch.py
-- Up-to-date: /home/manoj/ros/robot_ws/install/myrobot_description/share/myrobot_description/launch/rsp.launch.py
-- Up-to-date: /home/manoj/ros/robot_ws/install/myrobot_description/share/myrobot_description/launch/launch_gazebo.launch.py
-- Up-to-date: /home/manoj/ros/robot_ws/install/myrobot_description/share/myrobot_description/config
-- Up-to-date: /home/manoj/ros/robot_ws/install/myrobot_description/share/myrobot_description/config/robot_display.rviz
-- Up-to-date: /home/manoj/ros/robot_ws/install/myrobot_description/share/myrobot_description/config/mapper_params_online_async.yaml
-- Up-to-date: /home/manoj/ros/robot_ws/install/myrobot_description/share/myrobot_description/urdf
-- Up-to-date: /home/manoj/ros/robot_ws/install/myrobot_description/share/myrobot_description/urdf/myrobot.urdf.xacro
-- Up-to-date: /home/manoj/ros/robot_ws/install/myrobot_description/share/myrobot_description/urdf/properties.xacro
-- Up-to-date: /home/manoj/ros/robot_ws/install/myrobot_description/share/myrobot_description/urdf/imu.urdf.xacro
-- Up-to-date: /home/manoj/ros/robot_ws/install/myrobot_description/share/myrobot_description/urdf/laser.urdf.xacro
-- Up-to-date: /home/manoj/ros/robot_ws/install/myrobot_description/share/myrobot_description/urdf/gazebo_control.xacro
-- Up-to-date: /home/manoj/ros/robot_ws/install/myrobot_description/share/myrobot_description/urdf/robot.urdf
-- Up-to-date: /home/manoj/ros/robot_ws/install/myrobot_description/share/ament_index/resource_index/package_run_dependencies/myrobot_description
-- Up-to-date: /home/manoj/ros/robot_ws/install/myrobot_description/share/ament_index/resource_index/parent_prefix_path/myrobot_description
-- Up-to-date: /home/manoj/ros/robot_ws/install/myrobot_description/share/myrobot_description/environment/ament_prefix_path.sh
-- Up-to-date: /home/manoj/ros/robot_ws/install/myrobot_description/share/myrobot_description/environment/ament_prefix_path.dsv
-- Up-to-date: /home/manoj/ros/robot_ws/install/myrobot_description/share/myrobot_description/environment/path.sh
-- Up-to-date: /home/manoj/ros/robot_ws/install/myrobot_description/share/myrobot_description/environment/path.dsv
-- Up-to-date: /home/manoj/ros/robot_ws/install/myrobot_description/share/myrobot_description/local_setup.bash
-- Up-to-date: /home/manoj/ros/robot_ws/install/myrobot_description/share/myrobot_description/local_setup.sh
-- Up-to-date: /home/manoj/ros/robot_ws/install/myrobot_description/share/myrobot_description/local_setup.zsh
-- Up-to-date: /home/manoj/ros/robot_ws/install/myrobot_description/share/myrobot_description/local_setup.dsv
-- Up-to-date: /home/manoj/ros/robot_ws/install/myrobot_description/share/myrobot_description/package.dsv
-- Up-to-date: /home/manoj/ros/robot_ws/install/myrobot_description/share/ament_index/resource_index/packages/myrobot_description
-- Up-to-date: /home/manoj/ros/robot_ws/install/myrobot_description/share/myrobot_description/cmake/myrobot_descriptionConfig.cmake
-- Up-to-date: /home/manoj/ros/robot_ws/install/myrobot_description/share/myrobot_description/cmake/myrobot_descriptionConfig-version.cmake
-- Up-to-date: /home/manoj/ros/robot_ws/install/myrobot_description/share/myrobot_description/package.xml
