[0.013s] Invoking command in '/home/manoj/ros/robot_ws/build/transform_mid360': CMAKE_PREFIX_PATH=/home/manoj/ros/robot_ws/install/base_pkg:/opt/ros/humble:${CMAKE_PREFIX_PATH} /usr/bin/cmake /home/manoj/ros/robot_ws/src/transform_mid360 -DCMAKE_INSTALL_PREFIX=/home/manoj/ros/robot_ws/install/transform_mid360
[0.070s] -- The C compiler identification is GNU 11.4.0
[0.118s] -- The CXX compiler identification is GNU 11.4.0
[0.123s] -- Detecting C compiler ABI info
[0.171s] -- Detecting C compiler ABI info - done
[0.178s] -- Check for working C compiler: /usr/bin/cc - skipped
[0.178s] -- Detecting C compile features
[0.178s] -- Detecting C compile features - done
[0.181s] -- Detecting CXX compiler ABI info
[0.244s] -- Detecting CXX compiler ABI info - done
[0.252s] -- Check for working CXX compiler: /usr/bin/c++ - skipped
[0.252s] -- Detecting CXX compile features
[0.252s] -- Detecting CXX compile features - done
[0.255s] -- Found ament_cmake: 1.3.10 (/opt/ros/humble/share/ament_cmake/cmake)
[0.399s] -- Found Python3: /usr/bin/python3 (found version "3.10.12") found components: Interpreter 
[0.512s] -- Found ament_lint_auto: 0.12.11 (/opt/ros/humble/share/ament_lint_auto/cmake)
[0.613s] -- Added test 'copyright' to check source files copyright and LICENSE
[0.615s] -- Added test 'flake8' to check Python code syntax and style conventions
[0.615s] -- Added test 'lint_cmake' to check CMake code style
[0.616s] -- Added test 'pep257' to check Python code against some of the docstring style conventions in PEP 257
[0.617s] -- Added test 'xmllint' to check XML markup files
[0.619s] -- Configuring done
[0.622s] -- Generating done
[0.623s] -- Build files have been written to: /home/manoj/ros/robot_ws/build/transform_mid360
[0.627s] Invoked command in '/home/manoj/ros/robot_ws/build/transform_mid360' returned '0': CMAKE_PREFIX_PATH=/home/manoj/ros/robot_ws/install/base_pkg:/opt/ros/humble:${CMAKE_PREFIX_PATH} /usr/bin/cmake /home/manoj/ros/robot_ws/src/transform_mid360 -DCMAKE_INSTALL_PREFIX=/home/manoj/ros/robot_ws/install/transform_mid360
[0.629s] Invoking command in '/home/manoj/ros/robot_ws/build/transform_mid360': CMAKE_PREFIX_PATH=/home/manoj/ros/robot_ws/install/base_pkg:/opt/ros/humble:${CMAKE_PREFIX_PATH} /usr/bin/cmake --build /home/manoj/ros/robot_ws/build/transform_mid360 -- -j12 -l12
[0.671s] Invoked command in '/home/manoj/ros/robot_ws/build/transform_mid360' returned '0': CMAKE_PREFIX_PATH=/home/manoj/ros/robot_ws/install/base_pkg:/opt/ros/humble:${CMAKE_PREFIX_PATH} /usr/bin/cmake --build /home/manoj/ros/robot_ws/build/transform_mid360 -- -j12 -l12
[0.693s] Invoking command in '/home/manoj/ros/robot_ws/build/transform_mid360': CMAKE_PREFIX_PATH=/home/manoj/ros/robot_ws/install/base_pkg:/opt/ros/humble:${CMAKE_PREFIX_PATH} /usr/bin/cmake --install /home/manoj/ros/robot_ws/build/transform_mid360
[0.697s] -- Install configuration: ""
[0.697s] -- Installing: /home/manoj/ros/robot_ws/install/transform_mid360/share/transform_mid360/launch
[0.698s] -- Installing: /home/manoj/ros/robot_ws/install/transform_mid360/share/transform_mid360/launch/tf_setup_mid360_launch.py
[0.698s] -- Installing: /home/manoj/ros/robot_ws/install/transform_mid360/share/ament_index/resource_index/package_run_dependencies/transform_mid360
[0.698s] -- Installing: /home/manoj/ros/robot_ws/install/transform_mid360/share/ament_index/resource_index/parent_prefix_path/transform_mid360
[0.698s] -- Installing: /home/manoj/ros/robot_ws/install/transform_mid360/share/transform_mid360/environment/ament_prefix_path.sh
[0.698s] -- Installing: /home/manoj/ros/robot_ws/install/transform_mid360/share/transform_mid360/environment/ament_prefix_path.dsv
[0.698s] -- Installing: /home/manoj/ros/robot_ws/install/transform_mid360/share/transform_mid360/environment/path.sh
[0.698s] -- Installing: /home/manoj/ros/robot_ws/install/transform_mid360/share/transform_mid360/environment/path.dsv
[0.698s] -- Installing: /home/manoj/ros/robot_ws/install/transform_mid360/share/transform_mid360/local_setup.bash
[0.698s] -- Installing: /home/manoj/ros/robot_ws/install/transform_mid360/share/transform_mid360/local_setup.sh
[0.698s] -- Installing: /home/manoj/ros/robot_ws/install/transform_mid360/share/transform_mid360/local_setup.zsh
[0.698s] -- Installing: /home/manoj/ros/robot_ws/install/transform_mid360/share/transform_mid360/local_setup.dsv
[0.698s] -- Installing: /home/manoj/ros/robot_ws/install/transform_mid360/share/transform_mid360/package.dsv
[0.699s] -- Installing: /home/manoj/ros/robot_ws/install/transform_mid360/share/ament_index/resource_index/packages/transform_mid360
[0.699s] -- Installing: /home/manoj/ros/robot_ws/install/transform_mid360/share/transform_mid360/cmake/transform_mid360Config.cmake
[0.699s] -- Installing: /home/manoj/ros/robot_ws/install/transform_mid360/share/transform_mid360/cmake/transform_mid360Config-version.cmake
[0.699s] -- Installing: /home/manoj/ros/robot_ws/install/transform_mid360/share/transform_mid360/package.xml
[0.700s] Invoked command in '/home/manoj/ros/robot_ws/build/transform_mid360' returned '0': CMAKE_PREFIX_PATH=/home/manoj/ros/robot_ws/install/base_pkg:/opt/ros/humble:${CMAKE_PREFIX_PATH} /usr/bin/cmake --install /home/manoj/ros/robot_ws/build/transform_mid360
