[0.077s] Invoking command in '/home/manoj/ros/robot_ws/build/livox_to_pointcloud2': CMAKE_PREFIX_PATH=${CMAKE_PREFIX_PATH}:/home/manoj/ros/robot_ws/install/nav2_gps_waypoint_follower_demo:/home/manoj/ros/robot_ws/install/base_pkg:/opt/ros/humble /usr/bin/cmake --build /home/manoj/ros/robot_ws/build/livox_to_pointcloud2 -- -j12 -l12
[0.898s] [ 50%] Built target pointcloud2_to_livox_node
[0.899s] [100%] Built target livox_to_pointcloud2_node
[0.931s] Invoked command in '/home/manoj/ros/robot_ws/build/livox_to_pointcloud2' returned '0': CMAKE_PREFIX_PATH=${CMAKE_PREFIX_PATH}:/home/manoj/ros/robot_ws/install/nav2_gps_waypoint_follower_demo:/home/manoj/ros/robot_ws/install/base_pkg:/opt/ros/humble /usr/bin/cmake --build /home/manoj/ros/robot_ws/build/livox_to_pointcloud2 -- -j12 -l12
[1.027s] Invoking command in '/home/manoj/ros/robot_ws/build/livox_to_pointcloud2': CMAKE_PREFIX_PATH=${CMAKE_PREFIX_PATH}:/home/manoj/ros/robot_ws/install/nav2_gps_waypoint_follower_demo:/home/manoj/ros/robot_ws/install/base_pkg:/opt/ros/humble /usr/bin/cmake --install /home/manoj/ros/robot_ws/build/livox_to_pointcloud2
[1.040s] -- Install configuration: ""
[1.041s] -- Up-to-date: /home/manoj/ros/robot_ws/install/livox_to_pointcloud2/include
[1.041s] -- Up-to-date: /home/manoj/ros/robot_ws/install/livox_to_pointcloud2/include/pointcloud2_to_livox.hpp
[1.041s] -- Up-to-date: /home/manoj/ros/robot_ws/install/livox_to_pointcloud2/include/livox_to_pointcloud2.hpp
[1.042s] -- Up-to-date: /home/manoj/ros/robot_ws/install/livox_to_pointcloud2/lib/livox_to_pointcloud2/livox_to_pointcloud2_node
[1.042s] -- Up-to-date: /home/manoj/ros/robot_ws/install/livox_to_pointcloud2/lib/livox_to_pointcloud2/pointcloud2_to_livox_node
[1.042s] -- Up-to-date: /home/manoj/ros/robot_ws/install/livox_to_pointcloud2/share/livox_to_pointcloud2/launch
[1.042s] -- Up-to-date: /home/manoj/ros/robot_ws/install/livox_to_pointcloud2/share/livox_to_pointcloud2/launch/livox_to_pointcloud2.launch.yml
[1.043s] -- Up-to-date: /home/manoj/ros/robot_ws/install/livox_to_pointcloud2/share/livox_to_pointcloud2/launch/pointcloud2_to_livox.launch.py
[1.043s] -- Up-to-date: /home/manoj/ros/robot_ws/install/livox_to_pointcloud2/share/livox_to_pointcloud2/launch/livox_to_pointcloud2.launch.py
[1.043s] -- Up-to-date: /home/manoj/ros/robot_ws/install/livox_to_pointcloud2/share/ament_index/resource_index/package_run_dependencies/livox_to_pointcloud2
[1.043s] -- Up-to-date: /home/manoj/ros/robot_ws/install/livox_to_pointcloud2/share/ament_index/resource_index/parent_prefix_path/livox_to_pointcloud2
[1.043s] -- Up-to-date: /home/manoj/ros/robot_ws/install/livox_to_pointcloud2/share/livox_to_pointcloud2/environment/ament_prefix_path.sh
[1.044s] -- Up-to-date: /home/manoj/ros/robot_ws/install/livox_to_pointcloud2/share/livox_to_pointcloud2/environment/ament_prefix_path.dsv
[1.044s] -- Up-to-date: /home/manoj/ros/robot_ws/install/livox_to_pointcloud2/share/livox_to_pointcloud2/environment/path.sh
[1.044s] -- Up-to-date: /home/manoj/ros/robot_ws/install/livox_to_pointcloud2/share/livox_to_pointcloud2/environment/path.dsv
[1.044s] -- Up-to-date: /home/manoj/ros/robot_ws/install/livox_to_pointcloud2/share/livox_to_pointcloud2/local_setup.bash
[1.044s] -- Up-to-date: /home/manoj/ros/robot_ws/install/livox_to_pointcloud2/share/livox_to_pointcloud2/local_setup.sh
[1.044s] -- Up-to-date: /home/manoj/ros/robot_ws/install/livox_to_pointcloud2/share/livox_to_pointcloud2/local_setup.zsh
[1.044s] -- Up-to-date: /home/manoj/ros/robot_ws/install/livox_to_pointcloud2/share/livox_to_pointcloud2/local_setup.dsv
[1.044s] -- Installing: /home/manoj/ros/robot_ws/install/livox_to_pointcloud2/share/livox_to_pointcloud2/package.dsv
[1.044s] -- Up-to-date: /home/manoj/ros/robot_ws/install/livox_to_pointcloud2/share/ament_index/resource_index/packages/livox_to_pointcloud2
[1.044s] -- Up-to-date: /home/manoj/ros/robot_ws/install/livox_to_pointcloud2/share/livox_to_pointcloud2/cmake/ament_cmake_export_dependencies-extras.cmake
[1.045s] -- Up-to-date: /home/manoj/ros/robot_ws/install/livox_to_pointcloud2/share/livox_to_pointcloud2/cmake/ament_cmake_export_include_directories-extras.cmake
[1.045s] -- Up-to-date: /home/manoj/ros/robot_ws/install/livox_to_pointcloud2/share/livox_to_pointcloud2/cmake/livox_to_pointcloud2Config.cmake
[1.045s] -- Up-to-date: /home/manoj/ros/robot_ws/install/livox_to_pointcloud2/share/livox_to_pointcloud2/cmake/livox_to_pointcloud2Config-version.cmake
[1.048s] -- Up-to-date: /home/manoj/ros/robot_ws/install/livox_to_pointcloud2/share/livox_to_pointcloud2/package.xml
[1.131s] Invoked command in '/home/manoj/ros/robot_ws/build/livox_to_pointcloud2' returned '0': CMAKE_PREFIX_PATH=${CMAKE_PREFIX_PATH}:/home/manoj/ros/robot_ws/install/nav2_gps_waypoint_follower_demo:/home/manoj/ros/robot_ws/install/base_pkg:/opt/ros/humble /usr/bin/cmake --install /home/manoj/ros/robot_ws/build/livox_to_pointcloud2
